#                                                                                --- full sequence --- -------------- this domain -------------   hmm coord   ali coord   env coord
# target name            accession   tlen query name           accession   qlen   E-value  score  bias   #  of  c-Evalue  i-Evalue  score  bias  from    to  from    to  from    to  acc description of target
#    ------------------- ---------- ----- -------------------- ---------- ----- --------- ------ ----- --- --- --------- --------- ------ ----- ----- ----- ----- ----- ----- ----- ---- ---------------------
Utg33270:160100-161377   -            426 1001705at2759        -            270   2.4e-56  186.7   5.7   1   2   2.3e-18   3.3e-17   58.4   0.0     8   113    12   146     2   159 0.74 -
Utg33270:160100-161377   -            426 1001705at2759        -            270   2.4e-56  186.7   5.7   2   2   8.3e-37   1.2e-35  118.9   6.6   114   269   173   377   168   378 0.78 -
Utg33254:379323-382133   -            937 1001705at2759        -            270   1.2e-19   66.4  18.9   1   6         1        15    0.5   0.0    63    82    40    59    34    64 0.86 -
Utg33254:379323-382133   -            937 1001705at2759        -            270   1.2e-19   66.4  18.9   2   6   2.8e-08     4e-07   25.3   0.3    26    78    90   151    81   167 0.86 -
Utg33254:379323-382133   -            937 1001705at2759        -            270   1.2e-19   66.4  18.9   3   6     0.024      0.35    5.9   0.9    57    85   170   199   152   301 0.80 -
Utg33254:379323-382133   -            937 1001705at2759        -            270   1.2e-19   66.4  18.9   4   6   0.00092     0.013   10.5   0.0    51    86   393   428   386   446 0.82 -
Utg33254:379323-382133   -            937 1001705at2759        -            270   1.2e-19   66.4  18.9   5   6   3.2e-07   4.5e-06   21.9   0.2    20   218   433   648   427   660 0.72 -
Utg33254:379323-382133   -            937 1001705at2759        -            270   1.2e-19   66.4  18.9   6   6   0.00018    0.0025   12.9   0.1   142   220   612   701   606   712 0.75 -
Utg33258:110720-113488   -            923 1001705at2759        -            270   4.9e-18   61.1  14.3   1  10     0.011      0.16    6.9   0.0    55    88    20    53    14   115 0.83 -
Utg33258:110720-113488   -            923 1001705at2759        -            270   4.9e-18   61.1  14.3   2  10      0.81        12    0.9   0.0    28    83    68   130    53   145 0.61 -
Utg33258:110720-113488   -            923 1001705at2759        -            270   4.9e-18   61.1  14.3   3  10   5.1e-05   0.00073   14.6   0.8    49    82   146   180   140   187 0.85 -
Utg33258:110720-113488   -            923 1001705at2759        -            270   4.9e-18   61.1  14.3   4  10       1.4        20    0.1   0.0   182   204   197   219   180   222 0.53 -
Utg33258:110720-113488   -            923 1001705at2759        -            270   4.9e-18   61.1  14.3   5  10     0.095       1.4    3.9   0.0    21    64   264   317   257   341 0.67 -
Utg33258:110720-113488   -            923 1001705at2759        -            270   4.9e-18   61.1  14.3   6  10   0.00081     0.012   10.7   0.1    51    81   347   378   307   386 0.70 -
Utg33258:110720-113488   -            923 1001705at2759        -            270   4.9e-18   61.1  14.3   7  10    0.0052     0.074    8.0   0.0    49    91   387   430   382   439 0.81 -
Utg33258:110720-113488   -            923 1001705at2759        -            270   4.9e-18   61.1  14.3   8  10       2.5        36   -0.8   0.0   186   215   440   472   434   475 0.76 -
Utg33258:110720-113488   -            923 1001705at2759        -            270   4.9e-18   61.1  14.3   9  10      0.01      0.15    7.1   0.7    50    82   474   507   443   550 0.70 -
Utg33258:110720-113488   -            923 1001705at2759        -            270   4.9e-18   61.1  14.3  10  10     0.019      0.27    6.2   0.0    44   111   670   738   668   763 0.79 -
Utg33286:602387-603034   -            216 1001705at2759        -            270     8e-18   60.4   2.6   1   5   0.00037    0.0054   11.8   0.1    51    83     7    40     4    57 0.74 -
Utg33286:602387-603034   -            216 1001705at2759        -            270     8e-18   60.4   2.6   2   5      0.11       1.6    3.7   0.0    51    76    49    75    44    86 0.79 -
Utg33286:602387-603034   -            216 1001705at2759        -            270     8e-18   60.4   2.6   3   5   1.8e-05   0.00026   16.1   0.0    49    85    89   126    79   142 0.82 -
Utg33286:602387-603034   -            216 1001705at2759        -            270     8e-18   60.4   2.6   4   5   0.00047    0.0068   11.5   0.0    49    84   131   167   128   171 0.87 -
Utg33286:602387-603034   -            216 1001705at2759        -            270     8e-18   60.4   2.6   5   5   7.5e-08   1.1e-06   23.9   0.1    30    82   146   208   145   214 0.80 -
Utg33258:72355-73566     -            404 1001705at2759        -            270   2.5e-17   58.8   4.8   1   5   6.7e-07   9.6e-06   20.8   0.1    50   171    42   166    36   168 0.67 -
Utg33258:72355-73566     -            404 1001705at2759        -            270   2.5e-17   58.8   4.8   2   5     3e-08   4.3e-07   25.2   0.0    21    82   146   216   138   233 0.81 -
Utg33258:72355-73566     -            404 1001705at2759        -            270   2.5e-17   58.8   4.8   3   5    0.0099      0.14    7.1   0.0   186   214   234   264   221   273 0.76 -
Utg33258:72355-73566     -            404 1001705at2759        -            270   2.5e-17   58.8   4.8   4   5    0.0016     0.023    9.7   0.1    51    81   275   306   267   321 0.86 -
Utg33258:72355-73566     -            404 1001705at2759        -            270   2.5e-17   58.8   4.8   5   5     0.032      0.46    5.5   0.0    53   208   331   361   315   379 0.59 -
Utg33286:568620-569414   -            265 1001705at2759        -            270   1.4e-14   49.8   0.7   1   4     0.024      0.34    5.9   0.0    45    71     4    30     2    45 0.85 -
Utg33286:568620-569414   -            265 1001705at2759        -            270   1.4e-14   49.8   0.7   2   4   3.2e-05   0.00046   15.3   0.0    49    87    49    88    41    99 0.83 -
Utg33286:568620-569414   -            265 1001705at2759        -            270   1.4e-14   49.8   0.7   3   4   6.3e-06   9.1e-05   17.6   0.1    27    84   104   178    85   193 0.77 -
Utg33286:568620-569414   -            265 1001705at2759        -            270   1.4e-14   49.8   0.7   4   4      0.19       2.7    2.9   0.0    29    52   208   231   203   246 0.75 -
Utg33258:91958-92944     -            329 1001705at2759        -            270   1.9e-14   49.3  13.7   1   3   6.9e-06   9.9e-05   17.5   0.2    30    83    15    77     3   107 0.75 -
Utg33258:91958-92944     -            329 1001705at2759        -            270   1.9e-14   49.3  13.7   2   3   1.2e-08   1.7e-07   26.6   0.8    30   204   107   286   102   298 0.76 -
Utg33258:91958-92944     -            329 1001705at2759        -            270   1.9e-14   49.3  13.7   3   3   0.00033    0.0047   12.0   1.4    48    77   299   329   291   329 0.89 -
Utg33272:620956-621864   -            303 1001705at2759        -            270   1.7e-12   42.9   5.5   1   3   5.7e-07   8.2e-06   21.0   0.1    51    98    77   128    28   135 0.72 -
Utg33272:620956-621864   -            303 1001705at2759        -            270   1.7e-12   42.9   5.5   2   3   0.00066    0.0094   11.0   0.1    32   102   133   213   122   233 0.74 -
Utg33272:620956-621864   -            303 1001705at2759        -            270   1.7e-12   42.9   5.5   3   3    0.0017     0.025    9.6   0.2    55    84   256   286   251   293 0.82 -
Utg33280:1173318-1174163 -            282 1001705at2759        -            270   1.5e-11   39.8   0.0   1   3   2.6e-05   0.00037   15.6   0.0    11    97     6   106     1   122 0.68 -
Utg33280:1173318-1174163 -            282 1001705at2759        -            270   1.5e-11   39.8   0.0   2   3   0.00099     0.014   10.4   0.0    36   130   131   229   125   231 0.66 -
Utg33280:1173318-1174163 -            282 1001705at2759        -            270   1.5e-11   39.8   0.0   3   3    0.0012     0.017   10.2   0.0   182   213   237   267   234   282 0.75 -
Utg33274:551184-553064   -            627 1001705at2759        -            270   1.6e-11   39.8   2.0   1   4    0.0053     0.077    8.0   0.0    20    86   314   392   303   413 0.76 -
Utg33274:551184-553064   -            627 1001705at2759        -            270   1.6e-11   39.8   2.0   2   4      0.14         2    3.3   0.0    58    84   422   449   407   477 0.68 -
Utg33274:551184-553064   -            627 1001705at2759        -            270   1.6e-11   39.8   2.0   3   4     1e-06   1.4e-05   20.2   0.1    28   108   490   580   464   588 0.78 -
Utg33274:551184-553064   -            627 1001705at2759        -            270   1.6e-11   39.8   2.0   4   4     0.056      0.81    4.7   0.0    12    43   595   626   587   627 0.86 -
Utg33280:1086248-1174190 -            372 1001705at2759        -            270   1.8e-10   36.3   1.2   1   4     4e-05   0.00058   15.0   0.0    11    97    15   115     9   132 0.68 -
Utg33280:1086248-1174190 -            372 1001705at2759        -            270   1.8e-10   36.3   1.2   2   4      0.23       3.3    2.6   0.0    36    73   140   174   135   186 0.79 -
Utg33280:1086248-1174190 -            372 1001705at2759        -            270   1.8e-10   36.3   1.2   3   4     0.006     0.085    7.8   0.2    26    81   216   283   202   295 0.72 -
Utg33280:1086248-1174190 -            372 1001705at2759        -            270   1.8e-10   36.3   1.2   4   4     0.074       1.1    4.3   0.1    27    70   314   365   289   370 0.67 -
Utg33284:515997-517475   -            493 1001705at2759        -            270   3.5e-10   35.4   6.0   1   6       4.7        68   -1.7   0.0    52    80   172   202   169   209 0.66 -
Utg33284:515997-517475   -            493 1001705at2759        -            270   3.5e-10   35.4   6.0   2   6     0.039      0.56    5.2   0.0    49    93   212   258   191   273 0.77 -
Utg33284:515997-517475   -            493 1001705at2759        -            270   3.5e-10   35.4   6.0   3   6     0.055      0.79    4.7   0.0    23    84   280   308   274   317 0.59 -
Utg33284:515997-517475   -            493 1001705at2759        -            270   3.5e-10   35.4   6.0   4   6   4.6e-05   0.00066   14.8   0.1    26    81   348   410   337   414 0.73 -
Utg33284:515997-517475   -            493 1001705at2759        -            270   3.5e-10   35.4   6.0   5   6       0.2       2.9    2.8   0.0    22    45   423   446   420   452 0.89 -
Utg33284:515997-517475   -            493 1001705at2759        -            270   3.5e-10   35.4   6.0   6   6      0.48       6.9    1.6   0.0    22    43   471   492   459   493 0.85 -
Utg33272:41570-42964     -            465 1001705at2759        -            270   7.9e-10   34.2   3.4   1   4      0.37       5.2    2.0   0.0    52    78    96   123    84   143 0.67 -
Utg33272:41570-42964     -            465 1001705at2759        -            270   7.9e-10   34.2   3.4   2   4   0.00017    0.0024   12.9   0.6    21    84   139   213   124   219 0.72 -
Utg33272:41570-42964     -            465 1001705at2759        -            270   7.9e-10   34.2   3.4   3   4    0.0002    0.0029   12.7   0.0    51   100   221   275   214   296 0.81 -
Utg33272:41570-42964     -            465 1001705at2759        -            270   7.9e-10   34.2   3.4   4   4      0.13       1.9    3.5   0.0   146   172   351   377   342   381 0.76 -
Utg33260:715134-716282   -            383 1001705at2759        -            270   8.9e-10   34.0   3.9   1   4   0.00012    0.0017   13.4   0.4    52    82    59    90    54   119 0.71 -
Utg33260:715134-716282   -            383 1001705at2759        -            270   8.9e-10   34.0   3.9   2   4     0.031      0.45    5.5   0.1    52    84   148   180    99   190 0.79 -
Utg33260:715134-716282   -            383 1001705at2759        -            270   8.9e-10   34.0   3.9   3   4     0.085       1.2    4.1   0.0    28    80   205   266   197   282 0.71 -
Utg33260:715134-716282   -            383 1001705at2759        -            270   8.9e-10   34.0   3.9   4   4    0.0035      0.05    8.6   0.0    52    83   316   348   312   379 0.86 -
Utg33252:182191-184173   -            661 1001705at2759        -            270   2.8e-09   32.4   6.8   1   6      0.01      0.15    7.1   0.1    50    89    31    71    22    83 0.80 -
Utg33252:182191-184173   -            661 1001705at2759        -            270   2.8e-09   32.4   6.8   2   6     0.021      0.29    6.1   0.1    26    43    84   101    63   106 0.74 -
Utg33252:182191-184173   -            661 1001705at2759        -            270   2.8e-09   32.4   6.8   3   6     0.099       1.4    3.8   0.0   146   182   174   214   151   241 0.75 -
Utg33252:182191-184173   -            661 1001705at2759        -            270   2.8e-09   32.4   6.8   4   6      0.83        12    0.8   0.2    52    76   255   280   242   301 0.84 -
Utg33252:182191-184173   -            661 1001705at2759        -            270   2.8e-09   32.4   6.8   5   6      0.03      0.43    5.5   0.0    50    72   357   379   343   394 0.85 -
Utg33252:182191-184173   -            661 1001705at2759        -            270   2.8e-09   32.4   6.8   6   6     0.017      0.24    6.4   0.0    51   178   579   610   570   625 0.62 -
Utg33252:599431-600414   -            328 1001705at2759        -            270   3.8e-09   32.0   3.7   1   4   0.00022    0.0032   12.5   0.0    29    74    93   144    90   152 0.74 -
Utg33252:599431-600414   -            328 1001705at2759        -            270   3.8e-09   32.0   3.7   2   4    0.0091      0.13    7.2   0.1    22    73   126   186   124   213 0.72 -
Utg33252:599431-600414   -            328 1001705at2759        -            270   3.8e-09   32.0   3.7   3   4   0.00018    0.0026   12.8   0.6    26    83   216   285   203   300 0.79 -
Utg33252:599431-600414   -            328 1001705at2759        -            270   3.8e-09   32.0   3.7   4   4       3.4        49   -1.2   0.0    52    77   295   321   289   327 0.67 -
Utg33264:425741-427279   -            513 1001705at2759        -            270   4.9e-09   31.6   0.3   1   3    0.0075      0.11    7.5   0.0   152   212    56   117    32   134 0.79 -
Utg33264:425741-427279   -            513 1001705at2759        -            270   4.9e-09   31.6   0.3   2   3      0.24       3.4    2.6   0.0    58    86   134   163   127   180 0.81 -
Utg33264:425741-427279   -            513 1001705at2759        -            270   4.9e-09   31.6   0.3   3   3   6.5e-06   9.4e-05   17.6   0.0    26    83   180   245   169   269 0.78 -
Utg33254:902974-905790   -            939 1001705at2759        -            270   1.5e-08   30.0   4.0   1   5      0.98        14    0.6   0.0   188   206   125   143   112   146 0.89 -
Utg33254:902974-905790   -            939 1001705at2759        -            270   1.5e-08   30.0   4.0   2   5     0.002     0.028    9.4   0.0    28   111   219   312   198   321 0.81 -
Utg33254:902974-905790   -            939 1001705at2759        -            270   1.5e-08   30.0   4.0   3   5      0.74        11    1.0   0.0    42    80   453   492   445   518 0.79 -
Utg33254:902974-905790   -            939 1001705at2759        -            270   1.5e-08   30.0   4.0   4   5      0.53       7.6    1.5   0.0    32    90   477   547   467   555 0.68 -
Utg33254:902974-905790   -            939 1001705at2759        -            270   1.5e-08   30.0   4.0   5   5   6.6e-05   0.00095   14.3   0.2    26    96   554   636   541   665 0.77 -
Utg33250:355727-356611   -            295 1001705at2759        -            270   1.7e-08   29.9   4.4   1   2   0.00033    0.0048   12.0   0.2    31    84    15    77     8    94 0.79 -
Utg33250:355727-356611   -            295 1001705at2759        -            270   1.7e-08   29.9   4.4   2   2   1.4e-05    0.0002   16.5   0.4    26    98    94   179    77   292 0.83 -
Utg33254:112986-114452   -            489 1001705at2759        -            270   2.7e-08   29.2   5.5   1   4     0.059      0.84    4.6   0.0    29    48    82   101    70   106 0.89 -
Utg33254:112986-114452   -            489 1001705at2759        -            270   2.7e-08   29.2   5.5   2   4       3.9        56   -1.4   0.1   158   185   134   161   130   169 0.62 -
Utg33254:112986-114452   -            489 1001705at2759        -            270   2.7e-08   29.2   5.5   3   4   0.00017    0.0024   12.9   0.1    48   174   218   334   191   339 0.69 -
Utg33254:112986-114452   -            489 1001705at2759        -            270   2.7e-08   29.2   5.5   4   4    0.0025     0.036    9.1   0.1    45    87   344   387   341   415 0.83 -
Utg33264:63272-64447     -            392 1001705at2759        -            270   2.8e-08   29.1   0.8   1   5      0.98        14    0.6   0.0    51    81    10    43     6    48 0.76 -
Utg33264:63272-64447     -            392 1001705at2759        -            270   2.8e-08   29.1   0.8   2   5      0.05      0.72    4.8   0.0   131   203    52   128    47   132 0.58 -
Utg33264:63272-64447     -            392 1001705at2759        -            270   2.8e-08   29.1   0.8   3   5    0.0024     0.034    9.2   0.0    48    81   139   173   135   181 0.85 -
Utg33264:63272-64447     -            392 1001705at2759        -            270   2.8e-08   29.1   0.8   4   5       1.4        20    0.1   0.0    52    72   185   205   179   239 0.79 -
Utg33264:63272-64447     -            392 1001705at2759        -            270   2.8e-08   29.1   0.8   5   5    0.0084      0.12    7.4   0.0    50    71   369   390   362   392 0.90 -
Utg33254:548155-550605   -            817 1001705at2759        -            270   3.9e-08   28.6   9.8   1   6       0.3       4.3    2.3   0.0   144   192    60   108    14   114 0.74 -
Utg33254:548155-550605   -            817 1001705at2759        -            270   3.9e-08   28.6   9.8   2   6     0.039      0.55    5.2   0.1    27    46   114   133   107   140 0.87 -
Utg33254:548155-550605   -            817 1001705at2759        -            270   3.9e-08   28.6   9.8   3   6     0.013      0.18    6.8   0.1    28    50   161   183   135   245 0.67 -
Utg33254:548155-550605   -            817 1001705at2759        -            270   3.9e-08   28.6   9.8   4   6       4.7        67   -1.6   0.0    54    79   393   419   390   446 0.75 -
Utg33254:548155-550605   -            817 1001705at2759        -            270   3.9e-08   28.6   9.8   5   6      0.58       8.4    1.3   0.0    51    81   493   524   480   535 0.83 -
Utg33254:548155-550605   -            817 1001705at2759        -            270   3.9e-08   28.6   9.8   6   6    0.0002    0.0028   12.7   0.2    23    84   542   611   538   641 0.84 -
Utg33252:801425-802387   -            321 1001705at2759        -            270   4.9e-08   28.3   6.3   1   3    0.0014      0.02    9.9   0.6    51    84    61    95    19   106 0.64 -
Utg33252:801425-802387   -            321 1001705at2759        -            270   4.9e-08   28.3   6.3   2   3     6e-05   0.00087   14.4   0.3    26    80   111   175   105   188 0.76 -
Utg33252:801425-802387   -            321 1001705at2759        -            270   4.9e-08   28.3   6.3   3   3   3.6e-05   0.00052   15.1   0.1    30   166   158   304   152   312 0.60 -
Utg33280:97887-98414     -            176 1001705at2759        -            270   7.5e-08   27.7   6.2   1   4   0.00022    0.0032   12.5   0.0    22    45     3    29     1    39 0.82 -
Utg33280:97887-98414     -            176 1001705at2759        -            270   7.5e-08   27.7   6.2   2   4    0.0048     0.069    8.1   1.3    48    84    49    87    44   115 0.78 -
Utg33280:97887-98414     -            176 1001705at2759        -            270   7.5e-08   27.7   6.2   3   4       2.2        31   -0.6   0.0   216   229   101   114    93   121 0.78 -
Utg33280:97887-98414     -            176 1001705at2759        -            270   7.5e-08   27.7   6.2   4   4     0.009      0.13    7.3   0.5    31    75   118   175    99   176 0.63 -
Utg33258:292694-293017   -            108 1001705at2759        -            270   1.5e-07   26.8   0.1   1   2   1.5e-06   2.1e-05   19.7   0.0   174   217    21    67    11    86 0.69 -
Utg33258:292694-293017   -            108 1001705at2759        -            270   1.5e-07   26.8   0.1   2   2     0.022      0.32    6.0   0.0    26    44    89   107    68   108 0.87 -
Utg33266:274040-274927   -            296 1001705at2759        -            270   2.4e-07   26.0   2.6   1   6       1.9        27   -0.4   0.0    29   226    25    66    13    82 0.44 -
Utg33266:274040-274927   -            296 1001705at2759        -            270   2.4e-07   26.0   2.6   2   6       0.2       2.8    2.9   0.0    52    86   104   139    99   144 0.83 -
Utg33266:274040-274927   -            296 1001705at2759        -            270   2.4e-07   26.0   2.6   3   6     0.011      0.15    7.0   0.1    52    83   146   178   141   185 0.88 -
Utg33266:274040-274927   -            296 1001705at2759        -            270   2.4e-07   26.0   2.6   4   6   0.00049     0.007   11.4   0.0    51    90   187   227   179   237 0.83 -
Utg33266:274040-274927   -            296 1001705at2759        -            270   2.4e-07   26.0   2.6   5   6       4.2        60   -1.5   0.0   147   173   231   259   224   262 0.59 -
Utg33266:274040-274927   -            296 1001705at2759        -            270   2.4e-07   26.0   2.6   6   6       5.1        74   -1.8   0.0    51    70   275   294   269   295 0.81 -
Utg33286:208831-209676   -            282 1001705at2759        -            270   2.5e-07   26.0   1.3   1   2      0.11       1.6    3.7   0.0    25    46     9    30     2    41 0.80 -
Utg33286:208831-209676   -            282 1001705at2759        -            270   2.5e-07   26.0   1.3   2   2   1.7e-05   0.00025   16.2   0.6    47   173    59   189    56   198 0.61 -
Utg33276:262937-263683   -            249 1001705at2759        -            270   2.5e-07   26.0   0.8   1   2   0.00075     0.011   10.8   0.0    17    50   118   149   107   157 0.82 -
Utg33276:262937-263683   -            249 1001705at2759        -            270   2.5e-07   26.0   0.8   2   2   8.9e-05    0.0013   13.8   0.3    21    97   160   246   154   249 0.79 -
Utg33278:290563-291534   -            324 1001705at2759        -            270   3.2e-07   25.7   5.3   1   4      0.21       3.1    2.8   0.1    60    82    13    36     5    51 0.68 -
Utg33278:290563-291534   -            324 1001705at2759        -            270   3.2e-07   25.7   5.3   2   4    0.0096      0.14    7.2   0.0   182   209   115   142   110   152 0.78 -
Utg33278:290563-291534   -            324 1001705at2759        -            270   3.2e-07   25.7   5.3   3   4      0.22       3.1    2.7   0.0    52    80   154   183   146   198 0.81 -
Utg33278:290563-291534   -            324 1001705at2759        -            270   3.2e-07   25.7   5.3   4   4   0.00073     0.011   10.8   0.0    25   105   221   313   207   322 0.72 -
Utg33264:511166-511729   -            188 1001705at2759        -            270   3.5e-07   25.5   3.2   1   3     5e-06   7.2e-05   17.9   0.3    27   101    16   104     6   110 0.70 -
Utg33264:511166-511729   -            188 1001705at2759        -            270   3.5e-07   25.5   3.2   2   3    0.0084      0.12    7.4   0.0    23    46   105   131   101   135 0.79 -
Utg33264:511166-511729   -            188 1001705at2759        -            270   3.5e-07   25.5   3.2   3   3       6.2        89   -2.0   0.1    52    75   164   188   159   188 0.58 -
Utg33264:442592-443608   -            339 1001705at2759        -            270   3.9e-07   25.4   0.8   1   3    0.0056      0.08    7.9   0.0    23    44    22    45     4    63 0.68 -
Utg33264:442592-443608   -            339 1001705at2759        -            270   3.9e-07   25.4   0.8   2   3    0.0016     0.023    9.7   0.1   170   225   115   172   110   192 0.67 -
Utg33264:442592-443608   -            339 1001705at2759        -            270   3.9e-07   25.4   0.8   3   3     0.015      0.22    6.5   0.1    52   185   164   315   163   333 0.63 -
Utg33250:420351-421193   -            281 1001705at2759        -            270   7.5e-07   24.4   3.0   1   3       1.5        21   -0.0   0.0   147   180    33    66    10   113 0.52 -
Utg33250:420351-421193   -            281 1001705at2759        -            270   7.5e-07   24.4   3.0   2   3   1.4e-06   1.9e-05   19.8   0.1    26    84   132   199   121   206 0.79 -
Utg33250:420351-421193   -            281 1001705at2759        -            270   7.5e-07   24.4   3.0   3   3      0.14         2    3.4   0.3    49    84   205   241   199   259 0.79 -
Utg33286:758523-759458   -            312 1001705at2759        -            270   1.8e-06   23.2   0.0   1   2     0.012      0.17    6.9   0.0    22    60     4    43     1    94 0.74 -
Utg33286:758523-759458   -            312 1001705at2759        -            270   1.8e-06   23.2   0.0   2   2   0.00025    0.0036   12.4   0.0    12    51   262   299   251   308 0.82 -
Utg33278:374491-375489   -            333 1001705at2759        -            270   2.6e-06   22.6   0.4   1   3   3.5e-05    0.0005   15.2   0.1    34    87    30    93    16   101 0.76 -
Utg33278:374491-375489   -            333 1001705at2759        -            270   2.6e-06   22.6   0.4   2   3     0.085       1.2    4.1   0.1    51   119    97   175    91   193 0.64 -
Utg33278:374491-375489   -            333 1001705at2759        -            270   2.6e-06   22.6   0.4   3   3       7.1     1e+02   -2.2   0.0    49    83   243   278   241   294 0.67 -
Utg33252:601382-602071   -            230 1001705at2759        -            270     3e-06   22.4   0.2   1   3    0.0013     0.018   10.0   0.0    49    82     2    36     1    41 0.88 -
Utg33252:601382-602071   -            230 1001705at2759        -            270     3e-06   22.4   0.2   2   3    0.0039     0.055    8.5   0.0    50   131    45   131    40   151 0.70 -
Utg33252:601382-602071   -            230 1001705at2759        -            270     3e-06   22.4   0.2   3   3       1.4        20    0.1   0.0    25    45   164   184   142   188 0.71 -
Utg33286:434211-435356   -            382 1001705at2759        -            270   5.7e-06   21.5   9.5   1   4     0.027      0.38    5.7   0.1    48    76    75   104    70   109 0.81 -
Utg33286:434211-435356   -            382 1001705at2759        -            270   5.7e-06   21.5   9.5   2   4   6.1e-05   0.00088   14.4   0.9    28    84    89   153    79   161 0.72 -
Utg33286:434211-435356   -            382 1001705at2759        -            270   5.7e-06   21.5   9.5   3   4     0.073         1    4.3   1.5    28    82   228   290   218   297 0.64 -
Utg33286:434211-435356   -            382 1001705at2759        -            270   5.7e-06   21.5   9.5   4   4       3.8        55   -1.3   0.0    30    45   313   328   300   334 0.81 -
Utg33284:411651-412361   -            237 1001705at2759        -            270   7.2e-06   21.2   0.0   1   3       0.1       1.4    3.8   0.0    54    89    33    70    25    96 0.65 -
Utg33284:411651-412361   -            237 1001705at2759        -            270   7.2e-06   21.2   0.0   2   3     0.093       1.3    3.9   0.0    37    80   104   148    99   158 0.67 -
Utg33284:411651-412361   -            237 1001705at2759        -            270   7.2e-06   21.2   0.0   3   3    0.0013     0.018   10.0   0.0   173   207   162   196   157   219 0.87 -
Utg33282:153470-154441   -            324 1001705at2759        -            270     8e-06   21.1   4.7   1   4      0.15       2.1    3.3   0.0    61    83    14    37     6    53 0.73 -
Utg33282:153470-154441   -            324 1001705at2759        -            270     8e-06   21.1   4.7   2   4    0.0067     0.096    7.7   0.0   182   209   115   142   110   153 0.80 -
Utg33282:153470-154441   -            324 1001705at2759        -            270     8e-06   21.1   4.7   3   4      0.41       5.9    1.8   0.1    52    79   154   182   146   186 0.80 -
Utg33282:153470-154441   -            324 1001705at2759        -            270     8e-06   21.1   4.7   4   4     0.045      0.64    5.0   0.0    21   105   217   313   205   321 0.63 -
Utg33264:471542-471889   -            116 1001705at2759        -            270   1.2e-05   20.5   0.1   1   2   0.00021    0.0031   12.6   0.0    26    78     9    68     2    76 0.81 -
Utg33264:471542-471889   -            116 1001705at2759        -            270   1.2e-05   20.5   0.1   2   2     0.018      0.26    6.3   0.0    53    75    92   115    84   116 0.85 -
Utg33286:596733-597071   -            113 1001705at2759        -            270   3.6e-05   18.9   0.1   1   2     8e-05    0.0012   14.0   0.0    23    81     8    81     5    83 0.63 -
Utg33286:596733-597071   -            113 1001705at2759        -            270   3.6e-05   18.9   0.1   2   2    0.0015     0.022    9.8   0.1    18    50    51    83    42   113 0.64 -
Utg33254:954038-954694   -            219 1001705at2759        -            270   5.6e-05   18.3   0.0   1   2   2.7e-05   0.00039   15.5   0.1    27    83    48   112    43   134 0.79 -
Utg33254:954038-954694   -            219 1001705at2759        -            270   5.6e-05   18.3   0.0   2   2       3.1        44   -1.1   0.0    26    49   182   205   170   213 0.82 -
Utg33264:423360-425204   -            615 1001705at2759        -            270   7.7e-05   17.8   2.7   1   7       1.4        20    0.1   0.0    20    44    67    95    57   136 0.80 -
Utg33264:423360-425204   -            615 1001705at2759        -            270   7.7e-05   17.8   2.7   2   7      0.69       9.9    1.1   0.0   140   175   201   237   178   256 0.79 -
Utg33264:423360-425204   -            615 1001705at2759        -            270   7.7e-05   17.8   2.7   3   7      0.29       4.1    2.3   0.2    52    84   256   288   252   323 0.77 -
Utg33264:423360-425204   -            615 1001705at2759        -            270   7.7e-05   17.8   2.7   4   7       5.6        81   -1.9   0.0    30    76   350   399   330   437 0.60 -
Utg33264:423360-425204   -            615 1001705at2759        -            270   7.7e-05   17.8   2.7   5   7       7.6   1.1e+02   -2.3   0.0    23    42   452   472   446   478 0.77 -
Utg33264:423360-425204   -            615 1001705at2759        -            270   7.7e-05   17.8   2.7   6   7     0.023      0.33    5.9   0.0    26    50   499   523   493   544 0.85 -
Utg33264:423360-425204   -            615 1001705at2759        -            270   7.7e-05   17.8   2.7   7   7      0.73        11    1.0   0.0    26    61   552   596   546   614 0.53 -
Utg33264:472229-472723   -            165 1001705at2759        -            270    0.0001   17.5   2.5   1   3     0.066      0.94    4.4   0.0    52    96     9    54     7    62 0.72 -
Utg33264:472229-472723   -            165 1001705at2759        -            270    0.0001   17.5   2.5   2   3    0.0044     0.063    8.3   0.1    54    84    59    90    52    97 0.83 -
Utg33264:472229-472723   -            165 1001705at2759        -            270    0.0001   17.5   2.5   3   3     0.089       1.3    4.0   0.1    51    78    98   126    94   151 0.66 -
Utg33280:972927-973832   -            302 1001705at2759        -            270   0.00035   15.7   8.6   1   4     0.055      0.79    4.7   0.1    46    86    29    70     7    82 0.74 -
Utg33280:972927-973832   -            302 1001705at2759        -            270   0.00035   15.7   8.6   2   4   0.00067    0.0096   11.0   2.1    50    85    82   119    37   143 0.59 -
Utg33280:972927-973832   -            302 1001705at2759        -            270   0.00035   15.7   8.6   3   4      0.78        11    0.9   0.2    51    75   129   154   122   162 0.75 -
Utg33280:972927-973832   -            302 1001705at2759        -            270   0.00035   15.7   8.6   4   4      0.37       5.4    2.0   0.0    27    44   283   300   237   302 0.75 -
Utg33276:263948-264118   -             57 1001705at2759        -            270   0.00036   15.7   0.1   1   2    0.0027     0.039    9.0   0.0    64    86     2    25     1    36 0.83 -
Utg33276:263948-264118   -             57 1001705at2759        -            270   0.00036   15.7   0.1   2   2     0.032      0.46    5.5   0.0    31    44    43    56    34    57 0.82 -
Utg33252:778660-779667   -            336 1001705at2759        -            270   0.00067   14.7   2.5   1   4       6.2        89   -2.0   0.0   152   172     9    29     4    37 0.56 -
Utg33252:778660-779667   -            336 1001705at2759        -            270   0.00067   14.7   2.5   2   4       2.1        31   -0.5   0.1    51    76    50    78    42    85 0.77 -
Utg33252:778660-779667   -            336 1001705at2759        -            270   0.00067   14.7   2.5   3   4    0.0076      0.11    7.5   0.0    28    48   222   241   211   262 0.83 -
Utg33252:778660-779667   -            336 1001705at2759        -            270   0.00067   14.7   2.5   4   4     0.056       0.8    4.7   0.2    51    84   299   333   293   336 0.83 -
Utg33252:1008577-1009023 -            149 1001705at2759        -            270   0.00078   14.5   0.1   1   2       1.1        16    0.4   0.0   142   163    23    44    13    71 0.62 -
Utg33252:1008577-1009023 -            149 1001705at2759        -            270   0.00078   14.5   0.1   2   2   0.00031    0.0045   12.0   0.1    52    85    87   121    81   141 0.86 -
Utg33280:492677-493114   -            146 1001705at2759        -            270    0.0008   14.5   0.1   1   2     0.039      0.56    5.2   0.0    52    91    27    68    19   102 0.65 -
Utg33280:492677-493114   -            146 1001705at2759        -            270    0.0008   14.5   0.1   2   2    0.0072       0.1    7.6   0.0    21    44   120   146   111   146 0.86 -
Utg33252:945604-946008   -            135 1001705at2759        -            270   0.00084   14.4   0.0   1   2     0.013      0.18    6.8   0.0    21    45     6    30     1    45 0.80 -
Utg33252:945604-946008   -            135 1001705at2759        -            270   0.00084   14.4   0.0   2   2      0.02      0.29    6.1   0.0    49    81    62    94    50   109 0.71 -
Utg33280:710660-711553   -            298 1001705at2759        -            270   0.00092   14.3   0.1   1   3       0.6       8.6    1.3   0.0    51    82    33    66     1   124 0.66 -
Utg33280:710660-711553   -            298 1001705at2759        -            270   0.00092   14.3   0.1   2   3     0.029      0.42    5.6   0.0    21    45   151   178   143   190 0.82 -
Utg33280:710660-711553   -            298 1001705at2759        -            270   0.00092   14.3   0.1   3   3      0.11       1.6    3.7   0.0    50    78   211   242   193   274 0.74 -
Utg33284:221958-222608   -            217 1001705at2759        -            270     0.001   14.2   0.2   1   3    0.0065     0.093    7.7   0.0    22    45     3    28     1    68 0.78 -
Utg33284:221958-222608   -            217 1001705at2759        -            270     0.001   14.2   0.2   2   3      0.41       5.9    1.8   0.0    50    76   106   132    96   155 0.62 -
Utg33284:221958-222608   -            217 1001705at2759        -            270     0.001   14.2   0.2   3   3      0.67       9.6    1.1   0.0    57    80   154   178   137   198 0.61 -
Utg33250:539408-539959   -            184 1001705at2759        -            270    0.0015   13.6   1.7   1   3      0.13       1.8    3.5   0.2    65    87     2    25     1    43 0.71 -
Utg33250:539408-539959   -            184 1001705at2759        -            270    0.0015   13.6   1.7   2   3      0.78        11    0.9   0.0    26    48    41    63    35    77 0.81 -
Utg33250:539408-539959   -            184 1001705at2759        -            270    0.0015   13.6   1.7   3   3    0.0098      0.14    7.1   0.1    50    80   137   169   100   179 0.76 -
Utg33260:41704-42291     -            196 1001705at2759        -            270    0.0017   13.4   0.4   1   2     0.027      0.38    5.7   0.2    51    83    50    84     4   101 0.62 -
Utg33260:41704-42291     -            196 1001705at2759        -            270    0.0017   13.4   0.4   2   2     0.039      0.56    5.2   0.0    24    43   168   187   148   195 0.78 -
Utg33252:183730-184245   -            172 1001705at2759        -            270    0.0027   12.8   0.4   1   3       4.6        65   -1.6   0.0    52    71    19    38    17    57 0.62 -
Utg33252:183730-184245   -            172 1001705at2759        -            270    0.0027   12.8   0.4   2   3     0.003     0.043    8.8   0.0    51   178    66    97    60   108 0.58 -
Utg33252:183730-184245   -            172 1001705at2759        -            270    0.0027   12.8   0.4   3   3      0.84        12    0.8   0.0   157   175   125   143   118   166 0.77 -
Utg33284:404890-405651   -            254 1001705at2759        -            270    0.0058   11.7  10.0   1   4   0.00096     0.014   10.5   0.3    58   228    39    86    29   108 0.57 -
Utg33284:404890-405651   -            254 1001705at2759        -            270    0.0058   11.7  10.0   2   4      0.27       3.9    2.4   0.0    26    43   173   190   148   194 0.82 -
Utg33284:404890-405651   -            254 1001705at2759        -            270    0.0058   11.7  10.0   3   4       7.4   1.1e+02   -2.3   1.6   247   266   195   214   191   216 0.84 -
Utg33284:404890-405651   -            254 1001705at2759        -            270    0.0058   11.7  10.0   4   4      0.26       3.8    2.4   0.0    24    44   235   254   222   254 0.79 -
Utg33264:345441-347861   -            807 1001705at2759        -            270     0.015   10.4   5.4   1   4      0.14         2    3.3   0.7   244   263   347   366   345   371 0.89 -
Utg33264:345441-347861   -            807 1001705at2759        -            270     0.015   10.4   5.4   2   4     0.048      0.69    4.9   0.0    29    47   451   469   439   479 0.82 -
Utg33264:345441-347861   -            807 1001705at2759        -            270     0.015   10.4   5.4   3   4       1.1        15    0.5   0.0    51   166   596   615   585   673 0.57 -
Utg33264:345441-347861   -            807 1001705at2759        -            270     0.015   10.4   5.4   4   4         3        43   -1.0   0.0    58    76   689   707   663   751 0.71 -
#
# Program:         hmmsearch
# Version:         3.1b2 (February 2015)
# Pipeline mode:   SEARCH
# Query file:      /home/inf-34-2022/Documents/BINP29/DeNovo_LongReads/Busco/busco_downloads/lineages/eukaryota_odb10/hmms/1001705at2759.hmm
# Target file:     /home/inf-34-2022/Documents/BINP29/DeNovo_LongReads/Busco/busco_output/auto_lineage/run_eukaryota_odb10/metaeuk_output/initial_results/SRRoutput.fasta.modified.fas
# Option settings: hmmsearch --domtblout /home/inf-34-2022/Documents/BINP29/DeNovo_LongReads/Busco/busco_output/auto_lineage/run_eukaryota_odb10/hmmer_output/initial_run_results/1001705at2759.out --cpu 1 /home/inf-34-2022/Documents/BINP29/DeNovo_LongReads/Busco/busco_downloads/lineages/eukaryota_odb10/hmms/1001705at2759.hmm /home/inf-34-2022/Documents/BINP29/DeNovo_LongReads/Busco/busco_output/auto_lineage/run_eukaryota_odb10/metaeuk_output/initial_results/SRRoutput.fasta.modified.fas 
# Current dir:     /home/inf-34-2022/Documents/BINP29/DeNovo_LongReads/Busco
# Date:            Fri Feb 24 11:49:06 2023
# [ok]
