#                                                                                --- full sequence --- -------------- this domain -------------   hmm coord   ali coord   env coord
# target name            accession   tlen query name           accession   qlen   E-value  score  bias   #  of  c-Evalue  i-Evalue  score  bias  from    to  from    to  from    to  acc description of target
#    ------------------- ---------- ----- -------------------- ---------- ----- --------- ------ ----- --- --- --------- --------- ------ ----- ----- ----- ----- ----- ----- ----- ---- ---------------------
Utg33276:378139-379431   -            431 1025450at2759        -            307   8.6e-53  175.0   7.3   1   2   7.7e-51   7.9e-50  165.3   5.9     4   288    45   390    42   396 0.76 -
Utg33276:378139-379431   -            431 1025450at2759        -            307   8.6e-53  175.0   7.3   2   2     0.057      0.58    4.8   0.0   287   306   410   429   404   430 0.88 -
Utg33258:110720-113488   -            923 1025450at2759        -            307   7.3e-46  152.2   6.1   1   5   6.1e-05   0.00062   14.5   0.0   148   229    22   106     7   133 0.78 -
Utg33258:110720-113488   -            923 1025450at2759        -            307   7.3e-46  152.2   6.1   2   5   2.5e-12   2.5e-11   38.8   0.5    21   176   145   296   141   326 0.82 -
Utg33258:110720-113488   -            923 1025450at2759        -            307   7.3e-46  152.2   6.1   3   5     2e-09     2e-08   29.3   0.1    47    95   328   376   313   378 0.78 -
Utg33258:110720-113488   -            923 1025450at2759        -            307   7.3e-46  152.2   6.1   4   5   2.2e-22   2.2e-21   71.8   0.6    48   213   371   551   371   576 0.81 -
Utg33258:110720-113488   -            923 1025450at2759        -            307   7.3e-46  152.2   6.1   5   5     0.039       0.4    5.3   0.0   145   246   520   607   512   622 0.64 -
Utg33258:91958-92944     -            329 1025450at2759        -            307   9.2e-37  122.4   8.8   1   4   1.5e-15   1.5e-14   49.4   0.1    36    95    14    73     5    77 0.94 -
Utg33258:91958-92944     -            329 1025450at2759        -            307   9.2e-37  122.4   8.8   2   4   4.8e-09   4.8e-08   28.0   0.7    38   227   108   184    97   193 0.55 -
Utg33258:91958-92944     -            329 1025450at2759        -            307   9.2e-37  122.4   8.8   3   4     2e-10   2.1e-09   32.5   0.0    35    95   228   289   225   294 0.92 -
Utg33258:91958-92944     -            329 1025450at2759        -            307   9.2e-37  122.4   8.8   4   4   2.9e-05    0.0003   15.6   0.1   132   169   292   329   287   329 0.75 -
Utg33254:379323-382133   -            937 1025450at2759        -            307     1e-35  118.9  16.3   1   6       5.8        59   -1.8   0.0   271   283    48    60    38    66 0.56 -
Utg33254:379323-382133   -            937 1025450at2759        -            307     1e-35  118.9  16.3   2   6   9.8e-11     1e-09   33.6   0.1    98   170    80   151    75   156 0.93 -
Utg33254:379323-382133   -            937 1025450at2759        -            307     1e-35  118.9  16.3   3   6   2.6e-06   2.6e-05   19.1   0.8   142   206   164   232   156   246 0.76 -
Utg33254:379323-382133   -            937 1025450at2759        -            307     1e-35  118.9  16.3   4   6   1.4e-06   1.4e-05   19.9   0.0   136   209   387   462   378   471 0.62 -
Utg33254:379323-382133   -            937 1025450at2759        -            307     1e-35  118.9  16.3   5   6   3.7e-08   3.7e-07   25.1   0.0   107   176   440   509   435   528 0.88 -
Utg33254:379323-382133   -            937 1025450at2759        -            307     1e-35  118.9  16.3   6   6   4.7e-10   4.8e-09   31.3   0.4    64   214   531   694   527   705 0.65 -
Utg33258:72355-73566     -            404 1025450at2759        -            307   4.4e-34  113.6   7.6   1   4   0.00035    0.0035   12.1   0.1    61    82    38    59    30    75 0.81 -
Utg33258:72355-73566     -            404 1025450at2759        -            307   4.4e-34  113.6   7.6   2   4   8.7e-17   8.8e-16   53.4   0.0   105   220   148   267   130   269 0.87 -
Utg33258:72355-73566     -            404 1025450at2759        -            307   4.4e-34  113.6   7.6   3   4   4.5e-09   4.6e-08   28.1   0.1    61    95   270   304   265   312 0.93 -
Utg33258:72355-73566     -            404 1025450at2759        -            307   4.4e-34  113.6   7.6   4   4   2.9e-06     3e-05   18.9   0.1    24    74   325   379   315   404 0.72 -
Utg33254:548155-550605   -            817 1025450at2759        -            307   6.8e-34  112.9  11.6   1   5   9.1e-13   9.3e-12   40.2   0.1   136   247    57   179    39   187 0.84 -
Utg33254:548155-550605   -            817 1025450at2759        -            307   6.8e-34  112.9  11.6   2   5    0.0038     0.038    8.7   0.0   112   178   211   283   204   334 0.62 -
Utg33254:548155-550605   -            817 1025450at2759        -            307   6.8e-34  112.9  11.6   3   5    0.0034     0.035    8.8   0.0    36    71   402   441   382   444 0.80 -
Utg33254:548155-550605   -            817 1025450at2759        -            307   6.8e-34  112.9  11.6   4   5   6.7e-11   6.8e-10   34.1   0.3    30    95   541   606   531   608 0.95 -
Utg33254:548155-550605   -            817 1025450at2759        -            307   6.8e-34  112.9  11.6   5   5   1.1e-06   1.2e-05   20.2   0.3    48   100   601   652   601   664 0.92 -
Utg33286:602387-603034   -            216 1025450at2759        -            307     1e-31  105.8   6.4   1   2   1.6e-25   1.6e-24   82.2   1.5    25   175     4   166     1   170 0.88 -
Utg33286:602387-603034   -            216 1025450at2759        -            307     1e-31  105.8   6.4   2   2   1.3e-10   1.3e-09   33.2   0.2    37    98   146   208   145   211 0.94 -
Utg33282:153470-154441   -            324 1025450at2759        -            307   5.3e-27   90.3   5.0   1   2   1.1e-10   1.1e-09   33.5   0.2   102   175     7    81     2    95 0.87 -
Utg33282:153470-154441   -            324 1025450at2759        -            307   5.3e-27   90.3   5.0   2   2   9.1e-16   9.2e-15   50.1   1.0    21   236   106   311    95   319 0.74 -
Utg33272:620956-621864   -            303 1025450at2759        -            307     1e-26   89.4   9.8   1   4    0.0098       0.1    7.3   0.0   261   286     3    28     1    37 0.82 -
Utg33272:620956-621864   -            303 1025450at2759        -            307     1e-26   89.4   9.8   2   4   2.9e-09     3e-08   28.7   0.0   112   173    46   108    29   128 0.69 -
Utg33272:620956-621864   -            303 1025450at2759        -            307     1e-26   89.4   9.8   3   4     5e-05   0.00051   14.8   0.0   137   177   113   153   108   157 0.92 -
Utg33272:620956-621864   -            303 1025450at2759        -            307     1e-26   89.4   9.8   4   4   6.6e-10   6.7e-09   30.8   1.9    30    99   215   284   201   300 0.82 -
Utg33274:551184-553064   -            627 1025450at2759        -            307   1.1e-25   85.9   5.2   1   2   1.2e-10   1.2e-09   33.3   0.5   150   296   322   462   309   468 0.72 -
Utg33274:551184-553064   -            627 1025450at2759        -            307   1.1e-25   85.9   5.2   2   2   5.9e-14     6e-13   44.2   0.4   111   243   491   625   486   627 0.90 -
Utg33266:274040-274927   -            296 1025450at2759        -            307   1.9e-25   85.2   7.6   1   4   4.6e-08   4.6e-07   24.8   0.3    67   178    14   140    11   144 0.81 -
Utg33266:274040-274927   -            296 1025450at2759        -            307   1.9e-25   85.2   7.6   2   4   3.5e-16   3.6e-15   51.4   0.2    24    98   141   219   139   243 0.82 -
Utg33266:274040-274927   -            296 1025450at2759        -            307   1.9e-25   85.2   7.6   3   4     0.074      0.76    4.4   0.0    58    95   223   262   215   266 0.84 -
Utg33266:274040-274927   -            296 1025450at2759        -            307   1.9e-25   85.2   7.6   4   4   0.00032    0.0033   12.2   0.2    37    84   246   293   243   295 0.94 -
Utg33286:434211-435356   -            382 1025450at2759        -            307   1.9e-24   81.9   4.5   1   4     7e-09   7.1e-08   27.5   0.8   139   218    75   158    67   176 0.71 -
Utg33286:434211-435356   -            382 1025450at2759        -            307   1.9e-24   81.9   4.5   2   4   8.5e-07   8.6e-06   20.6   0.0   106   171   183   246   177   250 0.76 -
Utg33286:434211-435356   -            382 1025450at2759        -            307   1.9e-24   81.9   4.5   3   4   8.7e-07   8.9e-06   20.6   0.3   124   175   242   291   241   299 0.83 -
Utg33286:434211-435356   -            382 1025450at2759        -            307   1.9e-24   81.9   4.5   4   4   0.00025    0.0025   12.5   0.0   142   175   300   333   294   338 0.87 -
Utg33278:290563-291534   -            324 1025450at2759        -            307   2.9e-24   81.3   5.3   1   4   2.9e-08   2.9e-07   25.5   0.2   102   175     7    81     2    89 0.83 -
Utg33278:290563-291534   -            324 1025450at2759        -            307   2.9e-24   81.3   5.3   2   4   2.3e-13   2.4e-12   42.2   0.1    21    96   106   183    93   205 0.88 -
Utg33278:290563-291534   -            324 1025450at2759        -            307   2.9e-24   81.3   5.3   3   4    0.0037     0.038    8.7   0.0   261   280   224   243   206   248 0.82 -
Utg33278:290563-291534   -            324 1025450at2759        -            307   2.9e-24   81.3   5.3   4   4   0.00014    0.0014   13.4   0.1   110   194   224   311   221   319 0.56 -
Utg33252:840658-842829   -            724 1025450at2759        -            307     4e-24   80.9   1.6   1   4   7.4e-13   7.5e-12   40.5   0.1   101   247     9   164     2   168 0.87 -
Utg33252:840658-842829   -            724 1025450at2759        -            307     4e-24   80.9   1.6   2   4   3.3e-15   3.4e-14   48.2   0.2    22   175    85   255    82   292 0.74 -
Utg33252:840658-842829   -            724 1025450at2759        -            307     4e-24   80.9   1.6   3   4       4.5        46   -1.5   0.0   157   175   438   456   386   485 0.61 -
Utg33252:840658-842829   -            724 1025450at2759        -            307     4e-24   80.9   1.6   4   4       3.5        35   -1.1   0.0   161   239   534   610   524   612 0.70 -
Utg33280:184914-188501   -           1196 1025450at2759        -            307   4.7e-23   77.3   4.7   1   4   0.00026    0.0027   12.5   0.0    21    73    46   102    30   104 0.85 -
Utg33280:184914-188501   -           1196 1025450at2759        -            307   4.7e-23   77.3   4.7   2   4   2.1e-10   2.2e-09   32.4   0.1    30    94   101   165    93   169 0.93 -
Utg33280:184914-188501   -           1196 1025450at2759        -            307   4.7e-23   77.3   4.7   3   4   4.6e-10   4.6e-09   31.4   0.0    95   175   205   286   185   355 0.85 -
Utg33280:184914-188501   -           1196 1025450at2759        -            307   4.7e-23   77.3   4.7   4   4       1.8        18   -0.1   0.1   188   271   424   503   402   528 0.63 -
Utg33260:715134-716282   -            383 1025450at2759        -            307   7.8e-23   76.6   5.7   1   3   7.3e-09   7.5e-08   27.4   0.2   132   247    50   175    38   180 0.73 -
Utg33260:715134-716282   -            383 1025450at2759        -            307   7.8e-23   76.6   5.7   2   3   3.2e-09   3.2e-08   28.6   0.0   108   175   203   269   199   275 0.91 -
Utg33260:715134-716282   -            383 1025450at2759        -            307   7.8e-23   76.6   5.7   3   3   2.2e-06   2.2e-05   19.3   0.4    43    91   334   382   312   383 0.61 -
Utg33250:355727-356611   -            295 1025450at2759        -            307   4.6e-21   70.8   4.0   1   2   7.7e-19   7.9e-18   60.2   2.3    32   251     9   243     6   255 0.86 -
Utg33250:355727-356611   -            295 1025450at2759        -            307   4.6e-21   70.8   4.0   2   2    0.0019     0.019    9.7   0.0    60    96   255   290   244   294 0.75 -
Utg33284:515997-517475   -            493 1025450at2759        -            307   5.2e-21   70.6   3.7   1   3   2.8e-05   0.00028   15.7   0.0    43    94   191   243   179   259 0.66 -
Utg33284:515997-517475   -            493 1025450at2759        -            307   5.2e-21   70.6   3.7   2   3    0.0024     0.024    9.3   0.0    21    60   269   310   254   313 0.66 -
Utg33284:515997-517475   -            493 1025450at2759        -            307   5.2e-21   70.6   3.7   3   3   1.1e-13   1.1e-12   43.3   0.2    35   134   350   453   344   493 0.74 -
Utg33264:423360-425204   -            615 1025450at2759        -            307     7e-20   66.9  10.8   1   6   2.5e-05   0.00025   15.8   0.3    56   108    55   109    40   130 0.76 -
Utg33264:423360-425204   -            615 1025450at2759        -            307     7e-20   66.9  10.8   2   6      0.71       7.2    1.2   0.1    37    74   132   170   126   190 0.77 -
Utg33264:423360-425204   -            615 1025450at2759        -            307     7e-20   66.9  10.8   3   6      0.29       2.9    2.5   0.0   261   287   220   246   199   255 0.73 -
Utg33264:423360-425204   -            615 1025450at2759        -            307     7e-20   66.9  10.8   4   6   7.7e-09   7.9e-08   27.3   1.1   116   259   226   380   213   422 0.74 -
Utg33264:423360-425204   -            615 1025450at2759        -            307     7e-20   66.9  10.8   5   6    0.0033     0.034    8.8   0.0   182   255   451   523   408   539 0.57 -
Utg33264:423360-425204   -            615 1025450at2759        -            307     7e-20   66.9  10.8   6   6   9.2e-05   0.00094   14.0   0.0    35    93   554   612   550   615 0.77 -
Utg33280:1173318-1174163 -            282 1025450at2759        -            307   1.7e-19   65.6   0.0   1   2   3.8e-14   3.9e-13   44.8   0.0    36   170    25   171    23   185 0.85 -
Utg33280:1173318-1174163 -            282 1025450at2759        -            307   1.7e-19   65.6   0.0   2   2   6.6e-05   0.00067   14.4   0.0    98   175   185   266   176   272 0.80 -
Utg33286:208831-209676   -            282 1025450at2759        -            307     9e-19   63.3   0.3   1   3   1.2e-06   1.2e-05   20.1   0.0    69    95     4    30     2    42 0.85 -
Utg33286:208831-209676   -            282 1025450at2759        -            307     9e-19   63.3   0.3   2   3   2.1e-07   2.2e-06   22.6   0.0   135   174    56    95    48   101 0.77 -
Utg33286:208831-209676   -            282 1025450at2759        -            307     9e-19   63.3   0.3   3   3     2e-05   0.00021   16.1   0.2    27   103   124   199   106   206 0.70 -
Utg33276:262937-263683   -            249 1025450at2759        -            307   1.2e-18   62.8   1.6   1   1   9.5e-18   9.7e-17   56.6   1.6    19   149   109   244    96   245 0.87 -
Utg33272:41570-42964     -            465 1025450at2759        -            307   2.3e-18   61.9   4.8   1   2     0.052      0.53    4.9   0.0   146   171    99   124    81   129 0.85 -
Utg33272:41570-42964     -            465 1025450at2759        -            307   2.3e-18   61.9   4.8   2   2   5.3e-15   5.4e-14   47.6   5.2    48   246   119   335   118   344 0.72 -
Utg33254:112986-114452   -            489 1025450at2759        -            307     3e-18   61.5   3.0   1   4   0.00033    0.0034   12.1   0.0    62   106    65   109    56   117 0.86 -
Utg33254:112986-114452   -            489 1025450at2759        -            307     3e-18   61.5   3.0   2   4      0.32       3.2    2.3   0.0   258   287   131   160   124   179 0.61 -
Utg33254:112986-114452   -            489 1025450at2759        -            307     3e-18   61.5   3.0   3   4   5.5e-13   5.6e-12   41.0   0.4    38   204   195   376   192   378 0.81 -
Utg33254:112986-114452   -            489 1025450at2759        -            307     3e-18   61.5   3.0   4   4    0.0022     0.023    9.4   0.0    67    94   351   378   344   392 0.85 -
Utg33286:568620-569414   -            265 1025450at2759        -            307   9.8e-18   59.9   1.6   1   3   6.6e-08   6.8e-07   24.3   0.1    57   109    42    93    38    97 0.89 -
Utg33286:568620-569414   -            265 1025450at2759        -            307   9.8e-18   59.9   1.6   2   3    0.0013     0.014   10.1   0.0    67    93   145   171   144   179 0.89 -
Utg33286:568620-569414   -            265 1025450at2759        -            307   9.8e-18   59.9   1.6   3   3     0.017      0.17    6.5   0.0   110   135   207   231   192   265 0.62 -
Utg33280:1086248-1174190 -            372 1025450at2759        -            307     1e-17   59.8   1.6   1   2   7.5e-14   7.6e-13   43.8   0.3    36   251    34   285    33   295 0.78 -
Utg33280:1086248-1174190 -            372 1025450at2759        -            307     1e-17   59.8   1.6   2   2     0.021      0.21    6.2   0.1   149   200   311   368   292   372 0.63 -
Utg33252:801425-802387   -            321 1025450at2759        -            307   1.2e-17   59.6  10.0   1   2   1.2e-12   1.2e-11   39.8   7.6   103   248    25   175    18   220 0.73 -
Utg33252:801425-802387   -            321 1025450at2759        -            307   1.2e-17   59.6  10.0   2   2   2.1e-09   2.2e-08   29.2   0.6    37   174   158   317   157   321 0.80 -
Utg33254:902974-905790   -            939 1025450at2759        -            307   1.2e-17   59.5   0.1   1   3   7.4e-06   7.5e-05   17.5   0.0    97   175   206   284   195   293 0.81 -
Utg33254:902974-905790   -            939 1025450at2759        -            307   1.2e-17   59.5   0.1   2   3     9e-10   9.1e-09   30.4   0.1   100   247   463   616   429   624 0.76 -
Utg33254:902974-905790   -            939 1025450at2759        -            307   1.2e-17   59.5   0.1   3   3   5.1e-08   5.2e-07   24.6   0.1   102   204   548   654   541   678 0.74 -
Utg33252:599431-600414   -            328 1025450at2759        -            307   3.7e-17   58.0   7.5   1   2   1.7e-05   0.00017   16.4   0.3   119   198    60   141    37   150 0.64 -
Utg33252:599431-600414   -            328 1025450at2759        -            307   3.7e-17   58.0   7.5   2   2   6.1e-14   6.2e-13   44.1   2.2    21   171   157   323   152   327 0.82 -
Utg33264:425741-427279   -            513 1025450at2759        -            307   1.3e-16   56.2   0.0   1   3   2.1e-06   2.1e-05   19.4   0.0    48    93    65   110    57   116 0.93 -
Utg33264:425741-427279   -            513 1025450at2759        -            307   1.3e-16   56.2   0.0   2   3   1.2e-07   1.2e-06   23.4   0.0    25    96   128   201   118   212 0.88 -
Utg33264:425741-427279   -            513 1025450at2759        -            307   1.3e-16   56.2   0.0   3   3    0.0025     0.025    9.3   0.0    28    92   217   285   210   303 0.80 -
Utg33252:601382-602071   -            230 1025450at2759        -            307   1.9e-16   55.6   0.1   1   2   1.7e-10   1.8e-09   32.7   0.0    97   177     2    81     1   116 0.87 -
Utg33252:601382-602071   -            230 1025450at2759        -            307   1.9e-16   55.6   0.1   2   2   1.1e-06   1.2e-05   20.2   0.0   109   199   122   220   112   227 0.70 -
Utg33278:374491-375489   -            333 1025450at2759        -            307   1.6e-15   52.6   1.1   1   2     1e-13     1e-12   43.4   1.5    64   242    10   208     7   219 0.80 -
Utg33278:374491-375489   -            333 1025450at2759        -            307   1.6e-15   52.6   1.1   2   2      0.26       2.6    2.6   0.0   231   252   258   279   240   305 0.48 -
Utg33252:182191-184173   -            661 1025450at2759        -            307   1.7e-15   52.5  11.6   1   7     5e-07   5.1e-06   21.4   0.5    53   113    19    79    10   106 0.64 -
Utg33252:182191-184173   -            661 1025450at2759        -            307   1.7e-15   52.5  11.6   2   7      0.14       1.5    3.5   0.0   248   277    72   102    67   120 0.64 -
Utg33252:182191-184173   -            661 1025450at2759        -            307   1.7e-15   52.5  11.6   3   7   3.1e-05   0.00031   15.5   0.1    53   176   162   289   159   313 0.73 -
Utg33252:182191-184173   -            661 1025450at2759        -            307   1.7e-15   52.5  11.6   4   7      0.02       0.2    6.3   0.2   105   170   319   386   313   401 0.87 -
Utg33252:182191-184173   -            661 1025450at2759        -            307   1.7e-15   52.5  11.6   5   7      0.66       6.7    1.3   0.0   135   161   524   550   520   566 0.80 -
Utg33252:182191-184173   -            661 1025450at2759        -            307   1.7e-15   52.5  11.6   6   7      0.34       3.4    2.2   0.0   138   169   575   606   531   618 0.76 -
Utg33252:182191-184173   -            661 1025450at2759        -            307   1.7e-15   52.5  11.6   7   7      0.23       2.3    2.8   0.0   257   276   635   654   623   659 0.62 -
Utg33264:535476-536516   -            347 1025450at2759        -            307   3.1e-15   51.7   1.9   1   3   2.3e-07   2.4e-06   22.5   0.8    35   102    23    90     2    99 0.88 -
Utg33264:535476-536516   -            347 1025450at2759        -            307   3.1e-15   51.7   1.9   2   3     1e-06   1.1e-05   20.3   0.0   104   177   160   233   144   275 0.86 -
Utg33264:535476-536516   -            347 1025450at2759        -            307   3.1e-15   51.7   1.9   3   3     0.047      0.48    5.0   0.0    57    95   286   324   263   332 0.67 -
Utg33280:972927-973832   -            302 1025450at2759        -            307   3.6e-15   51.5  17.1   1   3   0.00087    0.0088   10.8   0.0    59    96    27    64     1    69 0.68 -
Utg33280:972927-973832   -            302 1025450at2759        -            307   3.6e-15   51.5  17.1   2   3   9.7e-11   9.8e-10   33.6   7.4    54   175    71   208    66   219 0.77 -
Utg33280:972927-973832   -            302 1025450at2759        -            307   3.6e-15   51.5  17.1   3   3     0.014      0.14    6.8   0.5    75   126   244   300   216   302 0.71 -
Utg33264:442592-443608   -            339 1025450at2759        -            307   1.9e-14   49.0   0.0   1   2   2.9e-09   2.9e-08   28.7   0.0   141   277    17   149     4   168 0.84 -
Utg33264:442592-443608   -            339 1025450at2759        -            307   1.9e-14   49.0   0.0   2   2   2.5e-05   0.00026   15.8   0.0    36   175   176   307   172   336 0.82 -
Utg33280:679930-680520   -            197 1025450at2759        -            307   1.7e-13   45.9   1.2   1   1   4.6e-14   4.6e-13   44.5   1.2    42   181    21   175    14   178 0.82 -
Utg33264:472229-472723   -            165 1025450at2759        -            307   1.5e-12   42.8   1.1   1   1   6.2e-13   6.3e-12   40.8   1.1   108   228    18   146     7   148 0.85 -
Utg33264:63272-64447     -            392 1025450at2759        -            307   1.8e-12   42.6   0.5   1   3      0.31       3.1    2.4   0.0   261   277    23    39     5    48 0.57 -
Utg33264:63272-64447     -            392 1025450at2759        -            307   1.8e-12   42.6   0.5   2   3   4.6e-10   4.7e-09   31.3   0.2    50   177    52   178    44   211 0.83 -
Utg33264:63272-64447     -            392 1025450at2759        -            307   1.8e-12   42.6   0.5   3   3     0.094      0.95    4.1   0.0   115   162   343   390   332   392 0.77 -
Utg33270:160100-161377   -            426 1025450at2759        -            307   5.9e-12   40.9   1.5   1   4    0.0054     0.055    8.1   0.0   219   247    26    57    12    63 0.71 -
Utg33270:160100-161377   -            426 1025450at2759        -            307   5.9e-12   40.9   1.5   2   4   3.3e-07   3.4e-06   22.0   0.0   101   172    30   104    27   114 0.87 -
Utg33270:160100-161377   -            426 1025450at2759        -            307   5.9e-12   40.9   1.5   3   4     0.029      0.29    5.8   0.0   103   170   174   244   161   280 0.81 -
Utg33270:160100-161377   -            426 1025450at2759        -            307   5.9e-12   40.9   1.5   4   4    0.0039      0.04    8.6   0.3    40    93   288   342   278   347 0.85 -
Utg33284:404890-405651   -            254 1025450at2759        -            307   8.6e-12   40.3   2.1   1   3      0.63       6.5    1.3   0.0    53    74     4    25     1    30 0.78 -
Utg33284:404890-405651   -            254 1025450at2759        -            307   8.6e-12   40.3   2.1   2   3   4.5e-08   4.6e-07   24.8   0.4   105   175    38   107    27   193 0.80 -
Utg33284:404890-405651   -            254 1025450at2759        -            307   8.6e-12   40.3   2.1   3   3   0.00072    0.0073   11.0   0.0    53    93   212   254   209   254 0.87 -
Utg33272:170956-172221   -            422 1025450at2759        -            307   9.7e-12   40.2   4.8   1   3     0.041      0.42    5.2   0.1    67    95    66    94    42   101 0.85 -
Utg33272:170956-172221   -            422 1025450at2759        -            307   9.7e-12   40.2   4.8   2   3    0.0099       0.1    7.3   0.1   107   174   170   243   151   261 0.69 -
Utg33272:170956-172221   -            422 1025450at2759        -            307   9.7e-12   40.2   4.8   3   3   6.2e-09   6.3e-08   27.7   0.1   104   181   260   336   248   372 0.88 -
Utg33254:954038-954694   -            219 1025450at2759        -            307   2.6e-11   38.8   0.0   1   2   1.5e-11   1.5e-10   36.3   0.1   102   197    40   133    31   141 0.85 -
Utg33254:954038-954694   -            219 1025450at2759        -            307   2.6e-11   38.8   0.0   2   2       1.7        17   -0.0   0.0   169   204   153   189   137   214 0.48 -
Utg33260:799164-799916   -            251 1025450at2759        -            307     4e-11   38.2   1.9   1   3   3.4e-08   3.4e-07   25.2   0.3   116   229     5   126     1   129 0.82 -
Utg33260:799164-799916   -            251 1025450at2759        -            307     4e-11   38.2   1.9   2   3       1.1        12    0.5   0.0   292   305   152   165   143   178 0.60 -
Utg33260:799164-799916   -            251 1025450at2759        -            307     4e-11   38.2   1.9   3   3    0.0013     0.014   10.1   0.1   261   282   207   228   193   242 0.80 -
Utg33250:420351-421193   -            281 1025450at2759        -            307   1.7e-10   36.1   1.7   1   2   1.1e-07   1.1e-06   23.5   0.1   112   175   136   198   130   206 0.88 -
Utg33250:420351-421193   -            281 1025450at2759        -            307   1.7e-10   36.1   1.7   2   2   2.2e-06   2.3e-05   19.3   0.2   117   175   183   240   182   281 0.84 -
Utg33272:569606-570496   -            297 1025450at2759        -            307   2.5e-10   35.5   0.3   1   3     0.073      0.74    4.4   0.1   156   204     2    48     1    77 0.57 -
Utg33272:569606-570496   -            297 1025450at2759        -            307   2.5e-10   35.5   0.3   2   3   5.9e-07     6e-06   21.2   0.0   110   175    85   156    65   171 0.76 -
Utg33272:569606-570496   -            297 1025450at2759        -            307   2.5e-10   35.5   0.3   3   3     0.021      0.22    6.2   0.0   258   280   275   297   258   297 0.79 -
Utg33284:40650-41135     -            162 1025450at2759        -            307   2.8e-10   35.4   4.9   1   1   1.5e-10   1.5e-09   32.9   4.9    24   171     7   160     3   162 0.78 -
Utg33252:778660-779667   -            336 1025450at2759        -            307   3.5e-10   35.1   4.7   1   5      0.17       1.8    3.2   0.2    63    98     1    36     1    40 0.76 -
Utg33252:778660-779667   -            336 1025450at2759        -            307   3.5e-10   35.1   4.7   2   5     0.013      0.13    6.9   0.1   247   295    45    97    37   108 0.68 -
Utg33252:778660-779667   -            336 1025450at2759        -            307   3.5e-10   35.1   4.7   3   5       3.4        34   -1.0   0.0   152   170   115   133    92   145 0.62 -
Utg33252:778660-779667   -            336 1025450at2759        -            307   3.5e-10   35.1   4.7   4   5     0.024      0.24    6.0   0.0    56    96   197   241   181   259 0.65 -
Utg33252:778660-779667   -            336 1025450at2759        -            307   3.5e-10   35.1   4.7   5   5     1e-05    0.0001   17.1   0.2    52   103   285   335   274   336 0.86 -
Utg33280:97887-98414     -            176 1025450at2759        -            307   6.7e-10   34.1   1.2   1   3   0.00022    0.0023   12.7   0.0    67    98     1    32     1    39 0.81 -
Utg33280:97887-98414     -            176 1025450at2759        -            307   6.7e-10   34.1   1.2   2   3     0.056      0.57    4.8   0.0   227   258    62    90    58    94 0.79 -
Utg33280:97887-98414     -            176 1025450at2759        -            307   6.7e-10   34.1   1.2   3   3   9.6e-05   0.00098   13.9   0.1    99   168   101   176    95   176 0.68 -
Utg33284:221958-222608   -            217 1025450at2759        -            307     8e-10   33.9   0.0   1   2   3.7e-05   0.00038   15.2   0.0   145   174     3    32     1    78 0.77 -
Utg33284:221958-222608   -            217 1025450at2759        -            307     8e-10   33.9   0.0   2   2   2.2e-05   0.00022   16.0   0.0    36   101   118   181    96   215 0.88 -
Utg33254:528451-529230   -            260 1025450at2759        -            307   1.1e-09   33.4   6.5   1   3   0.00016    0.0017   13.1   0.1    38    95     4    65     1    67 0.82 -
Utg33254:528451-529230   -            260 1025450at2759        -            307   1.1e-09   33.4   6.5   2   3   1.2e-05   0.00013   16.8   0.2   105   175    41   115    35   133 0.83 -
Utg33254:528451-529230   -            260 1025450at2759        -            307   1.1e-09   33.4   6.5   3   3   0.00022    0.0023   12.7   1.0    37    96   152   218   148   260 0.81 -
Utg33286:596733-597071   -            113 1025450at2759        -            307   2.4e-09   32.3   0.1   1   2   0.00037    0.0038   11.9   0.0    63    95     1    34     1    39 0.88 -
Utg33286:596733-597071   -            113 1025450at2759        -            307   2.4e-09   32.3   0.1   2   2   6.4e-08   6.5e-07   24.3   0.1   112   187    18    95    17   100 0.82 -
Utg33258:292694-293017   -            108 1025450at2759        -            307   3.6e-09   31.7   0.3   1   1   3.4e-09   3.5e-08   28.5   0.1    27    93    29   107    15   108 0.79 -
Utg33280:710660-711553   -            298 1025450at2759        -            307   5.8e-09   31.0   2.3   1   3    0.0062     0.063    7.9   0.1    48   171    14    63     1   110 0.63 -
Utg33280:710660-711553   -            298 1025450at2759        -            307   5.8e-09   31.0   2.3   2   3   1.3e-05   0.00013   16.7   0.0   230   304   162   238   112   240 0.86 -
Utg33280:710660-711553   -            298 1025450at2759        -            307   5.8e-09   31.0   2.3   3   3      0.24       2.5    2.7   0.1    55    91   260   298   250   298 0.85 -
Utg33260:41704-42291     -            196 1025450at2759        -            307   6.2e-09   31.0   0.4   1   2     3e-05    0.0003   15.6   0.1    56    96    40    81    34    86 0.87 -
Utg33260:41704-42291     -            196 1025450at2759        -            307   6.2e-09   31.0   0.4   2   2    0.0006    0.0061   11.3   0.0    18    54   151   191   116   196 0.73 -
Utg33250:539408-539959   -            184 1025450at2759        -            307     7e-09   30.8   0.3   1   2   2.4e-05   0.00024   15.9   0.3    41   279     5    61     1    85 0.47 -
Utg33250:539408-539959   -            184 1025450at2759        -            307     7e-09   30.8   0.3   2   2    0.0003    0.0031   12.3   0.0    91   133   130   173   103   182 0.76 -
Utg33284:411651-412361   -            237 1025450at2759        -            307   8.4e-09   30.5   0.0   1   2    0.0002     0.002   12.8   0.0   127   207    16   100     5   147 0.64 -
Utg33284:411651-412361   -            237 1025450at2759        -            307   8.4e-09   30.5   0.0   2   2   7.6e-05   0.00078   14.2   0.0    22    97   116   198   109   202 0.73 -
Utg33280:492677-493114   -            146 1025450at2759        -            307     1e-08   30.2   0.0   1   2     4e-05    0.0004   15.1   0.1    99   174    26   102    19   113 0.82 -
Utg33280:492677-493114   -            146 1025450at2759        -            307     1e-08   30.2   0.0   2   2   0.00024    0.0024   12.6   0.0    67    92   119   145   113   146 0.92 -
Utg33252:945604-946008   -            135 1025450at2759        -            307   1.5e-08   29.7   0.0   1   2   9.1e-05   0.00092   14.0   0.0    66    95     2    31     1    47 0.86 -
Utg33252:945604-946008   -            135 1025450at2759        -            307   1.5e-08   29.7   0.0   2   2   7.8e-05    0.0008   14.2   0.0    93   150    58   111    52   131 0.75 -
Utg33264:511166-511729   -            188 1025450at2759        -            307   1.6e-08   29.6   8.2   1   3     0.042      0.43    5.2   0.2   152   175    61    84    42   101 0.65 -
Utg33264:511166-511729   -            188 1025450at2759        -            307   1.6e-08   29.6   8.2   2   3   0.00022    0.0022   12.7   0.1   214   253    94   137    84   145 0.55 -
Utg33264:511166-511729   -            188 1025450at2759        -            307   1.6e-08   29.6   8.2   3   3       3.1        32   -0.9   0.3    94   122   161   188   156   188 0.66 -
Utg33274:446666-447700   -            345 1025450at2759        -            307   2.3e-08   29.1   0.1   1   4     0.015      0.16    6.7   0.0    99   148     4    54     1   132 0.64 -
Utg33274:446666-447700   -            345 1025450at2759        -            307   2.3e-08   29.1   0.1   2   4     0.011      0.11    7.1   0.0   187   248   193   253   178   271 0.73 -
Utg33274:446666-447700   -            345 1025450at2759        -            307   2.3e-08   29.1   0.1   3   4      0.87       8.8    0.9   0.0    54    82   259   287   254   290 0.78 -
Utg33274:446666-447700   -            345 1025450at2759        -            307   2.3e-08   29.1   0.1   4   4    0.0021     0.022    9.5   0.0    67    92   319   344   316   345 0.81 -
Utg33286:758523-759458   -            312 1025450at2759        -            307   3.7e-08   28.4   0.1   1   2   0.00041    0.0042   11.8   0.0    36    94    12    78     9    84 0.72 -
Utg33286:758523-759458   -            312 1025450at2759        -            307   3.7e-08   28.4   0.1   2   2   0.00067    0.0068   11.1   0.0   199   258   254   302   244   310 0.65 -
Utg33258:147956-148561   -            202 1025450at2759        -            307   4.1e-08   28.3   0.4   1   3     0.038      0.39    5.4   0.0    79    97    16    34     1    38 0.75 -
Utg33258:147956-148561   -            202 1025450at2759        -            307   4.1e-08   28.3   0.4   2   3   4.7e-06   4.7e-05   18.2   0.1   132   225    45   138    39   146 0.70 -
Utg33258:147956-148561   -            202 1025450at2759        -            307   4.1e-08   28.3   0.4   3   3       0.6       6.1    1.4   0.0   230   245   161   176   153   192 0.63 -
Utg33264:471542-471889   -            116 1025450at2759        -            307   4.3e-08   28.2   0.0   1   2   5.5e-06   5.5e-05   18.0   0.0   149   205     7    67     1    79 0.65 -
Utg33264:471542-471889   -            116 1025450at2759        -            307   4.3e-08   28.2   0.0   2   2    0.0035     0.036    8.8   0.0   144   168    92   116    81   116 0.85 -
Utg33276:263948-264118   -             57 1025450at2759        -            307   5.7e-08   27.8   0.3   1   1   2.1e-07   2.2e-06   22.6   0.3   115   169     6    56     1    57 0.77 -
Utg33260:126932-130279   -           1116 1025450at2759        -            307   6.4e-08   27.6   0.2   1   3     0.057      0.58    4.8   0.0   254   286   169   201   160   220 0.76 -
Utg33260:126932-130279   -           1116 1025450at2759        -            307   6.4e-08   27.6   0.2   2   3     5e-05   0.00051   14.8   0.0   112   171   240   299   234   317 0.91 -
Utg33260:126932-130279   -           1116 1025450at2759        -            307   6.4e-08   27.6   0.2   3   3      0.12       1.2    3.8   0.0   106   213   398   465   380   480 0.53 -
Utg33278:49028-49444     -            139 1025450at2759        -            307     1e-07   26.9   0.1   1   1   2.7e-08   2.7e-07   25.6   0.1    34    95    26    89    17    95 0.86 -
Utg33264:345441-347861   -            807 1025450at2759        -            307   2.8e-07   25.5   0.1   1   3   5.8e-06   5.9e-05   17.9   0.0   133   175   431   472   427   498 0.89 -
Utg33264:345441-347861   -            807 1025450at2759        -            307   2.8e-07   25.5   0.1   2   3      0.07      0.71    4.5   0.0    76   168   659   751   590   766 0.67 -
Utg33264:345441-347861   -            807 1025450at2759        -            307   2.8e-07   25.5   0.1   3   3       8.3        84   -2.3   0.0    36   275   792   805   783   807 0.54 -
Utg33252:1008577-1009023 -            149 1025450at2759        -            307   5.2e-07   24.6   0.6   1   2       0.1       1.1    3.9   0.0    60    82    22    44    13    64 0.77 -
Utg33252:1008577-1009023 -            149 1025450at2759        -            307   5.2e-07   24.6   0.6   2   2   2.6e-06   2.7e-05   19.0   0.4    63   106    83   125    67   143 0.73 -
Utg33280:166254-166766   -            171 1025450at2759        -            307   4.8e-06   21.5   0.0   1   3   9.8e-05     0.001   13.9   0.0   231   306    14    84    12    85 0.83 -
Utg33280:166254-166766   -            171 1025450at2759        -            307   4.8e-06   21.5   0.0   2   3     0.025      0.26    5.9   0.0   142   174    57    89    40   108 0.53 -
Utg33280:166254-166766   -            171 1025450at2759        -            307   4.8e-06   21.5   0.0   3   3     0.066      0.67    4.6   0.0    61    96   106   141    93   171 0.70 -
Utg33260:806084-806281   -             66 1025450at2759        -            307   8.7e-06   20.6   0.1   1   1   1.7e-06   1.8e-05   19.6   0.1   261   300     4    44     1    48 0.75 -
Utg33252:183730-184245   -            172 1025450at2759        -            307   3.7e-05   18.6   0.2   1   3     0.099         1    4.0   0.0   135   161    11    37     7    56 0.80 -
Utg33252:183730-184245   -            172 1025450at2759        -            307   3.7e-05   18.6   0.2   2   3     0.059       0.6    4.7   0.0   139   169    63    93    47   106 0.72 -
Utg33252:183730-184245   -            172 1025450at2759        -            307   3.7e-05   18.6   0.2   3   3     0.016      0.17    6.6   0.1   257   279   122   144   110   171 0.64 -
Utg33278:408652-409146   -            165 1025450at2759        -            307   9.2e-05   17.3   0.3   1   2    0.0004    0.0041   11.8   0.0   214   258    10    53     3    61 0.84 -
Utg33278:408652-409146   -            165 1025450at2759        -            307   9.2e-05   17.3   0.3   2   2     0.095      0.97    4.0   0.1   144   177    60    93    49   158 0.60 -
Utg33258:97976-98545     -            190 1025450at2759        -            307   0.00039   15.2   0.0   1   1   9.3e-05   0.00094   13.9   0.0    35    90   134   190   113   190 0.88 -
Utg33286:423021-427382   -           1454 1025450at2759        -            307   0.00042   15.1   0.3   1   2   0.00089    0.0091   10.7   0.1   136   213  1076  1154  1067  1173 0.74 -
Utg33286:423021-427382   -           1454 1025450at2759        -            307   0.00042   15.1   0.3   2   2      0.56       5.7    1.5   0.0   105   169  1239  1307  1185  1320 0.60 -
Utg33254:513843-514259   -            139 1025450at2759        -            307   0.00052   14.8   0.1   1   1   9.3e-05   0.00094   13.9   0.0    91   132    27    66    21   128 0.67 -
Utg33260:743618-743806   -             63 1025450at2759        -            307    0.0013   13.5   0.2   1   2    0.0064     0.065    7.9   0.0   262   286     2    26     1    42 0.77 -
Utg33260:743618-743806   -             63 1025450at2759        -            307    0.0013   13.5   0.2   2   2     0.049       0.5    5.0   0.0   228   245    45    62    24    63 0.59 -
Utg33280:757101-758432   -            444 1025450at2759        -            307     0.002   12.9   0.4   1   2     0.076      0.78    4.4   0.0   228   259   115   144   111   150 0.83 -
Utg33280:757101-758432   -            444 1025450at2759        -            307     0.002   12.9   0.4   2   2      0.03      0.31    5.7   0.1    27    57   245   275   232   281 0.72 -
Utg33280:580962-583937   -            992 1025450at2759        -            307    0.0028   12.4   0.5   1   3    0.0052     0.053    8.2   0.0    55    95   146   184   127   193 0.79 -
Utg33280:580962-583937   -            992 1025450at2759        -            307    0.0028   12.4   0.5   2   3    0.0028     0.028    9.1   0.1    25    58   154   189   146   234 0.41 -
Utg33280:580962-583937   -            992 1025450at2759        -            307    0.0028   12.4   0.5   3   3         6        61   -1.9   0.0   174   221   935   981   920   984 0.70 -
#
# Program:         hmmsearch
# Version:         3.1b2 (February 2015)
# Pipeline mode:   SEARCH
# Query file:      /home/inf-34-2022/Documents/BINP29/DeNovo_LongReads/Busco/busco_downloads/lineages/eukaryota_odb10/hmms/1025450at2759.hmm
# Target file:     /home/inf-34-2022/Documents/BINP29/DeNovo_LongReads/Busco/busco_output/auto_lineage/run_eukaryota_odb10/metaeuk_output/initial_results/SRRoutput.fasta.modified.fas
# Option settings: hmmsearch --domtblout /home/inf-34-2022/Documents/BINP29/DeNovo_LongReads/Busco/busco_output/auto_lineage/run_eukaryota_odb10/hmmer_output/initial_run_results/1025450at2759.out --cpu 1 /home/inf-34-2022/Documents/BINP29/DeNovo_LongReads/Busco/busco_downloads/lineages/eukaryota_odb10/hmms/1025450at2759.hmm /home/inf-34-2022/Documents/BINP29/DeNovo_LongReads/Busco/busco_output/auto_lineage/run_eukaryota_odb10/metaeuk_output/initial_results/SRRoutput.fasta.modified.fas 
# Current dir:     /home/inf-34-2022/Documents/BINP29/DeNovo_LongReads/Busco
# Date:            Fri Feb 24 11:49:07 2023
# [ok]
