#                                                                              --- full sequence --- -------------- this domain -------------   hmm coord   ali coord   env coord
# target name          accession   tlen query name           accession   qlen   E-value  score  bias   #  of  c-Evalue  i-Evalue  score  bias  from    to  from    to  from    to  acc description of target
#  ------------------- ---------- ----- -------------------- ---------- ----- --------- ------ ----- --- --- --------- --------- ------ ----- ----- ----- ----- ----- ----- ----- ---- ---------------------
Utg33260:262527-263717 -            397 1182451at2759        -            154   2.8e-37  123.5  12.7   1   3     5e-07   0.00013   17.4   0.0     8    51    91   136    84   153 0.85 -
Utg33260:262527-263717 -            397 1182451at2759        -            154   2.8e-37  123.5  12.7   2   3   2.5e-08   6.7e-06   21.6   0.4    50    86   155   191   144   201 0.89 -
Utg33260:262527-263717 -            397 1182451at2759        -            154   2.8e-37  123.5  12.7   3   3   4.1e-29   1.1e-26   89.1   3.8    76   153   235   312   218   313 0.89 -
Utg33260:378024-378815 -            264 1182451at2759        -            154   2.4e-18   62.0   3.2   1   3     0.045        12    1.3   1.7    84   114    82   112    16   117 0.68 -
Utg33260:378024-378815 -            264 1182451at2759        -            154   2.4e-18   62.0   3.2   2   3     0.025       6.6    2.1   2.8    35    94    64   123    39   139 0.56 -
Utg33260:378024-378815 -            264 1182451at2759        -            154   2.4e-18   62.0   3.2   3   3   8.9e-21   2.4e-18   62.0   3.2    84   153   171   240   165   241 0.96 -
Utg33264:604950-605741 -            264 1182451at2759        -            154   1.7e-12   43.1   3.2   1   2       1.1   2.8e+02   -3.2   4.5    57    78   113   134    45   173 0.49 -
Utg33264:604950-605741 -            264 1182451at2759        -            154   1.7e-12   43.1   3.2   2   2   6.2e-15   1.7e-12   43.1   3.2    86   153   189   256   180   257 0.94 -
#
# Program:         hmmsearch
# Version:         3.1b2 (February 2015)
# Pipeline mode:   SEARCH
# Query file:      /home/inf-34-2022/Documents/BINP29/DeNovo_LongReads/Busco/busco_downloads/lineages/eukaryota_odb10/hmms/1182451at2759.hmm
# Target file:     /home/inf-34-2022/Documents/BINP29/DeNovo_LongReads/Busco/busco_output/auto_lineage/run_eukaryota_odb10/metaeuk_output/initial_results/SRRoutput.fasta.modified.fas
# Option settings: hmmsearch --domtblout /home/inf-34-2022/Documents/BINP29/DeNovo_LongReads/Busco/busco_output/auto_lineage/run_eukaryota_odb10/hmmer_output/initial_run_results/1182451at2759.out --cpu 1 /home/inf-34-2022/Documents/BINP29/DeNovo_LongReads/Busco/busco_downloads/lineages/eukaryota_odb10/hmms/1182451at2759.hmm /home/inf-34-2022/Documents/BINP29/DeNovo_LongReads/Busco/busco_output/auto_lineage/run_eukaryota_odb10/metaeuk_output/initial_results/SRRoutput.fasta.modified.fas 
# Current dir:     /home/inf-34-2022/Documents/BINP29/DeNovo_LongReads/Busco
# Date:            Fri Feb 24 11:49:08 2023
# [ok]
