#                                                                                --- full sequence --- -------------- this domain -------------   hmm coord   ali coord   env coord
# target name            accession   tlen query name           accession   qlen   E-value  score  bias   #  of  c-Evalue  i-Evalue  score  bias  from    to  from    to  from    to  acc description of target
#    ------------------- ---------- ----- -------------------- ---------- ----- --------- ------ ----- --- --- --------- --------- ------ ----- ----- ----- ----- ----- ----- ----- ---- ---------------------
Utg33286:423021-427382   -           1454 1312453at2759        -            678  5.6e-156  516.2  35.4   1   5     4e-89   2.5e-88  292.7   5.8     6   252    26   319    23   334 0.86 -
Utg33286:423021-427382   -           1454 1312453at2759        -            678  5.6e-156  516.2  35.4   2   5   3.2e-18     2e-17   58.4   7.9   230   399   393   588   384   588 0.78 -
Utg33286:423021-427382   -           1454 1312453at2759        -            678  5.6e-156  516.2  35.4   3   5   1.8e-44   1.1e-43  145.1   4.5   360   518   571   739   567   796 0.85 -
Utg33286:423021-427382   -           1454 1312453at2759        -            678  5.6e-156  516.2  35.4   4   5   6.5e-08     4e-07   24.3   0.0   542   631  1056  1159  1039  1167 0.79 -
Utg33286:423021-427382   -           1454 1312453at2759        -            678  5.6e-156  516.2  35.4   5   5     0.025      0.15    5.9   0.1   599   669  1184  1265  1162  1274 0.72 -
Utg33280:1403323-1404138 -            272 1312453at2759        -            678   3.5e-15   50.9   0.1   1   1   6.5e-16     4e-15   50.7   0.1    75   233    94   267    30   271 0.75 -
Utg33252:510881-511483   -            201 1312453at2759        -            678   2.1e-14   48.3   0.1   1   2   1.6e-12   9.8e-12   39.5   0.0    84   184     7   112     1   120 0.85 -
Utg33252:510881-511483   -            201 1312453at2759        -            678   2.1e-14   48.3   0.1   2   2     0.011     0.068    7.0   0.0   205   230   171   196   164   199 0.89 -
Utg33280:1382777-1383547 -            257 1312453at2759        -            678   3.7e-14   47.5   0.0   1   1   8.7e-15   5.4e-14   47.0   0.0    40   233    54   252    14   254 0.81 -
Utg33284:256451-257317   -            289 1312453at2759        -            678   5.1e-14   47.1   0.0   1   1   1.9e-14   1.2e-13   45.9   0.0    34   230    85   286    71   288 0.81 -
Utg33264:524358-524822   -            155 1312453at2759        -            678   9.4e-14   46.2   0.2   1   1     2e-14   1.3e-13   45.8   0.2    60   177    30   153     5   155 0.78 -
Utg33262:177949-178890   -            314 1312453at2759        -            678   7.3e-13   43.3   0.0   1   2   1.1e-11   7.1e-11   36.7   0.0    78   185   103   212    93   227 0.87 -
Utg33262:177949-178890   -            314 1312453at2759        -            678   7.3e-13   43.3   0.0   2   2     0.069      0.43    4.4   0.0   207   230   270   293   264   297 0.89 -
Utg33260:101413-102243   -            277 1312453at2759        -            678     2e-12   41.8   0.5   1   1   3.9e-13   2.4e-12   41.6   0.5    47   233    63   265    20   271 0.74 -
Utg33286:191204-191911   -            236 1312453at2759        -            678   4.1e-12   40.8   0.0   1   2   2.4e-11   1.5e-10   35.6   0.0    72   184     5   124     1   130 0.77 -
Utg33286:191204-191911   -            236 1312453at2759        -            678   4.1e-12   40.8   0.0   2   2      0.17         1    3.1   0.0   208   230   185   207   178   214 0.90 -
Utg33254:820120-820605   -            162 1312453at2759        -            678   6.9e-12   40.0   0.0   1   1   2.2e-12   1.3e-11   39.1   0.0    87   229     5   153     2   157 0.76 -
Utg33280:303710-304189   -            160 1312453at2759        -            678   2.1e-11   38.4   0.2   1   1   4.2e-12   2.6e-11   38.1   0.2    61   184    31   159    14   160 0.74 -
Utg33286:602387-603034   -            216 1312453at2759        -            678   3.3e-11   37.8   0.4   1   5      0.06      0.37    4.6   0.0   573   591    17    35     2    44 0.82 -
Utg33286:602387-603034   -            216 1312453at2759        -            678   3.3e-11   37.8   0.4   2   5   0.00024    0.0015   12.5   0.1   555   630    38   119    34   125 0.78 -
Utg33286:602387-603034   -            216 1312453at2759        -            678   3.3e-11   37.8   0.4   3   5   0.00086    0.0053   10.7   0.0   575   630   103   161    80   164 0.78 -
Utg33286:602387-603034   -            216 1312453at2759        -            678   3.3e-11   37.8   0.4   4   5     0.004     0.024    8.5   0.0   561   597   128   167   121   185 0.75 -
Utg33286:602387-603034   -            216 1312453at2759        -            678   3.3e-11   37.8   0.4   5   5    0.0066     0.041    7.7   0.0   574   598   187   211   172   214 0.82 -
Utg33262:329461-330021   -            187 1312453at2759        -            678   3.4e-11   37.7   0.1   1   1   2.1e-11   1.3e-10   35.8   0.1    86   231    26   176     8   180 0.77 -
Utg33250:359250-360050   -            267 1312453at2759        -            678   5.9e-11   37.0   0.0   1   1   9.8e-11   6.1e-10   33.6   0.0    39   229    47   261    11   264 0.75 -
Utg33250:355727-356611   -            295 1312453at2759        -            678   6.1e-11   36.9   7.5   1   4     0.002     0.012    9.5   0.4   573   598    11    38     5    52 0.71 -
Utg33250:355727-356611   -            295 1312453at2759        -            678   6.1e-11   36.9   7.5   2   4   3.8e-06   2.3e-05   18.5   0.1   557   647    37   130    29   132 0.74 -
Utg33250:355727-356611   -            295 1312453at2759        -            678   6.1e-11   36.9   7.5   3   4   3.6e-05   0.00022   15.2   0.1   557   650   118   217   112   241 0.73 -
Utg33250:355727-356611   -            295 1312453at2759        -            678   6.1e-11   36.9   7.5   4   4       1.8        11   -0.3   0.0   576   597   273   294   240   295 0.73 -
Utg33278:290563-291534   -            324 1312453at2759        -            678   7.4e-11   36.6   4.4   1   4    0.0013    0.0079   10.1   0.3   574   629    15    75     2    82 0.65 -
Utg33278:290563-291534   -            324 1312453at2759        -            678   7.4e-11   36.6   4.4   2   4    0.0024     0.015    9.2   0.2   563   632   110   183    98   186 0.77 -
Utg33278:290563-291534   -            324 1312453at2759        -            678   7.4e-11   36.6   4.4   3   4     0.026      0.16    5.8   0.1   577   596   167   186   150   210 0.82 -
Utg33278:290563-291534   -            324 1312453at2759        -            678   7.4e-11   36.6   4.4   4   4   1.9e-05   0.00012   16.2   0.0   563   636   212   287   196   302 0.80 -
Utg33254:312562-313401   -            280 1312453at2759        -            678   7.5e-11   36.6   0.0   1   1   2.4e-11   1.5e-10   35.7   0.0    46   229    83   271    74   275 0.84 -
Utg33272:620956-621864   -            303 1312453at2759        -            678   7.8e-11   36.6   3.7   1   5      0.66       4.1    1.1   0.0   574   630     3    61     1    64 0.76 -
Utg33272:620956-621864   -            303 1312453at2759        -            678   7.8e-11   36.6   3.7   2   5     9e-07   5.6e-06   20.5   0.0   551   628    61   144    38   145 0.72 -
Utg33272:620956-621864   -            303 1312453at2759        -            678   7.8e-11   36.6   3.7   3   5    0.0059     0.037    7.9   0.0   562   617   114   175   111   191 0.68 -
Utg33272:620956-621864   -            303 1312453at2759        -            678   7.8e-11   36.6   3.7   4   5      0.14      0.84    3.4   0.1   563   590   206   236   193   246 0.78 -
Utg33272:620956-621864   -            303 1312453at2759        -            678   7.8e-11   36.6   3.7   5   5     0.017       0.1    6.4   0.0   572   597   261   286   249   301 0.81 -
Utg33250:336883-337779   -            299 1312453at2759        -            678     2e-10   35.2   0.0   1   1   4.8e-11   2.9e-10   34.7   0.0    37   227    67   272    42   285 0.76 -
Utg33284:157280-157735   -            152 1312453at2759        -            678   2.2e-10   35.0   0.1   1   1   4.7e-11   2.9e-10   34.7   0.1    79   181    45   149    33   152 0.81 -
Utg33274:551184-553064   -            627 1312453at2759        -            678   3.3e-10   34.5   0.3   1   4      0.46       2.8    1.7   0.0   581   628   332   382   322   396 0.59 -
Utg33274:551184-553064   -            627 1312453at2759        -            678   3.3e-10   34.5   0.3   2   4    0.0083     0.051    7.4   0.0   554   592   404   444   383   465 0.77 -
Utg33274:551184-553064   -            627 1312453at2759        -            678   3.3e-10   34.5   0.3   3   4     0.064      0.39    4.5   0.0   552   592   467   508   446   515 0.77 -
Utg33274:551184-553064   -            627 1312453at2759        -            678   3.3e-10   34.5   0.3   4   4   1.7e-05   0.00011   16.3   0.0   555   630   509   587   506   601 0.83 -
Utg33274:507063-507875   -            271 1312453at2759        -            678   4.8e-10   34.0   0.0   1   1   9.8e-11   6.1e-10   33.6   0.0    75   229   104   268    43   271 0.72 -
Utg33254:548155-550605   -            817 1312453at2759        -            678     5e-10   33.9   6.2   1   4      0.38       2.4    1.9   0.0   575   648    75   150    57   153 0.79 -
Utg33254:548155-550605   -            817 1312453at2759        -            678     5e-10   33.9   6.2   2   4      0.72       4.4    1.0   0.0   575   594   162   181   155   201 0.77 -
Utg33254:548155-550605   -            817 1312453at2759        -            678     5e-10   33.9   6.2   3   4   8.9e-07   5.5e-06   20.5   0.4   561   639   488   572   442   583 0.79 -
Utg33254:548155-550605   -            817 1312453at2759        -            678     5e-10   33.9   6.2   4   4    0.0015    0.0095    9.8   0.0   564   599   575   613   571   646 0.64 -
Utg33280:270739-271587   -            283 1312453at2759        -            678   5.5e-10   33.8   0.0   1   1   6.1e-10   3.8e-09   31.0   0.0    24   233    47   282    24   283 0.72 -
Utg33252:884624-885526   -            301 1312453at2759        -            678   9.2e-10   33.0   0.0   1   2   9.2e-05   0.00057   13.9   0.1    26   113    55   147    36   155 0.85 -
Utg33252:884624-885526   -            301 1312453at2759        -            678   9.2e-10   33.0   0.0   2   2   9.5e-06   5.9e-05   17.1   0.0   153   230   202   291   195   297 0.75 -
Utg33270:173191-174213   -            341 1312453at2759        -            678   1.1e-09   32.8   0.0   1   1   2.1e-09   1.3e-08   29.2   0.0    38   230    44   240    38   262 0.75 -
Utg33270:128621-129379   -            253 1312453at2759        -            678   1.3e-09   32.6   0.0   1   1   5.2e-10   3.2e-09   31.2   0.0    66   226    89   246    50   252 0.77 -
Utg33258:91958-92944     -            329 1312453at2759        -            678   1.3e-09   32.5  10.9   1   4      0.46       2.9    1.6   0.2   576   594    15    33     9    70 0.47 -
Utg33258:91958-92944     -            329 1312453at2759        -            678   1.3e-09   32.5  10.9   2   4     1e-05   6.5e-05   17.0   0.5   574   631   105   164    96   174 0.88 -
Utg33258:91958-92944     -            329 1312453at2759        -            678   1.3e-09   32.5  10.9   3   4      0.01     0.064    7.1   0.0   555   591   248   288   225   292 0.73 -
Utg33258:91958-92944     -            329 1312453at2759        -            678   1.3e-09   32.5  10.9   4   4     0.004     0.024    8.5   0.2   563   590   299   329   288   329 0.70 -
Utg33258:110720-113488   -            923 1312453at2759        -            678   1.5e-09   32.3   4.9   1   4     0.019      0.12    6.2   0.3   560   628   145   219   137   223 0.69 -
Utg33258:110720-113488   -            923 1312453at2759        -            678   1.5e-09   32.3   4.9   2   4     0.021      0.13    6.1   0.0   549   591   330   375   263   378 0.82 -
Utg33258:110720-113488   -            923 1312453at2759        -            678   1.5e-09   32.3   4.9   3   4     5e-05   0.00031   14.7   0.0   555   649   377   480   374   483 0.73 -
Utg33258:110720-113488   -            923 1312453at2759        -            678   1.5e-09   32.3   4.9   4   4     0.055      0.34    4.7   0.0   573   631   485   546   480   556 0.79 -
Utg33276:281778-282251   -            158 1312453at2759        -            678     2e-09   31.9   1.2   1   1   5.6e-10   3.5e-09   31.1   1.2    57   184    18   144     2   155 0.72 -
Utg33260:715134-716282   -            383 1312453at2759        -            678   2.3e-09   31.7   2.0   1   4    0.0065      0.04    7.8   0.4   548   646    43   145     8   176 0.71 -
Utg33260:715134-716282   -            383 1312453at2759        -            678   2.3e-09   31.7   2.0   2   4       3.1        19   -1.1   0.0   574   597   157   180   144   200 0.78 -
Utg33260:715134-716282   -            383 1312453at2759        -            678   2.3e-09   31.7   2.0   3   4   1.7e-06   1.1e-05   19.6   0.0   572   644   203   278   189   284 0.85 -
Utg33260:715134-716282   -            383 1312453at2759        -            678   2.3e-09   31.7   2.0   4   4      0.51       3.2    1.5   0.0   553   588   343   382   332   383 0.84 -
Utg33250:120878-121345   -            156 1312453at2759        -            678   3.2e-09   31.2   0.1   1   1   5.6e-10   3.5e-09   31.1   0.1    37   143    38   151    33   156 0.77 -
Utg33260:266721-267659   -            313 1312453at2759        -            678   3.2e-09   31.2   0.0   1   1   1.3e-09   8.2e-09   29.9   0.0    39   228    66   270    62   275 0.63 -
Utg33258:267557-268345   -            263 1312453at2759        -            678   3.4e-09   31.1   0.0   1   1   7.2e-10   4.5e-09   30.7   0.0    42   229    64   261    54   263 0.82 -
Utg33282:153470-154441   -            324 1312453at2759        -            678   4.2e-09   30.8   5.4   1   3   0.00097     0.006   10.5   0.3   575   629    16    75     2    81 0.66 -
Utg33282:153470-154441   -            324 1312453at2759        -            678   4.2e-09   30.8   5.4   2   3    0.0018     0.011    9.6   0.3   564   632   111   183   102   194 0.78 -
Utg33282:153470-154441   -            324 1312453at2759        -            678   4.2e-09   30.8   5.4   3   3   0.00068    0.0042   11.0   0.0   562   628   211   279   191   292 0.74 -
Utg33260:748097-748768   -            224 1312453at2759        -            678   4.6e-09   30.7   0.1   1   1   9.6e-10     6e-09   30.3   0.1    37   176    57   200    33   207 0.81 -
Utg33250:465561-466151   -            197 1312453at2759        -            678   4.7e-09   30.7   1.9   1   1     5e-09   3.1e-08   28.0   1.9    50   125    63   142     1   197 0.81 -
Utg33284:40650-41135     -            162 1312453at2759        -            678   4.8e-09   30.7   3.7   1   3      0.15      0.95    3.2   0.3   561   596     6    42     2    62 0.70 -
Utg33284:40650-41135     -            162 1312453at2759        -            678   4.8e-09   30.7   3.7   2   3   8.5e-09   5.3e-08   27.2   0.7   554   643    36   131    29   141 0.80 -
Utg33284:40650-41135     -            162 1312453at2759        -            678   4.8e-09   30.7   3.7   3   3      0.19       1.2    2.9   0.0   576   590   144   158   128   161 0.81 -
Utg33280:926667-927059   -            131 1312453at2759        -            678   5.7e-09   30.4   0.7   1   1   1.1e-09   6.6e-09   30.2   0.7    34   126    26   125    22   131 0.82 -
Utg33266:246508-247443   -            312 1312453at2759        -            678   1.2e-08   29.3   0.0   1   1   4.8e-09     3e-08   28.0   0.0    77   181   101   215    72   221 0.79 -
Utg33264:253393-254202   -            270 1312453at2759        -            678   1.9e-08   28.7   0.0   1   1   4.6e-09   2.8e-08   28.1   0.0    41   228    69   266    15   269 0.77 -
Utg33254:379323-382133   -            937 1312453at2759        -            678   3.7e-08   27.7  15.7   1   5     0.001    0.0063   10.4   2.2   563   651   120   213    99   235 0.63 -
Utg33254:379323-382133   -            937 1312453at2759        -            678   3.7e-08   27.7  15.7   2   5     0.092      0.57    4.0   0.0   567   638   397   468   305   479 0.60 -
Utg33254:379323-382133   -            937 1312453at2759        -            678   3.7e-08   27.7  15.7   3   5      0.41       2.6    1.8   0.1   575   591   487   503   471   563 0.84 -
Utg33254:379323-382133   -            937 1312453at2759        -            678   3.7e-08   27.7  15.7   4   5     0.002     0.013    9.4   0.2   556   590   610   644   555   647 0.61 -
Utg33254:379323-382133   -            937 1312453at2759        -            678   3.7e-08   27.7  15.7   5   5   0.00011    0.0007   13.6   0.4   557   628   611   685   605   693 0.72 -
Utg33252:840658-842829   -            724 1312453at2759        -            678   4.2e-08   27.5   2.1   1   4       1.7        10   -0.2   0.0   577   629    21    76    11    94 0.80 -
Utg33252:840658-842829   -            724 1312453at2759        -            678   4.2e-08   27.5   2.1   2   4    0.0047     0.029    8.2   0.1   554   617    78   148    56   179 0.65 -
Utg33252:840658-842829   -            724 1312453at2759        -            678   4.2e-08   27.5   2.1   3   4      0.03      0.19    5.6   0.0   573   591   190   208   186   225 0.88 -
Utg33252:840658-842829   -            724 1312453at2759        -            678   4.2e-08   27.5   2.1   4   4    0.0018     0.011    9.6   0.0   558   598   213   257   208   273 0.71 -
Utg33254:112986-114452   -            489 1312453at2759        -            678   4.5e-08   27.4   5.2   1   5      0.24       1.5    2.6   0.0   574   595    81   102    50   123 0.80 -
Utg33254:112986-114452   -            489 1312453at2759        -            678   4.5e-08   27.4   5.2   2   5    0.0029     0.018    8.9   0.1   569   591   129   151   107   175 0.79 -
Utg33254:112986-114452   -            489 1312453at2759        -            678   4.5e-08   27.4   5.2   3   5       1.2       7.2    0.3   0.0   571   626   189   246   157   267 0.71 -
Utg33254:112986-114452   -            489 1312453at2759        -            678   4.5e-08   27.4   5.2   4   5       1.4       8.4    0.1   0.0   563   614   304   355   301   361 0.66 -
Utg33254:112986-114452   -            489 1312453at2759        -            678   4.5e-08   27.4   5.2   5   5   7.5e-05   0.00046   14.2   0.2   561   607   348   394   342   402 0.87 -
Utg33258:211742-212551   -            270 1312453at2759        -            678   4.7e-08   27.4   0.0   1   1   1.4e-08   8.7e-08   26.5   0.0    86   230   110   268    98   270 0.74 -
Utg33282:97023-97985     -            321 1312453at2759        -            678   5.8e-08   27.1   0.0   1   1   2.1e-08   1.3e-07   25.9   0.0    39   230    70   276    13   285 0.78 -
Utg33286:282753-283565   -            271 1312453at2759        -            678   6.6e-08   26.9   0.0   1   1   1.6e-08   9.8e-08   26.3   0.0    40   185    81   237    77   244 0.81 -
Utg33266:53528-54439     -            304 1312453at2759        -            678   6.6e-08   26.9   0.2   1   1   4.8e-08     3e-07   24.7   0.1    78   184   104   216    91   223 0.77 -
Utg33264:445178-446167   -            330 1312453at2759        -            678   6.8e-08   26.8   0.1   1   2       3.2        20   -1.1   0.1     7    42     6    41     4    58 0.72 -
Utg33264:445178-446167   -            330 1312453at2759        -            678   6.8e-08   26.8   0.1   2   2   3.4e-08   2.1e-07   25.2   0.0    68   225    91   250    66   282 0.80 -
Utg33280:163400-164209   -            270 1312453at2759        -            678   8.2e-08   26.6   0.0   1   1   3.1e-08   1.9e-07   25.3   0.0    72   178   100   203    82   209 0.77 -
Utg33250:353791-354213   -            141 1312453at2759        -            678     9e-08   26.4   0.0   1   1   2.1e-08   1.3e-07   25.9   0.0   101   230     7   138     2   141 0.75 -
Utg33252:182191-184173   -            661 1312453at2759        -            678   1.3e-07   26.0   0.4   1   3   2.8e-05   0.00017   15.6   0.0   562   628    28   101    11   110 0.75 -
Utg33252:182191-184173   -            661 1312453at2759        -            678   1.3e-07   26.0   0.4   2   3       4.4        27   -1.6   0.0   557   591   165   207   148   255 0.69 -
Utg33252:182191-184173   -            661 1312453at2759        -            678   1.3e-07   26.0   0.4   3   3     0.011     0.067    7.0   0.0   574   592   639   657   631   660 0.87 -
Utg33280:665603-666193   -            197 1312453at2759        -            678   1.3e-07   25.9   0.0   1   1   4.8e-08     3e-07   24.7   0.0    86   231    12   159     4   174 0.75 -
Utg33284:214021-214998   -            326 1312453at2759        -            678   2.1e-07   25.3   0.1   1   2       4.4        27   -1.6   0.1     8    35     7    32     4    51 0.75 -
Utg33284:214021-214998   -            326 1312453at2759        -            678   2.1e-07   25.3   0.1   2   2   9.4e-08   5.8e-07   23.8   0.0    83   223   106   248    78   267 0.83 -
Utg33280:184914-188501   -           1196 1312453at2759        -            678   2.1e-07   25.2   7.1   1   5     0.017       0.1    6.4   0.0   555   591    41    81    23    86 0.73 -
Utg33280:184914-188501   -           1196 1312453at2759        -            678   2.1e-07   25.2   7.1   2   5     0.068      0.42    4.4   0.1   560   593    92   125    82   144 0.78 -
Utg33280:184914-188501   -           1196 1312453at2759        -            678   2.1e-07   25.2   7.1   3   5     0.015     0.091    6.6   0.0   574   600   148   174   128   201 0.84 -
Utg33280:184914-188501   -           1196 1312453at2759        -            678   2.1e-07   25.2   7.1   4   5     0.017       0.1    6.4   0.2   573   631   219   282   203   288 0.75 -
Utg33280:184914-188501   -           1196 1312453at2759        -            678   2.1e-07   25.2   7.1   5   5      0.08      0.49    4.2   0.0   572   630   262   322   249   326 0.68 -
Utg33262:523183-524211   -            343 1312453at2759        -            678   3.4e-07   24.5   0.0   1   1   9.3e-08   5.7e-07   23.8   0.0    80   224   102   248    70   260 0.78 -
Utg33260:83333-83821     -            163 1312453at2759        -            678   3.7e-07   24.4   0.0   1   1   1.2e-07   7.6e-07   23.4   0.0    93   229    16   157     1   161 0.72 -
Utg33252:927991-928860   -            290 1312453at2759        -            678   4.1e-07   24.3   0.0   1   1   7.1e-07   4.4e-06   20.9   0.0    82   223   111   280   104   287 0.63 -
Utg33284:136132-136593   -            154 1312453at2759        -            678   4.3e-07   24.2   0.3   1   1     7e-08   4.3e-07   24.2   0.3    73   114    96   139    17   154 0.83 -
Utg33272:41570-42964     -            465 1312453at2759        -            678     6e-07   23.7   4.0   1   4   0.00053    0.0032   11.4   0.7   573   624   147   200   113   208 0.61 -
Utg33272:41570-42964     -            465 1312453at2759        -            678     6e-07   23.7   4.0   2   4   0.00028    0.0017   12.3   0.3   550   598   161   214   160   228 0.77 -
Utg33272:41570-42964     -            465 1312453at2759        -            678     6e-07   23.7   4.0   3   4      0.01     0.064    7.1   0.0   575   632   233   294   229   336 0.79 -
Utg33272:41570-42964     -            465 1312453at2759        -            678     6e-07   23.7   4.0   4   4      0.49         3    1.6   0.0   563   592   349   381   328   387 0.77 -
Utg33280:1365405-1366367 -            321 1312453at2759        -            678   6.5e-07   23.6   0.2   1   2   2.1e-06   1.3e-05   19.3   0.0    79   185    97   217    65   230 0.74 -
Utg33280:1365405-1366367 -            321 1312453at2759        -            678   6.5e-07   23.6   0.2   2   2      0.51       3.2    1.5   0.1   552   590   255   293   238   307 0.83 -
Utg33284:190810-191412   -            201 1312453at2759        -            678   7.9e-07   23.3   0.8   1   1   6.1e-07   3.8e-06   21.1   0.8    40   187    48   197    24   200 0.72 -
Utg33272:57547-58443     -            299 1312453at2759        -            678     9e-07   23.1   0.0   1   1     2e-07   1.3e-06   22.7   0.0    85   185   116   214    59   227 0.81 -
Utg33274:642248-642997   -            250 1312453at2759        -            678   9.1e-07   23.1   0.0   1   1   6.2e-07   3.8e-06   21.1   0.0    81   222    95   235    61   240 0.81 -
Utg33276:183486-184340   -            285 1312453at2759        -            678   1.4e-06   22.5   0.0   1   1   2.8e-07   1.8e-06   22.2   0.0    87   228   132   284   108   285 0.79 -
Utg33262:98309-98842     -            178 1312453at2759        -            678   1.4e-06   22.5   0.0   1   1   1.1e-06     7e-06   20.2   0.0    91   231    31   176    11   178 0.69 -
Utg33280:492677-493114   -            146 1312453at2759        -            678   2.6e-06   21.6   0.0   1   1   5.4e-07   3.4e-06   21.2   0.0   573   630    37    98    16   123 0.70 -
Utg33286:546184-546864   -            227 1312453at2759        -            678   2.8e-06   21.5   0.0   1   1   2.5e-06   1.5e-05   19.1   0.0    38   184    49   200    23   211 0.71 -
Utg33262:271431-272171   -            247 1312453at2759        -            678   2.8e-06   21.5   0.1   1   2     0.039      0.24    5.2   0.0    88   116   103   132    48   139 0.87 -
Utg33262:271431-272171   -            247 1312453at2759        -            678   2.8e-06   21.5   0.1   2   2   6.2e-05   0.00038   14.4   0.0   158   184   219   245   216   246 0.94 -
Utg33280:1173318-1174163 -            282 1312453at2759        -            678   3.2e-06   21.3   0.7   1   3       0.2       1.3    2.8   0.0   574   590    24    40    17    65 0.89 -
Utg33280:1173318-1174163 -            282 1312453at2759        -            678   3.2e-06   21.3   0.7   2   3    0.0075     0.046    7.6   0.1   573   592    66    85    49    99 0.78 -
Utg33280:1173318-1174163 -            282 1312453at2759        -            678   3.2e-06   21.3   0.7   3   3    0.0046     0.029    8.3   0.0   574   593   154   173   114   230 0.65 -
Utg33286:568620-569414   -            265 1312453at2759        -            678   4.1e-06   21.0   0.2   1   2   5.5e-05   0.00034   14.6   0.0   555   638    40   130    20   143 0.77 -
Utg33286:568620-569414   -            265 1312453at2759        -            678   4.1e-06   21.0   0.2   2   2     0.073      0.45    4.3   0.0   571   590   152   171   144   186 0.84 -
Utg33250:130009-130473   -            155 1312453at2759        -            678   4.5e-06   20.8   0.0   1   1   9.8e-07   6.1e-06   20.4   0.0    39   125    22   118     3   129 0.79 -
Utg33284:141984-142739   -            252 1312453at2759        -            678   4.6e-06   20.8   0.0   1   1   3.1e-06   1.9e-05   18.8   0.0    79   222    93   235    59   240 0.78 -
Utg33278:374491-375489   -            333 1312453at2759        -            678   4.6e-06   20.8   0.1   1   3    0.0034     0.021    8.7   0.0   575   603    25    54     5    90 0.62 -
Utg33278:374491-375489   -            333 1312453at2759        -            678   4.6e-06   20.8   0.1   2   3     0.061      0.37    4.6   0.0   574   631   112   169   107   191 0.65 -
Utg33278:374491-375489   -            333 1312453at2759        -            678   4.6e-06   20.8   0.1   3   3      0.09      0.56    4.0   0.0   567   603   246   285   243   305 0.73 -
Utg33258:90382-91224     -            281 1312453at2759        -            678   4.7e-06   20.8   0.0   1   1   7.6e-06   4.7e-05   17.5   0.0    82   227   105   275    24   279 0.69 -
Utg33272:681649-682539   -            297 1312453at2759        -            678   5.2e-06   20.6   0.0   1   3       3.1        19   -1.1   0.0   278   329    33    85    25    88 0.73 -
Utg33272:681649-682539   -            297 1312453at2759        -            678   5.2e-06   20.6   0.0   2   3   0.00097     0.006   10.5   0.0    85   127   108   151   100   156 0.84 -
Utg33272:681649-682539   -            297 1312453at2759        -            678   5.2e-06   20.6   0.0   3   3     0.013     0.082    6.7   0.0   165   228   221   292   202   295 0.66 -
Utg33260:741320-743668   -            213 1312453at2759        -            678     6e-06   20.4   0.4   1   2   0.00011   0.00065   13.7   0.0   571   649    35   118    22   124 0.79 -
Utg33260:741320-743668   -            213 1312453at2759        -            678     6e-06   20.4   0.4   2   2     0.041      0.26    5.1   0.1   572   590   195   213   185   213 0.87 -
Utg33276:263948-264118   -             57 1312453at2759        -            678   6.8e-06   20.2   0.5   1   2     0.034      0.21    5.4   0.0   576   592     2    18     1    25 0.84 -
Utg33276:263948-264118   -             57 1312453at2759        -            678   6.8e-06   20.2   0.5   2   2   5.3e-05   0.00033   14.7   0.1   559   591    24    57    16    57 0.86 -
Utg33272:71858-72346     -            163 1312453at2759        -            678   1.1e-05   19.6   0.0   1   1   2.4e-06   1.5e-05   19.1   0.0    93   230    16   158     1   162 0.67 -
Utg33264:425741-427279   -            513 1312453at2759        -            678   1.1e-05   19.6   0.0   1   2     0.019      0.12    6.3   0.0   563   628   125   197   110   203 0.67 -
Utg33264:425741-427279   -            513 1312453at2759        -            678   1.1e-05   19.6   0.0   2   2   0.00055    0.0034   11.3   0.0   556   651   204   308   193   319 0.78 -
Utg33280:1435333-1435968 -            212 1312453at2759        -            678   1.1e-05   19.6   0.0   1   1     2e-06   1.2e-05   19.4   0.0    42   125    68   156    55   212 0.82 -
Utg33280:1086248-1174190 -            372 1312453at2759        -            678   1.1e-05   19.5   3.5   1   4      0.34       2.1    2.1   0.0   574   590    33    49    28    57 0.88 -
Utg33280:1086248-1174190 -            372 1312453at2759        -            678   1.1e-05   19.5   3.5   2   4     0.012     0.072    6.9   0.1   573   592    75    94    61   108 0.78 -
Utg33280:1086248-1174190 -            372 1312453at2759        -            678   1.1e-05   19.5   3.5   3   4     0.033       0.2    5.5   0.0   573   606   262   295   247   308 0.76 -
Utg33280:1086248-1174190 -            372 1312453at2759        -            678   1.1e-05   19.5   3.5   4   4      0.25       1.5    2.5   0.0   574   614   315   355   307   370 0.80 -
Utg33264:511166-511729   -            188 1312453at2759        -            678   1.1e-05   19.5   0.7   1   3   0.00058    0.0036   11.2   0.1   572   599    15    42     3    68 0.76 -
Utg33264:511166-511729   -            188 1312453at2759        -            678   1.1e-05   19.5   0.7   2   3     0.044      0.27    5.0   0.1   558   590    92   129    48   130 0.65 -
Utg33264:511166-511729   -            188 1312453at2759        -            678   1.1e-05   19.5   0.7   3   3     0.033      0.21    5.4   0.0   559   591    93   130    87   151 0.75 -
Utg33286:434211-435356   -            382 1312453at2759        -            678   1.4e-05   19.2   0.0   1   1   5.8e-06   3.6e-05   17.8   0.0   551   636   205   292   196   302 0.81 -
Utg33274:603943-604485   -            181 1312453at2759        -            678   1.5e-05   19.1   1.4   1   1   6.9e-06   4.3e-05   17.6   1.4    29   179    23   175     7   180 0.74 -
Utg33258:56889-57788     -            300 1312453at2759        -            678   1.8e-05   18.8   0.1   1   1   3.7e-06   2.3e-05   18.5   0.1    50   225    66   268    31   290 0.74 -
Utg33250:334672-335247   -            192 1312453at2759        -            678   1.9e-05   18.8   0.0   1   1   8.2e-06     5e-05   17.4   0.0    85   189    32   131    24   189 0.80 -
Utg33250:455726-456364   -            213 1312453at2759        -            678   2.5e-05   18.4   0.0   1   1   5.5e-05   0.00034   14.6   0.0    79   193    93   202    58   208 0.74 -
Utg33280:710660-711553   -            298 1312453at2759        -            678   2.7e-05   18.2   0.7   1   3     0.029      0.18    5.6   0.0   569   592    40    63    16    94 0.83 -
Utg33280:710660-711553   -            298 1312453at2759        -            678   2.7e-05   18.2   0.7   2   3     0.015     0.092    6.6   0.0   576   603   163   190   157   216 0.83 -
Utg33280:710660-711553   -            298 1312453at2759        -            678   2.7e-05   18.2   0.7   3   3      0.17       1.1    3.1   0.1   572   611   222   259   208   276 0.78 -
Utg33286:741563-742354   -            264 1312453at2759        -            678   2.8e-05   18.2   0.0   1   1   8.6e-06   5.3e-05   17.3   0.0    83   225   101   256    28   261 0.68 -
Utg33274:536095-537147   -            351 1312453at2759        -            678   2.8e-05   18.2   0.2   1   2   8.7e-05   0.00054   14.0   0.3    75   117   127   170   108   261 0.68 -
Utg33274:536095-537147   -            351 1312453at2759        -            678   2.8e-05   18.2   0.2   2   2      0.79       4.9    0.9   0.0   201   229   319   347   307   351 0.86 -
Utg33264:423360-425204   -            615 1312453at2759        -            678   3.3e-05   17.9   2.0   1   3   0.00028    0.0018   12.3   0.1   573   656   264   353   258   354 0.82 -
Utg33264:423360-425204   -            615 1312453at2759        -            678   3.3e-05   17.9   2.0   2   3     0.025      0.16    5.8   0.0   563   607   338   381   329   402 0.83 -
Utg33264:423360-425204   -            615 1312453at2759        -            678   3.3e-05   17.9   2.0   3   3      0.96         6    0.6   0.0   545   590   565   612   548   613 0.79 -
Utg33286:208831-209676   -            282 1312453at2759        -            678   3.4e-05   17.9   0.3   1   3       2.5        15   -0.8   0.0   576   592    14    30     5    41 0.75 -
Utg33286:208831-209676   -            282 1312453at2759        -            678   3.4e-05   17.9   0.3   2   3      0.82       5.1    0.8   0.0   562   592    59    92    47   101 0.75 -
Utg33286:208831-209676   -            282 1312453at2759        -            678   3.4e-05   17.9   0.3   3   3   0.00013    0.0008   13.4   0.1   549   631   107   192   101   201 0.83 -
Utg33258:72355-73566     -            404 1312453at2759        -            678   3.5e-05   17.9   3.3   1   5      0.47       2.9    1.6   0.0   574   591   153   170   143   174 0.87 -
Utg33258:72355-73566     -            404 1312453at2759        -            678   3.5e-05   17.9   3.3   2   5      0.11      0.68    3.7   0.0   575   591   196   212   175   218 0.83 -
Utg33258:72355-73566     -            404 1312453at2759        -            678   3.5e-05   17.9   3.3   3   5      0.31       1.9    2.2   0.0   564   591   223   254   212   270 0.79 -
Utg33258:72355-73566     -            404 1312453at2759        -            678   3.5e-05   17.9   3.3   4   5     0.027      0.17    5.7   0.1   574   602   286   314   258   338 0.72 -
Utg33258:72355-73566     -            404 1312453at2759        -            678   3.5e-05   17.9   3.3   5   5       2.1        13   -0.5   0.0   558   591   321   357   316   360 0.73 -
Utg33284:515997-517475   -            493 1312453at2759        -            678   3.9e-05   17.7   4.5   1   6         5        31   -1.8   0.2   342   384    39    81     9    87 0.74 -
Utg33284:515997-517475   -            493 1312453at2759        -            678   3.9e-05   17.7   4.5   2   6       0.4       2.5    1.9   0.0   542   591   145   200   117   204 0.69 -
Utg33284:515997-517475   -            493 1312453at2759        -            678   3.9e-05   17.7   4.5   3   6     0.058      0.36    4.6   0.0   573   591   225   243   201   259 0.79 -
Utg33284:515997-517475   -            493 1312453at2759        -            678   3.9e-05   17.7   4.5   4   6       6.6        41   -2.2   0.0   561   591   270   302   245   305 0.80 -
Utg33284:515997-517475   -            493 1312453at2759        -            678   3.9e-05   17.7   4.5   5   6       0.4       2.5    1.8   0.0   573   591   349   367   342   374 0.86 -
Utg33284:515997-517475   -            493 1312453at2759        -            678   3.9e-05   17.7   4.5   6   6     0.017      0.11    6.4   0.0   563   593   378   409   368   449 0.74 -
Utg33260:799164-799916   -            251 1312453at2759        -            678   4.1e-05   17.6   2.0   1   3     0.004     0.025    8.5   0.2   574   592    47    65     8   104 0.79 -
Utg33260:799164-799916   -            251 1312453at2759        -            678   4.1e-05   17.6   2.0   2   3      0.12      0.73    3.6   0.0   574   590   150   166   146   175 0.90 -
Utg33260:799164-799916   -            251 1312453at2759        -            678   4.1e-05   17.6   2.0   3   3      0.11      0.67    3.7   0.1   566   592   198   225   186   237 0.80 -
Utg33260:41704-42291     -            196 1312453at2759        -            678   4.4e-05   17.6   0.1   1   1   8.8e-06   5.4e-05   17.3   0.1   556   600    39    88    16   102 0.76 -
Utg33280:679930-680520   -            197 1312453at2759        -            678   6.4e-05   17.0   1.9   1   2     0.072      0.44    4.3   0.1   563   594    45    80    19   121 0.75 -
Utg33280:679930-680520   -            197 1312453at2759        -            678   6.4e-05   17.0   1.9   2   2   0.00027    0.0017   12.3   0.4   563   601   132   174   115   180 0.76 -
Utg33276:262937-263683   -            249 1312453at2759        -            678   8.7e-05   16.6   0.6   1   2     0.012     0.074    6.9   0.0   563   628   115   182    78   191 0.68 -
Utg33276:262937-263683   -            249 1312453at2759        -            678   8.7e-05   16.6   0.6   2   2     0.012     0.074    6.9   0.3   563   591   195   224   184   240 0.79 -
Utg33254:528451-529230   -            260 1312453at2759        -            678   9.4e-05   16.5   2.0   1   4         2        12   -0.5   0.0   576   591     3    18     1    35 0.85 -
Utg33254:528451-529230   -            260 1312453at2759        -            678   9.4e-05   16.5   2.0   2   4     0.024      0.15    5.9   0.1   574   630    47   110    30   132 0.69 -
Utg33254:528451-529230   -            260 1312453at2759        -            678   9.4e-05   16.5   2.0   3   4    0.0055     0.034    8.0   0.0   559   591   135   167   118   178 0.87 -
Utg33254:528451-529230   -            260 1312453at2759        -            678   9.4e-05   16.5   2.0   4   4       4.1        25   -1.5   0.1   571   592   196   217   188   232 0.83 -
Utg33286:12707-13699     -            331 1312453at2759        -            678   0.00012   16.2   0.0   1   1   3.1e-05   0.00019   15.4   0.0    82   223   107   250    56   275 0.76 -
Utg33280:258144-258776   -            211 1312453at2759        -            678   0.00019   15.4   0.0   1   1   3.7e-05   0.00023   15.2   0.0    83   178    96   189    46   194 0.86 -
Utg33260:743618-743806   -             63 1312453at2759        -            678   0.00022   15.2   0.4   1   2    0.0028     0.017    9.0   0.0   575   594     2    21     1    24 0.89 -
Utg33260:743618-743806   -             63 1312453at2759        -            678   0.00022   15.2   0.4   2   2     0.042      0.26    5.1   0.1   572   590    44    62    34    63 0.89 -
Utg33264:442592-443608   -            339 1312453at2759        -            678   0.00024   15.1   0.7   1   3     0.023      0.14    6.0   0.0   574   604    29    59    22    94 0.77 -
Utg33264:442592-443608   -            339 1312453at2759        -            678   0.00024   15.1   0.7   2   3     0.011      0.07    7.0   0.2   562   594   119   153    68   179 0.80 -
Utg33264:442592-443608   -            339 1312453at2759        -            678   0.00024   15.1   0.7   3   3       6.8        42   -2.2   0.0   574   626   175   230   156   237 0.66 -
Utg33250:539408-539959   -            184 1312453at2759        -            678   0.00026   15.0   0.0   1   2   0.00044    0.0027   11.6   0.0   553   595    21    64     2    98 0.79 -
Utg33250:539408-539959   -            184 1312453at2759        -            678   0.00026   15.0   0.0   2   2      0.59       3.6    1.3   0.0   552   592   124   168   107   177 0.74 -
Utg33266:134953-135945   -            331 1312453at2759        -            678   0.00027   14.9   0.0   1   1   0.00011   0.00069   13.6   0.0    78   125    97   145    89   150 0.88 -
Utg33286:596733-597071   -            113 1312453at2759        -            678   0.00028   14.9   0.0   1   2       1.2       7.7    0.2   0.0   574   595    16    37     6    39 0.85 -
Utg33286:596733-597071   -            113 1312453at2759        -            678   0.00028   14.9   0.0   2   2    0.0001   0.00064   13.7   0.0   552   591    34    78    17    83 0.80 -
Utg33266:274040-274927   -            296 1312453at2759        -            678   0.00032   14.7   0.0   1   2     0.075      0.46    4.3   0.0   549   593    89   133    67   144 0.80 -
Utg33266:274040-274927   -            296 1312453at2759        -            678   0.00032   14.7   0.0   2   2    0.0038     0.023    8.6   0.0   548   607   167   231   137   283 0.66 -
Utg33272:710896-711804   -            303 1312453at2759        -            678   0.00035   14.6   0.1   1   1     8e-05    0.0005   14.1   0.1    50   225    66   271    22   284 0.74 -
Utg33250:420351-421193   -            281 1312453at2759        -            678   0.00035   14.6   0.2   1   1   8.3e-05   0.00051   14.0   0.2   563   629   162   234   141   271 0.79 -
Utg33278:418662-419699   -            346 1312453at2759        -            678   0.00061   13.8   0.1   1   2     0.002     0.012    9.5   0.0    78   125   117   165    35   181 0.87 -
Utg33278:418662-419699   -            346 1312453at2759        -            678   0.00061   13.8   0.1   2   2      0.38       2.4    1.9   0.0   191   225   274   308   251   317 0.82 -
Utg33274:574355-574927   -            191 1312453at2759        -            678   0.00064   13.7   0.0   1   1   0.00012   0.00072   13.5   0.0    78   181    24   130    13   185 0.79 -
Utg33252:801425-802387   -            321 1312453at2759        -            678   0.00067   13.6   0.4   1   2      0.22       1.3    2.7   0.2   578   643    75   144    39   152 0.66 -
Utg33252:801425-802387   -            321 1312453at2759        -            678   0.00067   13.6   0.4   2   2    0.0013    0.0079   10.1   0.0   562   623   141   207   129   221 0.72 -
Utg33258:292694-293017   -            108 1312453at2759        -            678   0.00071   13.6   0.1   1   2     0.084      0.52    4.1   0.0   574   592    37    55    22    89 0.82 -
Utg33258:292694-293017   -            108 1312453at2759        -            678   0.00071   13.6   0.1   2   2    0.0046     0.029    8.3   0.0   573   590    90   107    80   108 0.88 -
Utg33260:806084-806281   -             66 1312453at2759        -            678   0.00086   13.3   0.1   1   1   0.00014   0.00086   13.3   0.1   575   593     5    23     2    66 0.78 -
Utg33280:972927-973832   -            302 1312453at2759        -            678   0.00087   13.3  10.7   1   5       0.2       1.2    2.8   0.1   562   601    30    68    23    85 0.71 -
Utg33280:972927-973832   -            302 1312453at2759        -            678   0.00087   13.3  10.7   2   5     0.027      0.16    5.7   0.1   557   592    73   112    64   118 0.81 -
Utg33280:972927-973832   -            302 1312453at2759        -            678   0.00087   13.3  10.7   3   5     0.048       0.3    4.9   0.2   562   589   125   155   115   159 0.82 -
Utg33280:972927-973832   -            302 1312453at2759        -            678   0.00087   13.3  10.7   4   5     0.073      0.45    4.3   0.1   576   596   188   208   177   270 0.66 -
Utg33280:972927-973832   -            302 1312453at2759        -            678   0.00087   13.3  10.7   5   5       2.5        15   -0.8   0.0   573   592   283   302   271   302 0.85 -
Utg33284:138889-139413   -            175 1312453at2759        -            678    0.0013   12.7   0.0   1   1   0.00029    0.0018   12.2   0.0    82   125    87   131    78   139 0.86 -
Utg33252:601382-602071   -            230 1312453at2759        -            678    0.0013   12.7   0.0   1   1   0.00032     0.002   12.1   0.0   574   660    15   104     1   112 0.70 -
Utg33280:414608-415129   -            174 1312453at2759        -            678    0.0013   12.6   0.0   1   2      0.23       1.4    2.6   0.0     4    50    15    61    12    81 0.80 -
Utg33280:414608-415129   -            174 1312453at2759        -            678    0.0013   12.6   0.0   2   2    0.0047     0.029    8.2   0.0    84   113   126   156   112   170 0.79 -
Utg33254:603572-604363   -            264 1312453at2759        -            678    0.0014   12.6   0.0   1   2   0.00092    0.0057   10.6   0.0    69   114   114   160    65   180 0.78 -
Utg33254:603572-604363   -            264 1312453at2759        -            678    0.0014   12.6   0.0   2   2       1.9        12   -0.4   0.0   153   179   224   254   211   262 0.70 -
Utg33278:325797-326225   -            143 1312453at2759        -            678    0.0031   11.5   0.0   1   1   0.00056    0.0035   11.3   0.0   557   604     6    56     2    84 0.79 -
Utg33252:183730-184245   -            172 1312453at2759        -            678    0.0034   11.3   0.0   1   1   0.00074    0.0046   10.9   0.0   573   597   125   149   117   170 0.77 -
Utg33264:866680-869682   -           1001 1312453at2759        -            678    0.0042   11.0   2.7   1   4       7.3        45   -2.3   0.1   491   545    32    86    11   127 0.73 -
Utg33264:866680-869682   -           1001 1312453at2759        -            678    0.0042   11.0   2.7   2   4      0.15      0.91    3.3   0.0   417   467   147   197   134   207 0.89 -
Utg33264:866680-869682   -           1001 1312453at2759        -            678    0.0042   11.0   2.7   3   4      0.12      0.73    3.6   0.1   430   551   349   483   344   530 0.66 -
Utg33264:866680-869682   -           1001 1312453at2759        -            678    0.0042   11.0   2.7   4   4      0.51       3.1    1.5   0.0   439   521   851   939   825   947 0.77 -
Utg33272:334579-335562   -            328 1312453at2759        -            678    0.0048   10.8   0.1   1   2    0.0029     0.018    8.9   0.0    78   125    97   144    62   152 0.78 -
Utg33272:334579-335562   -            328 1312453at2759        -            678    0.0048   10.8   0.1   2   2         3        18   -1.0   0.0   153   178   226   255   220   299 0.81 -
Utg33272:569606-570496   -            297 1312453at2759        -            678    0.0053   10.7   0.0   1   2       2.5        15   -0.8   0.0   573   598   133   158   118   178 0.70 -
Utg33272:569606-570496   -            297 1312453at2759        -            678    0.0053   10.7   0.0   2   2    0.0038     0.023    8.6   0.0   555   591   255   295   245   296 0.71 -
Utg33280:1456348-1457265 -            306 1312453at2759        -            678    0.0062   10.4   0.0   1   2    0.0057     0.035    8.0   0.0    84   125   115   157    58   170 0.84 -
Utg33280:1456348-1457265 -            306 1312453at2759        -            678    0.0062   10.4   0.0   2   2       1.1         7    0.4   0.0   163   251   193   286   176   295 0.68 -
Utg33264:471542-471889   -            116 1312453at2759        -            678     0.008   10.1   0.0   1   1    0.0014    0.0087   10.0   0.0   574   635    11    73     1    88 0.82 -
Utg33254:91712-92437     -            242 1312453at2759        -            678    0.0091    9.9   0.3   1   2     0.011     0.071    7.0   0.0    84   115   107   139    65   145 0.88 -
Utg33254:91712-92437     -            242 1312453at2759        -            678    0.0091    9.9   0.3   2   2       1.1       6.5    0.5   0.0   164   178   214   228   197   238 0.81 -
Utg33284:404890-405651   -            254 1312453at2759        -            678    0.0097    9.8   1.8   1   2    0.0037     0.023    8.6   0.7   573   653    42   125    22   143 0.62 -
Utg33284:404890-405651   -            254 1312453at2759        -            678    0.0097    9.8   1.8   2   2       2.2        13   -0.6   0.0   574   590   238   254   218   254 0.82 -
Utg33264:472229-472723   -            165 1312453at2759        -            678     0.018    8.9   1.2   1   1     0.012     0.077    6.8   1.2   577   630    70   126    44   134 0.60 -
#
# Program:         hmmsearch
# Version:         3.1b2 (February 2015)
# Pipeline mode:   SEARCH
# Query file:      /home/inf-34-2022/Documents/BINP29/DeNovo_LongReads/Busco/busco_downloads/lineages/eukaryota_odb10/hmms/1312453at2759.hmm
# Target file:     /home/inf-34-2022/Documents/BINP29/DeNovo_LongReads/Busco/busco_output/auto_lineage/run_eukaryota_odb10/metaeuk_output/initial_results/SRRoutput.fasta.modified.fas
# Option settings: hmmsearch --domtblout /home/inf-34-2022/Documents/BINP29/DeNovo_LongReads/Busco/busco_output/auto_lineage/run_eukaryota_odb10/hmmer_output/initial_run_results/1312453at2759.out --cpu 1 /home/inf-34-2022/Documents/BINP29/DeNovo_LongReads/Busco/busco_downloads/lineages/eukaryota_odb10/hmms/1312453at2759.hmm /home/inf-34-2022/Documents/BINP29/DeNovo_LongReads/Busco/busco_output/auto_lineage/run_eukaryota_odb10/metaeuk_output/initial_results/SRRoutput.fasta.modified.fas 
# Current dir:     /home/inf-34-2022/Documents/BINP29/DeNovo_LongReads/Busco
# Date:            Fri Feb 24 11:49:09 2023
# [ok]
