#                                                                              --- full sequence --- -------------- this domain -------------   hmm coord   ali coord   env coord
# target name          accession   tlen query name           accession   qlen   E-value  score  bias   #  of  c-Evalue  i-Evalue  score  bias  from    to  from    to  from    to  acc description of target
#  ------------------- ---------- ----- -------------------- ---------- ----- --------- ------ ----- --- --- --------- --------- ------ ----- ----- ----- ----- ----- ----- ----- ---- ---------------------
Utg33280:924696-925352 -            219 1504863at2759        -            148     1e-32  108.7   7.2   1   4   9.9e-07   0.00027   16.5   0.1     1    19     1    19     1    24 0.89 -
Utg33280:924696-925352 -            219 1504863at2759        -            148     1e-32  108.7   7.2   2   4   3.1e-11   8.3e-09   31.2   0.1    54    94    23    63    19    68 0.89 -
Utg33280:924696-925352 -            219 1504863at2759        -            148     1e-32  108.7   7.2   3   4     4e-05     0.011   11.3   0.0    81   110   114   145    88   152 0.85 -
Utg33280:924696-925352 -            219 1504863at2759        -            148     1e-32  108.7   7.2   4   4   1.1e-17     3e-15   52.1   0.3   110   148   173   211   168   211 0.93 -
Utg33286:715664-716188 -            175 1504863at2759        -            148   4.1e-06   22.4   0.2   1   1   3.6e-08   9.5e-06   21.2   0.2   105   147   122   164    79   165 0.76 -
Utg33264:106813-107196 -            128 1504863at2759        -            148   1.1e-05   21.0   0.6   1   2      0.26        71   -1.1   0.0     1    18     2    19     2    36 0.80 -
Utg33264:106813-107196 -            128 1504863at2759        -            148   1.1e-05   21.0   0.6   2   2   1.2e-07   3.1e-05   19.6   0.5    58   127    36   116    28   124 0.73 -
#
# Program:         hmmsearch
# Version:         3.1b2 (February 2015)
# Pipeline mode:   SEARCH
# Query file:      /home/inf-34-2022/Documents/BINP29/DeNovo_LongReads/Busco/busco_downloads/lineages/eukaryota_odb10/hmms/1504863at2759.hmm
# Target file:     /home/inf-34-2022/Documents/BINP29/DeNovo_LongReads/Busco/busco_output/auto_lineage/run_eukaryota_odb10/metaeuk_output/initial_results/SRRoutput.fasta.modified.fas
# Option settings: hmmsearch --domtblout /home/inf-34-2022/Documents/BINP29/DeNovo_LongReads/Busco/busco_output/auto_lineage/run_eukaryota_odb10/hmmer_output/initial_run_results/1504863at2759.out --cpu 1 /home/inf-34-2022/Documents/BINP29/DeNovo_LongReads/Busco/busco_downloads/lineages/eukaryota_odb10/hmms/1504863at2759.hmm /home/inf-34-2022/Documents/BINP29/DeNovo_LongReads/Busco/busco_output/auto_lineage/run_eukaryota_odb10/metaeuk_output/initial_results/SRRoutput.fasta.modified.fas 
# Current dir:     /home/inf-34-2022/Documents/BINP29/DeNovo_LongReads/Busco
# Date:            Fri Feb 24 11:49:10 2023
# [ok]
