#                                                                              --- full sequence --- -------------- this domain -------------   hmm coord   ali coord   env coord
# target name          accession   tlen query name           accession   qlen   E-value  score  bias   #  of  c-Evalue  i-Evalue  score  bias  from    to  from    to  from    to  acc description of target
#  ------------------- ---------- ----- -------------------- ---------- ----- --------- ------ ----- --- --- --------- --------- ------ ----- ----- ----- ----- ----- ----- ----- ---- ---------------------
Utg33254:205141-208308 -           1056 261419at2759         -            533   1.7e-20   68.5  18.1   1   5      0.56        90   -3.2   0.0    10    31    71    92    68    96 0.87 -
Utg33254:205141-208308 -           1056 261419at2759         -            533   1.7e-20   68.5  18.1   2   5      0.14        23   -1.3   0.0    46    62   152   168   133   173 0.78 -
Utg33254:205141-208308 -           1056 261419at2759         -            533   1.7e-20   68.5  18.1   3   5   9.5e-08   1.5e-05   19.1   0.4   198   301   524   628   508   652 0.77 -
Utg33254:205141-208308 -           1056 261419at2759         -            533   1.7e-20   68.5  18.1   4   5   3.4e-16   5.5e-14   47.0   1.8   390   503   826   960   766   963 0.72 -
Utg33254:205141-208308 -           1056 261419at2759         -            533   1.7e-20   68.5  18.1   5   5   3.1e-05     0.005   10.8   0.2   501   533  1010  1042   996  1042 0.87 -
Utg33258:110720-113488 -            923 261419at2759         -            533   5.4e-09   30.5   0.4   1   5    0.0011      0.17    5.7   0.0   100   158    55   114    41   125 0.84 -
Utg33258:110720-113488 -            923 261419at2759         -            533   5.4e-09   30.5   0.4   2   5   2.5e-06    0.0004   14.4   0.0    80   158   240   320   234   323 0.85 -
Utg33258:110720-113488 -            923 261419at2759         -            533   5.4e-09   30.5   0.4   3   5    0.0095       1.5    2.6   0.0   103   158   305   363   295   383 0.76 -
Utg33258:110720-113488 -            923 261419at2759         -            533   5.4e-09   30.5   0.4   4   5      0.12        19   -1.0   0.0   101   167   388   461   368   470 0.75 -
Utg33258:110720-113488 -            923 261419at2759         -            533   5.4e-09   30.5   0.4   5   5    0.0052      0.84    3.5   0.1   139   171   472   507   428   516 0.71 -
Utg33270:160100-161377 -            426 261419at2759         -            533    0.0017   12.4   0.0   1   2     6e-05    0.0096    9.9   0.0   105   164    31    99    18   108 0.76 -
Utg33270:160100-161377 -            426 261419at2759         -            533    0.0017   12.4   0.0   2   2     0.062       9.9   -0.1   0.1    68   119   183   233   154   312 0.59 -
Utg33264:471542-471889 -            116 261419at2759         -            533    0.0024   11.9   0.1   1   2   0.00012     0.019    8.9   0.0   113   160    11    59     2    72 0.86 -
Utg33264:471542-471889 -            116 261419at2759         -            533    0.0024   11.9   0.1   2   2     0.027       4.4    1.1   0.0   145   160    93   108    83   115 0.85 -
Utg33286:434211-435356 -            382 261419at2759         -            533    0.0059   10.6   0.1   1   2   0.00092      0.15    6.0   0.1   138   171    74   110    67   127 0.86 -
Utg33286:434211-435356 -            382 261419at2759         -            533    0.0059   10.6   0.1   2   2     0.011       1.8    2.4   0.0   115   142   313   340   271   345 0.87 -
#
# Program:         hmmsearch
# Version:         3.1b2 (February 2015)
# Pipeline mode:   SEARCH
# Query file:      /home/inf-34-2022/Documents/BINP29/DeNovo_LongReads/Busco/busco_downloads/lineages/eukaryota_odb10/hmms/261419at2759.hmm
# Target file:     /home/inf-34-2022/Documents/BINP29/DeNovo_LongReads/Busco/busco_output/auto_lineage/run_eukaryota_odb10/metaeuk_output/initial_results/SRRoutput.fasta.modified.fas
# Option settings: hmmsearch --domtblout /home/inf-34-2022/Documents/BINP29/DeNovo_LongReads/Busco/busco_output/auto_lineage/run_eukaryota_odb10/hmmer_output/initial_run_results/261419at2759.out --cpu 1 /home/inf-34-2022/Documents/BINP29/DeNovo_LongReads/Busco/busco_downloads/lineages/eukaryota_odb10/hmms/261419at2759.hmm /home/inf-34-2022/Documents/BINP29/DeNovo_LongReads/Busco/busco_output/auto_lineage/run_eukaryota_odb10/metaeuk_output/initial_results/SRRoutput.fasta.modified.fas 
# Current dir:     /home/inf-34-2022/Documents/BINP29/DeNovo_LongReads/Busco
# Date:            Fri Feb 24 11:49:11 2023
# [ok]
