#                                                                              --- full sequence --- -------------- this domain -------------   hmm coord   ali coord   env coord
# target name          accession   tlen query name           accession   qlen   E-value  score  bias   #  of  c-Evalue  i-Evalue  score  bias  from    to  from    to  from    to  acc description of target
#  ------------------- ---------- ----- -------------------- ---------- ----- --------- ------ ----- --- --- --------- --------- ------ ----- ----- ----- ----- ----- ----- ----- ---- ---------------------
Utg33272:431004-435407 -           1468 293315at2759         -            638    3e-168  556.5  12.4   1   6    0.0092       1.8    2.2   0.0     2    21   352   373   351   383 0.84 -
Utg33272:431004-435407 -           1468 293315at2759         -            638    3e-168  556.5  12.4   2   6   2.3e-07   4.6e-05   17.4   0.0    24    81   423   502   404   534 0.70 -
Utg33272:431004-435407 -           1468 293315at2759         -            638    3e-168  556.5  12.4   3   6   5.9e-14   1.2e-11   39.1   0.1   114   193   612   720   599   725 0.78 -
Utg33272:431004-435407 -           1468 293315at2759         -            638    3e-168  556.5  12.4   4   6   7.5e-23   1.5e-20   68.5   0.0   196   254   759   817   738   822 0.88 -
Utg33272:431004-435407 -           1468 293315at2759         -            638    3e-168  556.5  12.4   5   6  3.2e-130  6.4e-128  423.2   2.1   249   598   834  1249   827  1257 0.85 -
Utg33272:431004-435407 -           1468 293315at2759         -            638    3e-168  556.5  12.4   6   6    0.0044      0.88    3.2   0.0   599   634  1329  1364  1311  1368 0.74 -
Utg33280:268336-270129 -            598 293315at2759         -            638   8.9e-58  191.5   1.8   1   3     4e-06   0.00081   13.2   0.0   117   154     1    38     1    41 0.94 -
Utg33280:268336-270129 -            598 293315at2759         -            638   8.9e-58  191.5   1.8   2   3   3.2e-19   6.4e-17   56.5   0.1   187   304   139   256   110   261 0.82 -
Utg33280:268336-270129 -            598 293315at2759         -            638   8.9e-58  191.5   1.8   3   3   5.9e-38   1.2e-35  118.4   0.1   305   580   281   597   274   598 0.83 -
Utg33250:387757-389868 -            704 293315at2759         -            638   4.3e-34  113.3   3.5   1   3    0.0016      0.31    4.7   0.0   115   154    67   106    37   129 0.86 -
Utg33250:387757-389868 -            704 293315at2759         -            638   4.3e-34  113.3   3.5   2   3   1.9e-13   3.8e-11   37.5   0.1   253   298   273   319   192   349 0.77 -
Utg33250:387757-389868 -            704 293315at2759         -            638   4.3e-34  113.3   3.5   3   3   1.8e-23   3.6e-21   70.6   0.1   328   579   400   687   360   698 0.77 -
Utg33272:149152-155817 -           2222 293315at2759         -            638   4.7e-08   27.2   2.2   1   4      0.27        55   -2.7   0.3   474   507   600   633   595   642 0.89 -
Utg33272:149152-155817 -           2222 293315at2759         -            638   4.7e-08   27.2   2.2   2   4   6.2e-09   1.3e-06   22.5   0.0   320   394   805   879   802   884 0.93 -
Utg33272:149152-155817 -           2222 293315at2759         -            638   4.7e-08   27.2   2.2   3   4      0.08        16   -0.9   0.0   424   475   945  1010   932  1026 0.68 -
Utg33272:149152-155817 -           2222 293315at2759         -            638   4.7e-08   27.2   2.2   4   4     0.015         3    1.4   0.0   372   443  1844  1920  1795  1948 0.78 -
#
# Program:         hmmsearch
# Version:         3.1b2 (February 2015)
# Pipeline mode:   SEARCH
# Query file:      /home/inf-34-2022/Documents/BINP29/DeNovo_LongReads/Busco/busco_downloads/lineages/eukaryota_odb10/hmms/293315at2759.hmm
# Target file:     /home/inf-34-2022/Documents/BINP29/DeNovo_LongReads/Busco/busco_output/auto_lineage/run_eukaryota_odb10/metaeuk_output/initial_results/SRRoutput.fasta.modified.fas
# Option settings: hmmsearch --domtblout /home/inf-34-2022/Documents/BINP29/DeNovo_LongReads/Busco/busco_output/auto_lineage/run_eukaryota_odb10/hmmer_output/initial_run_results/293315at2759.out --cpu 1 /home/inf-34-2022/Documents/BINP29/DeNovo_LongReads/Busco/busco_downloads/lineages/eukaryota_odb10/hmms/293315at2759.hmm /home/inf-34-2022/Documents/BINP29/DeNovo_LongReads/Busco/busco_output/auto_lineage/run_eukaryota_odb10/metaeuk_output/initial_results/SRRoutput.fasta.modified.fas 
# Current dir:     /home/inf-34-2022/Documents/BINP29/DeNovo_LongReads/Busco
# Date:            Fri Feb 24 11:49:11 2023
# [ok]
