#                                                                                --- full sequence --- -------------- this domain -------------   hmm coord   ali coord   env coord
# target name            accession   tlen query name           accession   qlen   E-value  score  bias   #  of  c-Evalue  i-Evalue  score  bias  from    to  from    to  from    to  acc description of target
#    ------------------- ---------- ----- -------------------- ---------- ----- --------- ------ ----- --- --- --------- --------- ------ ----- ----- ----- ----- ----- ----- ----- ---- ---------------------
Utg33264:423360-425204   -            615 325552at2759         -            426  5.7e-100  330.7   8.4   1   3   3.9e-87   4.3e-86  284.9   3.7     1   310    23   377    23   480 0.84 -
Utg33264:423360-425204   -            615 325552at2759         -            426  5.7e-100  330.7   8.4   2   3   2.5e-05   0.00027   15.4   0.1    40    86   495   543   465   546 0.82 -
Utg33264:423360-425204   -            615 325552at2759         -            426  5.7e-100  330.7   8.4   3   3   8.5e-10   9.2e-09   30.1   0.1   369   426   530   610   530   610 0.71 -
Utg33254:379323-382133   -            937 325552at2759         -            426   9.6e-39  128.9  14.7   1   6   0.00033    0.0035   11.8   0.2   165   228    89   152    84   170 0.90 -
Utg33254:379323-382133   -            937 325552at2759         -            426   9.6e-39  128.9  14.7   2   6   1.7e-06   1.8e-05   19.3   0.7   167   228   173   233   156   253 0.87 -
Utg33254:379323-382133   -            937 325552at2759         -            426   9.6e-39  128.9  14.7   3   6    0.0085     0.093    7.1   0.0   191   238   385   432   381   435 0.80 -
Utg33254:379323-382133   -            937 325552at2759         -            426   9.6e-39  128.9  14.7   4   6   1.3e-10   1.4e-09   32.9   0.0   160   228   435   504   431   517 0.91 -
Utg33254:379323-382133   -            937 325552at2759         -            426   9.6e-39  128.9  14.7   5   6   7.2e-09   7.9e-08   27.1   0.0   158   226   534   602   526   617 0.93 -
Utg33254:379323-382133   -            937 325552at2759         -            426   9.6e-39  128.9  14.7   6   6     2e-11   2.2e-10   35.5   0.5   156   229   616   689   605   710 0.91 -
Utg33258:91958-92944     -            329 325552at2759         -            426   6.4e-38  126.2  10.7   1   4    0.0056     0.061    7.7   0.0   208   230    11    33     1    38 0.80 -
Utg33258:91958-92944     -            329 325552at2759         -            426   6.4e-38  126.2  10.7   2   4   9.4e-13     1e-11   39.9   0.2   149   232    36   127    31   132 0.84 -
Utg33258:91958-92944     -            329 325552at2759         -            426   6.4e-38  126.2  10.7   3   4   0.00042    0.0045   11.4   0.2   368   400   132   165   125   192 0.64 -
Utg33258:91958-92944     -            329 325552at2759         -            426   6.4e-38  126.2  10.7   4   4   6.8e-23   7.4e-22   73.3   0.3   134   226   230   329   220   329 0.91 -
Utg33258:110720-113488   -            923 325552at2759         -            426     2e-37  124.6  15.2   1   9      0.81       8.8    0.6   0.0   161   221    20    79     3    96 0.56 -
Utg33258:110720-113488   -            923 325552at2759         -            426     2e-37  124.6  15.2   2   9    0.0053     0.058    7.8   0.0   147   228    46   126    34   136 0.82 -
Utg33258:110720-113488   -            923 325552at2759         -            426     2e-37  124.6  15.2   3   9   1.5e-07   1.6e-06   22.8   0.2   158   230    99   179    91   186 0.70 -
Utg33258:110720-113488   -            923 325552at2759         -            426     2e-37  124.6  15.2   4   9    0.0022     0.024    9.0   0.1   192   229   186   223   181   239 0.84 -
Utg33258:110720-113488   -            923 325552at2759         -            426     2e-37  124.6  15.2   5   9       0.2       2.2    2.6   0.0   153   209   258   314   251   323 0.83 -
Utg33258:110720-113488   -            923 325552at2759         -            426     2e-37  124.6  15.2   6   9   1.6e-14   1.8e-13   45.7   0.3   158   245   348   435   332   437 0.84 -
Utg33258:110720-113488   -            923 325552at2759         -            426     2e-37  124.6  15.2   7   9   1.9e-10   2.1e-09   32.3   0.1   158   241   433   517   422   563 0.80 -
Utg33258:110720-113488   -            923 325552at2759         -            426     2e-37  124.6  15.2   8   9   0.00024    0.0026   12.2   0.1   150   186   572   608   563   618 0.85 -
Utg33258:110720-113488   -            923 325552at2759         -            426     2e-37  124.6  15.2   9   9      0.59       6.4    1.0   0.0   343   370   680   707   671   715 0.66 -
Utg33286:602387-603034   -            216 325552at2759         -            426   5.2e-37  123.2   6.3   1   4   4.1e-09   4.4e-08   27.9   0.1   194   229     2    37     1    42 0.92 -
Utg33286:602387-603034   -            216 325552at2759         -            426   5.2e-37  123.2   6.3   2   4   7.1e-11   7.7e-10   33.7   0.1   151   228    43   120    41   129 0.94 -
Utg33286:602387-603034   -            216 325552at2759         -            426   5.2e-37  123.2   6.3   3   4   1.7e-12   1.9e-11   39.0   0.0   153   228    87   162    78   164 0.94 -
Utg33286:602387-603034   -            216 325552at2759         -            426   5.2e-37  123.2   6.3   4   4   8.4e-14   9.1e-13   43.4   0.1   158   231   134   208   127   213 0.91 -
Utg33258:72355-73566     -            404 325552at2759         -            426   3.2e-36  120.6   5.8   1   4   0.00021    0.0023   12.4   0.2   152   199    38    84    34   124 0.74 -
Utg33258:72355-73566     -            404 325552at2759         -            426   3.2e-36  120.6   5.8   2   4   1.1e-16   1.2e-15   52.9   0.0   154   229   139   214   120   225 0.91 -
Utg33258:72355-73566     -            404 325552at2759         -            426   3.2e-36  120.6   5.8   3   4     4e-11   4.3e-10   34.5   0.5   157   231   225   307   220   318 0.85 -
Utg33258:72355-73566     -            404 325552at2759         -            426   3.2e-36  120.6   5.8   4   4   5.7e-07   6.2e-06   20.8   0.0   154   225   326   403   317   404 0.87 -
Utg33266:274040-274927   -            296 325552at2759         -            426   1.1e-30  102.4   5.2   1   4     6e-07   6.5e-06   20.8   0.0   155   227    11    85     7    95 0.89 -
Utg33266:274040-274927   -            296 325552at2759         -            426   1.1e-30  102.4   5.2   2   4   2.3e-09   2.5e-08   28.7   0.1   155   226   101   172    96   172 0.96 -
Utg33266:274040-274927   -            296 325552at2759         -            426   1.1e-30  102.4   5.2   3   4   2.9e-15   3.1e-14   48.2   0.1   156   229   144   217   139   228 0.93 -
Utg33266:274040-274927   -            296 325552at2759         -            426   1.1e-30  102.4   5.2   4   4   2.9e-07   3.1e-06   21.8   0.1   154   218   228   294   219   296 0.89 -
Utg33254:548155-550605   -            817 325552at2759         -            426   9.2e-28   92.8  17.5   1   6       1.5        17   -0.3   0.0   340   365    60    85    41   105 0.55 -
Utg33254:548155-550605   -            817 325552at2759         -            426   9.2e-28   92.8  17.5   2   6   5.9e-05   0.00064   14.2   1.0   168   228   115   179   110   190 0.75 -
Utg33254:548155-550605   -            817 325552at2759         -            426   9.2e-28   92.8  17.5   3   6       8.5        92   -2.8   0.0   211   233   210   232   204   249 0.60 -
Utg33254:548155-550605   -            817 325552at2759         -            426   9.2e-28   92.8  17.5   4   6      0.31       3.3    2.0   0.1   206   230   397   421   385   446 0.77 -
Utg33254:548155-550605   -            817 325552at2759         -            426   9.2e-28   92.8  17.5   5   6   4.3e-15   4.6e-14   47.6   0.2   136   231   472   567   470   577 0.94 -
Utg33254:548155-550605   -            817 325552at2759         -            426   9.2e-28   92.8  17.5   6   6   1.6e-10   1.8e-09   32.5   0.1   153   229   573   649   568   669 0.86 -
Utg33272:620956-621864   -            303 325552at2759         -            426   5.9e-27   90.1   6.5   1   5       1.4        15   -0.2   0.0   212   231     5    24     2    38 0.61 -
Utg33272:620956-621864   -            303 325552at2759         -            426   5.9e-27   90.1   6.5   2   5   7.6e-12   8.2e-11   36.9   0.0   151   228    28   106    20   113 0.88 -
Utg33272:620956-621864   -            303 325552at2759         -            426   5.9e-27   90.1   6.5   3   5    0.0076     0.083    7.2   0.0    43    65   126   148   110   157 0.69 -
Utg33272:620956-621864   -            303 325552at2759         -            426   5.9e-27   90.1   6.5   4   5   2.2e-08   2.3e-07   25.5   0.1   159   231   163   241   155   248 0.84 -
Utg33272:620956-621864   -            303 325552at2759         -            426   5.9e-27   90.1   6.5   5   5   1.1e-06   1.2e-05   19.8   0.4   190   230   243   283   238   300 0.82 -
Utg33250:355727-356611   -            295 325552at2759         -            426     3e-25   84.5   2.0   1   3   1.6e-10   1.8e-09   32.5   0.1   158   230     1    74     1    81 0.92 -
Utg33250:355727-356611   -            295 325552at2759         -            426     3e-25   84.5   2.0   2   3   3.5e-10   3.8e-09   31.4   0.0   156   228    84   156    78   164 0.92 -
Utg33250:355727-356611   -            295 325552at2759         -            426     3e-25   84.5   2.0   3   3   1.6e-06   1.8e-05   19.3   0.2   109   232   158   293   156   295 0.75 -
Utg33260:715134-716282   -            383 325552at2759         -            426   3.7e-25   84.2   8.6   1   4   1.9e-05   0.00021   15.8   0.1   193   232    52    91    41    97 0.88 -
Utg33260:715134-716282   -            383 325552at2759         -            426   3.7e-25   84.2   8.6   2   4   4.1e-08   4.4e-07   24.6   0.0   155   229    98   176    94   190 0.80 -
Utg33260:715134-716282   -            383 325552at2759         -            426   3.7e-25   84.2   8.6   3   4     8e-05   0.00087   13.8   0.1   166   230   203   267   199   275 0.91 -
Utg33260:715134-716282   -            383 325552at2759         -            426   3.7e-25   84.2   8.6   4   4   1.4e-10   1.5e-09   32.8   0.3   155   224   313   382   301   383 0.94 -
Utg33280:184914-188501   -           1196 325552at2759         -            426   4.5e-24   80.6   2.6   1   5   5.1e-07   5.6e-06   21.0   0.0   150   229     4    83     3    90 0.95 -
Utg33280:184914-188501   -           1196 325552at2759         -            426   4.5e-24   80.6   2.6   2   5   1.6e-08   1.7e-07   26.0   0.0   152   232    90   170    84   199 0.84 -
Utg33280:184914-188501   -           1196 325552at2759         -            426   4.5e-24   80.6   2.6   3   5   2.6e-07   2.8e-06   22.0   0.0   151   230   203   284   197   295 0.86 -
Utg33280:184914-188501   -           1196 325552at2759         -            426   4.5e-24   80.6   2.6   4   5      0.65         7    0.9   0.0   330   379   312   359   300   364 0.82 -
Utg33280:184914-188501   -           1196 325552at2759         -            426   4.5e-24   80.6   2.6   5   5     0.026      0.28    5.5   0.7   302   398   451   548   427   554 0.74 -
Utg33286:208831-209676   -            282 325552at2759         -            426   3.8e-23   77.6   0.3   1   4     0.003     0.032    8.6   0.0   200   227     2    29     1    40 0.58 -
Utg33286:208831-209676   -            282 325552at2759         -            426   3.8e-23   77.6   0.3   2   4   5.4e-07   5.8e-06   20.9   0.0   191   241    55   105    50   112 0.87 -
Utg33286:208831-209676   -            282 325552at2759         -            426   3.8e-23   77.6   0.3   3   4   2.2e-13   2.4e-12   42.0   0.1   156   229   120   193   113   204 0.91 -
Utg33286:208831-209676   -            282 325552at2759         -            426   3.8e-23   77.6   0.3   4   4       0.5       5.5    1.2   0.0   148   172   207   231   200   262 0.76 -
Utg33286:434211-435356   -            382 325552at2759         -            426   3.4e-22   74.4   2.4   1   4   2.1e-10   2.3e-09   32.2   0.0   153   235    74   156    65   161 0.90 -
Utg33286:434211-435356   -            382 325552at2759         -            426   3.4e-22   74.4   2.4   2   4   1.3e-07   1.4e-06   22.9   0.0   166   225   184   243   179   249 0.95 -
Utg33286:434211-435356   -            382 325552at2759         -            426   3.4e-22   74.4   2.4   3   4   5.3e-05   0.00058   14.3   0.3   185   230   245   289   243   297 0.84 -
Utg33286:434211-435356   -            382 325552at2759         -            426   3.4e-22   74.4   2.4   4   4      0.29       3.2    2.0   0.0   162   189   305   332   301   344 0.84 -
Utg33272:41570-42964     -            465 325552at2759         -            426   1.4e-21   72.4   3.4   1   4   1.3e-09   1.4e-08   29.6   0.5   152   235    90   173    80   179 0.90 -
Utg33272:41570-42964     -            465 325552at2759         -            426   1.4e-21   72.4   3.4   2   4   9.7e-11   1.1e-09   33.2   0.3   155   228   177   250   173   263 0.93 -
Utg33272:41570-42964     -            465 325552at2759         -            426   1.4e-21   72.4   3.4   3   4      0.14       1.6    3.0   0.0   156   228   262   336   255   345 0.79 -
Utg33272:41570-42964     -            465 325552at2759         -            426   1.4e-21   72.4   3.4   4   4     0.049      0.54    4.6   0.0   195   225   348   378   342   384 0.81 -
Utg33280:1086248-1174190 -            372 325552at2759         -            426   1.9e-21   72.0   1.7   1   4   1.3e-09   1.4e-08   29.6   0.0   162   233    26    99    18   113 0.86 -
Utg33280:1086248-1174190 -            372 325552at2759         -            426   1.9e-21   72.0   1.7   2   4   1.3e-05   0.00014   16.3   0.0   168   223   118   176   108   216 0.77 -
Utg33280:1086248-1174190 -            372 325552at2759         -            426   1.9e-21   72.0   1.7   3   4    0.0039     0.042    8.2   0.0   364   399   245   281   240   295 0.81 -
Utg33280:1086248-1174190 -            372 325552at2759         -            426   1.9e-21   72.0   1.7   4   4   7.5e-05   0.00082   13.9   0.1    37    66   306   335   286   371 0.67 -
Utg33280:1173318-1174163 -            282 325552at2759         -            426   3.1e-21   71.3   0.8   1   3   8.2e-10   8.9e-09   30.2   0.0   162   233    17    90    10   103 0.86 -
Utg33280:1173318-1174163 -            282 325552at2759         -            426   3.1e-21   71.3   0.8   2   3   1.3e-08   1.4e-07   26.3   0.0   168   229   109   173    99   192 0.82 -
Utg33280:1173318-1174163 -            282 325552at2759         -            426   3.1e-21   71.3   0.8   3   3   0.00033    0.0036   11.7   0.1    39    70   237   268   212   282 0.71 -
Utg33252:599431-600414   -            328 325552at2759         -            426   4.8e-21   70.6   3.7   1   4    0.0057     0.062    7.7   0.0     5    79    48   123    44   125 0.80 -
Utg33252:599431-600414   -            328 325552at2759         -            426   4.8e-21   70.6   3.7   2   4    0.0085     0.093    7.1   0.0   368   393   119   144   111   152 0.89 -
Utg33252:599431-600414   -            328 325552at2759         -            426   4.8e-21   70.6   3.7   3   4   3.9e-13   4.2e-12   41.2   0.3   152   247   159   256   147   258 0.87 -
Utg33252:599431-600414   -            328 325552at2759         -            426   4.8e-21   70.6   3.7   4   4   5.9e-06   6.4e-05   17.5   0.1   162   226   255   321   246   327 0.83 -
Utg33252:840658-842829   -            724 325552at2759         -            426   5.3e-21   70.5   0.8   1   3   2.3e-16   2.5e-15   51.8   0.2    41   230    13   211     4   222 0.79 -
Utg33252:840658-842829   -            724 325552at2759         -            426   5.3e-21   70.5   0.8   2   3   1.7e-08   1.9e-07   25.8   0.0   147   239   167   263   164   271 0.87 -
Utg33252:840658-842829   -            724 325552at2759         -            426   5.3e-21   70.5   0.8   3   3      0.72       7.9    0.7   0.0   157   184   350   376   343   427 0.84 -
Utg33264:535476-536516   -            347 325552at2759         -            426   7.9e-21   69.9   4.0   1   3     4e-14   4.4e-13   44.4   0.0   151   240     6    96     3   134 0.91 -
Utg33264:535476-536516   -            347 325552at2759         -            426   7.9e-21   69.9   4.0   2   3     8e-07   8.7e-06   20.3   0.8   161   228   159   227   150   239 0.87 -
Utg33264:535476-536516   -            347 325552at2759         -            426   7.9e-21   69.9   4.0   3   3     0.094         1    3.6   0.0   159   181   297   319   284   335 0.72 -
Utg33278:290563-291534   -            324 325552at2759         -            426   1.1e-19   66.1   3.0   1   4   3.1e-05   0.00034   15.1   0.1   196   234     2    39     1    53 0.81 -
Utg33278:290563-291534   -            324 325552at2759         -            426   1.1e-19   66.1   3.0   2   4      0.21       2.3    2.5   0.0   380   397    58    75    38    81 0.59 -
Utg33278:290563-291534   -            324 325552at2759         -            426   1.1e-19   66.1   3.0   3   4     1e-11   1.1e-10   36.5   0.0   164   228   118   182   101   211 0.89 -
Utg33278:290563-291534   -            324 325552at2759         -            426   1.1e-19   66.1   3.0   4   4    0.0012     0.013    9.9   0.0   210   265   224   282   215   304 0.69 -
Utg33254:112986-114452   -            489 325552at2759         -            426   2.6e-19   64.9   7.8   1   4    0.0021     0.023    9.1   0.0   195   229    65   100    58   109 0.84 -
Utg33254:112986-114452   -            489 325552at2759         -            426   2.6e-19   64.9   7.8   2   4   0.00013    0.0014   13.1   0.6   168   229    81   153    77   168 0.78 -
Utg33254:112986-114452   -            489 325552at2759         -            426   2.6e-19   64.9   7.8   3   4   2.2e-05   0.00024   15.6   0.0   158   228   222   293   211   301 0.86 -
Utg33254:112986-114452   -            489 325552at2759         -            426   2.6e-19   64.9   7.8   4   4   1.5e-11   1.6e-10   35.9   0.7   151   236   301   387   299   429 0.88 -
Utg33252:801425-802387   -            321 325552at2759         -            426   1.6e-18   62.3   6.6   1   4   8.1e-06   8.8e-05   17.0   1.1   169   260    31   126    19   132 0.80 -
Utg33252:801425-802387   -            321 325552at2759         -            426   1.6e-18   62.3   6.6   2   4   5.3e-08   5.8e-07   24.2   0.2   168   230   113   176   107   184 0.88 -
Utg33252:801425-802387   -            321 325552at2759         -            426   1.6e-18   62.3   6.6   3   4   1.3e-09   1.4e-08   29.5   0.9    29   120   137   232   129   242 0.69 -
Utg33252:801425-802387   -            321 325552at2759         -            426   1.6e-18   62.3   6.6   4   4   4.3e-05   0.00046   14.7   0.0   168   226   252   312   248   317 0.85 -
Utg33284:40650-41135     -            162 325552at2759         -            426   6.8e-18   60.2   3.8   1   3   0.00017    0.0018   12.7   0.8   366   418     5    59     2    60 0.82 -
Utg33284:40650-41135     -            162 325552at2759         -            426   6.8e-18   60.2   3.8   2   3   2.5e-08   2.7e-07   25.3   0.4   185   235    35    85    35    98 0.81 -
Utg33284:40650-41135     -            162 325552at2759         -            426   6.8e-18   60.2   3.8   3   3   3.2e-09   3.5e-08   28.2   0.0   166   227    99   159    88   162 0.91 -
Utg33280:972927-973832   -            302 325552at2759         -            426   1.3e-17   59.3  15.8   1   4     3e-07   3.3e-06   21.7   0.2   171   238     2    73     1    79 0.86 -
Utg33280:972927-973832   -            302 325552at2759         -            426   1.3e-17   59.3  15.8   2   4   9.9e-10   1.1e-08   29.9   3.2   155   226    81   156    77   175 0.86 -
Utg33280:972927-973832   -            302 325552at2759         -            426   1.3e-17   59.3  15.8   3   4     0.014      0.15    6.4   0.3   188   226   162   202   156   217 0.80 -
Utg33280:972927-973832   -            302 325552at2759         -            426   1.3e-17   59.3  15.8   4   4    0.0027      0.03    8.7   0.1   155   227   224   301   220   302 0.73 -
Utg33282:153470-154441   -            324 325552at2759         -            426   3.5e-17   57.9   7.8   1   4   2.6e-05   0.00028   15.4   0.1   196   234     2    39     1    53 0.81 -
Utg33282:153470-154441   -            324 325552at2759         -            426   3.5e-17   57.9   7.8   2   4      0.18       1.9    2.7   0.0   379   397    57    75    37    81 0.58 -
Utg33282:153470-154441   -            324 325552at2759         -            426   3.5e-17   57.9   7.8   3   4   1.1e-11   1.1e-10   36.4   0.2   164   228   118   182   100   206 0.90 -
Utg33282:153470-154441   -            324 325552at2759         -            426   3.5e-17   57.9   7.8   4   4      0.04      0.43    4.9   0.1   210   240   224   253   209   310 0.58 -
Utg33252:182191-184173   -            661 325552at2759         -            426   5.7e-17   57.2   4.9   1   6   1.4e-06   1.5e-05   19.5   0.0   152   228    27   104     3   118 0.71 -
Utg33252:182191-184173   -            661 325552at2759         -            426   5.7e-17   57.2   4.9   2   6       1.3        14   -0.1   0.0   103   130   154   185   132   208 0.63 -
Utg33252:182191-184173   -            661 325552at2759         -            426   5.7e-17   57.2   4.9   3   6     0.016      0.17    6.2   0.2   193   228   248   283   241   295 0.87 -
Utg33252:182191-184173   -            661 325552at2759         -            426   5.7e-17   57.2   4.9   4   6     0.076      0.82    4.0   0.1   153   223   308   382   297   389 0.72 -
Utg33252:182191-184173   -            661 325552at2759         -            426   5.7e-17   57.2   4.9   5   6       6.6        72   -2.4   0.0   343   359   531   547   523   562 0.58 -
Utg33252:182191-184173   -            661 325552at2759         -            426   5.7e-17   57.2   4.9   6   6   8.5e-08   9.2e-07   23.6   0.0   158   228   580   657   572   660 0.84 -
Utg33274:551184-553064   -            627 325552at2759         -            426   1.8e-16   55.6   0.3   1   4   5.1e-06   5.5e-05   17.7   0.0   153   228   309   385   305   410 0.85 -
Utg33274:551184-553064   -            627 325552at2759         -            426   1.8e-16   55.6   0.3   2   4     0.002     0.022    9.1   0.0   368   417   413   462   398   468 0.83 -
Utg33274:551184-553064   -            627 325552at2759         -            426   1.8e-16   55.6   0.3   3   4   5.8e-08   6.3e-07   24.1   0.0   169   235   491   555   487   562 0.92 -
Utg33274:551184-553064   -            627 325552at2759         -            426   1.8e-16   55.6   0.3   4   4       2.8        31   -1.2   0.1    32    60   599   625   563   627 0.56 -
Utg33264:63272-64447     -            392 325552at2759         -            426   2.2e-16   55.2   0.3   1   4    0.0038     0.041    8.2   0.0   199   228    10    41     2    52 0.84 -
Utg33264:63272-64447     -            392 325552at2759         -            426   2.2e-16   55.2   0.3   2   4   0.00052    0.0057   11.1   0.0   153   187    64    98    58   108 0.68 -
Utg33264:63272-64447     -            392 325552at2759         -            426   2.2e-16   55.2   0.3   3   4   4.4e-08   4.8e-07   24.5   0.0   158   225   143   210   137   222 0.93 -
Utg33264:63272-64447     -            392 325552at2759         -            426   2.2e-16   55.2   0.3   4   4     0.016      0.18    6.1   0.0   173   220   343   391   336   392 0.84 -
Utg33254:902974-905790   -            939 325552at2759         -            426   2.8e-16   54.9   2.5   1   5     0.066      0.72    4.2   0.0   157   222   250   320   183   330 0.76 -
Utg33254:902974-905790   -            939 325552at2759         -            426   2.8e-16   54.9   2.5   2   5       1.4        15   -0.2   0.0   211   240   429   459   426   461 0.83 -
Utg33254:902974-905790   -            939 325552at2759         -            426   2.8e-16   54.9   2.5   3   5   2.3e-06   2.5e-05   18.8   0.1   151   230   455   535   444   545 0.92 -
Utg33254:902974-905790   -            939 325552at2759         -            426   2.8e-16   54.9   2.5   4   5   5.3e-08   5.7e-07   24.2   0.0   160   228   548   616   540   619 0.93 -
Utg33254:902974-905790   -            939 325552at2759         -            426   2.8e-16   54.9   2.5   5   5     0.098       1.1    3.6   0.0    35    62   628   656   623   667 0.74 -
Utg33284:515997-517475   -            493 325552at2759         -            426   1.7e-15   52.3   0.1   1   4   4.4e-05   0.00047   14.6   0.0   165   227   180   243   166   259 0.85 -
Utg33284:515997-517475   -            493 325552at2759         -            426   1.7e-15   52.3   0.1   2   4    0.0027      0.03    8.7   0.0   369   401   273   305   261   317 0.74 -
Utg33284:515997-517475   -            493 325552at2759         -            426   1.7e-15   52.3   0.1   3   4   7.7e-08   8.4e-07   23.7   0.0   168   231   350   411   347   450 0.84 -
Utg33284:515997-517475   -            493 325552at2759         -            426   1.7e-15   52.3   0.1   4   4       1.1        12    0.1   0.0   332   396   428   492   420   493 0.79 -
Utg33252:778660-779667   -            336 325552at2759         -            426   8.9e-15   50.0   4.5   1   4   2.9e-08   3.2e-07   25.1   1.9   157   226     4    79     1    85 0.82 -
Utg33252:778660-779667   -            336 325552at2759         -            426   8.9e-15   50.0   4.5   2   4      0.12       1.3    3.3   0.0   185   227    89   133    86   152 0.70 -
Utg33252:778660-779667   -            336 325552at2759         -            426   8.9e-15   50.0   4.5   3   4     0.037       0.4    5.0   0.0   162   230   170   242   133   250 0.67 -
Utg33252:778660-779667   -            336 325552at2759         -            426   8.9e-15   50.0   4.5   4   4   5.9e-05   0.00064   14.2   0.3   186   228   286   328   252   335 0.86 -
Utg33278:374491-375489   -            333 325552at2759         -            426   3.5e-14   48.0   2.4   1   4    0.0087     0.095    7.1   0.1    40    64    17    42     6    50 0.48 -
Utg33278:374491-375489   -            333 325552at2759         -            426   3.5e-14   48.0   2.4   2   4   9.8e-11   1.1e-09   33.2   0.0   153   228    52   130    43   141 0.83 -
Utg33278:374491-375489   -            333 325552at2759         -            426   3.5e-14   48.0   2.4   3   4       3.6        39   -1.6   0.0   372   417   142   190   130   196 0.69 -
Utg33278:374491-375489   -            333 325552at2759         -            426   3.5e-14   48.0   2.4   4   4     0.033      0.36    5.2   0.0   158   200   246   288   237   307 0.60 -
Utg33264:472229-472723   -            165 325552at2759         -            426   3.7e-14   47.9   2.4   1   2     0.074      0.81    4.0   0.0   193   228     2    38     1    48 0.81 -
Utg33264:472229-472723   -            165 325552at2759         -            426   3.7e-14   47.9   2.4   2   2   3.2e-14   3.5e-13   44.7   0.6   139   233    39   132    36   139 0.90 -
Utg33250:420351-421193   -            281 325552at2759         -            426   1.2e-13   46.3   0.7   1   2    0.0092       0.1    7.0   0.0    41    68   129   156   122   166 0.88 -
Utg33250:420351-421193   -            281 325552at2759         -            426   1.2e-13   46.3   0.7   2   2   6.9e-12   7.5e-11   37.0   0.2   160   240   168   248   162   263 0.91 -
Utg33270:160100-161377   -            426 325552at2759         -            426   3.2e-13   44.9   0.0   1   3   1.2e-12   1.3e-11   39.5   0.0   159   247    30   122     4   127 0.86 -
Utg33270:160100-161377   -            426 325552at2759         -            426   3.2e-13   44.9   0.0   2   3       1.1        12    0.1   0.0   332   365   205   239   200   252 0.73 -
Utg33270:160100-161377   -            426 325552at2759         -            426   3.2e-13   44.9   0.0   3   3      0.83         9    0.5   0.1    48   214   283   329   245   344 0.53 -
Utg33254:528451-529230   -            260 325552at2759         -            426   3.7e-13   44.6   6.0   1   3   1.8e-06     2e-05   19.2   0.1   169   232     2    69     1    78 0.83 -
Utg33254:528451-529230   -            260 325552at2759         -            426   3.7e-13   44.6   6.0   2   3   8.2e-06     9e-05   17.0   0.2   155   230    78   170    72   174 0.78 -
Utg33254:528451-529230   -            260 325552at2759         -            426   3.7e-13   44.6   6.0   3   3   4.4e-06   4.8e-05   17.9   1.1   166   266   148   255   144   260 0.77 -
Utg33276:262937-263683   -            249 325552at2759         -            426   8.1e-13   43.5   3.3   1   2   2.7e-07   2.9e-06   21.9   0.1   167   228   126   185   106   199 0.83 -
Utg33276:262937-263683   -            249 325552at2759         -            426   8.1e-13   43.5   3.3   2   2   1.8e-09     2e-08   29.1   0.9   166   233   165   230   151   242 0.88 -
Utg33280:710660-711553   -            298 325552at2759         -            426   8.8e-12   40.1   2.6   1   5   0.00017    0.0019   12.7   0.0   173   225     6    60     1    71 0.80 -
Utg33280:710660-711553   -            298 325552at2759         -            426   8.8e-12   40.1   2.6   2   5   0.00081    0.0088   10.5   0.0   151   227    97   178    64   184 0.72 -
Utg33280:710660-711553   -            298 325552at2759         -            426   8.8e-12   40.1   2.6   3   5    0.0043     0.046    8.1   0.0    46    72   161   187   152   199 0.71 -
Utg33280:710660-711553   -            298 325552at2759         -            426   8.8e-12   40.1   2.6   4   5   0.00025    0.0027   12.1   0.1   194   248   207   264   195   270 0.75 -
Utg33280:710660-711553   -            298 325552at2759         -            426   8.8e-12   40.1   2.6   5   5      0.47       5.1    1.3   0.2   145   181   259   297   252   298 0.74 -
Utg33286:568620-569414   -            265 325552at2759         -            426   9.8e-12   39.9   0.6   1   3   1.3e-07   1.4e-06   23.0   0.0   160   228    13    80     4    95 0.84 -
Utg33286:568620-569414   -            265 325552at2759         -            426   9.8e-12   39.9   0.6   2   3   6.8e-05   0.00074   14.0   0.1   166   236   103   182    87   192 0.74 -
Utg33286:568620-569414   -            265 325552at2759         -            426   9.8e-12   39.9   0.6   3   3       3.5        38   -1.5   0.0   365   395   235   265   209   265 0.78 -
Utg33280:679930-680520   -            197 325552at2759         -            426     4e-11   37.9   2.2   1   1   4.7e-12   5.1e-11   37.6   2.2    77   233     2   170     1   178 0.78 -
Utg33264:425741-427279   -            513 325552at2759         -            426   1.2e-10   36.4   0.3   1   2   3.7e-08   4.1e-07   24.7   0.3   112   233    33   161    29   166 0.78 -
Utg33264:425741-427279   -            513 325552at2759         -            426   1.2e-10   36.4   0.3   2   2    0.0014     0.015    9.7   0.0   153   246   166   258   159   295 0.75 -
Utg33250:539408-539959   -            184 325552at2759         -            426   2.2e-10   35.5   0.0   1   2     1e-05   0.00011   16.7   0.1   170   257     1    91     1   102 0.77 -
Utg33250:539408-539959   -            184 325552at2759         -            426   2.2e-10   35.5   0.0   2   2   8.2e-06     9e-05   17.0   0.0   166   232   103   172    98   181 0.81 -
Utg33252:601382-602071   -            230 325552at2759         -            426   7.4e-10   33.8   0.1   1   3   7.4e-10     8e-09   30.3   0.0   159   230     6    77     2    97 0.90 -
Utg33252:601382-602071   -            230 325552at2759         -            426   7.4e-10   33.8   0.1   2   3       0.8       8.7    0.6   0.0    40    67   117   144    93   179 0.77 -
Utg33252:601382-602071   -            230 325552at2759         -            426   7.4e-10   33.8   0.1   3   3       5.7        62   -2.2   0.0   160   179   203   221   196   223 0.70 -
Utg33264:442592-443608   -            339 325552at2759         -            426     9e-10   33.5   2.5   1   4   2.2e-05   0.00024   15.6   0.1    32    64    15    47     4    57 0.83 -
Utg33264:442592-443608   -            339 325552at2759         -            426     9e-10   33.5   2.5   2   4   0.00082    0.0089   10.4   0.1   194   229   118   152   112   159 0.80 -
Utg33264:442592-443608   -            339 325552at2759         -            426     9e-10   33.5   2.5   3   4      0.04      0.43    4.9   0.0   156   182   162   189   153   214 0.81 -
Utg33264:442592-443608   -            339 325552at2759         -            426     9e-10   33.5   2.5   4   4       2.6        28   -1.1   0.0   211   341   286   303   238   319 0.63 -
Utg33284:404890-405651   -            254 325552at2759         -            426     1e-09   33.3   2.0   1   3       1.8        20   -0.6   0.0   188   207     6    25     1    38 0.72 -
Utg33284:404890-405651   -            254 325552at2759         -            426     1e-09   33.3   2.0   2   3   1.1e-08   1.1e-07   26.5   0.3   164   228    39   103    29   125 0.92 -
Utg33284:404890-405651   -            254 325552at2759         -            426     1e-09   33.3   2.0   3   3     0.048      0.52    4.6   0.0   147   183   215   253   206   254 0.77 -
Utg33280:492677-493114   -            146 325552at2759         -            426   1.2e-09   33.1   0.1   1   2   1.2e-07   1.3e-06   23.1   0.2   186   243    13    72     9    82 0.84 -
Utg33280:492677-493114   -            146 325552at2759         -            426   1.2e-09   33.1   0.1   2   2    0.0043     0.047    8.0   0.0    34    61   117   145    99   146 0.81 -
Utg33264:511166-511729   -            188 325552at2759         -            426   1.8e-09   32.5   5.5   1   3    0.0014     0.015    9.7   1.0    45    68    16    39     2    57 0.45 -
Utg33264:511166-511729   -            188 325552at2759         -            426   1.8e-09   32.5   5.5   2   3   0.00044    0.0048   11.3   0.4    33    64    48    80    39    90 0.86 -
Utg33264:511166-511729   -            188 325552at2759         -            426   1.8e-09   32.5   5.5   3   3   7.6e-05   0.00083   13.8   0.0   187   230    89   133    81   148 0.82 -
Utg33254:954038-954694   -            219 325552at2759         -            426   2.4e-09   32.1   0.3   1   2     0.004     0.043    8.2   0.0   195   228    33    67    19    75 0.72 -
Utg33254:954038-954694   -            219 325552at2759         -            426   2.4e-09   32.1   0.3   2   2     3e-07   3.3e-06   21.7   0.1   156   227    78   154    73   204 0.87 -
Utg33264:345441-347861   -            807 325552at2759         -            426   3.3e-09   31.6   0.5   1   4   1.2e-05   0.00013   16.4   0.0    29    73   431   478   427   511 0.67 -
Utg33264:345441-347861   -            807 325552at2759         -            426   3.3e-09   31.6   0.5   2   4      0.35       3.8    1.8   0.0   155   230   594   671   590   679 0.83 -
Utg33264:345441-347861   -            807 325552at2759         -            426   3.3e-09   31.6   0.5   3   4     0.055      0.59    4.4   0.0   158   225   683   751   674   775 0.80 -
Utg33264:345441-347861   -            807 325552at2759         -            426   3.3e-09   31.6   0.5   4   4     0.002     0.022    9.1   0.0   147   225   714   806   703   807 0.78 -
Utg33252:183730-184245   -            172 325552at2759         -            426   3.5e-09   31.6   0.0   1   2      0.88       9.6    0.4   0.0   343   359    18    34     8    53 0.58 -
Utg33252:183730-184245   -            172 325552at2759         -            426   3.5e-09   31.6   0.0   2   2   1.9e-09     2e-08   29.0   0.0   158   237    67   153    59   168 0.81 -
Utg33252:1008577-1009023 -            149 325552at2759         -            426   2.1e-08   28.9   0.0   1   1   1.1e-08   1.2e-07   26.5   0.0   153   243    24   131    16   143 0.79 -
Utg33274:446666-447700   -            345 325552at2759         -            426   3.1e-08   28.4   0.0   1   3    0.0012     0.013    9.9   0.0   157   232     4    86     1    97 0.77 -
Utg33274:446666-447700   -            345 325552at2759         -            426   3.1e-08   28.4   0.0   2   3      0.53       5.8    1.2   0.0   155   174   269   288   231   295 0.69 -
Utg33274:446666-447700   -            345 325552at2759         -            426   3.1e-08   28.4   0.0   3   3    0.0001    0.0011   13.4   0.0    35    61   318   344   315   345 0.92 -
Utg33284:411651-412361   -            237 325552at2759         -            426   5.7e-08   27.5   0.0   1   3    0.0041     0.045    8.1   0.0   185   227    16    58     4    66 0.71 -
Utg33284:411651-412361   -            237 325552at2759         -            426   5.7e-08   27.5   0.0   2   3     0.002     0.022    9.2   0.0   158   193   119   154    99   160 0.85 -
Utg33284:411651-412361   -            237 325552at2759         -            426   5.7e-08   27.5   0.0   3   3     0.013      0.15    6.4   0.0    39    66   171   198   165   216 0.82 -
Utg33286:596733-597071   -            113 325552at2759         -            426   8.4e-08   27.0   0.1   1   2   7.3e-05   0.00079   13.9   0.0    45    85    15    57     4    64 0.80 -
Utg33286:596733-597071   -            113 325552at2759         -            426   8.4e-08   27.0   0.1   2   2   7.7e-06   8.4e-05   17.1   0.0    21    85    32   101    32   109 0.73 -
Utg33264:471542-471889   -            116 325552at2759         -            426   1.1e-07   26.6   0.3   1   2   6.3e-07   6.9e-06   20.7   0.0   159   217     2    59     1    74 0.83 -
Utg33264:471542-471889   -            116 325552at2759         -            426   1.1e-07   26.6   0.3   2   2     0.053      0.57    4.5   0.1   200   225    91   116    70   116 0.83 -
Utg33284:221958-222608   -            217 325552at2759         -            426   7.4e-07   23.9   0.1   1   3     0.015      0.16    6.3   0.0   204   243     5    44     1    72 0.53 -
Utg33284:221958-222608   -            217 325552at2759         -            426   7.4e-07   23.9   0.1   2   3   0.00016    0.0017   12.8   0.0   191   230    99   137    81   147 0.83 -
Utg33284:221958-222608   -            217 325552at2759         -            426   7.4e-07   23.9   0.1   3   3      0.51       5.6    1.2   0.0   202   229   151   178   139   191 0.74 -
Utg33276:263948-264118   -             57 325552at2759         -            426   8.8e-07   23.6   0.2   1   1     9e-08   9.8e-07   23.5   0.2   170   226     2    56     1    57 0.94 -
Utg33260:799164-799916   -            251 325552at2759         -            426   1.1e-06   23.3   3.7   1   4   6.9e-05   0.00075   14.0   0.7   171   228     2    65     1    83 0.72 -
Utg33260:799164-799916   -            251 325552at2759         -            426   1.1e-06   23.3   3.7   2   4       3.6        39   -1.6   0.0   369   391    75    97    66   102 0.75 -
Utg33260:799164-799916   -            251 325552at2759         -            426   1.1e-06   23.3   3.7   3   4     0.029      0.32    5.3   0.0   211   231   151   171   145   200 0.75 -
Utg33260:799164-799916   -            251 325552at2759         -            426   1.1e-06   23.3   3.7   4   4       0.2       2.1    2.6   0.1   209   228   206   225   195   243 0.68 -
Utg33280:97887-98414     -            176 325552at2759         -            426   1.1e-06   23.3   0.7   1   2    0.0012     0.013    9.8   0.6   158   229     1    83     1   108 0.60 -
Utg33280:97887-98414     -            176 325552at2759         -            426   1.1e-06   23.3   0.7   2   2   0.00051    0.0055   11.1   0.0   161   225   105   176    91   176 0.67 -
Utg33272:170956-172221   -            422 325552at2759         -            426   1.2e-06   23.2   0.1   1   1   1.7e-06   1.8e-05   19.3   0.0   153   232   207   288    95   331 0.80 -
Utg33278:49028-49444     -            139 325552at2759         -            426   1.4e-06   22.9   0.0   1   1   2.3e-07   2.5e-06   22.2   0.0   159   228    17    89    10   109 0.84 -
Utg33260:41704-42291     -            196 325552at2759         -            426     2e-06   22.5   0.1   1   2   0.00057    0.0062   11.0   0.1   190   230    41    82     5    97 0.54 -
Utg33260:41704-42291     -            196 325552at2759         -            426     2e-06   22.5   0.1   2   2    0.0013     0.014    9.8   0.0   165   229   126   191    87   195 0.77 -
Utg33286:758523-759458   -            312 325552at2759         -            426   4.1e-06   21.4   0.2   1   3   2.3e-05   0.00025   15.5   0.0   165   239     8    90     2   140 0.76 -
Utg33286:758523-759458   -            312 325552at2759         -            426   4.1e-06   21.4   0.2   2   3      0.28       3.1    2.1   0.1   209   238   227   257   221   275 0.74 -
Utg33286:758523-759458   -            312 325552at2759         -            426   4.1e-06   21.4   0.2   3   3       1.2        14   -0.0   0.0   217   230   283   296   276   310 0.68 -
Utg33272:569606-570496   -            297 325552at2759         -            426     5e-06   21.2   0.2   1   4       1.9        21   -0.7   0.0   102   125    12    35     8    40 0.84 -
Utg33272:569606-570496   -            297 325552at2759         -            426     5e-06   21.2   0.2   2   4       4.4        48   -1.8   0.0   169   196    45    72    23    77 0.71 -
Utg33272:569606-570496   -            297 325552at2759         -            426     5e-06   21.2   0.2   3   4     8e-05   0.00087   13.8   0.0   156   228   121   195   114   208 0.83 -
Utg33272:569606-570496   -            297 325552at2759         -            426     5e-06   21.2   0.2   4   4      0.26       2.8    2.2   0.0   411   426   277   292   266   294 0.86 -
Utg33280:166254-166766   -            171 325552at2759         -            426   6.3e-06   20.8   0.1   1   3     0.025      0.27    5.5   0.0   211   230    13    32     3    48 0.73 -
Utg33280:166254-166766   -            171 325552at2759         -            426   6.3e-06   20.8   0.1   2   3   0.00091    0.0099   10.3   0.0   157   190    57    90    44   100 0.87 -
Utg33280:166254-166766   -            171 325552at2759         -            426   6.3e-06   20.8   0.1   3   3      0.37         4    1.7   0.0   160   190   114   143   105   171 0.71 -
Utg33258:292694-293017   -            108 325552at2759         -            426   1.1e-05   20.0   1.0   1   2   7.3e-05    0.0008   13.9   0.0   153   211    22    79    17    92 0.78 -
Utg33258:292694-293017   -            108 325552at2759         -            426   1.1e-05   20.0   1.0   2   2     0.019       0.2    6.0   0.1    45    61    90   106    76   108 0.70 -
Utg33258:97976-98545     -            190 325552at2759         -            426   4.9e-05   17.9   0.0   1   2      0.46         5    1.4   0.0   155   191    28    66     2    94 0.65 -
Utg33258:97976-98545     -            190 325552at2759         -            426   4.9e-05   17.9   0.0   2   2   4.9e-05   0.00053   14.5   0.0   142   221   110   188   100   190 0.75 -
Utg33252:945604-946008   -            135 325552at2759         -            426   7.2e-05   17.3   0.0   1   2    0.0029     0.031    8.6   0.0    37    73     4    40     2    42 0.89 -
Utg33252:945604-946008   -            135 325552at2759         -            426   7.2e-05   17.3   0.0   2   2     0.011      0.11    6.8   0.0   209   234    73    98    57   109 0.80 -
Utg33260:126932-130279   -           1116 325552at2759         -            426   0.00012   16.6   0.0   1   1   5.3e-05   0.00058   14.3   0.1   170   233   240   304   226   319 0.87 -
Utg33276:378139-379431   -            431 325552at2759         -            426   0.00017   16.1   0.8   1   2    0.0043     0.047    8.1   0.0   189   228    57    96    44   102 0.89 -
Utg33276:378139-379431   -            431 325552at2759         -            426   0.00017   16.1   0.8   2   2      0.17       1.9    2.8   0.1   158   212   112   166    95   205 0.78 -
Utg33260:806084-806281   -             66 325552at2759         -            426   0.00047   14.6   0.8   1   2    0.0011     0.012   10.1   0.1    46    64     4    22     1    31 0.79 -
Utg33260:806084-806281   -             66 325552at2759         -            426   0.00047   14.6   0.8   2   2      0.11       1.2    3.5   0.1   403   424    42    65    34    66 0.58 -
Utg33278:325797-326225   -            143 325552at2759         -            426    0.0017   12.8   0.0   1   1   0.00019    0.0021   12.5   0.0   191   228     7    44     2    64 0.85 -
Utg33252:488605-490530   -            642 325552at2759         -            426     0.007   10.8   0.0   1   4         4        44   -1.7   0.0   134   171    47    87    33    95 0.70 -
Utg33252:488605-490530   -            642 325552at2759         -            426     0.007   10.8   0.0   2   4         2        22   -0.8   0.0    66    89   283   306   276   312 0.76 -
Utg33252:488605-490530   -            642 325552at2759         -            426     0.007   10.8   0.0   3   4       1.1        12    0.1   0.0    35    65   334   367   324   373 0.72 -
Utg33252:488605-490530   -            642 325552at2759         -            426     0.007   10.8   0.0   4   4     0.019       0.2    6.0   0.0    29    59   372   402   352   414 0.83 -
#
# Program:         hmmsearch
# Version:         3.1b2 (February 2015)
# Pipeline mode:   SEARCH
# Query file:      /home/inf-34-2022/Documents/BINP29/DeNovo_LongReads/Busco/busco_downloads/lineages/eukaryota_odb10/hmms/325552at2759.hmm
# Target file:     /home/inf-34-2022/Documents/BINP29/DeNovo_LongReads/Busco/busco_output/auto_lineage/run_eukaryota_odb10/metaeuk_output/initial_results/SRRoutput.fasta.modified.fas
# Option settings: hmmsearch --domtblout /home/inf-34-2022/Documents/BINP29/DeNovo_LongReads/Busco/busco_output/auto_lineage/run_eukaryota_odb10/hmmer_output/initial_run_results/325552at2759.out --cpu 1 /home/inf-34-2022/Documents/BINP29/DeNovo_LongReads/Busco/busco_downloads/lineages/eukaryota_odb10/hmms/325552at2759.hmm /home/inf-34-2022/Documents/BINP29/DeNovo_LongReads/Busco/busco_output/auto_lineage/run_eukaryota_odb10/metaeuk_output/initial_results/SRRoutput.fasta.modified.fas 
# Current dir:     /home/inf-34-2022/Documents/BINP29/DeNovo_LongReads/Busco
# Date:            Fri Feb 24 11:49:12 2023
# [ok]
