#                                                                                --- full sequence --- -------------- this domain -------------   hmm coord   ali coord   env coord
# target name            accession   tlen query name           accession   qlen   E-value  score  bias   #  of  c-Evalue  i-Evalue  score  bias  from    to  from    to  from    to  acc description of target
#    ------------------- ---------- ----- -------------------- ---------- ----- --------- ------ ----- --- --- --------- --------- ------ ----- ----- ----- ----- ----- ----- ----- ---- ---------------------
Utg33252:488605-490530   -            642 464990at2759         -            394     5e-84  277.7  20.8   1   6      0.13       6.6    0.7   0.0     2    51     6    57     5    65 0.74 -
Utg33252:488605-490530   -            642 464990at2759         -            394     5e-84  277.7  20.8   2   6   0.00042     0.021    8.9   0.1    22    53    66   107    46   163 0.72 -
Utg33252:488605-490530   -            642 464990at2759         -            394     5e-84  277.7  20.8   3   6     1e-74   5.2e-73  241.4   0.2    85   305   182   434   123   440 0.82 -
Utg33252:488605-490530   -            642 464990at2759         -            394     5e-84  277.7  20.8   4   6       0.1       5.1    1.1   0.0   303   318   501   516   498   521 0.85 -
Utg33252:488605-490530   -            642 464990at2759         -            394     5e-84  277.7  20.8   5   6      0.67        34   -1.6   0.1   326   346   543   563   525   570 0.61 -
Utg33252:488605-490530   -            642 464990at2759         -            394     5e-84  277.7  20.8   6   6   2.2e-10   1.1e-08   29.6   9.0   329   393   571   637   542   638 0.75 -
Utg33260:987481-989769   -            763 464990at2759         -            394   5.3e-11   37.3   4.6   1   5     0.029       1.5    2.9   0.0    29    51   233   256   216   294 0.65 -
Utg33260:987481-989769   -            763 464990at2759         -            394   5.3e-11   37.3   4.6   2   5      0.12       6.2    0.8   0.0    33    68   276   311   253   320 0.81 -
Utg33260:987481-989769   -            763 464990at2759         -            394   5.3e-11   37.3   4.6   3   5     0.057       2.8    1.9   0.0    67    91   339   363   309   368 0.80 -
Utg33260:987481-989769   -            763 464990at2759         -            394   5.3e-11   37.3   4.6   4   5    0.0001    0.0052   10.9   0.0   100   239   403   568   398   585 0.71 -
Utg33260:987481-989769   -            763 464990at2759         -            394   5.3e-11   37.3   4.6   5   5   2.3e-06   0.00012   16.4   0.2   245   304   601   664   595   732 0.76 -
Utg33258:91958-92944     -            329 464990at2759         -            394   2.1e-07   25.4   0.2   1   2   0.00051     0.026    8.6   0.0   204   288    26   123     7   132 0.64 -
Utg33258:91958-92944     -            329 464990at2759         -            394   2.1e-07   25.4   0.2   2   2   1.2e-05    0.0006   14.0   0.0   219   269   260   318   249   328 0.72 -
Utg33258:110720-113488   -            923 464990at2759         -            394   6.2e-07   23.8   1.2   1   7      0.23        12   -0.1   0.0   225   268    63   113    30   118 0.48 -
Utg33258:110720-113488   -            923 464990at2759         -            394   6.2e-07   23.8   1.2   2   7     0.059       2.9    1.9   0.1   251   268   146   163    77   180 0.56 -
Utg33258:110720-113488   -            923 464990at2759         -            394   6.2e-07   23.8   1.2   3   7      0.56        28   -1.4   0.0   217   249   260   292   250   298 0.83 -
Utg33258:110720-113488   -            923 464990at2759         -            394   6.2e-07   23.8   1.2   4   7      0.49        25   -1.2   0.0   212   235   297   320   265   336 0.68 -
Utg33258:110720-113488   -            923 464990at2759         -            394   6.2e-07   23.8   1.2   5   7    0.0012     0.061    7.4   0.0   219   247   347   375   340   378 0.92 -
Utg33258:110720-113488   -            923 464990at2759         -            394   6.2e-07   23.8   1.2   6   7     0.058       2.9    1.9   0.0   209   248   379   418   376   426 0.89 -
Utg33258:110720-113488   -            923 464990at2759         -            394   6.2e-07   23.8   1.2   7   7     0.031       1.6    2.8   0.0     9    54   455   503   450   548 0.85 -
Utg33286:602387-603034   -            216 464990at2759         -            394   1.3e-05   19.5   0.2   1   5     0.054       2.7    2.0   0.0    32    65    11    46     7    52 0.76 -
Utg33286:602387-603034   -            216 464990at2759         -            394   1.3e-05   19.5   0.2   2   5    0.0076      0.38    4.8   0.0     6    53    26    76    21    82 0.72 -
Utg33286:602387-603034   -            216 464990at2759         -            394   1.3e-05   19.5   0.2   3   5     0.039         2    2.4   0.0   212   248    84   120    46   150 0.55 -
Utg33286:602387-603034   -            216 464990at2759         -            394   1.3e-05   19.5   0.2   4   5      0.56        28   -1.4   0.0   221   248   135   162   124   170 0.69 -
Utg33286:602387-603034   -            216 464990at2759         -            394   1.3e-05   19.5   0.2   5   5   0.00035     0.018    9.2   0.0   218   252   175   209   163   213 0.83 -
Utg33252:1008577-1009023 -            149 464990at2759         -            394   2.5e-05   18.5   0.1   1   2      0.15       7.4    0.6   0.0   218   235    27    44    12    59 0.63 -
Utg33252:1008577-1009023 -            149 464990at2759         -            394   2.5e-05   18.5   0.1   2   2   3.1e-06   0.00016   15.9   0.0   222   251    89   118    77   130 0.84 -
Utg33286:568620-569414   -            265 464990at2759         -            394   2.9e-05   18.3   0.1   1   3     0.054       2.7    2.0   0.0   252   270     9    27     3    29 0.80 -
Utg33286:568620-569414   -            265 464990at2759         -            394   2.9e-05   18.3   0.1   2   3    0.0031      0.16    6.1   0.0   217   248    49    80    42    93 0.83 -
Utg33286:568620-569414   -            265 464990at2759         -            394   2.9e-05   18.3   0.1   3   3    0.0022      0.11    6.5   0.0   216   246   141   171   128   183 0.90 -
Utg33264:63272-64447     -            392 464990at2759         -            394   0.00014   16.1   0.1   1   3   0.00014    0.0072   10.5   0.0   217   256    66   105    61   113 0.89 -
Utg33264:63272-64447     -            392 464990at2759         -            394   0.00014   16.1   0.1   2   3     0.037       1.9    2.5   0.0   179   207   143   169   137   220 0.67 -
Utg33264:63272-64447     -            392 464990at2759         -            394   0.00014   16.1   0.1   3   3       1.2        59   -2.4   0.0   255   271   372   388   365   389 0.71 -
Utg33278:374491-375489   -            333 464990at2759         -            394   0.00025   15.3   0.1   1   3   0.00058     0.029    8.5   0.0    32    90    16    84     4   101 0.69 -
Utg33278:374491-375489   -            333 464990at2759         -            394   0.00025   15.3   0.1   2   3      0.29        15   -0.4   0.0   227   252    64    89    56   183 0.60 -
Utg33278:374491-375489   -            333 464990at2759         -            394   0.00025   15.3   0.1   3   3     0.016      0.83    3.7   0.0   219   248   245   274   241   283 0.91 -
Utg33264:471542-471889   -            116 464990at2759         -            394   0.00033   14.9   0.1   1   2   0.00011    0.0053   10.9   0.0   221   256     2    37     1    76 0.70 -
Utg33264:471542-471889   -            116 464990at2759         -            394   0.00033   14.9   0.1   2   2     0.043       2.2    2.3   0.0   247   271    84   108    78   116 0.74 -
Utg33266:274040-274927   -            296 464990at2759         -            394   0.00042   14.5   0.0   1   3      0.55        28   -1.4   0.0   164   190    41    68    37    73 0.79 -
Utg33266:274040-274927   -            296 464990at2759         -            394   0.00042   14.5   0.0   2   3      0.43        21   -1.0   0.0   221   249   105   133    99   136 0.86 -
Utg33266:274040-274927   -            296 464990at2759         -            394   0.00042   14.5   0.0   3   3   8.9e-05    0.0045   11.1   0.0   193   249   158   217   146   224 0.79 -
Utg33286:434211-435356   -            382 464990at2759         -            394   0.00044   14.5   1.1   1   3     0.024       1.2    3.1   0.1   252   285    77   104    69   113 0.73 -
Utg33286:434211-435356   -            382 464990at2759         -            394   0.00044   14.5   1.1   2   3     0.081       4.1    1.4   0.0    57   100   253   296   216   302 0.69 -
Utg33286:434211-435356   -            382 464990at2759         -            394   0.00044   14.5   1.1   3   3     0.018       0.9    3.6   0.0   226   254   307   335   300   339 0.86 -
Utg33270:160100-161377   -            426 464990at2759         -            394    0.0011   13.2   0.0   1   2   0.00023     0.011    9.8   0.0   221   270    30    91    18   102 0.78 -
Utg33270:160100-161377   -            426 464990at2759         -            394    0.0011   13.2   0.0   2   2    0.0055      0.28    5.2   0.0   219   249    74   104    61   116 0.76 -
Utg33272:41570-42964     -            465 464990at2759         -            394    0.0015   12.7   0.2   1   3   0.00056     0.028    8.5   0.2   222   267    98   151    93   171 0.76 -
Utg33272:41570-42964     -            465 464990at2759         -            394    0.0015   12.7   0.2   2   3      0.34        17   -0.7   0.0     9    59   159   212   150   223 0.65 -
Utg33272:41570-42964     -            465 464990at2759         -            394    0.0015   12.7   0.2   3   3      0.31        16   -0.5   0.0   222   247   355   380   339   387 0.86 -
Utg33278:49028-49444     -            139 464990at2759         -            394    0.0021   12.2   0.0   1   2    0.0017     0.084    6.9   0.0   218   251    14    48     6    55 0.87 -
Utg33278:49028-49444     -            139 464990at2759         -            394    0.0021   12.2   0.0   2   2     0.018       0.9    3.5   0.0   218   254    58    95    48    98 0.81 -
Utg33278:325797-326225   -            143 464990at2759         -            394    0.0083   10.3   0.0   1   1    0.0002      0.01   10.0   0.0   217   254    13    50     7    67 0.90 -
#
# Program:         hmmsearch
# Version:         3.1b2 (February 2015)
# Pipeline mode:   SEARCH
# Query file:      /home/inf-34-2022/Documents/BINP29/DeNovo_LongReads/Busco/busco_downloads/lineages/eukaryota_odb10/hmms/464990at2759.hmm
# Target file:     /home/inf-34-2022/Documents/BINP29/DeNovo_LongReads/Busco/busco_output/auto_lineage/run_eukaryota_odb10/metaeuk_output/initial_results/SRRoutput.fasta.modified.fas
# Option settings: hmmsearch --domtblout /home/inf-34-2022/Documents/BINP29/DeNovo_LongReads/Busco/busco_output/auto_lineage/run_eukaryota_odb10/hmmer_output/initial_run_results/464990at2759.out --cpu 1 /home/inf-34-2022/Documents/BINP29/DeNovo_LongReads/Busco/busco_downloads/lineages/eukaryota_odb10/hmms/464990at2759.hmm /home/inf-34-2022/Documents/BINP29/DeNovo_LongReads/Busco/busco_output/auto_lineage/run_eukaryota_odb10/metaeuk_output/initial_results/SRRoutput.fasta.modified.fas 
# Current dir:     /home/inf-34-2022/Documents/BINP29/DeNovo_LongReads/Busco
# Date:            Fri Feb 24 11:49:13 2023
# [ok]
