#                                                                              --- full sequence --- -------------- this domain -------------   hmm coord   ali coord   env coord
# target name          accession   tlen query name           accession   qlen   E-value  score  bias   #  of  c-Evalue  i-Evalue  score  bias  from    to  from    to  from    to  acc description of target
#  ------------------- ---------- ----- -------------------- ---------- ----- --------- ------ ----- --- --- --------- --------- ------ ----- ----- ----- ----- ----- ----- ----- ---- ---------------------
Utg33286:221516-228994 -           2493 674160at2759         -           1184    5e-192  636.1  53.5   1  10   1.3e-05     0.011    9.0   0.0    27    60   664   699   657   717 0.81 -
Utg33286:221516-228994 -           2493 674160at2759         -           1184    5e-192  636.1  53.5   2  10   2.7e-28   2.2e-25   84.1   0.1    72   171   830   937   827   977 0.87 -
Utg33286:221516-228994 -           2493 674160at2759         -           1184    5e-192  636.1  53.5   3  10   1.2e-07   9.7e-05   15.7   0.0   222   260  1091  1129  1080  1146 0.87 -
Utg33286:221516-228994 -           2493 674160at2759         -           1184    5e-192  636.1  53.5   4  10     0.021        17   -1.6   0.0   143   179  1207  1244  1196  1252 0.84 -
Utg33286:221516-228994 -           2493 674160at2759         -           1184    5e-192  636.1  53.5   5  10   5.8e-08   4.6e-05   16.8   0.1   322   391  1287  1365  1241  1375 0.72 -
Utg33286:221516-228994 -           2493 674160at2759         -           1184    5e-192  636.1  53.5   6  10   2.6e-27   2.1e-24   80.9   0.5   388   516  1401  1553  1395  1559 0.82 -
Utg33286:221516-228994 -           2493 674160at2759         -           1184    5e-192  636.1  53.5   7  10   3.1e-61   2.5e-58  193.3   2.9   527   728  1607  1826  1591  1830 0.90 -
Utg33286:221516-228994 -           2493 674160at2759         -           1184    5e-192  636.1  53.5   8  10   3.7e-64     3e-61  202.9   6.4   731   998  1865  2162  1838  2169 0.83 -
Utg33286:221516-228994 -           2493 674160at2759         -           1184    5e-192  636.1  53.5   9  10   1.2e-06   0.00095   12.5   0.1  1011  1069  2230  2305  2207  2375 0.67 -
Utg33286:221516-228994 -           2493 674160at2759         -           1184    5e-192  636.1  53.5  10  10   8.2e-17   6.6e-14   46.1   2.5  1112  1183  2400  2471  2382  2473 0.94 -
#
# Program:         hmmsearch
# Version:         3.1b2 (February 2015)
# Pipeline mode:   SEARCH
# Query file:      /home/inf-34-2022/Documents/BINP29/DeNovo_LongReads/Busco/busco_downloads/lineages/eukaryota_odb10/hmms/674160at2759.hmm
# Target file:     /home/inf-34-2022/Documents/BINP29/DeNovo_LongReads/Busco/busco_output/auto_lineage/run_eukaryota_odb10/metaeuk_output/initial_results/SRRoutput.fasta.modified.fas
# Option settings: hmmsearch --domtblout /home/inf-34-2022/Documents/BINP29/DeNovo_LongReads/Busco/busco_output/auto_lineage/run_eukaryota_odb10/hmmer_output/initial_run_results/674160at2759.out --cpu 1 /home/inf-34-2022/Documents/BINP29/DeNovo_LongReads/Busco/busco_downloads/lineages/eukaryota_odb10/hmms/674160at2759.hmm /home/inf-34-2022/Documents/BINP29/DeNovo_LongReads/Busco/busco_output/auto_lineage/run_eukaryota_odb10/metaeuk_output/initial_results/SRRoutput.fasta.modified.fas 
# Current dir:     /home/inf-34-2022/Documents/BINP29/DeNovo_LongReads/Busco
# Date:            Fri Feb 24 11:49:14 2023
# [ok]
