#                                                                                --- full sequence --- -------------- this domain -------------   hmm coord   ali coord   env coord
# target name            accession   tlen query name           accession   qlen   E-value  score  bias   #  of  c-Evalue  i-Evalue  score  bias  from    to  from    to  from    to  acc description of target
#    ------------------- ---------- ----- -------------------- ---------- ----- --------- ------ ----- --- --- --------- --------- ------ ----- ----- ----- ----- ----- ----- ----- ---- ---------------------
Utg33264:345441-347861   -            807 759498at2759         -            434  1.7e-163  540.0  11.8   1   3   4.1e-37     5e-36  120.0   0.2     1   114   154   289   154   310 0.83 -
Utg33264:345441-347861   -            807 759498at2759         -            434  1.7e-163  540.0  11.8   2   3   2.2e-57   2.7e-56  186.7   0.2   114   252   321   472   313   478 0.90 -
Utg33264:345441-347861   -            807 759498at2759         -            434  1.7e-163  540.0  11.8   3   3   2.1e-73   2.6e-72  239.5   1.5   263   434   618   805   608   805 0.94 -
Utg33286:602387-603034   -            216 759498at2759         -            434   4.8e-33  110.1   0.4   1   5   1.3e-07   1.6e-06   22.7   0.0   215   250     3    38     1    42 0.91 -
Utg33286:602387-603034   -            216 759498at2759         -            434   4.8e-33  110.1   0.4   2   5   1.7e-05   0.00021   15.8   0.0   211   246    41    76    38    80 0.93 -
Utg33286:602387-603034   -            216 759498at2759         -            434   4.8e-33  110.1   0.4   3   5   3.6e-09   4.5e-08   27.8   0.0   208   252    80   124    77   128 0.94 -
Utg33286:602387-603034   -            216 759498at2759         -            434   4.8e-33  110.1   0.4   4   5   6.6e-08   8.2e-07   23.7   0.0   212   251   126   165   123   167 0.94 -
Utg33286:602387-603034   -            216 759498at2759         -            434   4.8e-33  110.1   0.4   5   5   1.7e-05   0.00021   15.8   0.0   213   249   169   206   165   209 0.87 -
Utg33258:72355-73566     -            404 759498at2759         -            434   1.4e-27   92.1   0.5   1   7     0.034      0.42    4.9   0.0   213   250    37    73    11    78 0.80 -
Utg33258:72355-73566     -            404 759498at2759         -            434   1.4e-27   92.1   0.5   2   7   4.4e-06   5.5e-05   17.7   0.0   217   254   140   177   110   179 0.86 -
Utg33258:72355-73566     -            404 759498at2759         -            434   1.4e-27   92.1   0.5   3   7   2.5e-07   3.1e-06   21.8   0.0   211   253   176   218   174   223 0.93 -
Utg33258:72355-73566     -            404 759498at2759         -            434   1.4e-27   92.1   0.5   4   7     0.001     0.013    9.9   0.0   218   249   224   256   220   260 0.86 -
Utg33258:72355-73566     -            404 759498at2759         -            434   1.4e-27   92.1   0.5   5   7   0.00022    0.0027   12.1   0.1   214   249   270   305   267   308 0.93 -
Utg33258:72355-73566     -            404 759498at2759         -            434   1.4e-27   92.1   0.5   6   7   1.4e-05   0.00018   16.0   0.0   211   254   321   364   318   365 0.93 -
Utg33258:72355-73566     -            404 759498at2759         -            434   1.4e-27   92.1   0.5   7   7     0.094       1.2    3.4   0.0   209   245   361   403   359   404 0.80 -
Utg33250:355727-356611   -            295 759498at2759         -            434   2.4e-25   84.8   2.6   1   6   9.6e-06   0.00012   16.6   0.0   220   251     1    33     1    38 0.89 -
Utg33250:355727-356611   -            295 759498at2759         -            434   2.4e-25   84.8   2.6   2   6   5.4e-05   0.00066   14.1   0.0   212   250    36    74    33    77 0.91 -
Utg33250:355727-356611   -            295 759498at2759         -            434   2.4e-25   84.8   2.6   3   6   1.4e-05   0.00017   16.0   0.0   213   251    79   117    75   122 0.89 -
Utg33250:355727-356611   -            295 759498at2759         -            434   2.4e-25   84.8   2.6   4   6   2.3e-06   2.8e-05   18.6   0.1   209   252   117   160   114   166 0.91 -
Utg33250:355727-356611   -            295 759498at2759         -            434   2.4e-25   84.8   2.6   5   6   0.00031    0.0038   11.6   0.0   277   356   167   246   162   253 0.86 -
Utg33250:355727-356611   -            295 759498at2759         -            434   2.4e-25   84.8   2.6   6   6     0.048       0.6    4.4   0.0   217   246   258   287   251   293 0.86 -
Utg33280:184914-188501   -           1196 759498at2759         -            434     4e-24   80.8   2.5   1   5     0.064      0.79    4.0   0.0   413   434    15    36     3    36 0.88 -
Utg33280:184914-188501   -           1196 759498at2759         -            434     4e-24   80.8   2.5   2   5   3.9e-06   4.8e-05   17.9   0.0   212   252    46    86    43    90 0.94 -
Utg33280:184914-188501   -           1196 759498at2759         -            434     4e-24   80.8   2.5   3   5   3.3e-05    0.0004   14.8   0.0   213   250    89   126    86   131 0.89 -
Utg33280:184914-188501   -           1196 759498at2759         -            434     4e-24   80.8   2.5   4   5   0.00012    0.0015   12.9   0.0   213   248   131   166   128   171 0.90 -
Utg33280:184914-188501   -           1196 759498at2759         -            434     4e-24   80.8   2.5   5   5   1.3e-06   1.6e-05   19.4   0.1   212   353   202   327   199   338 0.76 -
Utg33258:110720-113488   -            923 759498at2759         -            434   1.8e-23   78.6   4.4   1   7   8.2e-05     0.001   13.5   0.0   197   255   125   184   122   187 0.87 -
Utg33258:110720-113488   -            923 759498at2759         -            434   1.8e-23   78.6   4.4   2   7      0.15       1.9    2.7   0.0   210   247   184   221   177   224 0.91 -
Utg33258:110720-113488   -            923 759498at2759         -            434   1.8e-23   78.6   4.4   3   7   0.00037    0.0046   11.3   0.0   276   336   259   321   249   332 0.87 -
Utg33258:110720-113488   -            923 759498at2759         -            434   1.8e-23   78.6   4.4   4   7   0.00014    0.0017   12.8   0.0   212   252   340   380   337   382 0.93 -
Utg33258:110720-113488   -            923 759498at2759         -            434   1.8e-23   78.6   4.4   5   7   0.00022    0.0027   12.1   0.0   208   249   378   419   376   423 0.90 -
Utg33258:110720-113488   -            923 759498at2759         -            434   1.8e-23   78.6   4.4   6   7     0.019      0.24    5.7   0.0   219   251   432   465   419   469 0.83 -
Utg33258:110720-113488   -            923 759498at2759         -            434   1.8e-23   78.6   4.4   7   7   1.1e-05   0.00014   16.3   0.0   213   247   469   503   466   516 0.90 -
Utg33272:620956-621864   -            303 759498at2759         -            434   1.6e-22   75.5   4.9   1   7      0.03      0.37    5.1   0.0   230   251     3    24     1    29 0.90 -
Utg33272:620956-621864   -            303 759498at2759         -            434   1.6e-22   75.5   4.9   2   7         1        13   -0.0   0.0   276   306    31    61    26    64 0.52 -
Utg33272:620956-621864   -            303 759498at2759         -            434   1.6e-22   75.5   4.9   3   7   2.4e-10     3e-09   31.7   0.0   204   248    62   106    56   109 0.92 -
Utg33272:620956-621864   -            303 759498at2759         -            434   1.6e-22   75.5   4.9   4   7    0.0011     0.013    9.8   0.0   215   252   114   151   107   155 0.91 -
Utg33272:620956-621864   -            303 759498at2759         -            434   1.6e-22   75.5   4.9   5   7       2.8        35   -1.5   0.0   217   246   159   188   153   192 0.87 -
Utg33272:620956-621864   -            303 759498at2759         -            434   1.6e-22   75.5   4.9   6   7   7.7e-05   0.00096   13.6   0.0   199   248   188   238   176   242 0.82 -
Utg33272:620956-621864   -            303 759498at2759         -            434   1.6e-22   75.5   4.9   7   7   0.00025    0.0031   11.9   0.1   212   249   245   282   240   286 0.89 -
Utg33258:91958-92944     -            329 759498at2759         -            434   6.3e-22   73.5   9.1   1   6      0.54       6.7    0.9   0.0   228   249    11    32     2    35 0.79 -
Utg33258:91958-92944     -            329 759498at2759         -            434   6.3e-22   73.5   9.1   2   6   1.9e-07   2.4e-06   22.2   0.0   209   252    34    77    32    81 0.95 -
Utg33258:91958-92944     -            329 759498at2759         -            434   6.3e-22   73.5   9.1   3   6    0.0094      0.12    6.7   0.1   214   249    82   124    78   128 0.70 -
Utg33258:91958-92944     -            329 759498at2759         -            434   6.3e-22   73.5   9.1   4   6   4.5e-06   5.5e-05   17.7   0.1   212   256   129   173   126   184 0.84 -
Utg33258:91958-92944     -            329 759498at2759         -            434   6.3e-22   73.5   9.1   5   6   8.8e-06   0.00011   16.7   0.0   209   250   250   291   243   294 0.92 -
Utg33258:91958-92944     -            329 759498at2759         -            434   6.3e-22   73.5   9.1   6   6   0.00084      0.01   10.2   0.1   212   246   295   329   292   329 0.95 -
Utg33254:548155-550605   -            817 759498at2759         -            434   1.8e-21   72.0   1.7   1   8      0.13       1.6    3.0   0.0   214   252    58    96    52   103 0.90 -
Utg33254:548155-550605   -            817 759498at2759         -            434   1.8e-21   72.0   1.7   2   8     0.003     0.038    8.3   0.0   208   252   135   183   130   187 0.79 -
Utg33254:548155-550605   -            817 759498at2759         -            434   1.8e-21   72.0   1.7   3   8         1        13    0.0   0.0   227   254   206   234   184   240 0.65 -
Utg33254:548155-550605   -            817 759498at2759         -            434   1.8e-21   72.0   1.7   4   8   1.2e-05   0.00015   16.2   0.0   196   252   367   423   342   437 0.87 -
Utg33254:548155-550605   -            817 759498at2759         -            434   1.8e-21   72.0   1.7   5   8     5e-05   0.00061   14.2   0.0   196   250   468   524   456   530 0.80 -
Utg33254:548155-550605   -            817 759498at2759         -            434   1.8e-21   72.0   1.7   6   8     0.037      0.46    4.7   0.0   215   248   531   564   526   570 0.82 -
Utg33254:548155-550605   -            817 759498at2759         -            434   1.8e-21   72.0   1.7   7   8   0.00013    0.0017   12.8   0.0   212   252   570   610   562   613 0.91 -
Utg33254:548155-550605   -            817 759498at2759         -            434   1.8e-21   72.0   1.7   8   8      0.28       3.4    1.9   0.0   213   249   613   649   611   652 0.89 -
Utg33254:379323-382133   -            937 759498at2759         -            434   1.6e-19   65.6  13.5   1   7      0.64       7.9    0.7   0.0   223   250    85   112    74   116 0.80 -
Utg33254:379323-382133   -            937 759498at2759         -            434   1.6e-19   65.6  13.5   2   7    0.0031     0.038    8.3   0.0   211   246   115   150   111   157 0.93 -
Utg33254:379323-382133   -            937 759498at2759         -            434   1.6e-19   65.6  13.5   3   7   0.00015    0.0018   12.7   0.1   213   253   159   198   154   205 0.87 -
Utg33254:379323-382133   -            937 759498at2759         -            434   1.6e-19   65.6  13.5   4   7       0.7       8.6    0.6   0.0   216   247   203   232   197   238 0.77 -
Utg33254:379323-382133   -            937 759498at2759         -            434   1.6e-19   65.6  13.5   5   7   6.9e-05   0.00085   13.8   0.0   144   252   319   425   308   431 0.68 -
Utg33254:379323-382133   -            937 759498at2759         -            434   1.6e-19   65.6  13.5   6   7   8.8e-07   1.1e-05   20.0   0.4   215   383   471   640   465   645 0.85 -
Utg33254:379323-382133   -            937 759498at2759         -            434   1.6e-19   65.6  13.5   7   7    0.0012     0.015    9.7   0.1   214   250   654   690   647   694 0.87 -
Utg33278:290563-291534   -            324 759498at2759         -            434   7.6e-19   63.3   5.0   1   6   0.00017    0.0021   12.5   0.1   215   252     1    37     1    39 0.91 -
Utg33278:290563-291534   -            324 759498at2759         -            434   7.6e-19   63.3   5.0   2   6   3.3e-05    0.0004   14.8   0.0   210   246    37    75    35    81 0.84 -
Utg33278:290563-291534   -            324 759498at2759         -            434   7.6e-19   63.3   5.0   3   6   2.8e-06   3.5e-05   18.3   0.0   205   254    99   146    87   148 0.88 -
Utg33278:290563-291534   -            324 759498at2759         -            434   7.6e-19   63.3   5.0   4   6    0.0012     0.015    9.6   0.0   213   250   147   184   144   189 0.91 -
Utg33278:290563-291534   -            324 759498at2759         -            434   7.6e-19   63.3   5.0   5   6     0.016      0.19    6.0   0.0   212   248   208   242   205   245 0.86 -
Utg33278:290563-291534   -            324 759498at2759         -            434   7.6e-19   63.3   5.0   6   6       0.7       8.7    0.6   0.0   323   348   257   282   243   314 0.80 -
Utg33252:840658-842829   -            724 759498at2759         -            434   3.4e-18   61.2   0.2   1   6     0.026      0.32    5.3   0.0   409   434     7    32     2    32 0.83 -
Utg33252:840658-842829   -            724 759498at2759         -            434   3.4e-18   61.2   0.2   2   6     0.033      0.41    4.9   0.0   218   252    48    82    41    83 0.84 -
Utg33252:840658-842829   -            724 759498at2759         -            434   3.4e-18   61.2   0.2   3   6   1.8e-06   2.3e-05   18.9   0.0   212   248    84   120    82   124 0.91 -
Utg33252:840658-842829   -            724 759498at2759         -            434   3.4e-18   61.2   0.2   4   6    0.0011     0.013    9.9   0.0   212   248   127   164   123   175 0.88 -
Utg33252:840658-842829   -            724 759498at2759         -            434   3.4e-18   61.2   0.2   5   6     0.022      0.27    5.5   0.0   228   252   189   213   167   216 0.84 -
Utg33252:840658-842829   -            724 759498at2759         -            434   3.4e-18   61.2   0.2   6   6    0.0015     0.018    9.4   0.0   212   248   215   251   212   258 0.90 -
Utg33274:551184-553064   -            627 759498at2759         -            434   3.5e-18   61.2   1.8   1   6      0.33       4.1    1.6   0.0   213   249   307   344   305   348 0.78 -
Utg33274:551184-553064   -            627 759498at2759         -            434   3.5e-18   61.2   1.8   2   6   0.00053    0.0066   10.8   0.0   298   357   334   394   321   405 0.84 -
Utg33274:551184-553064   -            627 759498at2759         -            434   3.5e-18   61.2   1.8   3   6   7.2e-08   8.9e-07   23.6   0.0   211   264   409   461   394   479 0.79 -
Utg33274:551184-553064   -            627 759498at2759         -            434   3.5e-18   61.2   1.8   4   6     0.013      0.17    6.2   0.0   227   251   487   511   471   513 0.84 -
Utg33274:551184-553064   -            627 759498at2759         -            434   3.5e-18   61.2   1.8   5   6   2.4e-05    0.0003   15.2   0.0   213   250   515   550   512   564 0.91 -
Utg33274:551184-553064   -            627 759498at2759         -            434   3.5e-18   61.2   1.8   6   6       2.2        27   -1.1   0.1   215   246   598   627   592   627 0.75 -
Utg33282:153470-154441   -            324 759498at2759         -            434   6.3e-18   60.3   4.8   1   6   6.4e-05   0.00079   13.9   0.1   215   252     1    37     1    39 0.86 -
Utg33282:153470-154441   -            324 759498at2759         -            434   6.3e-18   60.3   4.8   2   6   2.8e-05   0.00035   15.0   0.0   210   247    37    76    35    81 0.83 -
Utg33282:153470-154441   -            324 759498at2759         -            434   6.3e-18   60.3   4.8   3   6     4e-06   4.9e-05   17.8   0.0   205   254    99   146    87   148 0.88 -
Utg33282:153470-154441   -            324 759498at2759         -            434   6.3e-18   60.3   4.8   4   6    0.0024     0.029    8.7   0.1   213   247   147   181   144   189 0.92 -
Utg33282:153470-154441   -            324 759498at2759         -            434   6.3e-18   60.3   4.8   5   6      0.24       2.9    2.1   0.0   212   247   208   241   205   247 0.81 -
Utg33282:153470-154441   -            324 759498at2759         -            434   6.3e-18   60.3   4.8   6   6      0.37       4.6    1.4   0.0   320   380   256   315   226   320 0.72 -
Utg33286:208831-209676   -            282 759498at2759         -            434   2.2e-17   58.5   0.4   1   4    0.0069     0.086    7.2   0.0   221   248     3    30     1    37 0.85 -
Utg33286:208831-209676   -            282 759498at2759         -            434   2.2e-17   58.5   0.4   2   4     4e-11     5e-10   34.3   0.0   191   248    36    92    34    96 0.93 -
Utg33286:208831-209676   -            282 759498at2759         -            434   2.2e-17   58.5   0.4   3   4      0.68       8.5    0.6   0.0   215   245   117   147   111   156 0.72 -
Utg33286:208831-209676   -            282 759498at2759         -            434   2.2e-17   58.5   0.4   4   4   0.00025     0.003   11.9   0.0   213   249   157   193   150   205 0.85 -
Utg33284:515997-517475   -            493 759498at2759         -            434   1.4e-15   52.6   4.0   1   7       7.2        89   -2.8   0.1    47    90    59   103    41   117 0.57 -
Utg33284:515997-517475   -            493 759498at2759         -            434   1.4e-15   52.6   4.0   2   7      0.14       1.7    2.9   0.0   214   251   166   204   127   206 0.81 -
Utg33284:515997-517475   -            493 759498at2759         -            434   1.4e-15   52.6   4.0   3   7   0.00016     0.002   12.6   0.0   215   254   210   250   206   256 0.87 -
Utg33284:515997-517475   -            493 759498at2759         -            434   1.4e-15   52.6   4.0   4   7    0.0001    0.0012   13.2   0.0   212   252   269   307   253   314 0.91 -
Utg33284:515997-517475   -            493 759498at2759         -            434   1.4e-15   52.6   4.0   5   7     0.022      0.27    5.5   0.0   229   251   349   371   338   375 0.84 -
Utg33284:515997-517475   -            493 759498at2759         -            434   1.4e-15   52.6   4.0   6   7   4.8e-05    0.0006   14.3   0.0   209   251   371   411   369   419 0.88 -
Utg33284:515997-517475   -            493 759498at2759         -            434   1.4e-15   52.6   4.0   7   7       2.9        36   -1.5   0.0   207   245   454   492   449   493 0.77 -
Utg33272:41570-42964     -            465 759498at2759         -            434   3.3e-14   48.1   3.3   1   4   8.9e-05    0.0011   13.4   0.1   212   245   130   163   125   169 0.91 -
Utg33272:41570-42964     -            465 759498at2759         -            434   3.3e-14   48.1   3.3   2   4    0.0026     0.033    8.5   0.0   215   251   175   211   172   216 0.92 -
Utg33272:41570-42964     -            465 759498at2759         -            434   3.3e-14   48.1   3.3   3   4   0.00019    0.0023   12.3   0.0   212   252   214   254   211   259 0.92 -
Utg33272:41570-42964     -            465 759498at2759         -            434   3.3e-14   48.1   3.3   4   4    0.0028     0.035    8.4   0.0   215   245   348   378   336   382 0.87 -
Utg33280:972927-973832   -            302 759498at2759         -            434   3.9e-14   47.8  10.9   1   7       5.5        68   -2.4   0.0   232   255     1    24     1    26 0.83 -
Utg33280:972927-973832   -            302 759498at2759         -            434   3.9e-14   47.8  10.9   2   7   0.00015    0.0019   12.6   0.1   214   250    29    65    18    78 0.83 -
Utg33280:972927-973832   -            302 759498at2759         -            434   3.9e-14   47.8  10.9   3   7   5.9e-05   0.00073   14.0   0.1   212   248    76   112    73   122 0.91 -
Utg33280:972927-973832   -            302 759498at2759         -            434   3.9e-14   47.8  10.9   4   7   0.00017    0.0021   12.4   0.1   212   245   122   155   116   166 0.89 -
Utg33280:972927-973832   -            302 759498at2759         -            434   3.9e-14   47.8  10.9   5   7    0.0014     0.017    9.5   0.1   212   246   166   202   162   207 0.85 -
Utg33280:972927-973832   -            302 759498at2759         -            434   3.9e-14   47.8  10.9   6   7       4.5        55   -2.1   0.0   359   385   223   250   221   266 0.52 -
Utg33280:972927-973832   -            302 759498at2759         -            434   3.9e-14   47.8  10.9   7   7      0.14       1.7    2.9   0.0   222   247   277   301   268   302 0.80 -
Utg33264:472229-472723   -            165 759498at2759         -            434     9e-14   46.6   1.0   1   3     0.047      0.58    4.4   0.0   213   247     2    37     1    43 0.84 -
Utg33264:472229-472723   -            165 759498at2759         -            434     9e-14   46.6   1.0   2   3   4.1e-06   5.1e-05   17.8   0.0   209   250    46    87    39    90 0.93 -
Utg33264:472229-472723   -            165 759498at2759         -            434     9e-14   46.6   1.0   3   3   1.9e-07   2.3e-06   22.2   0.1   212   251    91   129    88   137 0.89 -
Utg33260:799164-799916   -            251 759498at2759         -            434   1.6e-13   45.8   2.7   1   4    0.0014     0.017    9.5   0.2   214   249    29    66    21    70 0.80 -
Utg33260:799164-799916   -            251 759498at2759         -            434   1.6e-13   45.8   2.7   2   4    0.0062     0.077    7.3   0.0   212   246    71   103    67   131 0.78 -
Utg33260:799164-799916   -            251 759498at2759         -            434   1.6e-13   45.8   2.7   3   4     0.029      0.36    5.1   0.0   229   246   149   166   132   174 0.87 -
Utg33260:799164-799916   -            251 759498at2759         -            434   1.6e-13   45.8   2.7   4   4   2.7e-07   3.4e-06   21.7   0.0   199   253   178   230   169   236 0.90 -
Utg33276:262937-263683   -            249 759498at2759         -            434   3.9e-13   44.5   0.3   1   3    0.0047     0.059    7.7   0.0   212   251   111   148   108   150 0.91 -
Utg33276:262937-263683   -            249 759498at2759         -            434   3.9e-13   44.5   0.3   2   3   9.7e-05    0.0012   13.3   0.0   213   252   152   189   149   191 0.92 -
Utg33276:262937-263683   -            249 759498at2759         -            434   3.9e-13   44.5   0.3   3   3     6e-07   7.4e-06   20.5   0.2   212   254   191   231   189   241 0.88 -
Utg33264:535476-536516   -            347 759498at2759         -            434   4.7e-12   41.0   0.4   1   4      0.23       2.9    2.1   0.0   212   249     5    42     2    46 0.85 -
Utg33264:535476-536516   -            347 759498at2759         -            434   4.7e-12   41.0   0.4   2   4   3.9e-07   4.8e-06   21.2   0.1   213   252    48    87    45    94 0.94 -
Utg33264:535476-536516   -            347 759498at2759         -            434   4.7e-12   41.0   0.4   3   4     0.015      0.19    6.0   0.1   328   383   164   221    87   252 0.73 -
Utg33264:535476-536516   -            347 759498at2759         -            434   4.7e-12   41.0   0.4   4   4     0.012      0.15    6.4   0.0   213   247   289   323   286   327 0.90 -
Utg33266:274040-274927   -            296 759498at2759         -            434   5.6e-12   40.7   1.0   1   5      0.73       9.1    0.5   0.0   308   425    44    73     9    87 0.58 -
Utg33266:274040-274927   -            296 759498at2759         -            434   5.6e-12   40.7   1.0   2   5     9e-05    0.0011   13.4   0.0   214   254    98   138    94   140 0.94 -
Utg33266:274040-274927   -            296 759498at2759         -            434   5.6e-12   40.7   1.0   3   5     0.003     0.037    8.4   0.0   213   253   139   179   136   182 0.91 -
Utg33266:274040-274927   -            296 759498at2759         -            434   5.6e-12   40.7   1.0   4   5   0.00029    0.0036   11.7   0.0   211   248   179   216   176   239 0.89 -
Utg33266:274040-274927   -            296 759498at2759         -            434   5.6e-12   40.7   1.0   5   5      0.13       1.6    2.9   0.0   213   239   269   295   265   296 0.91 -
Utg33254:112986-114452   -            489 759498at2759         -            434   6.8e-12   40.5   1.1   1   4    0.0083       0.1    6.9   0.0   206   253    56   104    49   121 0.81 -
Utg33254:112986-114452   -            489 759498at2759         -            434   6.8e-12   40.5   1.1   2   4    0.0093      0.11    6.7   0.1   228   251   132   155   128   289 0.58 -
Utg33254:112986-114452   -            489 759498at2759         -            434   6.8e-12   40.5   1.1   3   4   0.00073    0.0091   10.4   0.0   212   250   300   338   289   343 0.93 -
Utg33254:112986-114452   -            489 759498at2759         -            434   6.8e-12   40.5   1.1   4   4    0.0012     0.015    9.6   0.1   214   246   345   377   338   386 0.84 -
Utg33252:599431-600414   -            328 759498at2759         -            434   1.3e-11   39.5   0.0   1   3   6.9e-06   8.6e-05   17.0   0.0   298   388   101   192    73   195 0.86 -
Utg33252:599431-600414   -            328 759498at2759         -            434   1.3e-11   39.5   0.0   2   3   0.00047    0.0059   11.0   0.0   209   249   196   239   193   243 0.85 -
Utg33252:599431-600414   -            328 759498at2759         -            434   1.3e-11   39.5   0.0   3   3    0.0043     0.053    7.9   0.0   209   246   284   321   280   326 0.94 -
Utg33280:1173318-1174163 -            282 759498at2759         -            434   5.3e-11   37.5   0.0   1   4     0.017      0.21    5.9   0.0   213   248     6    42     3    48 0.74 -
Utg33280:1173318-1174163 -            282 759498at2759         -            434   5.3e-11   37.5   0.0   2   4   0.00033     0.004   11.5   0.0   213   251    50    88    46    92 0.94 -
Utg33280:1173318-1174163 -            282 759498at2759         -            434   5.3e-11   37.5   0.0   3   4    0.0011     0.013    9.8   0.0   212   247   136   171   133   214 0.93 -
Utg33280:1173318-1174163 -            282 759498at2759         -            434   5.3e-11   37.5   0.0   4   4     0.066      0.82    3.9   0.0   206   251   218   265   210   268 0.82 -
Utg33280:1086248-1174190 -            372 759498at2759         -            434   2.3e-10   35.4   0.4   1   7     0.024      0.29    5.4   0.0   213   248    15    51    11    57 0.75 -
Utg33280:1086248-1174190 -            372 759498at2759         -            434   2.3e-10   35.4   0.4   2   7   0.00046    0.0057   11.0   0.0   213   251    59    97    53   101 0.93 -
Utg33280:1086248-1174190 -            372 759498at2759         -            434   2.3e-10   35.4   0.4   3   7       1.1        13   -0.0   0.0   212   243   145   176   142   188 0.70 -
Utg33280:1086248-1174190 -            372 759498at2759         -            434   2.3e-10   35.4   0.4   4   7      0.26       3.2    2.0   0.0   209   250   197   238   188   248 0.88 -
Utg33280:1086248-1174190 -            372 759498at2759         -            434   2.3e-10   35.4   0.4   5   7     0.051      0.63    4.3   0.0   215   249   249   282   243   295 0.85 -
Utg33280:1086248-1174190 -            372 759498at2759         -            434   2.3e-10   35.4   0.4   6   7      0.37       4.6    1.4   0.0   215   247   300   332   292   337 0.86 -
Utg33280:1086248-1174190 -            372 759498at2759         -            434   2.3e-10   35.4   0.4   7   7      0.54       6.7    0.9   0.0   212   241   339   368   333   371 0.84 -
Utg33264:442592-443608   -            339 759498at2759         -            434   2.5e-10   35.3   0.5   1   4   0.00053    0.0066   10.8   0.0   217   247    16    46     9    50 0.87 -
Utg33264:442592-443608   -            339 759498at2759         -            434   2.5e-10   35.3   0.5   2   4   0.00054    0.0067   10.8   0.0   206   245   110   148   106   156 0.92 -
Utg33264:442592-443608   -            339 759498at2759         -            434   2.5e-10   35.3   0.5   3   4      0.03      0.37    5.0   0.0   216   248   160   193   152   198 0.84 -
Utg33264:442592-443608   -            339 759498at2759         -            434   2.5e-10   35.3   0.5   4   4     0.082         1    3.6   0.0   293   338   289   338   255   339 0.75 -
Utg33252:182191-184173   -            661 759498at2759         -            434   3.2e-10   34.9   2.1   1   7   1.3e-05   0.00016   16.1   0.1   212   247    25    60    19    84 0.86 -
Utg33252:182191-184173   -            661 759498at2759         -            434   3.2e-10   34.9   2.1   2   7      0.86        11    0.3   0.0   353   393    68   108    60   113 0.86 -
Utg33252:182191-184173   -            661 759498at2759         -            434   3.2e-10   34.9   2.1   3   7    0.0022     0.027    8.8   0.0   212   248   168   208   165   212 0.78 -
Utg33252:182191-184173   -            661 759498at2759         -            434   3.2e-10   34.9   2.1   4   7       1.9        24   -0.9   0.1   214   245   249   280   244   290 0.78 -
Utg33252:182191-184173   -            661 759498at2759         -            434   3.2e-10   34.9   2.1   5   7      0.39       4.8    1.4   0.0   215   244   354   383   349   387 0.77 -
Utg33252:182191-184173   -            661 759498at2759         -            434   3.2e-10   34.9   2.1   6   7       2.7        33   -1.4   0.0   209   241   520   553   497   566 0.69 -
Utg33252:182191-184173   -            661 759498at2759         -            434   3.2e-10   34.9   2.1   7   7       1.7        21   -0.7   0.0   229   246   638   655   633   658 0.84 -
Utg33286:568620-569414   -            265 759498at2759         -            434   3.6e-10   34.7   0.2   1   4      0.71       8.8    0.5   0.0   224   246    15    37     2    43 0.63 -
Utg33286:568620-569414   -            265 759498at2759         -            434   3.6e-10   34.7   0.2   2   4   0.00011    0.0013   13.2   0.0   212   251    44    83    41    89 0.92 -
Utg33286:568620-569414   -            265 759498at2759         -            434   3.6e-10   34.7   0.2   3   4   0.00025    0.0031   11.9   0.0   214   252    88   127    84   131 0.86 -
Utg33286:568620-569414   -            265 759498at2759         -            434   3.6e-10   34.7   0.2   4   4     0.054      0.66    4.2   0.0   220   252   145   176   135   193 0.80 -
Utg33254:954038-954694   -            219 759498at2759         -            434   9.3e-10   33.4   0.0   1   2   1.2e-05   0.00015   16.2   0.0   209   253    27    72    19    75 0.84 -
Utg33254:954038-954694   -            219 759498at2759         -            434   9.3e-10   33.4   0.0   2   2   1.5e-05   0.00018   16.0   0.0   214   250    74   110    70   114 0.90 -
Utg33284:40650-41135     -            162 759498at2759         -            434   4.6e-09   31.1   1.0   1   4    0.0034     0.042    8.2   0.0   209   245     1    35     1    41 0.90 -
Utg33284:40650-41135     -            162 759498at2759         -            434   4.6e-09   31.1   1.0   2   4      0.31       3.8    1.7   0.0   223   245    56    76    40    84 0.65 -
Utg33284:40650-41135     -            162 759498at2759         -            434   4.6e-09   31.1   1.0   3   4     0.041       0.5    4.6   0.0   216   250    88   121    80   125 0.85 -
Utg33284:40650-41135     -            162 759498at2759         -            434   4.6e-09   31.1   1.0   4   4   0.00012    0.0015   13.0   0.0   212   249   125   161   122   162 0.88 -
Utg33286:434211-435356   -            382 759498at2759         -            434   4.6e-09   31.1   0.2   1   4     0.011      0.14    6.5   0.0   207   248    65   107    54   123 0.80 -
Utg33286:434211-435356   -            382 759498at2759         -            434   4.6e-09   31.1   0.2   2   4       3.5        43   -1.7   0.0   215   250   115   150   111   152 0.82 -
Utg33286:434211-435356   -            382 759498at2759         -            434   4.6e-09   31.1   0.2   3   4    0.0002    0.0025   12.2   0.0   209   247   207   245   203   252 0.90 -
Utg33286:434211-435356   -            382 759498at2759         -            434   4.6e-09   31.1   0.2   4   4    0.0041     0.051    7.9   0.1   212   256   252   295   249   303 0.84 -
Utg33254:902974-905790   -            939 759498at2759         -            434   5.2e-09   30.9   0.1   1   3      0.13       1.6    3.0   0.0   300   361   230   293   208   320 0.68 -
Utg33254:902974-905790   -            939 759498at2759         -            434   5.2e-09   30.9   0.1   2   3     0.014      0.18    6.1   0.0   296   387   480   572   460   580 0.77 -
Utg33254:902974-905790   -            939 759498at2759         -            434   5.2e-09   30.9   0.1   3   3   7.1e-06   8.8e-05   17.0   0.0   214   252   582   620   577   631 0.92 -
Utg33252:778660-779667   -            336 759498at2759         -            434   5.3e-09   30.9   1.5   1   4      0.68       8.4    0.6   0.0   216   247     1    32     1    37 0.85 -
Utg33252:778660-779667   -            336 759498at2759         -            434   5.3e-09   30.9   1.5   2   4     0.036      0.44    4.8   0.1   214   245    45    78    41    85 0.74 -
Utg33252:778660-779667   -            336 759498at2759         -            434   5.3e-09   30.9   1.5   3   4    0.0031     0.038    8.3   0.0   212   248   200   240   170   247 0.85 -
Utg33252:778660-779667   -            336 759498at2759         -            434   5.3e-09   30.9   1.5   4   4   0.00012    0.0015   13.0   0.0   213   248   293   328   282   334 0.90 -
Utg33252:801425-802387   -            321 759498at2759         -            434   6.5e-09   30.6   0.6   1   4      0.43       5.3    1.2   0.1   217   249    59    91    51    97 0.85 -
Utg33252:801425-802387   -            321 759498at2759         -            434   6.5e-09   30.6   0.6   2   4   0.00014    0.0017   12.8   0.0   212   248   138   174   128   177 0.91 -
Utg33252:801425-802387   -            321 759498at2759         -            434   6.5e-09   30.6   0.6   3   4     0.024       0.3    5.4   0.0   209   250   177   221   174   226 0.84 -
Utg33252:801425-802387   -            321 759498at2759         -            434   6.5e-09   30.6   0.6   4   4     0.012      0.15    6.4   0.0   213   252   279   318   273   319 0.92 -
Utg33250:420351-421193   -            281 759498at2759         -            434   1.1e-08   29.9   0.2   1   2   1.5e-06   1.9e-05   19.2   0.0   214   252   160   198   156   204 0.92 -
Utg33250:420351-421193   -            281 759498at2759         -            434   1.1e-08   29.9   0.2   2   2    0.0026     0.032    8.5   0.1   216   256   204   244   200   259 0.79 -
Utg33284:404890-405651   -            254 759498at2759         -            434   3.2e-08   28.3   1.2   1   3     0.013      0.16    6.3   0.2   226   248    39    61    19    67 0.81 -
Utg33284:404890-405651   -            254 759498at2759         -            434   3.2e-08   28.3   1.2   2   3   1.4e-05   0.00017   16.1   0.0   213   252    68   107    64   114 0.90 -
Utg33284:404890-405651   -            254 759498at2759         -            434   3.2e-08   28.3   1.2   3   3      0.14       1.7    2.9   0.0   209   245   215   253   207   254 0.81 -
Utg33264:511166-511729   -            188 759498at2759         -            434   1.1e-07   26.5   1.6   1   4       0.1       1.2    3.3   0.0   228   248    15    35     2    39 0.69 -
Utg33264:511166-511729   -            188 759498at2759         -            434   1.1e-07   26.5   1.6   2   4     0.079      0.98    3.7   0.1   209   247    40    79    35    82 0.81 -
Utg33264:511166-511729   -            188 759498at2759         -            434   1.1e-07   26.5   1.6   3   4   1.3e-05   0.00016   16.1   0.0   209   247    91   130    81   134 0.86 -
Utg33264:511166-511729   -            188 759498at2759         -            434   1.1e-07   26.5   1.6   4   4         2        24   -0.9   0.0   408   429   162   184   141   188 0.70 -
Utg33280:679930-680520   -            197 759498at2759         -            434   1.8e-07   25.9   1.0   1   2   5.1e-05   0.00063   14.2   0.3   285   371     9   101     1   118 0.79 -
Utg33280:679930-680520   -            197 759498at2759         -            434   1.8e-07   25.9   1.0   2   2   0.00072    0.0089   10.4   0.0   209   248   125   165   118   169 0.84 -
Utg33280:166254-166766   -            171 759498at2759         -            434     2e-07   25.7   0.0   1   2      0.11       1.4    3.2   0.0   222   247     3    29     1    33 0.80 -
Utg33280:166254-166766   -            171 759498at2759         -            434     2e-07   25.7   0.0   2   2   5.2e-07   6.4e-06   20.8   0.0   200   333    35   164    30   170 0.75 -
Utg33274:446666-447700   -            345 759498at2759         -            434   1.1e-06   23.3   0.0   1   3   0.00023    0.0029   12.0   0.0   218   281     3    68     1    98 0.79 -
Utg33274:446666-447700   -            345 759498at2759         -            434   1.1e-06   23.3   0.0   2   3       1.3        16   -0.3   0.0   223   249   227   253   218   278 0.82 -
Utg33274:446666-447700   -            345 759498at2759         -            434   1.1e-06   23.3   0.0   3   3    0.0046     0.057    7.7   0.0   199   245   300   344   284   345 0.80 -
Utg33252:601382-602071   -            230 759498at2759         -            434   1.4e-06   23.0   0.1   1   2    0.0019     0.024    9.0   0.0   217   250     2    35     1    41 0.88 -
Utg33252:601382-602071   -            230 759498at2759         -            434   1.4e-06   23.0   0.1   2   2   0.00025    0.0031   11.9   0.0   214   251    41    78    36    82 0.91 -
Utg33260:715134-716282   -            383 759498at2759         -            434   1.7e-06   22.7   1.3   1   6    0.0051     0.063    7.6   0.0   204   249    43    88     6    94 0.78 -
Utg33260:715134-716282   -            383 759498at2759         -            434   1.7e-06   22.7   1.3   2   6      0.75       9.3    0.5   0.0   218   258    99   139    94   141 0.77 -
Utg33260:715134-716282   -            383 759498at2759         -            434   1.7e-06   22.7   1.3   3   6      0.11       1.3    3.2   0.0   212   251   140   178   130   180 0.89 -
Utg33260:715134-716282   -            383 759498at2759         -            434   1.7e-06   22.7   1.3   4   6       8.6   1.1e+02   -3.0   0.0   226   246   201   221   181   227 0.71 -
Utg33260:715134-716282   -            383 759498at2759         -            434   1.7e-06   22.7   1.3   5   6       2.6        32   -1.3   0.0   218   250   314   346   306   349 0.83 -
Utg33260:715134-716282   -            383 759498at2759         -            434   1.7e-06   22.7   1.3   6   6     0.018      0.22    5.8   0.0   213   245   351   383   343   383 0.94 -
Utg33278:374491-375489   -            333 759498at2759         -            434   2.5e-06   22.1   1.5   1   5    0.0018     0.022    9.1   0.1   217   249    10    43     3    46 0.84 -
Utg33278:374491-375489   -            333 759498at2759         -            434   2.5e-06   22.1   1.5   2   5     0.033       0.4    4.9   0.0   216   252    53    89    45   104 0.85 -
Utg33278:374491-375489   -            333 759498at2759         -            434   2.5e-06   22.1   1.5   3   5      0.26       3.2    2.0   0.0   228   248   110   130    94   140 0.80 -
Utg33278:374491-375489   -            333 759498at2759         -            434   2.5e-06   22.1   1.5   4   5      0.76       9.4    0.4   0.0   284   341   145   206   134   229 0.68 -
Utg33278:374491-375489   -            333 759498at2759         -            434   2.5e-06   22.1   1.5   5   5       1.3        17   -0.4   0.0   411   434   247   270   241   277 0.63 -
Utg33254:528451-529230   -            260 759498at2759         -            434   3.2e-06   21.7   2.0   1   4      0.25       3.1    2.0   0.0   232   253     3    24     1    29 0.82 -
Utg33254:528451-529230   -            260 759498at2759         -            434   3.2e-06   21.7   2.0   2   4    0.0026     0.032    8.6   0.0   214   260    29    77    25    87 0.79 -
Utg33254:528451-529230   -            260 759498at2759         -            434   3.2e-06   21.7   2.0   3   4      0.29       3.6    1.8   0.0   229   252   149   172   144   179 0.78 -
Utg33254:528451-529230   -            260 759498at2759         -            434   3.2e-06   21.7   2.0   4   4     0.019      0.24    5.7   0.1   212   246   178   215   174   220 0.85 -
Utg33250:539408-539959   -            184 759498at2759         -            434   5.5e-06   21.0   0.1   1   2   0.00062    0.0077   10.6   0.1   333   386     2    58     1    67 0.85 -
Utg33250:539408-539959   -            184 759498at2759         -            434   5.5e-06   21.0   0.1   2   2    0.0026     0.033    8.5   0.0   209   250   128   170   120   178 0.82 -
Utg33264:63272-64447     -            392 759498at2759         -            434   7.6e-06   20.5   0.2   1   5      0.47       5.8    1.1   0.0   213   247     4    40     2    44 0.72 -
Utg33264:63272-64447     -            392 759498at2759         -            434   7.6e-06   20.5   0.2   2   5    0.0042     0.052    7.9   0.0   214   246    63    95    59   105 0.90 -
Utg33264:63272-64447     -            392 759498at2759         -            434   7.6e-06   20.5   0.2   3   5         3        37   -1.5   0.0   409   434   142   167   137   167 0.90 -
Utg33264:63272-64447     -            392 759498at2759         -            434   7.6e-06   20.5   0.2   4   5     0.033      0.41    4.9   0.0   215   249   180   214   172   223 0.85 -
Utg33264:63272-64447     -            392 759498at2759         -            434   7.6e-06   20.5   0.2   5   5         2        25   -1.0   0.0   282   306   331   355   316   390 0.74 -
Utg33260:41704-42291     -            196 759498at2759         -            434   7.9e-06   20.5   0.0   1   2    0.0024      0.03    8.7   0.0   214   250    45    82    30    87 0.83 -
Utg33260:41704-42291     -            196 759498at2759         -            434   7.9e-06   20.5   0.0   2   2    0.0022     0.027    8.8   0.0   411   434   163   186   149   192 0.69 -
Utg33264:425741-427279   -            513 759498at2759         -            434   9.3e-06   20.2   0.3   1   4       1.3        17   -0.4   0.1   205   244    27    66     4    77 0.52 -
Utg33264:425741-427279   -            513 759498at2759         -            434   9.3e-06   20.2   0.3   2   4      0.43       5.4    1.2   0.0   213   257    77   121    73   124 0.91 -
Utg33264:425741-427279   -            513 759498at2759         -            434   9.3e-06   20.2   0.3   3   4      0.02      0.25    5.6   0.0   215   249   124   157   119   160 0.82 -
Utg33264:425741-427279   -            513 759498at2759         -            434   9.3e-06   20.2   0.3   4   4     0.004      0.05    7.9   0.0   209   248   160   200   156   210 0.86 -
Utg33264:471542-471889   -            116 759498at2759         -            434   9.5e-06   20.2   0.0   1   2    0.0013     0.015    9.6   0.0   275   316    37    78     1    88 0.60 -
Utg33264:471542-471889   -            116 759498at2759         -            434   9.5e-06   20.2   0.0   2   2     0.069      0.85    3.9   0.0   204   245    75   116    74   116 0.80 -
Utg33280:710660-711553   -            298 759498at2759         -            434   1.9e-05   19.2   0.2   1   3    0.0016      0.02    9.2   0.0   205   246    19    61    16    72 0.83 -
Utg33280:710660-711553   -            298 759498at2759         -            434   1.9e-05   19.2   0.2   2   3      0.15       1.8    2.8   0.0   231   247   162   178   141   183 0.69 -
Utg33280:710660-711553   -            298 759498at2759         -            434   1.9e-05   19.2   0.2   3   3      0.15       1.9    2.7   0.0   216   245   209   239   195   245 0.80 -
Utg33276:263948-264118   -             57 759498at2759         -            434   2.2e-05   19.0   0.4   1   2   0.00049     0.006   11.0   0.0   232   252     2    22     1    29 0.90 -
Utg33276:263948-264118   -             57 759498at2759         -            434   2.2e-05   19.0   0.4   2   2     0.006     0.074    7.4   0.1   216   246    28    56    22    57 0.76 -
Utg33264:423360-425204   -            615 759498at2759         -            434   2.8e-05   18.6   3.5   1   4     0.069      0.86    3.9   0.0   209   245    55    94    48   103 0.81 -
Utg33264:423360-425204   -            615 759498at2759         -            434   2.8e-05   18.6   3.5   2   4    0.0081       0.1    6.9   0.1   229   252   264   287   250   290 0.86 -
Utg33264:423360-425204   -            615 759498at2759         -            434   2.8e-05   18.6   3.5   3   4      0.12       1.5    3.1   0.0   300   342   321   360   311   397 0.87 -
Utg33264:423360-425204   -            615 759498at2759         -            434   2.8e-05   18.6   3.5   4   4      0.76       9.4    0.4   0.0   333   377   557   603   512   612 0.72 -
Utg33278:49028-49444     -            139 759498at2759         -            434     7e-05   17.3   0.1   1   1   7.2e-06   8.9e-05   17.0   0.1   326   431    23   138    14   139 0.72 -
Utg33278:325797-326225   -            143 759498at2759         -            434   7.1e-05   17.3   0.0   1   1   7.8e-06   9.6e-05   16.9   0.0   207   251     3    47     2    54 0.90 -
Utg33252:1008577-1009023 -            149 759498at2759         -            434    0.0001   16.8   0.0   1   2      0.67       8.2    0.6   0.0   212   239    21    48     3    65 0.65 -
Utg33252:1008577-1009023 -            149 759498at2759         -            434    0.0001   16.8   0.0   2   2   5.8e-05   0.00072   14.0   0.0   215   251    82   118    77   126 0.89 -
Utg33286:758523-759458   -            312 759498at2759         -            434   0.00013   16.4   0.1   1   3   0.00089     0.011   10.1   0.0   215   248    46    79    41   104 0.81 -
Utg33286:758523-759458   -            312 759498at2759         -            434   0.00013   16.4   0.1   2   3       4.7        58   -2.2   0.0   229   250   227   248   219   264 0.76 -
Utg33286:758523-759458   -            312 759498at2759         -            434   0.00013   16.4   0.1   3   3      0.21       2.7    2.2   0.0   220   251   268   297   259   303 0.76 -
Utg33258:292694-293017   -            108 759498at2759         -            434   0.00015   16.3   0.0   1   2     0.021      0.26    5.6   0.0   226   253    34    60    16    73 0.72 -
Utg33258:292694-293017   -            108 759498at2759         -            434   0.00015   16.3   0.0   2   2    0.0015     0.019    9.3   0.0   226   246    87   107    69   108 0.75 -
Utg33272:569606-570496   -            297 759498at2759         -            434    0.0006   14.3   0.1   1   2    0.0059     0.073    7.4   0.0   214   249   117   153   108   167 0.86 -
Utg33272:569606-570496   -            297 759498at2759         -            434    0.0006   14.3   0.1   2   2     0.051      0.63    4.3   0.0   217   248   264   296   254   297 0.75 -
Utg33270:160100-161377   -            426 759498at2759         -            434    0.0011   13.4   0.1   1   3       1.2        15   -0.2   0.0   219   252    28    61    12    69 0.80 -
Utg33270:160100-161377   -            426 759498at2759         -            434    0.0011   13.4   0.1   2   3    0.0041     0.051    7.9   0.0   211   248    66   103    55   112 0.86 -
Utg33270:160100-161377   -            426 759498at2759         -            434    0.0011   13.4   0.1   3   3      0.27       3.4    1.9   0.1   301   393   197   294   153   340 0.62 -
Utg33284:411651-412361   -            237 759498at2759         -            434    0.0011   13.4   0.0   1   1   0.00027    0.0034   11.8   0.0   212   254    23    65    19    77 0.89 -
Utg33272:170956-172221   -            422 759498at2759         -            434    0.0013   13.1   0.0   1   2      0.44       5.5    1.2   0.0   215   253   158   196   152   206 0.84 -
Utg33272:170956-172221   -            422 759498at2759         -            434    0.0013   13.1   0.0   2   2    0.0025     0.031    8.6   0.0   212   254   248   290   245   311 0.87 -
Utg33260:806084-806281   -             66 759498at2759         -            434    0.0021   12.5   0.0   1   2   0.00051    0.0063   10.9   0.0   230   249     4    23     1    30 0.84 -
Utg33260:806084-806281   -             66 759498at2759         -            434    0.0021   12.5   0.0   2   2       1.4        17   -0.4   0.0   408   432    42    65    34    66 0.66 -
Utg33280:97887-98414     -            176 759498at2759         -            434    0.0038   11.6   0.2   1   3      0.27       3.3    1.9   0.0   223   248     4    30     1    35 0.76 -
Utg33280:97887-98414     -            176 759498at2759         -            434    0.0038   11.6   0.2   2   3       1.2        15   -0.2   0.0   217   253    50    87    32    93 0.73 -
Utg33280:97887-98414     -            176 759498at2759         -            434    0.0038   11.6   0.2   3   3     0.016       0.2    6.0   0.0   401   434   138   175   127   175 0.75 -
#
# Program:         hmmsearch
# Version:         3.1b2 (February 2015)
# Pipeline mode:   SEARCH
# Query file:      /home/inf-34-2022/Documents/BINP29/DeNovo_LongReads/Busco/busco_downloads/lineages/eukaryota_odb10/hmms/759498at2759.hmm
# Target file:     /home/inf-34-2022/Documents/BINP29/DeNovo_LongReads/Busco/busco_output/auto_lineage/run_eukaryota_odb10/metaeuk_output/initial_results/SRRoutput.fasta.modified.fas
# Option settings: hmmsearch --domtblout /home/inf-34-2022/Documents/BINP29/DeNovo_LongReads/Busco/busco_output/auto_lineage/run_eukaryota_odb10/hmmer_output/initial_run_results/759498at2759.out --cpu 1 /home/inf-34-2022/Documents/BINP29/DeNovo_LongReads/Busco/busco_downloads/lineages/eukaryota_odb10/hmms/759498at2759.hmm /home/inf-34-2022/Documents/BINP29/DeNovo_LongReads/Busco/busco_output/auto_lineage/run_eukaryota_odb10/metaeuk_output/initial_results/SRRoutput.fasta.modified.fas 
# Current dir:     /home/inf-34-2022/Documents/BINP29/DeNovo_LongReads/Busco
# Date:            Fri Feb 24 11:49:15 2023
# [ok]
