#                                                                                --- full sequence --- -------------- this domain -------------   hmm coord   ali coord   env coord
# target name            accession   tlen query name           accession   qlen   E-value  score  bias   #  of  c-Evalue  i-Evalue  score  bias  from    to  from    to  from    to  acc description of target
#    ------------------- ---------- ----- -------------------- ---------- ----- --------- ------ ----- --- --- --------- --------- ------ ----- ----- ----- ----- ----- ----- ----- ---- ---------------------
Utg33272:620956-621864   -            303 779909at2759         -            227     3e-78  258.0   8.0   1   2   2.7e-57   2.9e-56  186.1   0.1     1   156     3   188     3   196 0.88 -
Utg33272:620956-621864   -            303 779909at2759         -            227     3e-78  258.0   8.0   2   2   2.2e-22   2.4e-21   71.9   4.3   154   227   206   302   190   302 0.81 -
Utg33286:602387-603034   -            216 779909at2759         -            227     1e-30  102.5   0.5   1   5   9.8e-06   0.00011   17.4   0.0    64    98     3    37     1    42 0.89 -
Utg33286:602387-603034   -            216 779909at2759         -            227     1e-30  102.5   0.5   2   5   2.4e-05   0.00026   16.2   0.0    56    94    37    75    34    79 0.87 -
Utg33286:602387-603034   -            216 779909at2759         -            227     1e-30  102.5   0.5   3   5   3.5e-07   3.8e-06   22.1   0.0    58    97    81   120    77   124 0.91 -
Utg33286:602387-603034   -            216 779909at2759         -            227     1e-30  102.5   0.5   4   5     5e-07   5.5e-06   21.6   0.0    58    96   123   161   119   169 0.89 -
Utg33286:602387-603034   -            216 779909at2759         -            227     1e-30  102.5   0.5   5   5   7.5e-07   8.1e-06   21.1   0.0    61    99   168   207   161   211 0.87 -
Utg33258:110720-113488   -            923 779909at2759         -            227   3.6e-27   90.9   5.0   1   9    0.0025     0.027    9.6   0.0    47   100    37    89    19   103 0.85 -
Utg33258:110720-113488   -            923 779909at2759         -            227   3.6e-27   90.9   5.0   2   9   0.00025    0.0027   12.8   0.0    62    97   142   177    96   183 0.84 -
Utg33258:110720-113488   -            923 779909at2759         -            227   3.6e-27   90.9   5.0   3   9    0.0056     0.061    8.4   0.1    55    98   180   223   175   227 0.87 -
Utg33258:110720-113488   -            923 779909at2759         -            227   3.6e-27   90.9   5.0   4   9      0.38       4.1    2.4   0.0    96   135   259   299   251   318 0.71 -
Utg33258:110720-113488   -            923 779909at2759         -            227   3.6e-27   90.9   5.0   5   9   2.5e-05   0.00027   16.1   0.0    47    97   327   376   320   382 0.85 -
Utg33258:110720-113488   -            923 779909at2759         -            227   3.6e-27   90.9   5.0   6   9   2.6e-07   2.8e-06   22.6   0.0    60    96   381   417   376   446 0.86 -
Utg33258:110720-113488   -            923 779909at2759         -            227   3.6e-27   90.9   5.0   7   9   0.00038    0.0042   12.2   0.0    31   117   432   526   419   552 0.62 -
Utg33258:110720-113488   -            923 779909at2759         -            227   3.6e-27   90.9   5.0   8   9    0.0016     0.018   10.1   0.0     2    47   487   533   486   571 0.73 -
Utg33258:110720-113488   -            923 779909at2759         -            227   3.6e-27   90.9   5.0   9   9       4.5        49   -1.1   0.0    63    96   574   607   564   621 0.84 -
Utg33258:91958-92944     -            329 779909at2759         -            227   7.2e-26   86.7   9.3   1   6    0.0081     0.088    7.9   0.1    78    98    12    32     4    43 0.80 -
Utg33258:91958-92944     -            329 779909at2759         -            227   7.2e-26   86.7   9.3   2   6     1e-05   0.00011   17.4   0.0    56    97    32    73    29    82 0.92 -
Utg33258:91958-92944     -            329 779909at2759         -            227   7.2e-26   86.7   9.3   3   6    0.0095       0.1    7.6   0.1   167   184   107   124    77   145 0.65 -
Utg33258:91958-92944     -            329 779909at2759         -            227   7.2e-26   86.7   9.3   4   6   3.2e-06   3.5e-05   19.0   0.1     2    95   147   244   146   248 0.75 -
Utg33258:91958-92944     -            329 779909at2759         -            227   7.2e-26   86.7   9.3   5   6   2.2e-07   2.4e-06   22.8   0.0    54    96   246   288   239   291 0.91 -
Utg33258:91958-92944     -            329 779909at2759         -            227   7.2e-26   86.7   9.3   6   6   3.9e-05   0.00042   15.5   0.0    59    95   293   329   289   329 0.93 -
Utg33258:72355-73566     -            404 779909at2759         -            227   2.2e-24   81.8   2.8   1   7      0.18         2    3.5   0.2    65    88    40    63    31   125 0.78 -
Utg33258:72355-73566     -            404 779909at2759         -            227   2.2e-24   81.8   2.8   2   7   5.7e-07   6.1e-06   21.5   0.1    67   101   141   175    84   178 0.73 -
Utg33258:72355-73566     -            404 779909at2759         -            227   2.2e-24   81.8   2.8   3   7   2.9e-06   3.2e-05   19.1   0.0    55    98   171   214   169   221 0.91 -
Utg33258:72355-73566     -            404 779909at2759         -            227   2.2e-24   81.8   2.8   4   7     0.012      0.13    7.3   0.0    66    97   223   255   216   267 0.83 -
Utg33258:72355-73566     -            404 779909at2759         -            227   2.2e-24   81.8   2.8   5   7   9.4e-05     0.001   14.2   0.0    63    99   270   306   257   319 0.86 -
Utg33258:72355-73566     -            404 779909at2759         -            227   2.2e-24   81.8   2.8   6   7    0.0068     0.074    8.1   0.0    59    97   320   358   312   371 0.88 -
Utg33258:72355-73566     -            404 779909at2759         -            227   2.2e-24   81.8   2.8   7   7     0.051      0.55    5.3   0.0    55    94   358   403   356   404 0.77 -
Utg33254:379323-382133   -            937 779909at2759         -            227   3.8e-22   74.5  11.4   1   6   5.9e-06   6.4e-05   18.1   0.0    46    95   102   150    84   155 0.89 -
Utg33254:379323-382133   -            937 779909at2759         -            227   3.8e-22   74.5  11.4   2   6   0.00056    0.0061   11.7   0.5    72   107   167   204   153   231 0.76 -
Utg33254:379323-382133   -            937 779909at2759         -            227   3.8e-22   74.5  11.4   3   6      0.25       2.7    3.0   0.0    59    98   384   422   378   429 0.76 -
Utg33254:379323-382133   -            937 779909at2759         -            227   3.8e-22   74.5  11.4   4   6   4.3e-05   0.00047   15.3   0.0    47    97   454   504   449   510 0.93 -
Utg33254:379323-382133   -            937 779909at2759         -            227   3.8e-22   74.5  11.4   5   6    0.0042     0.046    8.8   0.0    34    95   536   602   524   607 0.80 -
Utg33254:379323-382133   -            937 779909at2759         -            227   3.8e-22   74.5  11.4   6   6   3.5e-07   3.8e-06   22.1   0.8     2    96   587   687   586   693 0.84 -
Utg33254:548155-550605   -            817 779909at2759         -            227   1.2e-20   69.5   4.1   1   7      0.19         2    3.4   0.0    31    97    63   133    30   178 0.51 -
Utg33254:548155-550605   -            817 779909at2759         -            227   1.2e-20   69.5   4.1   2   7       0.2       2.1    3.3   0.1    61    97   139   179   125   192 0.64 -
Utg33254:548155-550605   -            817 779909at2759         -            227   1.2e-20   69.5   4.1   3   7    0.0022     0.024    9.7   0.0     3   102   163   279   161   292 0.74 -
Utg33254:548155-550605   -            817 779909at2759         -            227   1.2e-20   69.5   4.1   4   7   9.8e-05    0.0011   14.1   0.0    19    97   337   419   324   429 0.85 -
Utg33254:548155-550605   -            817 779909at2759         -            227   1.2e-20   69.5   4.1   5   7       1.7        18    0.3   0.0    61    93   429   466   419   480 0.61 -
Utg33254:548155-550605   -            817 779909at2759         -            227   1.2e-20   69.5   4.1   6   7     8e-07   8.7e-06   21.0   0.3     3   101   454   568   452   571 0.70 -
Utg33254:548155-550605   -            817 779909at2759         -            227   1.2e-20   69.5   4.1   7   7   6.4e-10   6.9e-09   31.1   1.5     2   143   505   665   504   673 0.70 -
Utg33280:184914-188501   -           1196 779909at2759         -            227   4.6e-20   67.7   1.1   1   6       2.8        30   -0.4   0.0    62    97     5    40     2    44 0.78 -
Utg33280:184914-188501   -           1196 779909at2759         -            227   4.6e-20   67.7   1.1   2   6    0.0032     0.035    9.2   0.0    46    97    32    82    27    89 0.85 -
Utg33280:184914-188501   -           1196 779909at2759         -            227   4.6e-20   67.7   1.1   3   6   9.4e-07     1e-05   20.7   0.1    57   126    84   165    80   167 0.67 -
Utg33280:184914-188501   -           1196 779909at2759         -            227   4.6e-20   67.7   1.1   4   6   0.00099     0.011   10.9   0.0     3    98   150   239   149   244 0.70 -
Utg33280:184914-188501   -           1196 779909at2759         -            227   4.6e-20   67.7   1.1   5   6   1.3e-06   1.4e-05   20.2   0.0    59   102   244   288   238   306 0.83 -
Utg33280:184914-188501   -           1196 779909at2759         -            227   4.6e-20   67.7   1.1   6   6       4.6        50   -1.1   0.0    49    82   476   506   459   548 0.67 -
Utg33274:551184-553064   -            627 779909at2759         -            227   1.4e-19   66.1   0.9   1   3   3.7e-06     4e-05   18.8   0.0     3    99   326   446   324   462 0.72 -
Utg33274:551184-553064   -            627 779909at2759         -            227   1.4e-19   66.1   0.9   2   3      0.01      0.11    7.6   0.0    81   101   492   512   481   528 0.80 -
Utg33274:551184-553064   -            627 779909at2759         -            227   1.4e-19   66.1   0.9   3   3   1.1e-09   1.2e-08   30.4   0.1     2    94   531   626   530   627 0.91 -
Utg33250:355727-356611   -            295 779909at2759         -            227   4.3e-18   61.2   3.2   1   5   0.00026    0.0028   12.8   0.1    77   101    10    34     3    40 0.86 -
Utg33250:355727-356611   -            295 779909at2759         -            227   4.3e-18   61.2   3.2   2   5   0.00026    0.0028   12.8   0.0    60   100    35    75    31    78 0.89 -
Utg33250:355727-356611   -            295 779909at2759         -            227   4.3e-18   61.2   3.2   3   5   0.00016    0.0018   13.4   0.0    57   106    74   124    71   136 0.84 -
Utg33250:355727-356611   -            295 779909at2759         -            227   4.3e-18   61.2   3.2   4   5   0.00012    0.0013   13.8   0.0     3    97   140   239   138   241 0.81 -
Utg33250:355727-356611   -            295 779909at2759         -            227   4.3e-18   61.2   3.2   5   5    0.0014     0.015   10.3   0.0    10    97   188   289   181   294 0.69 -
Utg33266:274040-274927   -            296 779909at2759         -            227   4.5e-17   57.9   0.4   1   5      0.41       4.5    2.3   0.0    59    94    47    83    11    91 0.79 -
Utg33266:274040-274927   -            296 779909at2759         -            227   4.5e-17   57.9   0.4   2   5   0.00072    0.0079   11.3   0.0    63    97    98   132    88   135 0.91 -
Utg33266:274040-274927   -            296 779909at2759         -            227   4.5e-17   57.9   0.4   3   5     2e-05   0.00022   16.4   0.0    55    98   132   175   130   178 0.90 -
Utg33266:274040-274927   -            296 779909at2759         -            227   4.5e-17   57.9   0.4   4   5   1.5e-06   1.6e-05   20.1   0.0    58   109   177   231   174   242 0.87 -
Utg33266:274040-274927   -            296 779909at2759         -            227   4.5e-17   57.9   0.4   5   5      0.36       3.9    2.5   0.0     3    44   246   288   244   290 0.69 -
Utg33280:1173318-1174163 -            282 779909at2759         -            227   7.6e-17   57.1   0.1   1   4    0.0015     0.016   10.3   0.0    60    95     4    40     1    45 0.83 -
Utg33280:1173318-1174163 -            282 779909at2759         -            227   7.6e-17   57.1   0.1   2   4   2.9e-06   3.2e-05   19.1   0.0    59   102    47    90    41    99 0.89 -
Utg33280:1173318-1174163 -            282 779909at2759         -            227   7.6e-17   57.1   0.1   3   4   7.7e-06   8.4e-05   17.7   0.0    52   102   127   178   117   191 0.83 -
Utg33280:1173318-1174163 -            282 779909at2759         -            227   7.6e-17   57.1   0.1   4   4       0.1       1.1    4.3   0.0   188   208   237   257   220   268 0.77 -
Utg33252:840658-842829   -            724 779909at2759         -            227   4.3e-16   54.7   2.1   1   5      0.23       2.4    3.1   0.1    96   145     4    54     1    64 0.57 -
Utg33252:840658-842829   -            724 779909at2759         -            227   4.3e-16   54.7   2.1   2   5   2.8e-05   0.00031   15.9   0.2     4    96    21   119    18   123 0.84 -
Utg33252:840658-842829   -            724 779909at2759         -            227   4.3e-16   54.7   2.1   3   5     0.082       0.9    4.6   0.0   206   226   121   141   119   142 0.93 -
Utg33252:840658-842829   -            724 779909at2759         -            227   4.3e-16   54.7   2.1   4   5   0.00025    0.0027   12.8   0.0    47    99   157   211   152   215 0.82 -
Utg33252:840658-842829   -            724 779909at2759         -            227   4.3e-16   54.7   2.1   5   5   1.1e-05   0.00012   17.3   0.0    56   102   210   256   207   261 0.91 -
Utg33272:41570-42964     -            465 779909at2759         -            227   6.7e-16   54.1   3.4   1   5   9.4e-07     1e-05   20.7   0.2    60   103   129   172    90   179 0.84 -
Utg33272:41570-42964     -            465 779909at2759         -            227   6.7e-16   54.1   3.4   2   5    0.0096       0.1    7.6   0.1    65    97   176   208   172   218 0.84 -
Utg33272:41570-42964     -            465 779909at2759         -            227   6.7e-16   54.1   3.4   3   5    0.0041     0.045    8.8   0.0    61   102   214   255   206   266 0.79 -
Utg33272:41570-42964     -            465 779909at2759         -            227   6.7e-16   54.1   3.4   4   5     0.055       0.6    5.1   0.0    65   109   260   305   252   314 0.79 -
Utg33272:41570-42964     -            465 779909at2759         -            227   6.7e-16   54.1   3.4   5   5    0.0027     0.029    9.5   0.0    49    99   331   382   319   389 0.78 -
Utg33252:182191-184173   -            661 779909at2759         -            227   2.4e-15   52.3   3.3   1   6   2.8e-07     3e-06   22.5   0.1    55   103    18    68     7    86 0.74 -
Utg33252:182191-184173   -            661 779909at2759         -            227   2.4e-15   52.3   3.3   2   6      0.04      0.44    5.6   0.0    58    98   165   209   143   236 0.78 -
Utg33252:182191-184173   -            661 779909at2759         -            227   2.4e-15   52.3   3.3   3   6      0.31       3.4    2.7   0.0     2    95   191   281   190   291 0.69 -
Utg33252:182191-184173   -            661 779909at2759         -            227   2.4e-15   52.3   3.3   4   6      0.11       1.2    4.2   0.0    61    93   351   383   328   389 0.87 -
Utg33252:182191-184173   -            661 779909at2759         -            227   2.4e-15   52.3   3.3   5   6    0.0054     0.058    8.5   0.0    40    95   551   606   529   615 0.81 -
Utg33252:182191-184173   -            661 779909at2759         -            227   2.4e-15   52.3   3.3   6   6     0.036      0.39    5.8   0.0   153   183   627   657   623   659 0.77 -
Utg33280:1086248-1174190 -            372 779909at2759         -            227   3.8e-15   51.6   0.0   1   5    0.0011     0.012   10.7   0.0    57    95    10    49     3    52 0.85 -
Utg33280:1086248-1174190 -            372 779909at2759         -            227   3.8e-15   51.6   0.0   2   5   4.2e-06   4.6e-05   18.6   0.0    59   102    56    99    50   110 0.89 -
Utg33280:1086248-1174190 -            372 779909at2759         -            227   3.8e-15   51.6   0.0   3   5     0.046      0.49    5.4   0.0    52    91   136   175   127   189 0.85 -
Utg33280:1086248-1174190 -            372 779909at2759         -            227   3.8e-15   51.6   0.0   4   5     0.077      0.84    4.7   0.0    13    97   199   281   193   296 0.75 -
Utg33280:1086248-1174190 -            372 779909at2759         -            227   3.8e-15   51.6   0.0   5   5     0.047      0.51    5.4   0.0    97   146   302   352   284   369 0.74 -
Utg33286:568620-569414   -            265 779909at2759         -            227   9.4e-15   50.3   0.1   1   4      0.95        10    1.1   0.0    67    94     9    36     2    43 0.76 -
Utg33286:568620-569414   -            265 779909at2759         -            227   9.4e-15   50.3   0.1   2   4   8.7e-08   9.5e-07   24.1   0.0    55   106    38    90    11    99 0.70 -
Utg33286:568620-569414   -            265 779909at2759         -            227   9.4e-15   50.3   0.1   3   4     0.005     0.055    8.5   0.0     2    26   106   131   105   139 0.83 -
Utg33286:568620-569414   -            265 779909at2759         -            227   9.4e-15   50.3   0.1   4   4   0.00032    0.0035   12.4   0.0    69   100   145   176   136   196 0.80 -
Utg33284:515997-517475   -            493 779909at2759         -            227   1.2e-14   50.0   1.5   1   4    0.0015     0.016   10.3   0.1    63   126   166   243   138   253 0.67 -
Utg33284:515997-517475   -            493 779909at2759         -            227   1.2e-14   50.0   1.5   2   4     0.058      0.63    5.1   0.0    59    97   267   303   259   321 0.83 -
Utg33284:515997-517475   -            493 779909at2759         -            227   1.2e-14   50.0   1.5   3   4     0.069      0.75    4.8   0.0    76    97   347   368   342   372 0.81 -
Utg33284:515997-517475   -            493 779909at2759         -            227   1.2e-14   50.0   1.5   4   4   3.1e-09   3.4e-08   28.9   0.0    46   105   360   416   351   421 0.91 -
Utg33254:112986-114452   -            489 779909at2759         -            227   2.1e-14   49.2   6.4   1   5      0.49       5.4    2.0   0.0   167   181    83    97    66   120 0.71 -
Utg33254:112986-114452   -            489 779909at2759         -            227   2.1e-14   49.2   6.4   2   5      0.11       1.2    4.1   0.1    79    96   134   151   130   188 0.72 -
Utg33254:112986-114452   -            489 779909at2759         -            227   2.1e-14   49.2   6.4   3   5   0.00021    0.0023   13.0   0.0    45   106   199   260   190   271 0.82 -
Utg33254:112986-114452   -            489 779909at2759         -            227   2.1e-14   49.2   6.4   4   5   0.00016    0.0018   13.4   0.1    49    96   288   335   277   342 0.92 -
Utg33254:112986-114452   -            489 779909at2759         -            227   2.1e-14   49.2   6.4   5   5   1.3e-06   1.4e-05   20.3   0.1    46   115   328   397   327   404 0.89 -
Utg33260:715134-716282   -            383 779909at2759         -            227   8.8e-14   47.1   6.0   1   7   0.00026    0.0029   12.7   0.1    53    97    43    87     5   103 0.79 -
Utg33260:715134-716282   -            383 779909at2759         -            227   8.8e-14   47.1   6.0   2   7       5.5        60   -1.4   0.0   182   202    98   118    90   139 0.69 -
Utg33260:715134-716282   -            383 779909at2759         -            227   8.8e-14   47.1   6.0   3   7     0.017      0.19    6.8   0.0    56    97   135   175   105   186 0.77 -
Utg33260:715134-716282   -            383 779909at2759         -            227   8.8e-14   47.1   6.0   4   7      0.59       6.4    1.8   0.0    78    98   204   224   199   236 0.69 -
Utg33260:715134-716282   -            383 779909at2759         -            227   8.8e-14   47.1   6.0   5   7    0.0044     0.048    8.7   0.0    55    98   223   266   217   280 0.81 -
Utg33260:715134-716282   -            383 779909at2759         -            227   8.8e-14   47.1   6.0   6   7   0.00067    0.0073   11.4   0.0    38    96   282   343   276   349 0.82 -
Utg33260:715134-716282   -            383 779909at2759         -            227   8.8e-14   47.1   6.0   7   7      0.13       1.4    3.9   0.0    61    93   350   382   344   383 0.86 -
Utg33264:442592-443608   -            339 779909at2759         -            227   9.3e-13   43.8   0.1   1   4   9.2e-08     1e-06   24.1   0.0    62   105    12    55     4    63 0.88 -
Utg33264:442592-443608   -            339 779909at2759         -            227   9.3e-13   43.8   0.1   2   4    0.0013     0.014   10.5   0.0    48   109   103   163    94   167 0.85 -
Utg33264:442592-443608   -            339 779909at2759         -            227   9.3e-13   43.8   0.1   3   4      0.15       1.6    3.7   0.0    69    97   164   193   160   305 0.57 -
Utg33264:442592-443608   -            339 779909at2759         -            227   9.3e-13   43.8   0.1   4   4       1.7        19    0.2   0.0    81    98   287   304   281   328 0.68 -
Utg33278:290563-291534   -            324 779909at2759         -            227   1.5e-12   43.1   4.9   1   5   0.00024    0.0026   12.9   0.1     2    41    16    56    15    59 0.84 -
Utg33278:290563-291534   -            324 779909at2759         -            227   1.5e-12   43.1   4.9   2   5      0.19       2.1    3.4   0.0    77    95    57    75    52    83 0.73 -
Utg33278:290563-291534   -            324 779909at2759         -            227   1.5e-12   43.1   4.9   3   5      0.11       1.2    4.1   0.0     2    23   123   144   122   148 0.86 -
Utg33278:290563-291534   -            324 779909at2759         -            227   1.5e-12   43.1   4.9   4   5   0.00051    0.0055   11.8   0.2    49   101   135   186   132   208 0.83 -
Utg33278:290563-291534   -            324 779909at2759         -            227   1.5e-12   43.1   4.9   5   5   0.00088    0.0095   11.0   0.0     3    77   226   305   224   316 0.70 -
Utg33286:208831-209676   -            282 779909at2759         -            227   1.5e-12   43.1   0.1   1   3     0.013      0.14    7.2   0.0    69    97     2    30     1    39 0.85 -
Utg33286:208831-209676   -            282 779909at2759         -            227   1.5e-12   43.1   0.1   2   3     1e-05   0.00011   17.3   0.0    56    95    51    90    48    97 0.91 -
Utg33286:208831-209676   -            282 779909at2759         -            227   1.5e-12   43.1   0.1   3   3   0.00013    0.0014   13.8   0.1    25    96   115   191   104   207 0.74 -
Utg33264:535476-536516   -            347 779909at2759         -            227   1.7e-12   42.9   0.6   1   5    0.0022     0.024    9.7   0.0    60    93     4    37     1    42 0.92 -
Utg33264:535476-536516   -            347 779909at2759         -            227   1.7e-12   42.9   0.6   2   5   0.00016    0.0018   13.4   0.1    60    97    46    83    38    98 0.87 -
Utg33264:535476-536516   -            347 779909at2759         -            227   1.7e-12   42.9   0.6   3   5   0.00023    0.0025   13.0   0.1     4    55    68   130    66   183 0.56 -
Utg33264:535476-536516   -            347 779909at2759         -            227   1.7e-12   42.9   0.6   4   5    0.0024     0.026    9.6   0.1    47   100   177   230   175   237 0.90 -
Utg33264:535476-536516   -            347 779909at2759         -            227   1.7e-12   42.9   0.6   5   5      0.53       5.8    1.9   0.0    61    95   288   322   275   328 0.83 -
Utg33252:801425-802387   -            321 779909at2759         -            227   6.4e-12   41.0   2.6   1   3    0.0056     0.061    8.4   0.2    62    99    55    92    18    99 0.62 -
Utg33252:801425-802387   -            321 779909at2759         -            227   6.4e-12   41.0   2.6   2   3   5.6e-08   6.1e-07   24.7   0.0    46    98   123   175   113   184 0.94 -
Utg33252:801425-802387   -            321 779909at2759         -            227   6.4e-12   41.0   2.6   3   3     0.077      0.84    4.7   0.1     3    39   201   239   199   318 0.79 -
Utg33250:539408-539959   -            184 779909at2759         -            227   1.8e-11   39.6   0.0   1   2   7.5e-07   8.2e-06   21.1   0.0    48   120    11    84     3    86 0.86 -
Utg33250:539408-539959   -            184 779909at2759         -            227   1.8e-11   39.6   0.0   2   2   1.8e-05   0.00019   16.6   0.0    47    99   117   170   106   178 0.87 -
Utg33278:374491-375489   -            333 779909at2759         -            227   3.4e-11   38.7   0.0   1   3   0.00063    0.0069   11.5   0.0    66    97    10    42     3    54 0.82 -
Utg33278:374491-375489   -            333 779909at2759         -            227   3.4e-11   38.7   0.0   2   3   7.7e-10   8.4e-09   30.8   0.1     3   106    26   140    24   164 0.78 -
Utg33278:374491-375489   -            333 779909at2759         -            227   3.4e-11   38.7   0.0   3   3      0.09      0.98    4.5   0.0    65    96   242   273   228   304 0.76 -
Utg33280:972927-973832   -            302 779909at2759         -            227   4.6e-11   38.2   8.1   1   5    0.0073     0.079    8.0   0.0    60    97    26    63     6    69 0.83 -
Utg33280:972927-973832   -            302 779909at2759         -            227   4.6e-11   38.2   8.1   2   5   1.3e-05   0.00014   17.0   0.1    59    98    74   113    65   126 0.86 -
Utg33280:972927-973832   -            302 779909at2759         -            227   4.6e-11   38.2   8.1   3   5    0.0043     0.047    8.8   0.2    60    96   121   157   114   177 0.74 -
Utg33280:972927-973832   -            302 779909at2759         -            227   4.6e-11   38.2   8.1   4   5     0.054      0.59    5.2   0.2    58    94   163   201   156   206 0.76 -
Utg33280:972927-973832   -            302 779909at2759         -            227   4.6e-11   38.2   8.1   5   5       1.1        12    0.9   0.0     2    94   285   299   268   302 0.66 -
Utg33282:153470-154441   -            324 779909at2759         -            227   4.9e-11   38.1   5.4   1   5   7.7e-05   0.00083   14.5   0.0     2    40    16    55    15    58 0.84 -
Utg33282:153470-154441   -            324 779909at2759         -            227   4.9e-11   38.1   5.4   2   5      0.17       1.8    3.6   0.0    77    95    57    75    52    83 0.78 -
Utg33282:153470-154441   -            324 779909at2759         -            227   4.9e-11   38.1   5.4   3   5     0.069      0.74    4.8   0.0     2    24   123   145   122   152 0.86 -
Utg33282:153470-154441   -            324 779909at2759         -            227   4.9e-11   38.1   5.4   4   5    0.0031     0.033    9.3   0.1    61    97   146   182   141   197 0.85 -
Utg33282:153470-154441   -            324 779909at2759         -            227   4.9e-11   38.1   5.4   5   5      0.62       6.7    1.7   0.1    61   102   246   287   232   312 0.66 -
Utg33286:434211-435356   -            382 779909at2759         -            227   7.3e-11   37.6   0.8   1   2   0.00022    0.0024   13.0   0.3    63   107    73   117    59   148 0.82 -
Utg33286:434211-435356   -            382 779909at2759         -            227   7.3e-11   37.6   0.8   2   2     1e-06   1.1e-05   20.6   0.0    46   145   196   305   193   333 0.73 -
Utg33276:262937-263683   -            249 779909at2759         -            227   1.1e-10   37.0   0.3   1   3    0.0029     0.032    9.3   0.0    61    97   111   145    96   165 0.74 -
Utg33276:262937-263683   -            249 779909at2759         -            227   1.1e-10   37.0   0.3   2   3   0.00087    0.0095   11.0   0.0     3    25   169   191   167   204 0.83 -
Utg33276:262937-263683   -            249 779909at2759         -            227   1.1e-10   37.0   0.3   3   3   0.00019     0.002   13.2   0.0     2    40   208   246   207   248 0.92 -
Utg33264:345441-347861   -            807 779909at2759         -            227   1.3e-10   36.7   0.0   1   4   1.6e-05   0.00018   16.7   0.0    61    95   432   466   425   479 0.90 -
Utg33264:345441-347861   -            807 779909at2759         -            227   1.3e-10   36.7   0.0   2   4       1.2        13    0.8   0.0    65   128   593   670   580   676 0.53 -
Utg33264:345441-347861   -            807 779909at2759         -            227   1.3e-10   36.7   0.0   3   4    0.0019     0.021    9.9   0.0    50    94   707   751   693   766 0.88 -
Utg33264:345441-347861   -            807 779909at2759         -            227   1.3e-10   36.7   0.0   4   4       0.2       2.2    3.3   0.0    74    94   786   806   753   807 0.84 -
Utg33264:511166-511729   -            188 779909at2759         -            227     2e-10   36.2   1.9   1   3     0.003     0.032    9.3   0.1    68    98     5    36     1    39 0.75 -
Utg33264:511166-511729   -            188 779909at2759         -            227     2e-10   36.2   1.9   2   3   2.2e-05   0.00024   16.3   0.3    47    98    28    81    26    88 0.87 -
Utg33264:511166-511729   -            188 779909at2759         -            227     2e-10   36.2   1.9   3   3     4e-05   0.00044   15.4   0.0    56    96    89   130    84   144 0.85 -
Utg33272:569606-570496   -            297 779909at2759         -            227   4.1e-10   35.1   0.1   1   3      0.31       3.4    2.7   0.0    12    98    10    63     1    92 0.53 -
Utg33272:569606-570496   -            297 779909at2759         -            227   4.1e-10   35.1   0.1   2   3   2.1e-06   2.2e-05   19.6   0.0    45    97    98   152    86   167 0.88 -
Utg33272:569606-570496   -            297 779909at2759         -            227   4.1e-10   35.1   0.1   3   3    0.0026     0.029    9.5   0.0    76    96   275   295   253   297 0.87 -
Utg33284:40650-41135     -            162 779909at2759         -            227   7.6e-10   34.3   0.8   1   2    0.0051     0.056    8.5   0.1    59    95     2    36     1    51 0.81 -
Utg33284:40650-41135     -            162 779909at2759         -            227   7.6e-10   34.3   0.8   2   2   9.4e-08     1e-06   24.0   0.1     3    94    63   157    61   161 0.87 -
Utg33264:472229-472723   -            165 779909at2759         -            227   1.3e-09   33.5   0.4   1   2   0.00012    0.0013   13.8   0.0    20    97     7    85     2    90 0.75 -
Utg33264:472229-472723   -            165 779909at2759         -            227   1.3e-09   33.5   0.4   2   2     7e-08   7.6e-07   24.4   0.2    18   108    53   138    21   148 0.73 -
Utg33280:679930-680520   -            197 779909at2759         -            227   4.4e-09   31.8   0.5   1   2    0.0019      0.02   10.0   0.0    55    97    35    78    17    82 0.76 -
Utg33280:679930-680520   -            197 779909at2759         -            227   4.4e-09   31.8   0.5   2   2   1.2e-07   1.4e-06   23.6   0.3     2    99    61   167    61   177 0.73 -
Utg33254:902974-905790   -            939 779909at2759         -            227     5e-09   31.6   2.8   1   5       2.7        30   -0.4   0.0    13    43   231   262   220   331 0.60 -
Utg33254:902974-905790   -            939 779909at2759         -            227     5e-09   31.6   2.8   2   5      0.98        11    1.1   0.1   192   210   361   379   355   391 0.77 -
Utg33254:902974-905790   -            939 779909at2759         -            227     5e-09   31.6   2.8   3   5      0.39       4.3    2.4   0.1    48    97   441   491   426   503 0.76 -
Utg33254:902974-905790   -            939 779909at2759         -            227     5e-09   31.6   2.8   4   5       0.1       1.1    4.3   0.0    47    99   484   535   479   569 0.82 -
Utg33254:902974-905790   -            939 779909at2759         -            227     5e-09   31.6   2.8   5   5   2.1e-06   2.3e-05   19.6   0.0    56    99   575   618   563   641 0.80 -
Utg33252:778660-779667   -            336 779909at2759         -            227   5.2e-09   31.5   0.6   1   4     0.078      0.85    4.6   0.1   165   183    15    33     8    53 0.79 -
Utg33252:778660-779667   -            336 779909at2759         -            227   5.2e-09   31.5   0.6   2   4    0.0093       0.1    7.7   0.0     2    18    64    80    63   103 0.83 -
Utg33252:778660-779667   -            336 779909at2759         -            227   5.2e-09   31.5   0.6   3   4         1        11    1.0   0.0    63    95   202   238   169   255 0.77 -
Utg33252:778660-779667   -            336 779909at2759         -            227   5.2e-09   31.5   0.6   4   4   0.00028     0.003   12.6   0.0    59    96   290   327   280   335 0.86 -
Utg33284:221958-222608   -            217 779909at2759         -            227   7.7e-09   31.0   0.1   1   2   6.4e-07     7e-06   21.3   0.0    72   214     4   138     1   143 0.87 -
Utg33284:221958-222608   -            217 779909at2759         -            227   7.7e-09   31.0   0.1   2   2      0.06      0.65    5.0   0.0    72    98   152   178   143   194 0.71 -
Utg33250:420351-421193   -            281 779909at2759         -            227   1.6e-08   29.9   1.6   1   4         1        11    1.0   0.0     6    45     6    47     3    82 0.64 -
Utg33250:420351-421193   -            281 779909at2759         -            227   1.6e-08   29.9   1.6   2   4       6.1        67   -1.6   0.0   183   209    76   104    64   108 0.79 -
Utg33250:420351-421193   -            281 779909at2759         -            227   1.6e-08   29.9   1.6   3   4   8.3e-06     9e-05   17.6   0.0    43    97   141   194   132   200 0.88 -
Utg33250:420351-421193   -            281 779909at2759         -            227   1.6e-08   29.9   1.6   4   4     0.011      0.11    7.5   0.3    66    99   205   238   196   261 0.75 -
Utg33264:425741-427279   -            513 779909at2759         -            227   1.7e-08   29.8   0.1   1   4      0.14       1.5    3.9   0.0    55    95    70   110    25   123 0.78 -
Utg33264:425741-427279   -            513 779909at2759         -            227   1.7e-08   29.8   0.1   2   4    0.0013     0.014   10.5   0.0    46    97   104   156    66   158 0.79 -
Utg33264:425741-427279   -            513 779909at2759         -            227   1.7e-08   29.8   0.1   3   4   1.6e-06   1.7e-05   20.0   0.0    30   103   134   206   114   244 0.68 -
Utg33264:425741-427279   -            513 779909at2759         -            227   1.7e-08   29.8   0.1   4   4   0.00057    0.0062   11.6   0.0     2    94   183   285   181   289 0.74 -
Utg33280:710660-711553   -            298 779909at2759         -            227   2.5e-08   29.3   0.3   1   3   0.00038    0.0042   12.2   0.0    47   110    12    77     7    94 0.81 -
Utg33280:710660-711553   -            298 779909at2759         -            227   2.5e-08   29.3   0.3   2   3     0.019      0.21    6.6   0.0    81    99   163   181   128   199 0.77 -
Utg33280:710660-711553   -            298 779909at2759         -            227   2.5e-08   29.3   0.3   3   3     0.021      0.23    6.5   0.0     2    21   225   244   224   270 0.78 -
Utg33260:41704-42291     -            196 779909at2759         -            227   2.8e-08   29.1   0.1   1   2   9.8e-08   1.1e-06   24.0   0.1    45    98    23    81     9    96 0.80 -
Utg33260:41704-42291     -            196 779909at2759         -            227   2.8e-08   29.1   0.1   2   2      0.23       2.5    3.1   0.0    50    93   143   186   139   194 0.81 -
Utg33252:599431-600414   -            328 779909at2759         -            227   4.7e-08   28.4   1.0   1   3      0.42       4.6    2.3   0.0    53   102    66   116    50   135 0.77 -
Utg33252:599431-600414   -            328 779909at2759         -            227   4.7e-08   28.4   1.0   2   3     0.038      0.41    5.7   0.0    58    97   154   193   142   200 0.83 -
Utg33252:599431-600414   -            328 779909at2759         -            227   4.7e-08   28.4   1.0   3   3   6.2e-05   0.00067   14.8   0.1     3    95   220   321   218   326 0.82 -
Utg33254:954038-954694   -            219 779909at2759         -            227   9.4e-08   27.4   0.6   1   3     0.013      0.14    7.2   0.0     2    21    50    69    21    79 0.54 -
Utg33254:954038-954694   -            219 779909at2759         -            227   9.4e-08   27.4   0.6   2   3   4.9e-05   0.00053   15.1   0.0     2    47    50    95    49    95 0.90 -
Utg33254:954038-954694   -            219 779909at2759         -            227   9.4e-08   27.4   0.6   3   3   8.4e-06   9.1e-05   17.6   0.1    47   100    60   111    60   122 0.87 -
Utg33252:601382-602071   -            230 779909at2759         -            227   9.9e-08   27.3   0.0   1   3     0.029      0.31    6.1   0.0    67    96     3    32     1    38 0.87 -
Utg33252:601382-602071   -            230 779909at2759         -            227   9.9e-08   27.3   0.0   2   3   0.00058    0.0063   11.6   0.0    47    97    26    75    25    89 0.88 -
Utg33252:601382-602071   -            230 779909at2759         -            227   9.9e-08   27.3   0.0   3   3    0.0031     0.033    9.3   0.0    45   100   132   190    94   199 0.73 -
Utg33284:404890-405651   -            254 779909at2759         -            227   1.6e-07   26.6   3.4   1   2     5e-06   5.4e-05   18.4   1.5    76   132    40   108    29   124 0.77 -
Utg33284:404890-405651   -            254 779909at2759         -            227   1.6e-07   26.6   3.4   2   2     0.018       0.2    6.7   0.0    57    95   214   254   208   254 0.83 -
Utg33264:63272-64447     -            392 779909at2759         -            227   1.7e-07   26.6   0.1   1   4     0.022      0.24    6.4   0.0    69    96    11    40     3    44 0.68 -
Utg33264:63272-64447     -            392 779909at2759         -            227   1.7e-07   26.6   0.1   2   4    0.0079     0.086    7.9   0.0    62    95    62    95    54   107 0.89 -
Utg33264:63272-64447     -            392 779909at2759         -            227   1.7e-07   26.6   0.1   3   4     0.015      0.16    7.0   0.0    31    96   142   212   122   226 0.78 -
Utg33264:63272-64447     -            392 779909at2759         -            227   1.7e-07   26.6   0.1   4   4       3.8        41   -0.9   0.0    47    89   349   391   342   392 0.77 -
Utg33280:492677-493114   -            146 779909at2759         -            227   7.2e-07   24.5   0.4   1   1   2.2e-06   2.4e-05   19.5   0.4    55   105    13    65     7   145 0.79 -
Utg33252:183730-184245   -            172 779909at2759         -            227     1e-06   24.0   0.1   1   2   0.00048    0.0052   11.9   0.0    39    96    37    94    15   108 0.81 -
Utg33252:183730-184245   -            172 779909at2759         -            227     1e-06   24.0   0.1   2   2    0.0019     0.021    9.9   0.1    78   104   125   151   109   169 0.64 -
Utg33258:292694-293017   -            108 779909at2759         -            227   1.6e-06   23.4   0.2   1   2   0.00053    0.0058   11.7   0.1    65    99    23    57     2    71 0.70 -
Utg33258:292694-293017   -            108 779909at2759         -            227   1.6e-06   23.4   0.2   2   2   0.00099     0.011   10.9   0.0    61    95    72   107    57   108 0.74 -
Utg33254:528451-529230   -            260 779909at2759         -            227   1.8e-06   23.2   6.4   1   5     0.031      0.33    6.0   0.0   167   182     3    18     1    23 0.89 -
Utg33254:528451-529230   -            260 779909at2759         -            227   1.8e-06   23.2   6.4   2   5    0.0072     0.078    8.0   0.2   153   186    35    68    21    73 0.86 -
Utg33254:528451-529230   -            260 779909at2759         -            227   1.8e-06   23.2   6.4   3   5         1        11    1.0   0.0    65    99    77   113    67   127 0.62 -
Utg33254:528451-529230   -            260 779909at2759         -            227   1.8e-06   23.2   6.4   4   5     0.016      0.17    6.9   0.0    76   101   147   172   143   182 0.80 -
Utg33254:528451-529230   -            260 779909at2759         -            227   1.8e-06   23.2   6.4   5   5         2        22    0.0   0.1   163   180   197   214   175   226 0.65 -
Utg33276:263948-264118   -             57 779909at2759         -            227   2.3e-06   22.9   0.2   1   2   7.9e-05   0.00086   14.5   0.0     3    27     2    26     1    31 0.88 -
Utg33276:263948-264118   -             57 779909at2759         -            227   2.3e-06   22.9   0.2   2   2     0.018      0.19    6.8   0.0    81    95    42    56    35    57 0.75 -
Utg33286:758523-759458   -            312 779909at2759         -            227   2.3e-06   22.9   0.0   1   3      0.61       6.7    1.7   0.0    72   104     5    37     2    52 0.71 -
Utg33286:758523-759458   -            312 779909at2759         -            227   2.3e-06   22.9   0.0   2   3    0.0071     0.077    8.1   0.0    68   101    50    83    40    92 0.81 -
Utg33286:758523-759458   -            312 779909at2759         -            227   2.3e-06   22.9   0.0   3   3    0.0041     0.045    8.8   0.0    77   110   274   307   249   311 0.78 -
Utg33260:799164-799916   -            251 779909at2759         -            227     3e-06   22.5   5.6   1   4       1.7        18    0.3   0.0     4    26     2    24     1    45 0.78 -
Utg33260:799164-799916   -            251 779909at2759         -            227     3e-06   22.5   5.6   2   4    0.0065     0.071    8.2   0.7   165   184    47    67    27   102 0.69 -
Utg33260:799164-799916   -            251 779909at2759         -            227     3e-06   22.5   5.6   3   4      0.24       2.7    3.0   0.0    80    95   151   166   144   175 0.73 -
Utg33260:799164-799916   -            251 779909at2759         -            227     3e-06   22.5   5.6   4   4    0.0018      0.02   10.0   0.0    57    99   187   227   182   241 0.77 -
Utg33274:446666-447700   -            345 779909at2759         -            227   3.5e-06   22.3   0.0   1   4     0.059      0.64    5.0   0.0     2    17    16    31     2   103 0.78 -
Utg33274:446666-447700   -            345 779909at2759         -            227   3.5e-06   22.3   0.0   2   4      0.28         3    2.9   0.0    76    99   231   254   220   260 0.85 -
Utg33274:446666-447700   -            345 779909at2759         -            227   3.5e-06   22.3   0.0   3   4      0.33       3.6    2.6   0.0    53    85   256   288   245   307 0.81 -
Utg33274:446666-447700   -            345 779909at2759         -            227   3.5e-06   22.3   0.0   4   4     0.051      0.56    5.2   0.0    68    94   318   344   307   345 0.92 -
Utg33270:160100-161377   -            426 779909at2759         -            227   4.7e-06   21.8   0.3   1   2   0.00011    0.0012   14.0   0.0    60    96    66   102    25   111 0.79 -
Utg33270:160100-161377   -            426 779909at2759         -            227   4.7e-06   21.8   0.3   2   2      0.54       5.9    1.9   1.2   127   127   313   313   183   357 0.58 -
Utg33278:49028-49444     -            139 779909at2759         -            227   5.5e-06   21.6   0.0   1   2     1e-06   1.1e-05   20.7   0.0    45   100    36    92     2   127 0.77 -
Utg33278:49028-49444     -            139 779909at2759         -            227   5.5e-06   21.6   0.0   2   2       4.5        49   -1.1   0.0    57    88   105   136    98   138 0.76 -
Utg33278:325797-326225   -            143 779909at2759         -            227   9.4e-06   20.9   0.0   1   1     1e-06   1.1e-05   20.6   0.0    55    97     2    44     1    68 0.92 -
Utg33280:97887-98414     -            176 779909at2759         -            227   9.4e-06   20.9   0.1   1   3     0.038      0.42    5.7   0.0    71   129     3    32     1    46 0.54 -
Utg33280:97887-98414     -            176 779909at2759         -            227   9.4e-06   20.9   0.1   2   3      0.12       1.3    4.1   0.0    66    98    50    83    33   108 0.74 -
Utg33280:97887-98414     -            176 779909at2759         -            227   9.4e-06   20.9   0.1   3   3      0.01      0.11    7.6   0.0    47    94   127   176   125   176 0.87 -
Utg33264:471542-471889   -            116 779909at2759         -            227   9.6e-06   20.8   0.0   1   1     2e-06   2.2e-05   19.7   0.0     2    94    12   116    11   116 0.77 -
Utg33264:423360-425204   -            615 779909at2759         -            227   1.5e-05   20.2   2.9   1   5      0.11       1.2    4.2   0.0    53    95    50    95    31   125 0.80 -
Utg33264:423360-425204   -            615 779909at2759         -            227   1.5e-05   20.2   2.9   2   5      0.99        11    1.0   0.0   183   206   207   231   195   240 0.78 -
Utg33264:423360-425204   -            615 779909at2759         -            227   1.5e-05   20.2   2.9   3   5     0.023      0.25    6.4   0.2     3    24   267   288   265   379 0.74 -
Utg33264:423360-425204   -            615 779909at2759         -            227   1.5e-05   20.2   2.9   4   5       1.8        20    0.2   0.0    43    75   508   540   492   547 0.72 -
Utg33264:423360-425204   -            615 779909at2759         -            227   1.5e-05   20.2   2.9   5   5      0.48       5.2    2.1   0.0    45    94   563   611   523   614 0.71 -
Utg33272:170956-172221   -            422 779909at2759         -            227   2.5e-05   19.4   1.2   1   4       0.2       2.2    3.3   0.0    50   100    46    97    13   109 0.80 -
Utg33272:170956-172221   -            422 779909at2759         -            227   2.5e-05   19.4   1.2   2   4      0.29       3.1    2.8   0.0    24    97   117   191    91   213 0.72 -
Utg33272:170956-172221   -            422 779909at2759         -            227   2.5e-05   19.4   1.2   3   4    0.0015     0.017   10.2   0.1    62   105   249   292   240   318 0.71 -
Utg33272:170956-172221   -            422 779909at2759         -            227   2.5e-05   19.4   1.2   4   4       3.5        38   -0.7   0.0    76   171   305   339   288   355 0.50 -
Utg33252:1008577-1009023 -            149 779909at2759         -            227   2.9e-05   19.2   0.0   1   1     5e-06   5.4e-05   18.4   0.0    63   113    81   132    15   142 0.78 -
Utg33276:378139-379431   -            431 779909at2759         -            227   0.00026   16.1   0.1   1   3    0.0017     0.018   10.1   0.0    51    99    50    98    47   103 0.92 -
Utg33276:378139-379431   -            431 779909at2759         -            227   0.00026   16.1   0.1   2   3         2        22    0.0   0.0   187   203   114   130   104   144 0.72 -
Utg33276:378139-379431   -            431 779909at2759         -            227   0.00026   16.1   0.1   3   3       1.3        14    0.7   0.0     3    21   221   239   218   253 0.71 -
Utg33260:806084-806281   -             66 779909at2759         -            227   0.00031   15.9   0.2   1   2   7.5e-05   0.00081   14.5   0.2    81   100     6    25     1    49 0.75 -
Utg33260:806084-806281   -             66 779909at2759         -            227   0.00031   15.9   0.2   2   2      0.87       9.5    1.2   0.0    49    92    26    66    24    66 0.72 -
Utg33278:408652-409146   -            165 779909at2759         -            227   0.00042   15.5   0.0   1   1   4.9e-05   0.00053   15.1   0.0    46    97    35    87     4   108 0.87 -
Utg33260:126932-130279   -           1116 779909at2759         -            227   0.00065   14.8   0.2   1   1    0.0013     0.014   10.5   0.1     4   128   179   300   176   310 0.54 -
Utg33286:423021-427382   -           1454 779909at2759         -            227     0.001   14.2   0.3   1   2     0.024      0.26    6.3   0.1    77   104  1092  1119  1072  1180 0.81 -
Utg33286:423021-427382   -           1454 779909at2759         -            227     0.001   14.2   0.3   2   2     0.097       1.1    4.3   0.0    96   126  1230  1261  1201  1282 0.68 -
Utg33280:166254-166766   -            171 779909at2759         -            227     0.001   14.2   0.1   1   2     0.011      0.12    7.4   0.1   166   193    13    40     9    77 0.61 -
Utg33280:166254-166766   -            171 779909at2759         -            227     0.001   14.2   0.1   2   2     0.059      0.64    5.1   0.0     3    19    70    86    68   127 0.89 -
Utg33286:596733-597071   -            113 779909at2759         -            227    0.0013   13.9   0.1   1   1   0.00035    0.0038   12.3   0.1    47    96    27    78     5    87 0.79 -
Utg33284:411651-412361   -            237 779909at2759         -            227    0.0019   13.3   0.0   1   3     0.027      0.29    6.2   0.0    69   100    31    62     4    85 0.59 -
Utg33284:411651-412361   -            237 779909at2759         -            227    0.0019   13.3   0.0   2   3      0.57       6.1    1.8   0.0    71   202   121   136    92   151 0.63 -
Utg33284:411651-412361   -            237 779909at2759         -            227    0.0019   13.3   0.0   3   3      0.66       7.1    1.6   0.0    74   103   173   202   168   214 0.69 -
Utg33258:147956-148561   -            202 779909at2759         -            227    0.0019   13.3   0.9   1   2    0.0043     0.047    8.8   0.4   104   143    59   100     1   109 0.85 -
Utg33258:147956-148561   -            202 779909at2759         -            227    0.0019   13.3   0.9   2   2       3.8        41   -0.9   0.0    76    95   157   176   149   187 0.81 -
#
# Program:         hmmsearch
# Version:         3.1b2 (February 2015)
# Pipeline mode:   SEARCH
# Query file:      /home/inf-34-2022/Documents/BINP29/DeNovo_LongReads/Busco/busco_downloads/lineages/eukaryota_odb10/hmms/779909at2759.hmm
# Target file:     /home/inf-34-2022/Documents/BINP29/DeNovo_LongReads/Busco/busco_output/auto_lineage/run_eukaryota_odb10/metaeuk_output/initial_results/SRRoutput.fasta.modified.fas
# Option settings: hmmsearch --domtblout /home/inf-34-2022/Documents/BINP29/DeNovo_LongReads/Busco/busco_output/auto_lineage/run_eukaryota_odb10/hmmer_output/initial_run_results/779909at2759.out --cpu 1 /home/inf-34-2022/Documents/BINP29/DeNovo_LongReads/Busco/busco_downloads/lineages/eukaryota_odb10/hmms/779909at2759.hmm /home/inf-34-2022/Documents/BINP29/DeNovo_LongReads/Busco/busco_output/auto_lineage/run_eukaryota_odb10/metaeuk_output/initial_results/SRRoutput.fasta.modified.fas 
# Current dir:     /home/inf-34-2022/Documents/BINP29/DeNovo_LongReads/Busco
# Date:            Fri Feb 24 11:49:15 2023
# [ok]
