#                                                                              --- full sequence --- -------------- this domain -------------   hmm coord   ali coord   env coord
# target name          accession   tlen query name           accession   qlen   E-value  score  bias   #  of  c-Evalue  i-Evalue  score  bias  from    to  from    to  from    to  acc description of target
#  ------------------- ---------- ----- -------------------- ---------- ----- --------- ------ ----- --- --- --------- --------- ------ ----- ----- ----- ----- ----- ----- ----- ---- ---------------------
Utg33260:893655-895022 -            456 11569at4891          -            368    1e-187  620.9  11.6   1   2  4.1e-118  2.7e-115  382.5   3.6     5   236    13   269     5   278 0.88 -
Utg33260:893655-895022 -            456 11569at4891          -            368    1e-187  620.9  11.6   2   2   1.1e-75   7.3e-73  242.9   1.1   215   368   292   449   279   449 0.92 -
Utg33264:579540-580934 -            465 11569at4891          -            368    0.0024   14.2   0.0   1   2    0.0038       2.5    4.3   0.0   112   178   148   215   116   291 0.75 -
Utg33264:579540-580934 -            465 11569at4891          -            368    0.0024   14.2   0.0   2   2    0.0003       0.2    7.9   0.0   253   307   378   432   363   459 0.78 -
Utg33264:462708-464054 -            449 11569at4891          -            368    0.0032   13.8   0.0   1   1   7.9e-06    0.0053   13.1   0.0   111   244   148   292   123   348 0.65 -
Utg33264:577330-578724 -            465 11569at4891          -            368      0.01   12.1   0.0   1   2    0.0016       1.1    5.4   0.0    86   177   120   214    41   273 0.80 -
Utg33264:577330-578724 -            465 11569at4891          -            368      0.01   12.1   0.0   2   2    0.0027       1.8    4.8   0.0   254   306   379   431   366   452 0.85 -
#
# Program:         hmmsearch
# Version:         3.1b2 (February 2015)
# Pipeline mode:   SEARCH
# Query file:      /home/inf-34-2022/Documents/BINP29/DeNovo_LongReads/Busco/busco_downloads/lineages/saccharomycetes_odb10/hmms/11569at4891.hmm
# Target file:     /home/inf-34-2022/Documents/BINP29/DeNovo_LongReads/Busco/busco_output/run_saccharomycetes_odb10/metaeuk_output/initial_results/SRRoutput.fasta.modified.fas
# Option settings: hmmsearch --domtblout /home/inf-34-2022/Documents/BINP29/DeNovo_LongReads/Busco/busco_output/run_saccharomycetes_odb10/hmmer_output/initial_run_results/11569at4891.out --cpu 1 /home/inf-34-2022/Documents/BINP29/DeNovo_LongReads/Busco/busco_downloads/lineages/saccharomycetes_odb10/hmms/11569at4891.hmm /home/inf-34-2022/Documents/BINP29/DeNovo_LongReads/Busco/busco_output/run_saccharomycetes_odb10/metaeuk_output/initial_results/SRRoutput.fasta.modified.fas 
# Current dir:     /home/inf-34-2022/Documents/BINP29/DeNovo_LongReads/Busco
# Date:            Fri Feb 24 12:01:54 2023
# [ok]
