#                                                                                --- full sequence --- -------------- this domain -------------   hmm coord   ali coord   env coord
# target name            accession   tlen query name           accession   qlen   E-value  score  bias   #  of  c-Evalue  i-Evalue  score  bias  from    to  from    to  from    to  acc description of target
#    ------------------- ---------- ----- -------------------- ---------- ----- --------- ------ ----- --- --- --------- --------- ------ ----- ----- ----- ----- ----- ----- ----- ---- ---------------------
Utg33272:296898-298559   -            554 12237at4891          -            312   1.6e-78  261.2  24.4   1   5   3.3e-14   1.6e-12   44.4   0.4     1    66     1    86     1    87 0.75 -
Utg33272:296898-298559   -            554 12237at4891          -            312   1.6e-78  261.2  24.4   2   5   2.8e-41   1.4e-39  133.3   0.9    65   165   107   227    98   232 0.89 -
Utg33272:296898-298559   -            554 12237at4891          -            312   1.6e-78  261.2  24.4   3   5   3.1e-07   1.5e-05   21.5   0.0   167   204   249   289   246   304 0.84 -
Utg33272:296898-298559   -            554 12237at4891          -            312   1.6e-78  261.2  24.4   4   5   1.7e-11   8.3e-10   35.5   0.5   207   247   346   387   335   396 0.89 -
Utg33272:296898-298559   -            554 12237at4891          -            312   1.6e-78  261.2  24.4   5   5   2.8e-12   1.4e-10   38.1   2.5   247   312   485   550   472   550 0.85 -
Utg33258:110720-113473   -            918 12237at4891          -            312   1.3e-30  103.8   3.7   1   6      0.65        32    0.7   0.0    99   238    58    89    32   114 0.64 -
Utg33258:110720-113473   -            918 12237at4891          -            312   1.3e-30  103.8   3.7   2   6     6e-06   0.00029   17.3   0.2    91   166   141   222   139   225 0.81 -
Utg33258:110720-113473   -            918 12237at4891          -            312   1.3e-30  103.8   3.7   3   6      0.83        40    0.4   0.0   173   227   259   314   240   315 0.68 -
Utg33258:110720-113473   -            918 12237at4891          -            312   1.3e-30  103.8   3.7   4   6   1.1e-18   5.1e-17   59.2   0.0    64   192   313   448   302   450 0.88 -
Utg33258:110720-113473   -            918 12237at4891          -            312   1.3e-30  103.8   3.7   5   6   1.7e-06   8.4e-05   19.1   0.1    70   124   447   502   443   505 0.88 -
Utg33258:110720-113473   -            918 12237at4891          -            312   1.3e-30  103.8   3.7   6   6      0.17       8.4    2.6   0.0   207   242   579   615   576   624 0.81 -
Utg33254:379323-382151   -            943 12237at4891          -            312   1.5e-23   80.6  17.2   1   6     1e-13   5.1e-12   42.8   1.2    67   174    92   202    72   208 0.86 -
Utg33254:379323-382151   -            943 12237at4891          -            312   1.5e-23   80.6  17.2   2   6   3.1e-06   0.00015   18.2   0.6    69   124   177   231   174   235 0.93 -
Utg33254:379323-382151   -            943 12237at4891          -            312   1.5e-23   80.6  17.2   3   6      0.64        31    0.8   0.0    69   242   405   428   391   435 0.49 -
Utg33254:379323-382151   -            943 12237at4891          -            312   1.5e-23   80.6  17.2   4   6   4.8e-07   2.3e-05   20.9   0.1    68   124   444   502   435   534 0.88 -
Utg33254:379323-382151   -            943 12237at4891          -            312   1.5e-23   80.6  17.2   5   6   0.00012     0.006   13.0   0.2    50   163   525   643   502   654 0.74 -
Utg33254:379323-382151   -            943 12237at4891          -            312   1.5e-23   80.6  17.2   6   6     8e-06   0.00039   16.9   0.5    67   165   586   687   571   692 0.77 -
Utg33278:290557-291411   -            285 12237at4891          -            312   2.1e-16   57.2   6.0   1   4   2.8e-07   1.3e-05   21.7   0.1    95   164     4    77     2    84 0.66 -
Utg33278:290557-291411   -            285 12237at4891          -            312   2.1e-16   57.2   6.0   2   4   4.3e-07   2.1e-05   21.1   0.3   106   165   122   183   107   187 0.83 -
Utg33278:290557-291411   -            285 12237at4891          -            312   2.1e-16   57.2   6.0   3   4    0.0011     0.053    9.9   0.0   148   173   226   251   206   260 0.79 -
Utg33278:290557-291411   -            285 12237at4891          -            312   2.1e-16   57.2   6.0   4   4     0.026       1.3    5.4   0.0    58    86   258   285   253   285 0.88 -
Utg33258:92072-93070     -            333 12237at4891          -            312   7.3e-15   52.1   3.3   1   3   4.8e-09   2.3e-07   27.4   0.1    70   167    20   127     7   138 0.70 -
Utg33258:92072-93070     -            333 12237at4891          -            312   7.3e-15   52.1   3.3   2   3   8.1e-05    0.0039   13.6   0.0    96   172   178   258   172   270 0.85 -
Utg33258:92072-93070     -            333 12237at4891          -            312   7.3e-15   52.1   3.3   3   3    0.0034      0.16    8.3   0.2    68   122   276   331   268   332 0.62 -
Utg33274:551190-551825   -            212 12237at4891          -            312   8.5e-15   51.9   0.0   1   2   0.00018     0.009   12.4   0.0    58    99     4    45     2    65 0.87 -
Utg33274:551190-551825   -            212 12237at4891          -            312   8.5e-15   51.9   0.0   2   2     5e-12   2.4e-10   37.2   0.0    61   164    71   173    62   182 0.87 -
Utg33272:620953-621864   -            304 12237at4891          -            312     1e-14   51.6   3.1   1   4     5e-08   2.4e-06   24.1   0.1    68   166     5   107     1   112 0.89 -
Utg33272:620953-621864   -            304 12237at4891          -            312     1e-14   51.6   3.1   2   4     0.097       4.7    3.5   0.0   138   170   116   152   112   161 0.75 -
Utg33272:620953-621864   -            304 12237at4891          -            312     1e-14   51.6   3.1   3   4   3.4e-06   0.00017   18.1   0.3    74   167   137   240   132   261 0.73 -
Utg33272:620953-621864   -            304 12237at4891          -            312     1e-14   51.6   3.1   4   4   2.6e-06   0.00013   18.5   2.7    67   169   173   285   160   289 0.78 -
Utg33254:548158-550605   -            816 12237at4891          -            312     1e-14   51.6   5.8   1   4   2.2e-05    0.0011   15.4   0.2    64   146   112   197    73   228 0.78 -
Utg33254:548158-550605   -            816 12237at4891          -            312     1e-14   51.6   5.8   2   4      0.79        38    0.5   0.0   108   147   401   442   383   472 0.58 -
Utg33254:548158-550605   -            816 12237at4891          -            312     1e-14   51.6   5.8   3   4   0.00011    0.0055   13.1   0.1    92   167   487   565   484   579 0.71 -
Utg33254:548158-550605   -            816 12237at4891          -            312     1e-14   51.6   5.8   4   4   1.1e-06   5.2e-05   19.7   0.0    68   123   590   645   575   648 0.86 -
Utg33284:404641-405864   -            408 12237at4891          -            312   1.1e-14   51.5   2.1   1   3   1.6e-06   7.7e-05   19.2   0.0    91   159    41   106    38   108 0.91 -
Utg33284:404641-405864   -            408 12237at4891          -            312   1.1e-14   51.5   2.1   2   3   7.5e-07   3.6e-05   20.3   0.2   106   166   112   174   109   181 0.85 -
Utg33284:404641-405864   -            408 12237at4891          -            312   1.1e-14   51.5   2.1   3   3    0.0012     0.058    9.7   0.0    95   124   293   325   290   334 0.80 -
Utg33284:516003-516881   -            293 12237at4891          -            312     2e-14   50.7   0.1   1   4    0.0055      0.27    7.5   0.0    95   124    13    44     1    52 0.65 -
Utg33284:516003-516881   -            293 12237at4891          -            312     2e-14   50.7   0.1   2   4    0.0047      0.23    7.8   0.0    91   125    71   104    67   121 0.80 -
Utg33284:516003-516881   -            293 12237at4891          -            312     2e-14   50.7   0.1   3   4   3.8e-10   1.8e-08   31.1   0.0    61   166   146   249   139   277 0.72 -
Utg33284:516003-516881   -            293 12237at4891          -            312     2e-14   50.7   0.1   4   4       2.7   1.3e+02   -1.3   0.0   102   122   273   293   266   293 0.79 -
Utg33276:263327-264145   -            273 12237at4891          -            312   8.2e-14   48.7   8.7   1   4   2.6e-09   1.3e-07   28.3   2.0    73   172     3   101     1   117 0.83 -
Utg33276:263327-264145   -            273 12237at4891          -            312   8.2e-14   48.7   8.7   2   4   1.4e-07   7.1e-06   22.6   3.0    80   169    50   139    50   152 0.85 -
Utg33276:263327-264145   -            273 12237at4891          -            312   8.2e-14   48.7   8.7   3   4       0.1         5    3.4   0.0   148   172   207   231   200   247 0.70 -
Utg33276:263327-264145   -            273 12237at4891          -            312   8.2e-14   48.7   8.7   4   4   0.00092     0.045   10.1   0.0    69    91   249   271   239   273 0.86 -
Utg33250:355322-356656   -            445 12237at4891          -            312   1.4e-13   47.9   2.4   1   3   9.4e-09   4.6e-07   26.5   0.3   101   169   140   210   125   215 0.85 -
Utg33250:355322-356656   -            445 12237at4891          -            312   1.4e-13   47.9   2.4   2   3   2.8e-06   0.00013   18.4   0.1   108   169   231   294   216   311 0.85 -
Utg33250:355322-356656   -            445 12237at4891          -            312   1.4e-13   47.9   2.4   3   3      0.64        31    0.8   0.0    71   122   318   370   308   374 0.76 -
Utg33280:184911-188507   -           1199 12237at4891          -            312   5.4e-12   42.7   1.2   1   3   3.9e-08   1.9e-06   24.5   0.1    67   167    25   127    19   134 0.88 -
Utg33280:184911-188507   -           1199 12237at4891          -            312   5.4e-12   42.7   1.2   2   3      0.19       9.5    2.5   0.0   149   165   151   167   128   173 0.82 -
Utg33280:184911-188507   -           1199 12237at4891          -            312   5.4e-12   42.7   1.2   3   3   0.00019    0.0093   12.3   0.0   109   167   223   285   214   292 0.90 -
Utg33252:601172-601942   -            257 12237at4891          -            312   2.8e-11   40.3   0.0   1   2   2.1e-10     1e-08   31.9   0.0    72   173    48   153    35   159 0.79 -
Utg33252:601172-601942   -            257 12237at4891          -            312   2.8e-11   40.3   0.0   2   2     0.011      0.53    6.6   0.0    13    62   176   225   163   256 0.74 -
Utg33272:41615-42964     -            450 12237at4891          -            312   7.4e-11   39.0   0.9   1   3   1.4e-09   6.8e-08   29.2   0.1    69   166    93   193    63   200 0.86 -
Utg33272:41615-42964     -            450 12237at4891          -            312   7.4e-11   39.0   0.9   2   3    0.0099      0.48    6.7   0.0    68   137   218   288   213   328 0.65 -
Utg33272:41615-42964     -            450 12237at4891          -            312   7.4e-11   39.0   0.9   3   3      0.84        41    0.4   0.0   113   163   308   363   282   366 0.64 -
Utg33264:423360-425204   -            615 12237at4891          -            312   7.7e-11   38.9   5.1   1   6       1.2        60   -0.2   0.0    65    81    78    93    59    96 0.54 -
Utg33264:423360-425204   -            615 12237at4891          -            312   7.7e-11   38.9   5.1   2   6       1.1        55   -0.0   0.0    85   124   149   190   143   248 0.60 -
Utg33264:423360-425204   -            615 12237at4891          -            312   7.7e-11   38.9   5.1   3   6    0.0035      0.17    8.2   0.1   145   173   262   291   212   297 0.64 -
Utg33264:423360-425204   -            615 12237at4891          -            312   7.7e-11   38.9   5.1   4   6   0.00063     0.031   10.6   0.0    73   128   316   368   299   401 0.87 -
Utg33264:423360-425204   -            615 12237at4891          -            312   7.7e-11   38.9   5.1   5   6      0.03       1.4    5.1   0.0    11   102   439   537   432   543 0.69 -
Utg33264:423360-425204   -            615 12237at4891          -            312   7.7e-11   38.9   5.1   6   6   0.00061      0.03   10.7   0.0    66   125   553   613   548   614 0.91 -
Utg33282:153926-154570   -            215 12237at4891          -            312   9.8e-11   38.5   2.6   1   2   2.2e-09   1.1e-07   28.6   0.5    57   165     7   119     2   124 0.81 -
Utg33282:153926-154570   -            215 12237at4891          -            312   9.8e-11   38.5   2.6   2   2    0.0019     0.093    9.1   0.1    99   142   157   197   146   215 0.77 -
Utg33260:804929-806305   -            459 12237at4891          -            312   1.3e-10   38.2   7.0   1   4   1.9e-05   0.00093   15.6   0.1    70   124   119   172   106   184 0.64 -
Utg33260:804929-806305   -            459 12237at4891          -            312   1.3e-10   38.2   7.0   2   4     0.012      0.61    6.4   0.0    83   125   195   237   193   249 0.92 -
Utg33260:804929-806305   -            459 12237at4891          -            312   1.3e-10   38.2   7.0   3   4   0.00055     0.027   10.8   0.4   131   168   279   321   276   367 0.77 -
Utg33260:804929-806305   -            459 12237at4891          -            312   1.3e-10   38.2   7.0   4   4     0.011      0.53    6.6   0.1    67   141   389   420   359   453 0.56 -
Utg33284:39261-41405     -            715 12237at4891          -            312   4.9e-10   36.3   6.2   1   3    0.0016     0.078    9.3   0.0   135   175     9    52     4    85 0.73 -
Utg33284:39261-41405     -            715 12237at4891          -            312   4.9e-10   36.3   6.2   2   3   2.4e-05    0.0011   15.3   0.3    98   172   101   174    92   182 0.82 -
Utg33284:39261-41405     -            715 12237at4891          -            312   4.9e-10   36.3   6.2   3   3   0.00011    0.0053   13.2   0.1    70   163   194   288   179   296 0.82 -
Utg33286:602204-604594   -            797 12237at4891          -            312   1.5e-09   34.6   6.3   1   4       6.2     3e+02   -2.5   0.1   249   291   323   365   280   376 0.73 -
Utg33286:602204-604594   -            797 12237at4891          -            312   1.5e-09   34.6   6.3   2   4   0.00012    0.0057   13.0   0.1   106   164   536   596   524   614 0.87 -
Utg33286:602204-604594   -            797 12237at4891          -            312   1.5e-09   34.6   6.3   3   4     0.047       2.3    4.5   0.0   150   166   624   640   601   664 0.73 -
Utg33286:602204-604594   -            797 12237at4891          -            312   1.5e-09   34.6   6.3   4   4   2.6e-06   0.00012   18.5   0.1    67   129   665   728   651   734 0.82 -
Utg33260:715026-716291   -            422 12237at4891          -            312   5.3e-09   32.9   5.0   1   4         2        97   -0.9   0.5   269   297    33    61     5    84 0.57 -
Utg33260:715026-716291   -            422 12237at4891          -            312   5.3e-09   32.9   5.0   2   4     2e-06   9.7e-05   18.8   0.7    70   166   108   211    48   218 0.87 -
Utg33260:715026-716291   -            422 12237at4891          -            312   5.3e-09   32.9   5.0   3   4    0.0051      0.25    7.7   0.0    55   124   230   299   225   310 0.76 -
Utg33260:715026-716291   -            422 12237at4891          -            312   5.3e-09   32.9   5.0   4   4     0.027       1.3    5.3   0.0    79   123   374   419   358   420 0.88 -
Utg33250:420303-423338   -           1012 12237at4891          -            312   5.8e-09   32.7   9.0   1   5      0.37        18    1.5   0.1    78   128    28    78    12    86 0.78 -
Utg33250:420303-423338   -           1012 12237at4891          -            312   5.8e-09   32.7   9.0   2   5   3.9e-08   1.9e-06   24.5   0.4    69   167   152   253   149   270 0.88 -
Utg33250:420303-423338   -           1012 12237at4891          -            312   5.8e-09   32.7   9.0   3   5       3.2   1.5e+02   -1.5   0.0    99   126   274   302   261   305 0.68 -
Utg33250:420303-423338   -           1012 12237at4891          -            312   5.8e-09   32.7   9.0   4   5     0.014       0.7    6.2   0.1    92   143   707   758   698   803 0.80 -
Utg33250:420303-423338   -           1012 12237at4891          -            312   5.8e-09   32.7   9.0   5   5       1.6        80   -0.6   0.0   148   167   949   968   918   974 0.78 -
Utg33286:433779-435383   -            535 12237at4891          -            312   7.3e-09   32.4   0.7   1   2    0.0014     0.068    9.5   0.3    56   124   220   290   215   296 0.73 -
Utg33286:433779-435383   -            535 12237at4891          -            312   7.3e-09   32.4   0.7   2   2   1.3e-06   6.2e-05   19.5   0.0    74   169   337   434   331   442 0.78 -
Utg33266:189506-191224   -            573 12237at4891          -            312   1.6e-08   31.3   3.7   1   4       7.3   3.5e+02   -2.7   0.1   151   165   188   202   186   204 0.91 -
Utg33266:189506-191224   -            573 12237at4891          -            312   1.6e-08   31.3   3.7   2   4     8e-10   3.9e-08   30.0   0.0    91   168   231   313   229   351 0.78 -
Utg33266:189506-191224   -            573 12237at4891          -            312   1.6e-08   31.3   3.7   3   4       1.5        72   -0.4   0.0    99   125   402   428   400   436 0.76 -
Utg33266:189506-191224   -            573 12237at4891          -            312   1.6e-08   31.3   3.7   4   4       1.7        84   -0.7   0.0    67    84   485   502   462   509 0.78 -
Utg33286:208777-211296   -            840 12237at4891          -            312   2.2e-07   27.5   4.6   1   5       0.2       9.9    2.4   0.0   104   126    26    48    14    54 0.78 -
Utg33286:208777-211296   -            840 12237at4891          -            312   2.2e-07   27.5   4.6   2   5    0.0048      0.23    7.8   0.0    89   124    72   108    70   122 0.88 -
Utg33286:208777-211296   -            840 12237at4891          -            312   2.2e-07   27.5   4.6   3   5   0.00044     0.021   11.2   0.4    94   177   135   221   131   223 0.77 -
Utg33286:208777-211296   -            840 12237at4891          -            312   2.2e-07   27.5   4.6   4   5     0.079       3.8    3.8   0.0    99   166   317   387   312   392 0.78 -
Utg33286:208777-211296   -            840 12237at4891          -            312   2.2e-07   27.5   4.6   5   5       6.1   2.9e+02   -2.4   0.0    43    83   732   772   720   778 0.65 -
Utg33280:1173255-1174484 -            410 12237at4891          -            312   2.3e-07   27.5   0.0   1   3    0.0012     0.056    9.8   0.0    99   171   120   197   109   206 0.78 -
Utg33280:1173255-1174484 -            410 12237at4891          -            312   2.3e-07   27.5   0.0   2   3   0.00025     0.012   12.0   0.0    88   166   240   320   237   325 0.89 -
Utg33280:1173255-1174484 -            410 12237at4891          -            312   2.3e-07   27.5   0.0   3   3      0.35        17    1.6   0.0   210   243   343   377   340   393 0.80 -
Utg33264:63257-64636     -            460 12237at4891          -            312   6.2e-07   26.1   0.5   1   4     0.071       3.4    3.9   0.0   147   165    27    45    10    48 0.76 -
Utg33264:63257-64636     -            460 12237at4891          -            312   6.2e-07   26.1   0.5   2   4   0.00016     0.008   12.6   0.0    85   124    60   100    55   107 0.84 -
Utg33264:63257-64636     -            460 12237at4891          -            312   6.2e-07   26.1   0.5   3   4         3   1.5e+02   -1.5   0.0    78   123   169   215   160   221 0.61 -
Utg33264:63257-64636     -            460 12237at4891          -            312   6.2e-07   26.1   0.5   4   4     0.035       1.7    4.9   0.0    67   117   343   395   332   405 0.59 -
Utg33258:72781-73473     -            231 12237at4891          -            312   9.2e-07   25.5   0.1   1   3   1.7e-06   8.4e-05   19.1   0.0    67   165    11   112     3   123 0.72 -
Utg33258:72781-73473     -            231 12237at4891          -            312   9.2e-07   25.5   0.1   2   3      0.25        12    2.1   0.0    95   125   130   161    96   169 0.59 -
Utg33258:72781-73473     -            231 12237at4891          -            312   9.2e-07   25.5   0.1   3   3      0.42        21    1.3   0.0   105   123   195   213   173   230 0.72 -
Utg33272:171151-171954   -            268 12237at4891          -            312   1.1e-06   25.3   0.2   1   2         4   1.9e+02   -1.8   0.0    66    84   108   125   100   126 0.80 -
Utg33272:171151-171954   -            268 12237at4891          -            312   1.1e-06   25.3   0.2   2   2   3.4e-07   1.7e-05   21.4   0.1    72   166   162   261   157   266 0.78 -
Utg33280:972936-973901   -            322 12237at4891          -            312   1.3e-06   25.0   7.5   1   4     0.023       1.1    5.5   0.2    88   176     3    96     2   101 0.76 -
Utg33280:972936-973901   -            322 12237at4891          -            312   1.3e-06   25.0   7.5   2   4   1.6e-05   0.00078   15.9   0.1    88   163    96   178    94   186 0.84 -
Utg33280:972936-973901   -            322 12237at4891          -            312   1.3e-06   25.0   7.5   3   4   0.00013    0.0065   12.8   0.3    88   165   142   226   136   255 0.80 -
Utg33280:972936-973901   -            322 12237at4891          -            312   1.3e-06   25.0   7.5   4   4      0.27        13    2.0   0.0    99   123   298   322   257   322 0.65 -
Utg33254:902974-905775   -            934 12237at4891          -            312   1.8e-06   24.5   1.7   1   5       3.3   1.6e+02   -1.6   0.0    47    82   101   136    62   145 0.61 -
Utg33254:902974-905775   -            934 12237at4891          -            312   1.8e-06   24.5   1.7   2   5     0.057       2.8    4.2   0.0     6   106   148   253   146   273 0.77 -
Utg33254:902974-905775   -            934 12237at4891          -            312   1.8e-06   24.5   1.7   3   5       1.2        57   -0.1   0.0    69   117   259   312   254   317 0.76 -
Utg33254:902974-905775   -            934 12237at4891          -            312   1.8e-06   24.5   1.7   4   5   0.00034     0.016   11.5   0.0    70   123   471   525   460   536 0.83 -
Utg33254:902974-905775   -            934 12237at4891          -            312   1.8e-06   24.5   1.7   5   5       0.1       4.9    3.4   0.0   108   164   593   609   538   649 0.77 -
Utg33286:568524-569420   -            299 12237at4891          -            312   2.2e-06   24.3   4.3   1   4       1.1        53   -0.0   0.0   209   245     2    38     1    46 0.85 -
Utg33286:568524-569420   -            299 12237at4891          -            312   2.2e-06   24.3   4.3   2   4     0.093       4.5    3.5   0.0   137   175    38    80    21    92 0.76 -
Utg33286:568524-569420   -            299 12237at4891          -            312   2.2e-06   24.3   4.3   3   4   6.4e-06   0.00031   17.2   0.3    67   179    94   219    87   225 0.78 -
Utg33286:568524-569420   -            299 12237at4891          -            312   2.2e-06   24.3   4.3   4   4      0.22        11    2.3   0.1    67   123   239   298   236   299 0.77 -
Utg33270:160100-161374   -            425 12237at4891          -            312   2.9e-06   23.9   1.6   1   3    0.0012     0.058    9.7   0.0    51   124    21   101    10   109 0.76 -
Utg33270:160100-161374   -            425 12237at4891          -            312   2.9e-06   23.9   1.6   2   3       1.9        91   -0.8   0.1   102   165   176   244   162   252 0.66 -
Utg33270:160100-161374   -            425 12237at4891          -            312   2.9e-06   23.9   1.6   3   3   0.00037     0.018   11.4   0.4    67   124   281   342   259   344 0.74 -
Utg33254:112986-114440   -            485 12237at4891          -            312     3e-06   23.8   7.6   1   4      0.11       5.3    3.3   0.2   106   106   120   120    79   158 0.43 -
Utg33254:112986-114440   -            485 12237at4891          -            312     3e-06   23.8   7.6   2   4      0.36        17    1.6   0.1   117   168   199   253   185   267 0.63 -
Utg33254:112986-114440   -            485 12237at4891          -            312     3e-06   23.8   7.6   3   4   0.00056     0.027   10.8   0.1   110   166   277   336   267   351 0.87 -
Utg33254:112986-114440   -            485 12237at4891          -            312     3e-06   23.8   7.6   4   4    0.0043      0.21    7.9   0.1   206   229   349   372   340   434 0.80 -
Utg33266:273551-274939   -            463 12237at4891          -            312   4.7e-06   23.2   2.3   1   4       3.6   1.8e+02   -1.7   0.1   208   229   177   198   169   214 0.76 -
Utg33266:273551-274939   -            463 12237at4891          -            312   4.7e-06   23.2   2.3   2   4      0.78        38    0.5   0.0   152   167   281   296   275   300 0.87 -
Utg33266:273551-274939   -            463 12237at4891          -            312   4.7e-06   23.2   2.3   3   4   1.2e-06   5.6e-05   19.6   0.0    68   164   320   423   312   429 0.83 -
Utg33266:273551-274939   -            463 12237at4891          -            312   4.7e-06   23.2   2.3   4   4       2.7   1.3e+02   -1.3   0.0    95   122   435   463   425   463 0.77 -
Utg33280:679738-683163   -           1142 12237at4891          -            312   6.2e-06   22.8   0.8   1   2    0.0089      0.43    6.9   0.1   111   166    81   142    76   152 0.82 -
Utg33280:679738-683163   -           1142 12237at4891          -            312   6.2e-06   22.8   0.8   2   2   9.4e-05    0.0046   13.4   0.0    70   124   170   227   166   237 0.87 -
Utg33264:472274-472759   -            162 12237at4891          -            312   6.5e-06   22.7   0.1   1   2   3.2e-05    0.0016   14.9   0.0    95   185    17   117     9   124 0.77 -
Utg33264:472274-472759   -            162 12237at4891          -            312   6.5e-06   22.7   0.1   2   2      0.01      0.51    6.6   0.0   148   172   121   145   116   154 0.89 -
Utg33250:539243-540199   -            319 12237at4891          -            312   1.1e-05   22.0   1.6   1   3   6.7e-06   0.00033   17.1   0.5   104   178    50   128    40   134 0.73 -
Utg33250:539243-540199   -            319 12237at4891          -            312   1.1e-05   22.0   1.6   2   3      0.11       5.2    3.3   0.0    95   125   190   222   160   228 0.75 -
Utg33250:539243-540199   -            319 12237at4891          -            312   1.1e-05   22.0   1.6   3   3       7.3   3.6e+02   -2.7   0.0   234   251   271   288   266   303 0.73 -
Utg33258:292691-294859   -            723 12237at4891          -            312   1.5e-05   21.5   0.1   1   1   1.3e-06   6.3e-05   19.5   0.1    59   124   643   721   586   723 0.66 -
Utg33284:411405-412382   -            326 12237at4891          -            312   1.5e-05   21.5   0.0   1   4       1.6        78   -0.6   0.0   141   167    26    56    15    70 0.70 -
Utg33284:411405-412382   -            326 12237at4891          -            312   1.5e-05   21.5   0.0   2   4     0.031       1.5    5.1   0.0   148   186   123   162   101   184 0.79 -
Utg33284:411405-412382   -            326 12237at4891          -            312   1.5e-05   21.5   0.0   3   4    0.0046      0.22    7.8   0.0   208   249   201   243   187   248 0.85 -
Utg33284:411405-412382   -            326 12237at4891          -            312   1.5e-05   21.5   0.0   4   4      0.11       5.5    3.2   0.0   106   132   258   284   253   291 0.87 -
Utg33252:599677-600387   -            237 12237at4891          -            312   1.7e-05   21.3   0.6   1   2   1.7e-05   0.00082   15.8   0.0    69   191    12   139     3   167 0.77 -
Utg33252:599677-600387   -            237 12237at4891          -            312   1.7e-05   21.3   0.6   2   2    0.0014     0.066    9.5   0.4    24   162    87   237    74   237 0.70 -
Utg33252:801434-802276   -            281 12237at4891          -            312   2.4e-05   20.8   3.2   1   3     0.057       2.8    4.2   0.1   207   245    24    63    14    68 0.88 -
Utg33252:801434-802276   -            281 12237at4891          -            312   2.4e-05   20.8   3.2   2   3   2.1e-05     0.001   15.5   0.2    59   145    68   154    60   158 0.84 -
Utg33252:801434-802276   -            281 12237at4891          -            312   2.4e-05   20.8   3.2   3   3       2.4   1.2e+02   -1.1   0.0    17    51   203   237   190   265 0.66 -
Utg33260:380914-382593   -            560 12237at4891          -            312     6e-05   19.5   0.5   1   3       9.2   4.5e+02   -3.0   0.0   151   173    45    68    16    80 0.61 -
Utg33260:380914-382593   -            560 12237at4891          -            312     6e-05   19.5   0.5   2   3   0.00043     0.021   11.2   0.0   107   167   156   220   131   234 0.75 -
Utg33260:380914-382593   -            560 12237at4891          -            312     6e-05   19.5   0.5   3   3     0.017      0.81    6.0   0.0    28    88   427   489   419   501 0.74 -
Utg33264:345441-347774   -            778 12237at4891          -            312    0.0001   18.8   0.3   1   3      0.12         6    3.1   0.0   150   166   423   439   404   447 0.77 -
Utg33264:345441-347774   -            778 12237at4891          -            312    0.0001   18.8   0.3   2   3       4.7   2.3e+02   -2.1   0.0   152   173   627   647   621   659 0.76 -
Utg33264:345441-347774   -            778 12237at4891          -            312    0.0001   18.8   0.3   3   3    0.0002    0.0098   12.3   0.0   107   164   663   723   652   727 0.84 -
Utg33252:182104-184458   -            785 12237at4891          -            312   0.00016   18.1   6.0   1   4   0.00079     0.039   10.3   0.1    94   164    57   131    49   139 0.76 -
Utg33252:182104-184458   -            785 12237at4891          -            312   0.00016   18.1   6.0   2   4       1.2        59   -0.2   0.0   108   162   353   412   344   416 0.83 -
Utg33252:182104-184458   -            785 12237at4891          -            312   0.00016   18.1   6.0   3   4       3.9   1.9e+02   -1.8   0.0   208   248   561   604   560   608 0.75 -
Utg33252:182104-184458   -            785 12237at4891          -            312   0.00016   18.1   6.0   4   4     0.011      0.52    6.6   0.0    95   175   605   695   601   703 0.67 -
Utg33286:596703-597521   -            273 12237at4891          -            312   0.00018   18.0   0.2   1   3      0.55        27    1.0   0.0    67    84    70    87    58    91 0.84 -
Utg33286:596703-597521   -            273 12237at4891          -            312   0.00018   18.0   0.2   2   3   0.00026     0.013   11.9   0.0    88   164   144   227   110   234 0.77 -
Utg33286:596703-597521   -            273 12237at4891          -            312   0.00018   18.0   0.2   3   3      0.12       5.9    3.1   0.1    67   123   211   269   197   271 0.65 -
Utg33254:512805-514526   -            574 12237at4891          -            312   0.00021   17.8   0.6   1   2    0.0005     0.024   11.0   0.2    66   121   299   358   276   362 0.78 -
Utg33254:512805-514526   -            574 12237at4891          -            312   0.00021   17.8   0.6   2   2     0.061         3    4.1   0.0    98   151   380   434   376   456 0.84 -
Utg33254:528409-529254   -            282 12237at4891          -            312   0.00025   17.5   3.2   1   3     0.017      0.82    6.0   0.0   142   166     9    33     5    55 0.82 -
Utg33254:528409-529254   -            282 12237at4891          -            312   0.00025   17.5   3.2   2   3    0.0048      0.24    7.7   0.1    68   143    62   142    58   147 0.80 -
Utg33254:528409-529254   -            282 12237at4891          -            312   0.00025   17.5   3.2   3   3      0.23        11    2.2   0.3   111   163   167   228   160   233 0.54 -
Utg33260:798963-799658   -            232 12237at4891          -            312   0.00041   16.8   6.5   1   3   0.00026     0.013   11.9   1.5    69   165    16   131     2   135 0.67 -
Utg33260:798963-799658   -            232 12237at4891          -            312   0.00041   16.8   6.5   2   3   8.6e-05    0.0042   13.5   0.2    73   119   120   165   113   174 0.87 -
Utg33260:798963-799658   -            232 12237at4891          -            312   0.00041   16.8   6.5   3   3       2.3   1.1e+02   -1.1   0.0   151   162   220   231   212   232 0.67 -
Utg33264:442574-443518   -            315 12237at4891          -            312   0.00085   15.8   2.2   1   3      0.49        24    1.1   0.0   112   124     3    15     1    18 0.71 -
Utg33264:442574-443518   -            315 12237at4891          -            312   0.00085   15.8   2.2   2   3    0.0019      0.09    9.1   0.3   132   186    84   143    81   235 0.81 -
Utg33264:442574-443518   -            315 12237at4891          -            312   0.00085   15.8   2.2   3   3      0.38        18    1.5   0.0   149   169   256   276   252   289 0.83 -
Utg33254:953723-955675   -            651 12237at4891          -            312    0.0013   15.2   0.6   1   3      0.74        36    0.6   0.0   106   124    93   111    87   115 0.83 -
Utg33254:953723-955675   -            651 12237at4891          -            312    0.0013   15.2   0.6   2   3   0.00044     0.021   11.2   0.0    65   125   152   212   147   231 0.87 -
Utg33254:953723-955675   -            651 12237at4891          -            312    0.0013   15.2   0.6   3   3       3.5   1.7e+02   -1.7   0.1   251   293   607   650   595   651 0.72 -
Utg33252:840370-842424   -            685 12237at4891          -            312     0.004   13.6   0.0   1   2   0.00027     0.013   11.9   0.0   107   191    55   144    47   148 0.78 -
Utg33252:840370-842424   -            685 12237at4891          -            312     0.004   13.6   0.0   2   2         7   3.4e+02   -2.6   0.0    41    93   273   325   236   331 0.73 -
Utg33272:569414-570577   -            388 12237at4891          -            312    0.0045   13.4   0.2   1   2    0.0016     0.076    9.4   0.1    68   126   113   179   100   224 0.68 -
Utg33272:569414-570577   -            388 12237at4891          -            312    0.0045   13.4   0.2   2   2      0.88        43    0.3   0.0   148   163   305   320   295   324 0.70 -
Utg33280:165249-166814   -            522 12237at4891          -            312     0.015   11.7   0.0   1   3       5.2   2.6e+02   -2.2   0.0   215   229   197   211   185   241 0.73 -
Utg33280:165249-166814   -            522 12237at4891          -            312     0.015   11.7   0.0   2   3     0.023       1.1    5.5   0.0   110   136   349   375   336   425 0.83 -
Utg33280:165249-166814   -            522 12237at4891          -            312     0.015   11.7   0.0   3   3      0.18       8.7    2.6   0.0    28    87   455   517   445   520 0.71 -
Utg33280:492254-493048   -            265 12237at4891          -            312     0.018   11.4   0.0   1   2     0.031       1.5    5.1   0.0   150   165    18    33     1    62 0.77 -
Utg33280:492254-493048   -            265 12237at4891          -            312     0.018   11.4   0.0   2   2     0.072       3.5    3.9   0.0   104   145   175   216   160   221 0.73 -
#
# Program:         hmmsearch
# Version:         3.1b2 (February 2015)
# Pipeline mode:   SEARCH
# Query file:      /home/inf-34-2022/Documents/BINP29/DeNovo_LongReads/Busco/busco_downloads/lineages/saccharomycetes_odb10/hmms/12237at4891.hmm
# Target file:     /home/inf-34-2022/Documents/BINP29/DeNovo_LongReads/Busco/busco_output/run_saccharomycetes_odb10/metaeuk_output/initial_results/SRRoutput.fasta.modified.fas
# Option settings: hmmsearch --domtblout /home/inf-34-2022/Documents/BINP29/DeNovo_LongReads/Busco/busco_output/run_saccharomycetes_odb10/hmmer_output/initial_run_results/12237at4891.out --cpu 1 /home/inf-34-2022/Documents/BINP29/DeNovo_LongReads/Busco/busco_downloads/lineages/saccharomycetes_odb10/hmms/12237at4891.hmm /home/inf-34-2022/Documents/BINP29/DeNovo_LongReads/Busco/busco_output/run_saccharomycetes_odb10/metaeuk_output/initial_results/SRRoutput.fasta.modified.fas 
# Current dir:     /home/inf-34-2022/Documents/BINP29/DeNovo_LongReads/Busco
# Date:            Fri Feb 24 12:01:57 2023
# [ok]
