#                                                                              --- full sequence --- -------------- this domain -------------   hmm coord   ali coord   env coord
# target name          accession   tlen query name           accession   qlen   E-value  score  bias   #  of  c-Evalue  i-Evalue  score  bias  from    to  from    to  from    to  acc description of target
#  ------------------- ---------- ----- -------------------- ---------- ----- --------- ------ ----- --- --- --------- --------- ------ ----- ----- ----- ----- ----- ----- ----- ---- ---------------------
Utg33270:160100-161374 -            425 12947at4891          -            308  4.3e-123  407.8   7.2   1   2   9.7e-34   6.8e-32  108.3   0.0     1   100     1   124     1   139 0.85 -
Utg33270:160100-161374 -            425 12947at4891          -            308  4.3e-123  407.8   7.2   2   2   4.7e-91   3.3e-89  296.5   7.6    91   307   169   417   136   418 0.83 -
Utg33258:110720-113473 -            918 12947at4891          -            308   5.4e-13   46.2   3.3   1   2    0.0023      0.17    8.5   0.2    55    87   142   179   136   223 0.82 -
Utg33258:110720-113473 -            918 12947at4891          -            308   5.4e-13   46.2   3.3   2   2   2.9e-10   2.1e-08   31.1   0.3    27   244   262   502   251   510 0.73 -
Utg33286:568524-569420 -            299 12947at4891          -            308   4.1e-10   36.7   0.3   1   5     0.032       2.2    4.7   0.0    29    84     2    70     1    81 0.74 -
Utg33286:568524-569420 -            299 12947at4891          -            308   4.1e-10   36.7   0.3   2   5   8.6e-06    0.0006   16.5   0.3   176   243    85   152    47   155 0.80 -
Utg33286:568524-569420 -            299 12947at4891          -            308   4.1e-10   36.7   0.3   3   5     0.054       3.8    4.0   0.0    38    60   137   159   133   169 0.86 -
Utg33286:568524-569420 -            299 12947at4891          -            308   4.1e-10   36.7   0.3   4   5     0.081       5.7    3.4   0.0    30    55   179   204   170   227 0.77 -
Utg33286:568524-569420 -            299 12947at4891          -            308   4.1e-10   36.7   0.3   5   5     0.027       1.9    5.0   0.0   190   216   243   267   233   288 0.84 -
Utg33254:379323-382151 -            943 12947at4891          -            308   2.8e-09   34.0  16.6   1   5       7.2   5.1e+02   -3.0   0.0   195   211    45    61    41    65 0.81 -
Utg33254:379323-382151 -            943 12947at4891          -            308   2.8e-09   34.0  16.6   2   5   0.00016     0.011   12.3   0.1    27    86    81   153    74   156 0.83 -
Utg33254:379323-382151 -            943 12947at4891          -            308   2.8e-09   34.0  16.6   3   5     6e-07   4.2e-05   20.3   2.3    28   136   124   250   114   275 0.73 -
Utg33254:379323-382151 -            943 12947at4891          -            308   2.8e-09   34.0  16.6   4   5     0.025       1.8    5.1   0.0    19    87   424   506   418   521 0.76 -
Utg33254:379323-382151 -            943 12947at4891          -            308   2.8e-09   34.0  16.6   5   5    0.0019      0.13    8.8   1.0    21   155   526   683   515   688 0.69 -
Utg33284:516003-516881 -            293 12947at4891          -            308   4.5e-09   33.3   0.6   1   3     0.031       2.2    4.8   0.0    68    86    29    47    13    60 0.74 -
Utg33284:516003-516881 -            293 12947at4891          -            308   4.5e-09   33.3   0.6   2   3      0.03       2.1    4.8   0.0    57    85    74   105    63   113 0.83 -
Utg33284:516003-516881 -            293 12947at4891          -            308   4.5e-09   33.3   0.6   3   3     7e-07   4.9e-05   20.0   0.0    39   121   153   248   137   255 0.83 -
Utg33258:92072-93070   -            333 12947at4891          -            308     9e-09   32.3   8.6   1   4    0.0044      0.31    7.6   0.3    29    85     8    85     3    90 0.73 -
Utg33258:92072-93070   -            333 12947at4891          -            308     9e-09   32.3   8.6   2   4     4e-05    0.0028   14.3   0.3    40    86    69   127    65   139 0.81 -
Utg33258:92072-93070   -            333 12947at4891          -            308     9e-09   32.3   8.6   3   4   0.00053     0.038   10.6   0.0   175   226   223   271   219   275 0.92 -
Utg33258:92072-93070   -            333 12947at4891          -            308     9e-09   32.3   8.6   4   4    0.0042       0.3    7.6   0.3    58    88   261   297   259   314 0.77 -
Utg33252:599677-600387 -            237 12947at4891          -            308   3.3e-08   30.5   0.3   1   1   6.5e-10   4.6e-08   30.0   0.3    36   217     8   210     1   230 0.76 -
Utg33258:72781-73473   -            231 12947at4891          -            308   7.4e-08   29.3   0.3   1   3   2.3e-05    0.0016   15.0   0.0    31    99     4    86     2    91 0.77 -
Utg33258:72781-73473   -            231 12947at4891          -            308   7.4e-08   29.3   0.3   2   3    0.0099       0.7    6.4   0.1    29   212    86   119    73   181 0.61 -
Utg33258:72781-73473   -            231 12947at4891          -            308   7.4e-08   29.3   0.3   3   3      0.14        10    2.6   0.0    68    84   199   215   179   220 0.79 -
Utg33272:620953-621864 -            304 12947at4891          -            308     8e-08   29.2   1.5   1   2      0.77        54    0.2   0.0   124   159    27    62    12    68 0.82 -
Utg33272:620953-621864 -            304 12947at4891          -            308     8e-08   29.2   1.5   2   2     2e-08   1.4e-06   25.1   0.5    27   226    78   302    75   304 0.74 -
Utg33278:290557-291411 -            285 12947at4891          -            308   2.5e-07   27.6   5.8   1   4     0.027       1.9    5.0   0.4    68   117    18    74     2    77 0.58 -
Utg33278:290557-291411 -            285 12947at4891          -            308   2.5e-07   27.6   5.8   2   4     0.045       3.1    4.3   0.0    68    88    62    82    45   111 0.88 -
Utg33278:290557-291411 -            285 12947at4891          -            308   2.5e-07   27.6   5.8   3   4    0.0063      0.44    7.1   0.6    25    85   111   184    94   204 0.73 -
Utg33278:290557-291411 -            285 12947at4891          -            308   2.5e-07   27.6   5.8   4   4   0.00011    0.0075   12.9   0.0    68   121   227   283   217   284 0.89 -
Utg33264:535479-536516 -            346 12947at4891          -            308   6.6e-07   26.2   2.6   1   2    0.0084      0.59    6.6   0.7    58    86    56    84    12   151 0.73 -
Utg33264:535479-536516 -            346 12947at4891          -            308   6.6e-07   26.2   2.6   2   2   2.3e-06   0.00016   18.3   0.1    27   110   155   257   136   272 0.78 -
Utg33284:404641-405864 -            408 12947at4891          -            308   9.6e-07   25.7   6.5   1   4      0.01      0.71    6.4   1.2    66    91    56    81    38   178 0.54 -
Utg33284:404641-405864 -            408 12947at4891          -            308   9.6e-07   25.7   6.5   2   4     0.035       2.5    4.6   0.0    28    57   190   219   177   228 0.76 -
Utg33284:404641-405864 -            408 12947at4891          -            308   9.6e-07   25.7   6.5   3   4      0.17        12    2.4   0.0    22    54   231   262   219   269 0.77 -
Utg33284:404641-405864 -            408 12947at4891          -            308   9.6e-07   25.7   6.5   4   4    0.0026      0.18    8.3   0.0    33    62   304   333   291   338 0.84 -
Utg33264:442574-443518 -            315 12947at4891          -            308   2.7e-06   24.2   2.6   1   3   0.00011    0.0076   12.9   0.1    56   101    88   137    84   141 0.90 -
Utg33264:442574-443518 -            315 12947at4891          -            308   2.7e-06   24.2   2.6   2   3    0.0012     0.083    9.5   0.0    68   154   146   236   144   241 0.67 -
Utg33264:442574-443518 -            315 12947at4891          -            308   2.7e-06   24.2   2.6   3   3       1.4        97   -0.6   0.0   140   159   253   272   234   277 0.76 -
Utg33274:551190-551825 -            212 12947at4891          -            308   4.3e-06   23.5   0.6   1   3     0.017       1.2    5.6   0.0    58    89     1    35     1    63 0.74 -
Utg33274:551190-551825 -            212 12947at4891          -            308   4.3e-06   23.5   0.6   2   3   3.4e-05    0.0024   14.5   0.1    39    96    78   146    58   183 0.71 -
Utg33274:551190-551825 -            212 12947at4891          -            308   4.3e-06   23.5   0.6   3   3      0.63        44    0.5   0.1    25    51   184   211   168   212 0.59 -
Utg33254:902974-905775 -            934 12947at4891          -            308   1.4e-05   21.9   1.6   1   4         3   2.1e+02   -1.7   0.0    35    52   118   135   102   139 0.67 -
Utg33254:902974-905775 -            934 12947at4891          -            308   1.4e-05   21.9   1.6   2   4       1.6   1.1e+02   -0.8   0.0    37    56   213   232   198   241 0.77 -
Utg33254:902974-905775 -            934 12947at4891          -            308   1.4e-05   21.9   1.6   3   4      0.14       9.9    2.6   0.0    21    57   237   276   233   286 0.71 -
Utg33254:902974-905775 -            934 12947at4891          -            308   1.4e-05   21.9   1.6   4   4   4.5e-05    0.0032   14.1   0.2    29   203   459   650   448   655 0.74 -
Utg33254:112986-114440 -            485 12947at4891          -            308   1.7e-05   21.6   4.9   1   4      0.29        20    1.6   0.2    67    84   134   151    71   159 0.84 -
Utg33254:112986-114440 -            485 12947at4891          -            308   1.7e-05   21.6   4.9   2   4    0.0052      0.37    7.3   0.0    27    58   221   253   209   293 0.79 -
Utg33254:112986-114440 -            485 12947at4891          -            308   1.7e-05   21.6   4.9   3   4    0.0061      0.43    7.1   0.0    29    63   309   343   292   347 0.87 -
Utg33254:112986-114440 -            485 12947at4891          -            308   1.7e-05   21.6   4.9   4   4     0.043         3    4.3   0.0    24    62   347   385   342   390 0.77 -
Utg33286:602204-604594 -            797 12947at4891          -            308   2.2e-05   21.2   1.3   1   3       3.9   2.8e+02   -2.1   0.0   216   244   465   495   457   499 0.66 -
Utg33286:602204-604594 -            797 12947at4891          -            308   2.2e-05   21.2   1.3   2   3     0.013      0.91    6.0   0.2    67   135   538   611   518   639 0.46 -
Utg33286:602204-604594 -            797 12947at4891          -            308   2.2e-05   21.2   1.3   3   3   3.3e-05    0.0023   14.6   0.1    32   159   574   724   565   730 0.67 -
Utg33286:208777-211296 -            840 12947at4891          -            308   3.3e-05   20.6   0.6   1   4       0.1       7.1    3.1   0.0    30    57    22    49    10    62 0.84 -
Utg33286:208777-211296 -            840 12947at4891          -            308   3.3e-05   20.6   0.6   2   4   0.00042     0.029   10.9   0.0    24    56    78   110    65   118 0.86 -
Utg33286:208777-211296 -            840 12947at4891          -            308   3.3e-05   20.6   0.6   3   4      0.58        41    0.6   0.2    57   121   135   209   125   224 0.63 -
Utg33286:208777-211296 -            840 12947at4891          -            308   3.3e-05   20.6   0.6   4   4       1.5     1e+02   -0.7   0.0   180   227   320   366   313   386 0.68 -
Utg33258:292691-294859 -            723 12947at4891          -            308   4.7e-05   20.1   1.6   1   4     0.067       4.7    3.7   0.0    14    55   292   337   278   349 0.65 -
Utg33258:292691-294859 -            723 12947at4891          -            308   4.7e-05   20.1   1.6   2   4      0.45        32    1.0   0.0    27    58   352   383   334   400 0.73 -
Utg33258:292691-294859 -            723 12947at4891          -            308   4.7e-05   20.1   1.6   3   4      0.14       9.7    2.6   0.1    56    89   596   629   588   647 0.88 -
Utg33258:292691-294859 -            723 12947at4891          -            308   4.7e-05   20.1   1.6   4   4      0.01      0.73    6.4   0.0   189   217   654   680   632   722 0.83 -
Utg33250:355322-356656 -            445 12947at4891          -            308   6.3e-05   19.7   4.9   1   2      0.14       9.6    2.7   0.1    66    85   147   165   137   184 0.77 -
Utg33250:355322-356656 -            445 12947at4891          -            308   6.3e-05   19.7   4.9   2   2   8.8e-05    0.0062   13.1   1.7    66   255   188   383   170   387 0.70 -
Utg33264:423360-425204 -            615 12947at4891          -            308   8.8e-05   19.2   4.6   1   5      0.49        35    0.8   0.0    29    53    68    94    58   110 0.76 -
Utg33264:423360-425204 -            615 12947at4891          -            308   8.8e-05   19.2   4.6   2   5      0.28        19    1.7   0.0   178   250   212   290   208   300 0.71 -
Utg33264:423360-425204 -            615 12947at4891          -            308   8.8e-05   19.2   4.6   3   5       1.3        89   -0.5   0.1    40    84   350   394   327   402 0.76 -
Utg33264:423360-425204 -            615 12947at4891          -            308   8.8e-05   19.2   4.6   4   5       2.4   1.7e+02   -1.4   0.0    31    50   450   469   423   482 0.64 -
Utg33264:423360-425204 -            615 12947at4891          -            308   8.8e-05   19.2   4.6   5   5   0.00011     0.008   12.8   0.1    27   117   490   576   478   615 0.60 -
Utg33282:153926-154570 -            215 12947at4891          -            308   0.00013   18.7   0.6   1   3    0.0028      0.19    8.2   0.0    99   159    12    75     2    85 0.66 -
Utg33282:153926-154570 -            215 12947at4891          -            308   0.00013   18.7   0.6   2   3     0.026       1.8    5.0   0.0    68    89   103   124    81   163 0.73 -
Utg33282:153926-154570 -            215 12947at4891          -            308   0.00013   18.7   0.6   3   3     0.093       6.6    3.2   0.0    29    57   156   184   132   207 0.67 -
Utg33250:539243-540199 -            319 12947at4891          -            308   0.00023   17.9   0.2   1   2    0.0015      0.11    9.1   0.1    68   124    55   118    34   136 0.67 -
Utg33250:539243-540199 -            319 12947at4891          -            308   0.00023   17.9   0.2   2   2    0.0093      0.65    6.5   0.0    57    87   189   225   160   232 0.79 -
Utg33252:601172-601942 -            257 12947at4891          -            308   0.00028   17.6   0.7   1   2    0.0028      0.19    8.2   0.0    53    85    66   103    43   124 0.77 -
Utg33252:601172-601942 -            257 12947at4891          -            308   0.00028   17.6   0.7   2   2     0.016       1.1    5.7   0.1    19    57   174   212   171   227 0.86 -
Utg33252:801434-802276 -            281 12947at4891          -            308   0.00038   17.1   5.4   1   4     0.017       1.2    5.6   0.3   198   246     3    53     1    56 0.84 -
Utg33252:801434-802276 -            281 12947at4891          -            308   0.00038   17.1   5.4   2   4     0.008      0.56    6.7   0.1   198   249    45    97    33   109 0.84 -
Utg33252:801434-802276 -            281 12947at4891          -            308   0.00038   17.1   5.4   3   4    0.0021      0.15    8.6   0.1    25    68   106   157    99   179 0.80 -
Utg33252:801434-802276 -            281 12947at4891          -            308   0.00038   17.1   5.4   4   4      0.36        25    1.3   0.0   187   213   163   189   157   216 0.77 -
Utg33276:263327-264145 -            273 12947at4891          -            308   0.00041   17.0   7.1   1   3      0.35        25    1.3   0.0   196   243     5    52     1    62 0.71 -
Utg33276:263327-264145 -            273 12947at4891          -            308   0.00041   17.0   7.1   2   3     0.011      0.74    6.3   1.1    56   129    66   143    56   156 0.62 -
Utg33276:263327-264145 -            273 12947at4891          -            308   0.00041   17.0   7.1   3   3    0.0019      0.13    8.8   0.1    69   121   209   264   204   271 0.63 -
Utg33252:840370-842424 -            685 12947at4891          -            308   0.00042   17.0   0.5   1   3   0.00018     0.013   12.1   0.1    68   129    57   123    54   129 0.80 -
Utg33252:840370-842424 -            685 12947at4891          -            308   0.00042   17.0   0.5   2   3      0.28        20    1.6   0.0    20    51   120   155   116   182 0.75 -
Utg33252:840370-842424 -            685 12947at4891          -            308   0.00042   17.0   0.5   3   3      0.66        46    0.4   0.0    86   146   282   341   219   348 0.78 -
Utg33272:41615-42964   -            450 12947at4891          -            308   0.00065   16.4   4.3   1   2   0.00044     0.031   10.8   0.7    27    84   122   192   105   199 0.59 -
Utg33272:41615-42964   -            450 12947at4891          -            308   0.00065   16.4   4.3   2   2     0.018       1.2    5.6   0.1    56    98   201   254   198   287 0.63 -
Utg33266:186381-189158 -            926 12947at4891          -            308   0.00081   16.1   3.0   1   2   0.00032     0.022   11.3   0.2    20    76   130   187   119   199 0.89 -
Utg33266:186381-189158 -            926 12947at4891          -            308   0.00081   16.1   3.0   2   2     0.037       2.6    4.5   0.3    19   113   267   371   256   384 0.75 -
Utg33286:9307-12327    -           1007 12947at4891          -            308   0.00082   16.0   0.3   1   4       2.8     2e+02   -1.7   0.0    80   138    28    89    15   106 0.57 -
Utg33286:9307-12327    -           1007 12947at4891          -            308   0.00082   16.0   0.3   2   4     0.001     0.074    9.6   0.0    17    61   112   157    96   163 0.81 -
Utg33286:9307-12327    -           1007 12947at4891          -            308   0.00082   16.0   0.3   3   4       1.5   1.1e+02   -0.8   0.0   106   125   473   492   457   542 0.57 -
Utg33286:9307-12327    -           1007 12947at4891          -            308   0.00082   16.0   0.3   4   4      0.48        34    0.9   0.0    31    54   601   624   578   633 0.77 -
Utg33284:411405-412382 -            326 12947at4891          -            308     0.003   14.2   0.9   1   3       1.3        90   -0.5   0.0   158   171    50    63    25   109 0.47 -
Utg33284:411405-412382 -            326 12947at4891          -            308     0.003   14.2   0.9   2   3      0.12       8.4    2.9   0.1    66    85   122   141   111   162 0.82 -
Utg33284:411405-412382 -            326 12947at4891          -            308     0.003   14.2   0.9   3   3    0.0038      0.27    7.8   0.0    27    56   200   229   190   233 0.75 -
Utg33264:425741-427279 -            513 12947at4891          -            308    0.0033   14.1   0.0   1   3       0.3        21    1.6   0.0   104   158    94   154    55   163 0.53 -
Utg33264:425741-427279 -            513 12947at4891          -            308    0.0033   14.1   0.0   2   3     0.099       6.9    3.1   0.0    38    66   182   210   165   212 0.87 -
Utg33264:425741-427279 -            513 12947at4891          -            308    0.0033   14.1   0.0   3   3     0.031       2.2    4.8   0.0    44   121   250   333   223   364 0.76 -
Utg33252:945529-947106 -            526 12947at4891          -            308    0.0033   14.0   1.1   1   3   0.00068     0.048   10.2   0.0    27    55    27    55     7    66 0.79 -
Utg33252:945529-947106 -            526 12947at4891          -            308    0.0033   14.0   1.1   2   3       2.5   1.8e+02   -1.5   0.0    90   119   233   262   179   275 0.56 -
Utg33252:945529-947106 -            526 12947at4891          -            308    0.0033   14.0   1.1   3   3      0.71        50    0.3   0.0    14    42   278   309   265   333 0.63 -
Utg33266:21268-24366   -           1033 12947at4891          -            308    0.0037   13.9   0.8   1   3      0.22        16    2.0   0.2    73   151    58   140    44   150 0.68 -
Utg33266:21268-24366   -           1033 12947at4891          -            308    0.0037   13.9   0.8   2   3    0.0011     0.078    9.5   0.0     6    56   138   189   135   196 0.88 -
Utg33266:21268-24366   -           1033 12947at4891          -            308    0.0037   13.9   0.8   3   3       2.1   1.4e+02   -1.2   0.0    40    56   510   526   497   584 0.72 -
Utg33284:222267-222827 -            187 12947at4891          -            308     0.009   12.6   0.2   1   3    0.0032      0.22    8.0   0.0    67   101    14    48     1    62 0.77 -
Utg33284:222267-222827 -            187 12947at4891          -            308     0.009   12.6   0.2   2   3      0.11       7.6    3.0   0.0    68   121    57   115    55   136 0.62 -
Utg33284:222267-222827 -            187 12947at4891          -            308     0.009   12.6   0.2   3   3       6.7   4.7e+02   -2.9   0.0    69    84   169   184   162   186 0.60 -
Utg33264:63257-64636   -            460 12947at4891          -            308      0.02   11.5   0.0   1   5       5.6   3.9e+02   -2.6   0.0    69    86    30    47    22    51 0.83 -
Utg33264:63257-64636   -            460 12947at4891          -            308      0.02   11.5   0.0   2   5    0.0067      0.47    7.0   0.0    28    55    74   101    62   114 0.81 -
Utg33264:63257-64636   -            460 12947at4891          -            308      0.02   11.5   0.0   3   5       5.6     4e+02   -2.6   0.0   130   158   145   174   141   176 0.74 -
Utg33264:63257-64636   -            460 12947at4891          -            308      0.02   11.5   0.0   4   5       1.3        89   -0.5   0.0    55    82   183   215   149   220 0.74 -
Utg33264:63257-64636   -            460 12947at4891          -            308      0.02   11.5   0.0   5   5       3.1   2.2e+02   -1.8   0.0    57    92   371   411   349   417 0.72 -
Utg33278:374473-375567 -            365 12947at4891          -            308     0.028   11.0   0.4   1   2         2   1.4e+02   -1.1   0.0    70    85    53    68    43    78 0.77 -
Utg33278:374473-375567 -            365 12947at4891          -            308     0.028   11.0   0.4   2   2    0.0028       0.2    8.2   0.2    25   121    80   194    64   221 0.70 -
Utg33266:273551-274939 -            463 12947at4891          -            308     0.071    9.7   2.4   1   3       1.1        75   -0.3   0.1    58    87   263   297   248   303 0.74 -
Utg33266:273551-274939 -            463 12947at4891          -            308     0.071    9.7   2.4   2   3    0.0033      0.23    8.0   0.0   200   245   331   378   308   382 0.79 -
Utg33266:273551-274939 -            463 12947at4891          -            308     0.071    9.7   2.4   3   3       6.6   4.6e+02   -2.9   0.1    60    81   437   463   396   463 0.61 -
#
# Program:         hmmsearch
# Version:         3.1b2 (February 2015)
# Pipeline mode:   SEARCH
# Query file:      /home/inf-34-2022/Documents/BINP29/DeNovo_LongReads/Busco/busco_downloads/lineages/saccharomycetes_odb10/hmms/12947at4891.hmm
# Target file:     /home/inf-34-2022/Documents/BINP29/DeNovo_LongReads/Busco/busco_output/run_saccharomycetes_odb10/metaeuk_output/initial_results/SRRoutput.fasta.modified.fas
# Option settings: hmmsearch --domtblout /home/inf-34-2022/Documents/BINP29/DeNovo_LongReads/Busco/busco_output/run_saccharomycetes_odb10/hmmer_output/initial_run_results/12947at4891.out --cpu 1 /home/inf-34-2022/Documents/BINP29/DeNovo_LongReads/Busco/busco_downloads/lineages/saccharomycetes_odb10/hmms/12947at4891.hmm /home/inf-34-2022/Documents/BINP29/DeNovo_LongReads/Busco/busco_output/run_saccharomycetes_odb10/metaeuk_output/initial_results/SRRoutput.fasta.modified.fas 
# Current dir:     /home/inf-34-2022/Documents/BINP29/DeNovo_LongReads/Busco
# Date:            Fri Feb 24 12:02:00 2023
# [ok]
