#                                                                              --- full sequence --- -------------- this domain -------------   hmm coord   ali coord   env coord
# target name          accession   tlen query name           accession   qlen   E-value  score  bias   #  of  c-Evalue  i-Evalue  score  bias  from    to  from    to  from    to  acc description of target
#  ------------------- ---------- ----- -------------------- ---------- ----- --------- ------ ----- --- --- --------- --------- ------ ----- ----- ----- ----- ----- ----- ----- ---- ---------------------
Utg33252:86188-87309   -            374 13102at4891          -            329  1.2e-198  656.1   4.3   1   1  3.5e-201  1.9e-198  655.4   4.3     1   329    19   373    19   373 0.96 -
Utg33254:888096-889763 -            556 13102at4891          -            329   1.9e-24   83.5   2.6   1   2   1.7e-13     9e-11   38.6   0.1   222   314     9   113     6   124 0.79 -
Utg33254:888096-889763 -            556 13102at4891          -            329   1.9e-24   83.5   2.6   2   2   2.2e-15   1.2e-12   44.8   0.3   231   316   187   282   176   295 0.79 -
Utg33280:321774-323114 -            447 13102at4891          -            329   1.6e-22   77.2   2.0   1   2   7.5e-12     4e-09   33.2   0.0   245   320    19   101     2   107 0.81 -
Utg33280:321774-323114 -            447 13102at4891          -            329   1.6e-22   77.2   2.0   2   2   6.8e-15   3.6e-12   43.2   0.4   237   316   198   284   179   295 0.77 -
Utg33284:459489-461363 -            625 13102at4891          -            329   3.8e-16   56.3   6.4   1   2   3.7e-07    0.0002   17.7   1.2   255   313    84   146    72   162 0.79 -
Utg33284:459489-461363 -            625 13102at4891          -            329   3.8e-16   56.3   6.4   2   2   3.6e-14   1.9e-11   40.8   0.2   248   316   210   283   195   292 0.89 -
Utg33286:389191-393159 -           1323 13102at4891          -            329   9.9e-14   48.3   0.3   1   1   3.8e-16     2e-13   47.3   0.3   218   309   428   525   376   542 0.76 -
#
# Program:         hmmsearch
# Version:         3.1b2 (February 2015)
# Pipeline mode:   SEARCH
# Query file:      /home/inf-34-2022/Documents/BINP29/DeNovo_LongReads/Busco/busco_downloads/lineages/saccharomycetes_odb10/hmms/13102at4891.hmm
# Target file:     /home/inf-34-2022/Documents/BINP29/DeNovo_LongReads/Busco/busco_output/run_saccharomycetes_odb10/metaeuk_output/initial_results/SRRoutput.fasta.modified.fas
# Option settings: hmmsearch --domtblout /home/inf-34-2022/Documents/BINP29/DeNovo_LongReads/Busco/busco_output/run_saccharomycetes_odb10/hmmer_output/initial_run_results/13102at4891.out --cpu 1 /home/inf-34-2022/Documents/BINP29/DeNovo_LongReads/Busco/busco_downloads/lineages/saccharomycetes_odb10/hmms/13102at4891.hmm /home/inf-34-2022/Documents/BINP29/DeNovo_LongReads/Busco/busco_output/run_saccharomycetes_odb10/metaeuk_output/initial_results/SRRoutput.fasta.modified.fas 
# Current dir:     /home/inf-34-2022/Documents/BINP29/DeNovo_LongReads/Busco
# Date:            Fri Feb 24 12:02:01 2023
# [ok]
