#                                                                              --- full sequence --- -------------- this domain -------------   hmm coord   ali coord   env coord
# target name          accession   tlen query name           accession   qlen   E-value  score  bias   #  of  c-Evalue  i-Evalue  score  bias  from    to  from    to  from    to  acc description of target
#  ------------------- ---------- ----- -------------------- ---------- ----- --------- ------ ----- --- --- --------- --------- ------ ----- ----- ----- ----- ----- ----- ----- ---- ---------------------
Utg33260:312008-314803 -            932 13259at4891          -            752    9e-259  858.0  10.6   1   4  1.6e-186  1.4e-183  609.4   0.4     9   455     5   486     1   492 0.94 -
Utg33260:312008-314803 -            932 13259at4891          -            752    9e-259  858.0  10.6   2   4   1.9e-47   1.7e-44  149.5   0.5   458   576   523   645   519   662 0.90 -
Utg33260:312008-314803 -            932 13259at4891          -            752    9e-259  858.0  10.6   3   4   1.2e-27   1.1e-24   84.0   0.0   565   679   663   793   658   812 0.80 -
Utg33260:312008-314803 -            932 13259at4891          -            752    9e-259  858.0  10.6   4   4     4e-08   3.6e-05   19.5   0.0   690   751   850   929   835   930 0.79 -
Utg33280:155347-157563 -            739 13259at4891          -            752   2.3e-62  208.6   0.2   1   2   9.1e-06    0.0082   11.7   0.3    17   182   136   305   121   317 0.75 -
Utg33280:155347-157563 -            739 13259at4891          -            752   2.3e-62  208.6   0.2   2   2   3.6e-61   3.2e-58  194.9   0.0   213   561   368   730   357   739 0.88 -
Utg33252:825401-826765 -            455 13259at4891          -            752     0.024   10.1   0.0   1   2     0.014        12    1.2   0.0   236   260    52    77    34    80 0.79 -
Utg33252:825401-826765 -            455 13259at4891          -            752     0.024   10.1   0.0   2   2   0.00035      0.31    6.5   0.0   336   427   142   247   128   254 0.76 -
#
# Program:         hmmsearch
# Version:         3.1b2 (February 2015)
# Pipeline mode:   SEARCH
# Query file:      /home/inf-34-2022/Documents/BINP29/DeNovo_LongReads/Busco/busco_downloads/lineages/saccharomycetes_odb10/hmms/13259at4891.hmm
# Target file:     /home/inf-34-2022/Documents/BINP29/DeNovo_LongReads/Busco/busco_output/run_saccharomycetes_odb10/metaeuk_output/initial_results/SRRoutput.fasta.modified.fas
# Option settings: hmmsearch --domtblout /home/inf-34-2022/Documents/BINP29/DeNovo_LongReads/Busco/busco_output/run_saccharomycetes_odb10/hmmer_output/initial_run_results/13259at4891.out --cpu 1 /home/inf-34-2022/Documents/BINP29/DeNovo_LongReads/Busco/busco_downloads/lineages/saccharomycetes_odb10/hmms/13259at4891.hmm /home/inf-34-2022/Documents/BINP29/DeNovo_LongReads/Busco/busco_output/run_saccharomycetes_odb10/metaeuk_output/initial_results/SRRoutput.fasta.modified.fas 
# Current dir:     /home/inf-34-2022/Documents/BINP29/DeNovo_LongReads/Busco
# Date:            Fri Feb 24 12:02:01 2023
# [ok]
