#                                                                              --- full sequence --- -------------- this domain -------------   hmm coord   ali coord   env coord
# target name          accession   tlen query name           accession   qlen   E-value  score  bias   #  of  c-Evalue  i-Evalue  score  bias  from    to  from    to  from    to  acc description of target
#  ------------------- ---------- ----- -------------------- ---------- ----- --------- ------ ----- --- --- --------- --------- ------ ----- ----- ----- ----- ----- ----- ----- ---- ---------------------
Utg33280:346030-347112 -            361 15179at4891          -            320  8.2e-191  630.4   5.1   1   1  1.8e-193  1.6e-190  629.5   5.1     1   320     1   350     1   350 0.96 -
Utg33280:855132-857267 -            712 15179at4891          -            320   4.9e-18   62.8   2.8   1   3   4.2e-11   3.7e-08   30.3   0.0     2   126    28   154    27   170 0.81 -
Utg33280:855132-857267 -            712 15179at4891          -            320   4.9e-18   62.8   2.8   2   3   0.00039      0.35    7.4   0.1   228   266   329   366   318   367 0.82 -
Utg33280:855132-857267 -            712 15179at4891          -            320   4.9e-18   62.8   2.8   3   3   6.8e-11   6.1e-08   29.6   0.5   242   309   359   426   358   434 0.94 -
Utg33260:786100-787833 -            578 15179at4891          -            320   6.8e-06   22.9   0.1   1   3    0.0066       5.9    3.4   0.0    20    51    63    94    57   125 0.84 -
Utg33260:786100-787833 -            578 15179at4891          -            320   6.8e-06   22.9   0.1   2   3      0.41   3.7e+02   -2.6   0.0    92   126   155   189   142   199 0.81 -
Utg33260:786100-787833 -            578 15179at4891          -            320   6.8e-06   22.9   0.1   3   3   6.7e-07   0.00059   16.5   0.0   223   301   425   507   396   517 0.75 -
#
# Program:         hmmsearch
# Version:         3.1b2 (February 2015)
# Pipeline mode:   SEARCH
# Query file:      /home/inf-34-2022/Documents/BINP29/DeNovo_LongReads/Busco/busco_downloads/lineages/saccharomycetes_odb10/hmms/15179at4891.hmm
# Target file:     /home/inf-34-2022/Documents/BINP29/DeNovo_LongReads/Busco/busco_output/run_saccharomycetes_odb10/metaeuk_output/initial_results/SRRoutput.fasta.modified.fas
# Option settings: hmmsearch --domtblout /home/inf-34-2022/Documents/BINP29/DeNovo_LongReads/Busco/busco_output/run_saccharomycetes_odb10/hmmer_output/initial_run_results/15179at4891.out --cpu 1 /home/inf-34-2022/Documents/BINP29/DeNovo_LongReads/Busco/busco_downloads/lineages/saccharomycetes_odb10/hmms/15179at4891.hmm /home/inf-34-2022/Documents/BINP29/DeNovo_LongReads/Busco/busco_output/run_saccharomycetes_odb10/metaeuk_output/initial_results/SRRoutput.fasta.modified.fas 
# Current dir:     /home/inf-34-2022/Documents/BINP29/DeNovo_LongReads/Busco
# Date:            Fri Feb 24 12:02:09 2023
# [ok]
