#                                                                              --- full sequence --- -------------- this domain -------------   hmm coord   ali coord   env coord
# target name          accession   tlen query name           accession   qlen   E-value  score  bias   #  of  c-Evalue  i-Evalue  score  bias  from    to  from    to  from    to  acc description of target
#  ------------------- ---------- ----- -------------------- ---------- ----- --------- ------ ----- --- --- --------- --------- ------ ----- ----- ----- ----- ----- ----- ----- ---- ---------------------
Utg33272:474281-476899 -            873 16151at4891          -            441  4.9e-181  599.5  17.9   1   3   5.9e-67     4e-64  214.2   4.0     1   179    11   221    11   228 0.88 -
Utg33272:474281-476899 -            873 16151at4891          -            441  4.9e-181  599.5  17.9   2   3   3.2e-32   2.1e-29   99.8   0.2   177   264   258   355   249   362 0.87 -
Utg33272:474281-476899 -            873 16151at4891          -            441  4.9e-181  599.5  17.9   3   3   7.8e-91   5.2e-88  292.9   1.5   250   441   649   861   639   861 0.89 -
Utg33264:572837-575143 -            769 16151at4891          -            441   7.7e-38  127.6   4.1   1   1   1.9e-39   1.3e-36  123.6   4.1     2   266    13   335    12   348 0.74 -
Utg33250:381342-383486 -            715 16151at4891          -            441   6.7e-34  114.6  12.0   1   5   2.1e-20   1.4e-17   60.8   0.1     4    99    15   116    11   140 0.88 -
Utg33250:381342-383486 -            715 16151at4891          -            441   6.7e-34  114.6  12.0   2   5   0.00017      0.11    8.4   0.1   108   150   154   197   146   230 0.70 -
Utg33250:381342-383486 -            715 16151at4891          -            441   6.7e-34  114.6  12.0   3   5     0.013       8.4    2.3   0.0   175   208   257   286   244   303 0.79 -
Utg33250:381342-383486 -            715 16151at4891          -            441   6.7e-34  114.6  12.0   4   5   1.6e-05     0.011   11.8   0.1   264   311   482   538   473   555 0.78 -
Utg33250:381342-383486 -            715 16151at4891          -            441   6.7e-34  114.6  12.0   5   5   1.5e-12   9.9e-10   35.0   0.1   386   441   659   714   620   714 0.88 -
Utg33254:198957-200105 -            383 16151at4891          -            441   3.1e-24   82.8   6.9   1   2   2.1e-21   1.4e-18   64.1   1.2     4   151    13   192    11   220 0.68 -
Utg33254:198957-200105 -            383 16151at4891          -            441   3.1e-24   82.8   6.9   2   2   2.3e-07   0.00016   17.9   0.4   210   265   295   357   271   365 0.75 -
#
# Program:         hmmsearch
# Version:         3.1b2 (February 2015)
# Pipeline mode:   SEARCH
# Query file:      /home/inf-34-2022/Documents/BINP29/DeNovo_LongReads/Busco/busco_downloads/lineages/saccharomycetes_odb10/hmms/16151at4891.hmm
# Target file:     /home/inf-34-2022/Documents/BINP29/DeNovo_LongReads/Busco/busco_output/run_saccharomycetes_odb10/metaeuk_output/initial_results/SRRoutput.fasta.modified.fas
# Option settings: hmmsearch --domtblout /home/inf-34-2022/Documents/BINP29/DeNovo_LongReads/Busco/busco_output/run_saccharomycetes_odb10/hmmer_output/initial_run_results/16151at4891.out --cpu 1 /home/inf-34-2022/Documents/BINP29/DeNovo_LongReads/Busco/busco_downloads/lineages/saccharomycetes_odb10/hmms/16151at4891.hmm /home/inf-34-2022/Documents/BINP29/DeNovo_LongReads/Busco/busco_output/run_saccharomycetes_odb10/metaeuk_output/initial_results/SRRoutput.fasta.modified.fas 
# Current dir:     /home/inf-34-2022/Documents/BINP29/DeNovo_LongReads/Busco
# Date:            Fri Feb 24 12:02:12 2023
# [ok]
