#                                                                              --- full sequence --- -------------- this domain -------------   hmm coord   ali coord   env coord
# target name          accession   tlen query name           accession   qlen   E-value  score  bias   #  of  c-Evalue  i-Evalue  score  bias  from    to  from    to  from    to  acc description of target
#  ------------------- ---------- ----- -------------------- ---------- ----- --------- ------ ----- --- --- --------- --------- ------ ----- ----- ----- ----- ----- ----- ----- ---- ---------------------
Utg33272:492412-493857 -            482 16297at4891          -            359  4.6e-191  631.8  10.1   1   3   3.4e-53   3.1e-50  168.5   0.2     1    95    30   127    30   137 0.96 -
Utg33272:492412-493857 -            482 16297at4891          -            359  4.6e-191  631.8  10.1   2   3   3.7e-19   3.3e-16   56.5   0.0    88   135   165   212   153   222 0.89 -
Utg33272:492412-493857 -            482 16297at4891          -            359  4.6e-191  631.8  10.1   3   3  7.5e-127  6.7e-124  410.8   2.4   132   359   248   482   232   482 0.96 -
Utg33280:723864-725252 -            463 16297at4891          -            359   4.9e-46  154.6   0.6   1   2   2.5e-06    0.0023   14.3   0.1     6    58    74   129    71   151 0.81 -
Utg33280:723864-725252 -            463 16297at4891          -            359   4.9e-46  154.6   0.6   2   2   3.8e-44   3.4e-41  138.7   0.0   137   359   237   462   232   462 0.93 -
Utg33252:198633-199856 -            408 16297at4891          -            359   1.6e-24   83.9   0.9   1   2   2.1e-24   1.9e-21   73.8   0.4     8    88    35   118    30   139 0.88 -
Utg33252:198633-199856 -            408 16297at4891          -            359   1.6e-24   83.9   0.9   2   2   0.00016      0.14    8.4   0.0   108   146   183   221   172   237 0.84 -
#
# Program:         hmmsearch
# Version:         3.1b2 (February 2015)
# Pipeline mode:   SEARCH
# Query file:      /home/inf-34-2022/Documents/BINP29/DeNovo_LongReads/Busco/busco_downloads/lineages/saccharomycetes_odb10/hmms/16297at4891.hmm
# Target file:     /home/inf-34-2022/Documents/BINP29/DeNovo_LongReads/Busco/busco_output/run_saccharomycetes_odb10/metaeuk_output/initial_results/SRRoutput.fasta.modified.fas
# Option settings: hmmsearch --domtblout /home/inf-34-2022/Documents/BINP29/DeNovo_LongReads/Busco/busco_output/run_saccharomycetes_odb10/hmmer_output/initial_run_results/16297at4891.out --cpu 1 /home/inf-34-2022/Documents/BINP29/DeNovo_LongReads/Busco/busco_downloads/lineages/saccharomycetes_odb10/hmms/16297at4891.hmm /home/inf-34-2022/Documents/BINP29/DeNovo_LongReads/Busco/busco_output/run_saccharomycetes_odb10/metaeuk_output/initial_results/SRRoutput.fasta.modified.fas 
# Current dir:     /home/inf-34-2022/Documents/BINP29/DeNovo_LongReads/Busco
# Date:            Fri Feb 24 12:02:12 2023
# [ok]
