#                                                                              --- full sequence --- -------------- this domain -------------   hmm coord   ali coord   env coord
# target name          accession   tlen query name           accession   qlen   E-value  score  bias   #  of  c-Evalue  i-Evalue  score  bias  from    to  from    to  from    to  acc description of target
#  ------------------- ---------- ----- -------------------- ---------- ----- --------- ------ ----- --- --- --------- --------- ------ ----- ----- ----- ----- ----- ----- ----- ---- ---------------------
Utg33280:808878-810779 -            634 16918at4891          -            455  1.6e-184  611.2  19.4   1   3  6.8e-146  4.6e-143  474.5  13.0     4   347    23   438    21   454 0.88 -
Utg33280:808878-810779 -            634 16918at4891          -            455  1.6e-184  611.2  19.4   2   3    0.0049       3.3    3.6   0.1   344   363   460   479   456   485 0.90 -
Utg33280:808878-810779 -            634 16918at4891          -            455  1.6e-184  611.2  19.4   3   3     2e-41   1.3e-38  130.2   0.0   357   455   510   628   498   628 0.85 -
Utg33252:762315-764030 -            572 16918at4891          -            455   8.4e-29   97.9  14.4   1   2   5.5e-29   3.7e-26   89.1  10.7     3   329    25   371    23   427 0.82 -
Utg33252:762315-764030 -            572 16918at4891          -            455   8.4e-29   97.9  14.4   2   2   0.00041      0.28    7.1   1.3   407   454   518   571   371   572 0.86 -
Utg33280:754400-756445 -            682 16918at4891          -            455   7.3e-12   42.0   5.8   1   3   2.5e-09   1.7e-06   24.3   0.4     5   164    20   197    16   210 0.74 -
Utg33280:754400-756445 -            682 16918at4891          -            455   7.3e-12   42.0   5.8   2   3   6.8e-07   0.00045   16.3   0.7   181   329   241   398   236   436 0.81 -
Utg33280:754400-756445 -            682 16918at4891          -            455   7.3e-12   42.0   5.8   3   3     0.015        10    2.0   0.0   419   455   595   635   566   635 0.73 -
Utg33254:878795-880867 -            691 16918at4891          -            455   2.7e-06   23.7   9.0   1   1   3.1e-08   2.1e-05   20.7   9.0   185   377   274   459   138   468 0.75 -
#
# Program:         hmmsearch
# Version:         3.1b2 (February 2015)
# Pipeline mode:   SEARCH
# Query file:      /home/inf-34-2022/Documents/BINP29/DeNovo_LongReads/Busco/busco_downloads/lineages/saccharomycetes_odb10/hmms/16918at4891.hmm
# Target file:     /home/inf-34-2022/Documents/BINP29/DeNovo_LongReads/Busco/busco_output/run_saccharomycetes_odb10/metaeuk_output/initial_results/SRRoutput.fasta.modified.fas
# Option settings: hmmsearch --domtblout /home/inf-34-2022/Documents/BINP29/DeNovo_LongReads/Busco/busco_output/run_saccharomycetes_odb10/hmmer_output/initial_run_results/16918at4891.out --cpu 1 /home/inf-34-2022/Documents/BINP29/DeNovo_LongReads/Busco/busco_downloads/lineages/saccharomycetes_odb10/hmms/16918at4891.hmm /home/inf-34-2022/Documents/BINP29/DeNovo_LongReads/Busco/busco_output/run_saccharomycetes_odb10/metaeuk_output/initial_results/SRRoutput.fasta.modified.fas 
# Current dir:     /home/inf-34-2022/Documents/BINP29/DeNovo_LongReads/Busco
# Date:            Fri Feb 24 12:02:15 2023
# [ok]
