#                                                                              --- full sequence --- -------------- this domain -------------   hmm coord   ali coord   env coord
# target name          accession   tlen query name           accession   qlen   E-value  score  bias   #  of  c-Evalue  i-Evalue  score  bias  from    to  from    to  from    to  acc description of target
#  ------------------- ---------- ----- -------------------- ---------- ----- --------- ------ ----- --- --- --------- --------- ------ ----- ----- ----- ----- ----- ----- ----- ---- ---------------------
Utg33272:558821-559876 -            352 17054at4891          -            289  8.1e-153  504.9   4.3   1   1  4.5e-153  2.4e-150  496.8   4.3     1   289    17   352    17   352 0.91 -
Utg33260:557879-558988 -            370 17054at4891          -            289   1.1e-77  258.3   1.6   1   1   2.8e-79   1.5e-76  254.6   1.6     5   289    35   370    31   370 0.86 -
Utg33276:186045-187157 -            371 17054at4891          -            289   7.1e-51  170.3   0.5   1   2   1.1e-05    0.0056   13.1   0.0     8    34    24    50    19    66 0.81 -
Utg33276:186045-187157 -            371 17054at4891          -            289   7.1e-51  170.3   0.5   2   2   5.7e-46     3e-43  145.3   0.4    58   289   102   371    79   371 0.83 -
Utg33252:268178-269269 -            364 17054at4891          -            289   1.5e-22   77.3   0.1   1   2   0.00028      0.15    8.4   0.0    10    50     7    52     3    55 0.79 -
Utg33252:268178-269269 -            364 17054at4891          -            289   1.5e-22   77.3   0.1   2   2   5.6e-21     3e-18   63.2   0.0    87   288   130   358    93   359 0.77 -
Utg33258:249858-250409 -            184 17054at4891          -            289   4.6e-06   23.2   0.0   1   1   2.9e-07   0.00016   18.2   0.0    86   203    47   183    11   184 0.74 -
#
# Program:         hmmsearch
# Version:         3.1b2 (February 2015)
# Pipeline mode:   SEARCH
# Query file:      /home/inf-34-2022/Documents/BINP29/DeNovo_LongReads/Busco/busco_downloads/lineages/saccharomycetes_odb10/hmms/17054at4891.hmm
# Target file:     /home/inf-34-2022/Documents/BINP29/DeNovo_LongReads/Busco/busco_output/run_saccharomycetes_odb10/metaeuk_output/initial_results/SRRoutput.fasta.modified.fas
# Option settings: hmmsearch --domtblout /home/inf-34-2022/Documents/BINP29/DeNovo_LongReads/Busco/busco_output/run_saccharomycetes_odb10/hmmer_output/initial_run_results/17054at4891.out --cpu 1 /home/inf-34-2022/Documents/BINP29/DeNovo_LongReads/Busco/busco_downloads/lineages/saccharomycetes_odb10/hmms/17054at4891.hmm /home/inf-34-2022/Documents/BINP29/DeNovo_LongReads/Busco/busco_output/run_saccharomycetes_odb10/metaeuk_output/initial_results/SRRoutput.fasta.modified.fas 
# Current dir:     /home/inf-34-2022/Documents/BINP29/DeNovo_LongReads/Busco
# Date:            Fri Feb 24 12:02:15 2023
# [ok]
