#                                                                                --- full sequence --- -------------- this domain -------------   hmm coord   ali coord   env coord
# target name            accession   tlen query name           accession   qlen   E-value  score  bias   #  of  c-Evalue  i-Evalue  score  bias  from    to  from    to  from    to  acc description of target
#    ------------------- ---------- ----- -------------------- ---------- ----- --------- ------ ----- --- --- --------- --------- ------ ----- ----- ----- ----- ----- ----- ----- ---- ---------------------
Utg33280:1173255-1174484 -            410 17147at4891          -            363  5.3e-149  493.6   8.1   1   2   0.00013    0.0047   13.4   2.0    14    63     5    53     1    62 0.68 -
Utg33280:1173255-1174484 -            410 17147at4891          -            363  5.3e-149  493.6   8.1   2   2  9.5e-148  3.4e-146  484.3   0.7    37   363    60   410    53   410 0.94 -
Utg33254:379323-382151   -            943 17147at4891          -            363   1.6e-42  143.3   9.0   1   4         6   2.2e+02   -1.9   0.0   152   167    48    63    39    70 0.74 -
Utg33254:379323-382151   -            943 17147at4891          -            363   1.6e-42  143.3   9.0   2   4   5.3e-14   1.9e-12   44.3   1.1    75   231   109   269   102   284 0.90 -
Utg33254:379323-382151   -            943 17147at4891          -            363   1.6e-42  143.3   9.0   3   4   8.4e-15     3e-13   47.0   0.0   127   261   388   524   380   558 0.74 -
Utg33254:379323-382151   -            943 17147at4891          -            363   1.6e-42  143.3   9.0   4   4   5.1e-16   1.8e-14   51.0   3.1   108   236   551   685   531   687 0.87 -
Utg33254:548158-550605   -            816 17147at4891          -            363   2.2e-34  116.5  15.9   1   7   0.00014     0.005   13.3   0.0   300   363    66   130    21   130 0.91 -
Utg33254:548158-550605   -            816 17147at4891          -            363   2.2e-34  116.5  15.9   2   7   1.6e-05   0.00058   16.4   0.2    79   136   136   196   133   201 0.80 -
Utg33254:548158-550605   -            816 17147at4891          -            363   2.2e-34  116.5  15.9   3   7   2.1e-07   7.8e-06   22.6   0.0    78   168   181   282   180   311 0.81 -
Utg33254:548158-550605   -            816 17147at4891          -            363   2.2e-34  116.5  15.9   4   7     0.014      0.49    6.8   0.0   200   240   380   420   376   424 0.92 -
Utg33254:548158-550605   -            816 17147at4891          -            363   2.2e-34  116.5  15.9   5   7   2.4e-07   8.8e-06   22.4   0.0    80   168   427   530   422   533 0.71 -
Utg33254:548158-550605   -            816 17147at4891          -            363   2.2e-34  116.5  15.9   6   7   1.7e-12   6.3e-11   39.3   0.2    82   168   528   614   524   619 0.87 -
Utg33254:548158-550605   -            816 17147at4891          -            363   2.2e-34  116.5  15.9   7   7     0.019      0.69    6.3   0.1   291   346   615   668   611   684 0.73 -
Utg33276:263327-264145   -            273 17147at4891          -            363   1.3e-31  107.4  10.0   1   3   7.6e-18   2.7e-16   57.0   3.5   106   245     2   142     1   143 0.88 -
Utg33276:263327-264145   -            273 17147at4891          -            363   1.3e-31  107.4  10.0   2   3   3.6e-07   1.3e-05   21.8   0.0    76   136    94   153    92   161 0.86 -
Utg33276:263327-264145   -            273 17147at4891          -            363   1.3e-31  107.4  10.0   3   3   2.4e-14   8.6e-13   45.5   0.1    96   167   203   272   194   273 0.88 -
Utg33258:110720-113473   -            918 17147at4891          -            363   1.1e-29  101.1   3.4   1   5   2.8e-06    0.0001   18.9   0.9   100   235    26   173    19   174 0.77 -
Utg33258:110720-113473   -            918 17147at4891          -            363   1.1e-29  101.1   3.4   2   5   0.00027    0.0098   12.4   0.6    58   157   118   219   112   224 0.78 -
Utg33258:110720-113473   -            918 17147at4891          -            363   1.1e-29  101.1   3.4   3   5   1.2e-07   4.5e-06   23.4   0.0   127   237   257   374   242   378 0.86 -
Utg33258:110720-113473   -            918 17147at4891          -            363   1.1e-29  101.1   3.4   4   5   1.3e-08   4.6e-07   26.6   0.0   202   274   381   453   376   461 0.94 -
Utg33258:110720-113473   -            918 17147at4891          -            363   1.1e-29  101.1   3.4   5   5   1.7e-05    0.0006   16.4   0.0   207   279   472   543   464   640 0.59 -
Utg33258:92072-93070     -            333 17147at4891          -            363   1.8e-29  100.3   7.2   1   4    0.0058      0.21    8.0   0.1   301   328    10    37     1    54 0.58 -
Utg33258:92072-93070     -            333 17147at4891          -            363   1.8e-29  100.3   7.2   2   4   5.5e-09     2e-07   27.8   0.3    97   170    63   137    40   149 0.80 -
Utg33258:92072-93070     -            333 17147at4891          -            363   1.8e-29  100.3   7.2   3   4   1.4e-11     5e-10   36.4   0.0    98   167   187   258   170   259 0.89 -
Utg33258:92072-93070     -            333 17147at4891          -            363   1.8e-29  100.3   7.2   4   4   9.8e-11   3.6e-09   33.6   0.1    78   156   253   331   251   333 0.93 -
Utg33280:184911-188507   -           1199 17147at4891          -            363   1.7e-27   93.9   1.6   1   4   1.3e-08   4.8e-07   26.6   0.0   165   241     5    86     2    97 0.84 -
Utg33280:184911-188507   -           1199 17147at4891          -            363   1.7e-27   93.9   1.6   2   4     2e-09   7.3e-08   29.3   0.2   207   278    94   164    87   180 0.82 -
Utg33280:184911-188507   -           1199 17147at4891          -            363   1.7e-27   93.9   1.6   3   4    0.0002    0.0072   12.8   0.0    82   120   204   241   198   244 0.87 -
Utg33280:184911-188507   -           1199 17147at4891          -            363   1.7e-27   93.9   1.6   4   4   8.5e-07   3.1e-05   20.6   0.1   201   278   246   321   242   335 0.80 -
Utg33250:355322-356656   -            445 17147at4891          -            363   2.9e-27   93.1   1.8   1   2   4.4e-26   1.6e-24   84.1   0.5    39   336    83   384    45   391 0.80 -
Utg33250:355322-356656   -            445 17147at4891          -            363   2.9e-27   93.1   1.8   2   2     0.073       2.6    4.4   0.1   210   236   395   421   300   428 0.49 -
Utg33272:620953-621864   -            304 17147at4891          -            363   1.3e-26   91.0   6.5   1   2   1.1e-18   3.9e-17   59.8   0.9   144   327     6   192     3   202 0.85 -
Utg33272:620953-621864   -            304 17147at4891          -            363   1.3e-26   91.0   6.5   2   2   1.1e-08   3.9e-07   26.9   0.5    79   168   200   290   191   302 0.86 -
Utg33266:273551-274939   -            463 17147at4891          -            363   3.3e-24   83.0   4.5   1   4   1.4e-08   5.2e-07   26.5   0.1    80   160   210   295   199   300 0.89 -
Utg33266:273551-274939   -            463 17147at4891          -            363   3.3e-24   83.0   4.5   2   4   1.5e-09   5.4e-08   29.7   0.0    84   158   303   377   296   379 0.92 -
Utg33266:273551-274939   -            463 17147at4891          -            363   3.3e-24   83.0   4.5   3   4     3e-10   1.1e-08   32.0   0.0    80   160   341   425   340   428 0.87 -
Utg33266:273551-274939   -            463 17147at4891          -            363   3.3e-24   83.0   4.5   4   4    0.0032      0.11    8.9   0.2    82   115   431   463   427   463 0.86 -
Utg33286:602204-604594   -            797 17147at4891          -            363     8e-24   81.8   6.0   1   5       3.5   1.3e+02   -1.1   0.0   155   189   298   332   293   345 0.85 -
Utg33286:602204-604594   -            797 17147at4891          -            363     8e-24   81.8   6.0   2   5       2.2        80   -0.5   0.0    75   117   454   495   434   501 0.62 -
Utg33286:602204-604594   -            797 17147at4891          -            363     8e-24   81.8   6.0   3   5   5.1e-13   1.9e-11   41.1   0.3    80   158   518   596   500   599 0.90 -
Utg33286:602204-604594   -            797 17147at4891          -            363     8e-24   81.8   6.0   4   5   1.1e-08     4e-07   26.8   0.0    82   167   604   689   600   692 0.78 -
Utg33286:602204-604594   -            797 17147at4891          -            363     8e-24   81.8   6.0   5   5   0.00028      0.01   12.3   0.0   205   237   691   723   687   727 0.66 -
Utg33258:72781-73473     -            231 17147at4891          -            363   1.1e-23   81.3   0.6   1   2   8.7e-20   3.1e-18   63.4   0.1    97   238     7   161     1   171 0.85 -
Utg33258:72781-73473     -            231 17147at4891          -            363   1.1e-23   81.3   0.6   2   2    0.0016     0.058    9.9   0.0    82   129   180   226   170   231 0.53 -
Utg33260:804929-806305   -            459 17147at4891          -            363   5.7e-23   79.0   3.3   1   4   1.2e-09   4.5e-08   30.0   0.1    52   170    70   184    65   195 0.78 -
Utg33260:804929-806305   -            459 17147at4891          -            363   5.7e-23   79.0   3.3   2   4   9.8e-05    0.0035   13.8   0.0   128   162   206   240   189   264 0.84 -
Utg33260:804929-806305   -            459 17147at4891          -            363   5.7e-23   79.0   3.3   3   4   0.00034     0.012   12.1   0.0   128   198   285   357   274   363 0.76 -
Utg33260:804929-806305   -            459 17147at4891          -            363   5.7e-23   79.0   3.3   4   4   8.2e-07     3e-05   20.7   0.0    79   154   367   450   362   455 0.70 -
Utg33284:39261-41405     -            715 17147at4891          -            363   7.7e-22   75.2   5.5   1   4     0.051       1.8    4.9   0.1   128   157    11    40     6    54 0.76 -
Utg33284:39261-41405     -            715 17147at4891          -            363   7.7e-22   75.2   5.5   2   4   5.4e-05    0.0019   14.7   0.0   100   157    66   125    53   139 0.86 -
Utg33284:39261-41405     -            715 17147at4891          -            363   7.7e-22   75.2   5.5   3   4   0.00074     0.027   10.9   0.3   206   237   135   167   129   168 0.82 -
Utg33284:39261-41405     -            715 17147at4891          -            363   7.7e-22   75.2   5.5   4   4     3e-14   1.1e-12   45.1   0.1    78   198   169   288   167   315 0.89 -
Utg33272:41615-42964     -            450 17147at4891          -            363   2.3e-20   70.4   5.7   1   3   3.6e-05    0.0013   15.3   0.2   237   325    61   150    37   160 0.85 -
Utg33272:41615-42964     -            450 17147at4891          -            363   2.3e-20   70.4   5.7   2   3   1.1e-10   3.9e-09   33.5   1.0    83   163   116   196   102   201 0.86 -
Utg33272:41615-42964     -            450 17147at4891          -            363   2.3e-20   70.4   5.7   3   3   2.1e-12   7.5e-11   39.1   0.1    78   237   195   364   190   378 0.78 -
Utg33264:423360-425204   -            615 17147at4891          -            363   6.7e-20   68.9   6.6   1   5   8.3e-06    0.0003   17.4   0.1   288   337    58   108    52   115 0.80 -
Utg33264:423360-425204   -            615 17147at4891          -            363   6.7e-20   68.9   6.6   2   5   1.6e-07   5.6e-06   23.0   0.0    86   171   203   294   191   316 0.83 -
Utg33264:423360-425204   -            615 17147at4891          -            363   6.7e-20   68.9   6.6   3   5    0.0011     0.039   10.4   0.2    78   171   330   413   312   431 0.83 -
Utg33264:423360-425204   -            615 17147at4891          -            363   6.7e-20   68.9   6.6   4   5     0.069       2.5    4.5   0.0   301   332   494   525   488   546 0.76 -
Utg33264:423360-425204   -            615 17147at4891          -            363   6.7e-20   68.9   6.6   5   5   0.00027    0.0096   12.4   0.0    72   117   569   612   547   615 0.59 -
Utg33264:535479-536516   -            346 17147at4891          -            363     2e-18   64.0   0.3   1   3   5.3e-12   1.9e-10   37.7   0.0    81   192     4   115     1   141 0.88 -
Utg33264:535479-536516   -            346 17147at4891          -            363     2e-18   64.0   0.3   2   3   6.6e-07   2.4e-05   21.0   0.0    93   188   158   255   126   319 0.85 -
Utg33264:535479-536516   -            346 17147at4891          -            363     2e-18   64.0   0.3   3   3      0.24       8.8    2.7   0.0    77   119   283   324   258   336 0.75 -
Utg33260:715026-716291   -            422 17147at4891          -            363   5.1e-18   62.7   0.7   1   3   0.00037     0.013   11.9   0.3   267   359    64   158    38   162 0.64 -
Utg33260:715026-716291   -            422 17147at4891          -            363   5.1e-18   62.7   0.7   2   3   4.6e-11   1.7e-09   34.7   0.0    69   200   163   300   155   304 0.82 -
Utg33260:715026-716291   -            422 17147at4891          -            363   5.1e-18   62.7   0.7   3   3   0.00016    0.0057   13.2   0.0    70   157   333   419   301   421 0.75 -
Utg33286:568524-569420   -            299 17147at4891          -            363   5.2e-18   62.6   2.0   1   5       2.5        91   -0.7   0.0   206   234    38    66     3    71 0.64 -
Utg33286:568524-569420   -            299 17147at4891          -            363   5.2e-18   62.6   2.0   2   5   4.9e-15   1.8e-13   47.7   0.1    75   170    69   165    51   170 0.83 -
Utg33286:568524-569420   -            299 17147at4891          -            363   5.2e-18   62.6   2.0   3   5    0.0018     0.065    9.7   0.0   132   179   176   224   169   233 0.80 -
Utg33286:568524-569420   -            299 17147at4891          -            363   5.2e-18   62.6   2.0   4   5       0.4        15    1.9   0.0   309   333   240   264   223   278 0.79 -
Utg33286:568524-569420   -            299 17147at4891          -            363   5.2e-18   62.6   2.0   5   5       5.3   1.9e+02   -1.7   0.0   306   324   281   299   265   299 0.72 -
Utg33278:290557-291411   -            285 17147at4891          -            363   8.3e-18   62.0   2.9   1   4   3.1e-05    0.0011   15.5   0.1   128   169     3    44     2    51 0.87 -
Utg33278:290557-291411   -            285 17147at4891          -            363   8.3e-18   62.0   2.9   2   4     0.006      0.22    8.0   0.1    80   120    39    80    35    89 0.79 -
Utg33278:290557-291411   -            285 17147at4891          -            363   8.3e-18   62.0   2.9   3   4   1.2e-09   4.4e-08   30.0   0.1    84   161   110   185    89   222 0.80 -
Utg33278:290557-291411   -            285 17147at4891          -            363   8.3e-18   62.0   2.9   4   4    0.0019      0.07    9.6   0.0   308   363   226   281   218   281 0.91 -
Utg33284:411405-412382   -            326 17147at4891          -            363     8e-17   58.7   0.1   1   2   1.5e-15   5.4e-14   49.4   0.1   132   328    26   231     7   240 0.80 -
Utg33284:411405-412382   -            326 17147at4891          -            363     8e-17   58.7   0.1   2   2     0.011      0.38    7.1   0.0   303   343   255   296   251   315 0.80 -
Utg33286:433779-435383   -            535 17147at4891          -            363   5.8e-16   55.9   0.5   1   2   0.00019    0.0067   12.9   0.1    91   173   221   305   199   315 0.82 -
Utg33286:433779-435383   -            535 17147at4891          -            363   5.8e-16   55.9   0.5   2   2   6.9e-13   2.5e-11   40.7   0.0    78   200   350   472   341   474 0.90 -
Utg33252:601172-601942   -            257 17147at4891          -            363   6.2e-16   55.8   0.1   1   2   1.3e-16   4.6e-15   53.0   0.0    63   174    50   159    24   166 0.84 -
Utg33252:601172-601942   -            257 17147at4891          -            363   6.2e-16   55.8   0.1   2   2       1.1        39    0.5   0.0   300   324   185   209   162   252 0.70 -
Utg33284:516003-516881   -            293 17147at4891          -            363   6.7e-16   55.7   0.2   1   2   4.9e-08   1.8e-06   24.7   0.2    82   175     9   120     5   131 0.77 -
Utg33284:516003-516881   -            293 17147at4891          -            363   6.7e-16   55.7   0.2   2   2   1.1e-07   3.8e-06   23.6   0.0   103   177   154   227   144   251 0.82 -
Utg33264:472274-472759   -            162 17147at4891          -            363   9.2e-16   55.2   0.6   1   2   7.9e-13   2.8e-11   40.5   0.1    82   167    13   104     9   109 0.90 -
Utg33264:472274-472759   -            162 17147at4891          -            363   9.2e-16   55.2   0.6   2   2   2.3e-05   0.00085   15.9   0.1    81   136   102   155    99   161 0.70 -
Utg33250:420303-423338   -           1012 17147at4891          -            363   1.3e-15   54.7   9.3   1   5   1.5e-06   5.4e-05   19.8   0.0   112   162   161   212   151   217 0.89 -
Utg33250:420303-423338   -           1012 17147at4891          -            363   1.3e-15   54.7   9.3   2   5   1.2e-05   0.00044   16.8   0.3   207   237   220   250   213   273 0.89 -
Utg33250:420303-423338   -           1012 17147at4891          -            363   1.3e-15   54.7   9.3   3   5     0.053       1.9    4.9   0.2    99   157   676   738   668   744 0.65 -
Utg33250:420303-423338   -           1012 17147at4891          -            363   1.3e-15   54.7   9.3   4   5      0.22         8    2.8   0.0    93   122   771   801   768   810 0.81 -
Utg33250:420303-423338   -           1012 17147at4891          -            363   1.3e-15   54.7   9.3   5   5    0.0015     0.054   10.0   0.0    81   164   876   971   860   987 0.70 -
Utg33286:208777-211296   -            840 17147at4891          -            363   3.8e-15   53.2   3.2   1   5     0.017      0.62    6.5   0.0   296   326    17    48    10    74 0.77 -
Utg33286:208777-211296   -            840 17147at4891          -            363   3.8e-15   53.2   3.2   2   5   0.00036     0.013   12.0   0.0   205   236    76   107    65   111 0.87 -
Utg33286:208777-211296   -            840 17147at4891          -            363   3.8e-15   53.2   3.2   3   5   1.7e-06   6.2e-05   19.6   0.2    81   167   131   218   118   227 0.81 -
Utg33286:208777-211296   -            840 17147at4891          -            363   3.8e-15   53.2   3.2   4   5       1.7        62   -0.1   0.0   183   202   306   325   298   327 0.86 -
Utg33286:208777-211296   -            840 17147at4891          -            363   3.8e-15   53.2   3.2   5   5   0.00075     0.027   10.9   0.0   102   166   327   393   315   410 0.69 -
Utg33282:153926-154570   -            215 17147at4891          -            363     4e-15   53.2   3.3   1   3   4.3e-11   1.5e-09   34.8   0.2    85   169     3    85     1    92 0.85 -
Utg33282:153926-154570   -            215 17147at4891          -            363     4e-15   53.2   3.3   2   3     0.003      0.11    9.0   0.1    80   121    80   122    78   132 0.80 -
Utg33282:153926-154570   -            215 17147at4891          -            363     4e-15   53.2   3.3   3   3   0.00017    0.0063   13.0   0.1    86   149   153   214   137   215 0.68 -
Utg33254:112986-114440   -            485 17147at4891          -            363   8.1e-15   52.1  13.4   1   3   0.00056      0.02   11.4   0.8   141   161   132   153    36   168 0.54 -
Utg33254:112986-114440   -            485 17147at4891          -            363   8.1e-15   52.1  13.4   2   3     8e-12   2.9e-10   37.2   0.9   110   237   199   334   192   336 0.86 -
Utg33254:112986-114440   -            485 17147at4891          -            363   8.1e-15   52.1  13.4   3   3    0.0055       0.2    8.1   0.3   209   237   349   377   336   394 0.62 -
Utg33284:404641-405864   -            408 17147at4891          -            363   2.8e-14   50.4   7.0   1   4   1.2e-05   0.00043   16.9   0.1    80   140    39    96    12   108 0.80 -
Utg33284:404641-405864   -            408 17147at4891          -            363   2.8e-14   50.4   7.0   2   4   1.6e-07   5.9e-06   23.0   0.2    99   192   112   210   109   217 0.81 -
Utg33284:404641-405864   -            408 17147at4891          -            363   2.8e-14   50.4   7.0   3   4   1.6e-06   5.6e-05   19.8   0.1    80   197   136   260   132   263 0.74 -
Utg33284:404641-405864   -            408 17147at4891          -            363   2.8e-14   50.4   7.0   4   4   0.00067     0.024   11.1   0.0    83   123   290   331   281   343 0.85 -
Utg33252:182104-184458   -            785 17147at4891          -            363   3.4e-14   50.1   6.8   1   4   4.8e-07   1.7e-05   21.4   0.2    77   130    49   103    44   135 0.70 -
Utg33252:182104-184458   -            785 17147at4891          -            363   3.4e-14   50.1   6.8   2   4    0.0061      0.22    7.9   0.0    78   118   193   236   180   243 0.79 -
Utg33252:182104-184458   -            785 17147at4891          -            363   3.4e-14   50.1   6.8   3   4      0.32        11    2.3   0.0   102   278   354   412   331   465 0.59 -
Utg33252:182104-184458   -            785 17147at4891          -            363   3.4e-14   50.1   6.8   4   4   1.4e-05   0.00052   16.6   0.2    86   200   605   735   588   743 0.64 -
Utg33274:551190-551825   -            212 17147at4891          -            363   4.2e-14   49.8   0.1   1   2   0.00063     0.023   11.2   0.0   143   176    14    46     1    64 0.80 -
Utg33274:551190-551825   -            212 17147at4891          -            363   4.2e-14   49.8   0.1   2   2   1.2e-11   4.3e-10   36.6   0.0   103   199    79   173    56   177 0.79 -
Utg33280:97557-101366    -           1270 17147at4891          -            363   5.6e-14   49.4   2.1   1   4   7.5e-06   0.00027   17.5   0.0    79   122   100   143    85   158 0.88 -
Utg33280:97557-101366    -           1270 17147at4891          -            363   5.6e-14   49.4   2.1   2   4      0.27       9.7    2.5   0.0    97   125   170   198   159   213 0.84 -
Utg33280:97557-101366    -           1270 17147at4891          -            363   5.6e-14   49.4   2.1   3   4   2.8e-08     1e-06   25.5   0.0    84   155   254   327   245   332 0.78 -
Utg33280:97557-101366    -           1270 17147at4891          -            363   5.6e-14   49.4   2.1   4   4       6.7   2.4e+02   -2.1   0.1    17    48   339   369   330   373 0.70 -
Utg33286:596703-597521   -            273 17147at4891          -            363   1.4e-13   48.0   2.1   1   3      0.07       2.5    4.5   0.1    90   128    59    90    22   106 0.78 -
Utg33286:596703-597521   -            273 17147at4891          -            363   1.4e-13   48.0   2.1   2   3   7.1e-06   0.00026   17.6   0.0    87   159   107   183    99   188 0.86 -
Utg33286:596703-597521   -            273 17147at4891          -            363   1.4e-13   48.0   2.1   3   3   5.8e-08   2.1e-06   24.5   0.1    85   157   194   269   183   272 0.87 -
Utg33264:425741-427279   -            513 17147at4891          -            363   1.5e-13   48.0   5.0   1   4   0.00022     0.008   12.7   0.0   252   323    40   109    33   122 0.87 -
Utg33264:425741-427279   -            513 17147at4891          -            363   1.5e-13   48.0   5.0   2   4     0.016      0.57    6.6   0.1    74   120   111   157   108   163 0.76 -
Utg33264:425741-427279   -            513 17147at4891          -            363   1.5e-13   48.0   5.0   3   4   7.5e-09   2.7e-07   27.4   0.0    84   181   165   263   158   292 0.81 -
Utg33264:425741-427279   -            513 17147at4891          -            363   1.5e-13   48.0   5.0   4   4      0.62        22    1.3   0.4    16    78   331   390   317   401 0.61 -
Utg33254:902974-905775   -            934 17147at4891          -            363   1.8e-13   47.7   0.1   1   3     0.096       3.5    4.0   0.0    75   119   333   377   319   391 0.82 -
Utg33254:902974-905775   -            934 17147at4891          -            363   1.8e-13   47.7   0.1   2   3   3.1e-05    0.0011   15.5   0.1    68   200   433   568   372   571 0.71 -
Utg33254:902974-905775   -            934 17147at4891          -            363   1.8e-13   47.7   0.1   3   3   4.1e-09   1.5e-07   28.3   0.0   100   183   550   634   546   643 0.90 -
Utg33250:539243-540199   -            319 17147at4891          -            363   4.2e-13   46.5   0.4   1   3      0.26       9.6    2.6   0.3   219   238    52    71    41    79 0.69 -
Utg33250:539243-540199   -            319 17147at4891          -            363   4.2e-13   46.5   0.4   2   3   2.3e-05   0.00083   15.9   0.0    81   119    78   116    73   125 0.88 -
Utg33250:539243-540199   -            319 17147at4891          -            363   4.2e-13   46.5   0.4   3   3   4.8e-08   1.8e-06   24.7   0.0    73   126   177   230   154   245 0.85 -
Utg33278:374473-375567   -            365 17147at4891          -            363   7.7e-13   45.6   0.3   1   2     1e-11   3.7e-10   36.8   0.1   131   255    37   173    26   227 0.79 -
Utg33278:374473-375567   -            365 17147at4891          -            363   7.7e-13   45.6   0.3   2   2     0.012      0.42    7.0   0.0    90   150   272   333   235   339 0.78 -
Utg33280:972936-973901   -            322 17147at4891          -            363   9.9e-13   45.3   6.8   1   4   1.1e-05   0.00039   17.0   0.1   100   160    21    86    11    98 0.79 -
Utg33280:972936-973901   -            322 17147at4891          -            363   9.9e-13   45.3   6.8   2   4   7.7e-08   2.8e-06   24.0   0.2    81   157    98   178    88   185 0.83 -
Utg33280:972936-973901   -            322 17147at4891          -            363   9.9e-13   45.3   6.8   3   4     0.025      0.91    5.9   0.1   221   237   209   225   183   228 0.71 -
Utg33280:972936-973901   -            322 17147at4891          -            363   9.9e-13   45.3   6.8   4   4       4.3   1.5e+02   -1.4   0.0    90   116   295   322   281   322 0.70 -
Utg33254:528409-529254   -            282 17147at4891          -            363   3.7e-12   43.4   3.4   1   4     1e-08   3.7e-07   26.9   0.1    99   184    13   106     8   119 0.75 -
Utg33254:528409-529254   -            282 17147at4891          -            363   3.7e-12   43.4   3.4   2   4     0.027         1    5.8   0.0    80   120    85   126    83   142 0.87 -
Utg33254:528409-529254   -            282 17147at4891          -            363   3.7e-12   43.4   3.4   3   4   0.00022    0.0081   12.7   0.2   102   167   165   240   160   254 0.75 -
Utg33254:528409-529254   -            282 17147at4891          -            363   3.7e-12   43.4   3.4   4   4       1.9        67   -0.2   0.0    99   116   258   275   253   280 0.81 -
Utg33254:953723-955675   -            651 17147at4891          -            363   2.7e-11   40.6   0.1   1   2    0.0005     0.018   11.5   0.0    81   122    75   116    69   138 0.81 -
Utg33254:953723-955675   -            651 17147at4891          -            363   2.7e-11   40.6   0.1   2   2   9.6e-09   3.5e-07   27.0   0.0    80   165   133   218   127   238 0.89 -
Utg33272:569414-570577   -            388 17147at4891          -            363   3.8e-11   40.1   0.2   1   3   0.00013    0.0049   13.4   0.0   171   267    13   115     4   138 0.69 -
Utg33272:569414-570577   -            388 17147at4891          -            363   3.8e-11   40.1   0.2   2   3   0.00012    0.0042   13.6   0.0    83   122   143   182   135   219 0.87 -
Utg33272:569414-570577   -            388 17147at4891          -            363   3.8e-11   40.1   0.2   3   3     0.002     0.074    9.5   0.0    85   118   288   322   268   337 0.81 -
Utg33252:599677-600387   -            237 17147at4891          -            363   4.6e-11   39.8   0.9   1   2      0.16       5.9    3.2   0.0    75   113    27    62    12    68 0.70 -
Utg33252:599677-600387   -            237 17147at4891          -            363   4.6e-11   39.8   0.9   2   2   2.4e-11   8.8e-10   35.6   0.2    70   235    63   237    57   237 0.85 -
Utg33252:840370-842424   -            685 17147at4891          -            363     7e-11   39.2   0.1   1   3   3.1e-07   1.1e-05   22.1   0.0   140   237     9   114     2   115 0.76 -
Utg33252:840370-842424   -            685 17147at4891          -            363     7e-11   39.2   0.1   2   3   9.8e-08   3.5e-06   23.7   0.0    84   171    38   127    31   151 0.81 -
Utg33252:840370-842424   -            685 17147at4891          -            363     7e-11   39.2   0.1   3   3     0.027      0.99    5.8   0.1   314   347   305   338   273   350 0.82 -
Utg33252:801434-802276   -            281 17147at4891          -            363   7.7e-11   39.0   3.2   1   2     0.021      0.75    6.2   0.3   132   334    24    61     1    95 0.54 -
Utg33252:801434-802276   -            281 17147at4891          -            363   7.7e-11   39.0   3.2   2   2   1.4e-10   5.1e-09   33.1   0.2    75   195    94   217    84   235 0.87 -
Utg33280:679738-683163   -           1142 17147at4891          -            363   1.1e-10   38.5   2.1   1   1   5.7e-12   2.1e-10   37.6   2.1    97   237    75   227    46   240 0.82 -
Utg33264:442574-443518   -            315 17147at4891          -            363   2.7e-10   37.3   2.1   1   2   5.5e-11     2e-09   34.4   0.3    23   191    33   195    21   204 0.74 -
Utg33264:442574-443518   -            315 17147at4891          -            363   2.7e-10   37.3   2.1   2   2       0.4        14    2.0   0.0   101   121   255   275   210   313 0.71 -
Utg33258:292691-294859   -            723 17147at4891          -            363   1.7e-09   34.6   1.8   1   3     0.044       1.6    5.1   0.0    80   161   296   382   254   393 0.64 -
Utg33258:292691-294859   -            723 17147at4891          -            363   1.7e-09   34.6   1.8   2   3   3.7e-07   1.3e-05   21.8   0.2    95   180   601   689   591   700 0.78 -
Utg33258:292691-294859   -            723 17147at4891          -            363   1.7e-09   34.6   1.8   3   3     0.031       1.1    5.6   0.0    93   118   697   722   690   723 0.82 -
Utg33252:778648-779688   -            347 17147at4891          -            363   1.4e-08   31.6   2.7   1   4   0.00017    0.0061   13.1   0.2   100   158    21    86     4    96 0.66 -
Utg33252:778648-779688   -            347 17147at4891          -            363   1.4e-08   31.6   2.7   2   4     0.084       3.1    4.2   0.0    85   137   106   158    89   168 0.79 -
Utg33252:778648-779688   -            347 17147at4891          -            363   1.4e-08   31.6   2.7   3   4      0.21       7.7    2.9   0.0    79   121   204   249   199   255 0.85 -
Utg33252:778648-779688   -            347 17147at4891          -            363   1.4e-08   31.6   2.7   4   4    0.0036      0.13    8.7   0.1    53   120   272   336   245   342 0.62 -
Utg33264:63257-64636     -            460 17147at4891          -            363   2.6e-08   30.8   0.2   1   4    0.0038      0.14    8.6   0.1   200   237     5    44     3    47 0.89 -
Utg33264:63257-64636     -            460 17147at4891          -            363   2.6e-08   30.8   0.2   2   4   0.00053     0.019   11.4   0.0    84   128    68   115    61   127 0.73 -
Utg33264:63257-64636     -            460 17147at4891          -            363   2.6e-08   30.8   0.2   3   4     0.025      0.92    5.9   0.0   213   278   150   214   142   220 0.53 -
Utg33264:63257-64636     -            460 17147at4891          -            363   2.6e-08   30.8   0.2   4   4       5.3   1.9e+02   -1.7   0.0   206   229   371   394   348   397 0.85 -
Utg33280:710657-711772   -            372 17147at4891          -            363   3.8e-08   30.2   3.4   1   3   0.00095     0.034   10.6   0.1   104   157    77   133    70   144 0.71 -
Utg33280:710657-711772   -            372 17147at4891          -            363   3.8e-08   30.2   3.4   2   3    0.0013     0.049   10.1   0.0    72   162   159   254   141   278 0.73 -
Utg33280:710657-711772   -            372 17147at4891          -            363   3.8e-08   30.2   3.4   3   3    0.0036      0.13    8.7   0.1    85   170   281   326   258   351 0.53 -
Utg33260:798963-799658   -            232 17147at4891          -            363   5.3e-08   29.7   3.9   1   2   7.4e-09   2.7e-07   27.4   1.0    47   156    57   168    17   192 0.74 -
Utg33260:798963-799658   -            232 17147at4891          -            363   5.3e-08   29.7   3.9   2   2      0.18       6.4    3.1   0.1   223   236   219   232   213   232 0.83 -
Utg33264:511151-512683   -            511 17147at4891          -            363   7.5e-08   29.2   8.4   1   2    0.0031      0.11    8.9   0.3   293   363   273   350   259   350 0.71 -
Utg33264:511151-512683   -            511 17147at4891          -            363   7.5e-08   29.2   8.4   2   2   1.1e-07   3.9e-06   23.6   5.1   129   263   320   473   316   488 0.72 -
Utg33266:186381-189158   -            926 17147at4891          -            363   3.3e-07   27.1   0.6   1   2      0.89        32    0.8   0.1    98   156   104   163   101   195 0.74 -
Utg33266:186381-189158   -            926 17147at4891          -            363   3.3e-07   27.1   0.6   2   2   6.7e-08   2.4e-06   24.2   0.1   256   350   234   333   219   349 0.78 -
Utg33286:756891-759491   -            867 17147at4891          -            363   4.6e-07   26.6   3.2   1   3      0.37        13    2.1   0.0    85   118     7    39     1    51 0.75 -
Utg33286:756891-759491   -            867 17147at4891          -            363   4.6e-07   26.6   3.2   2   3      0.16       5.7    3.3   0.0   101   119    72    90    55    97 0.69 -
Utg33286:756891-759491   -            867 17147at4891          -            363   4.6e-07   26.6   3.2   3   3   3.5e-06   0.00013   18.6   0.9   101   237   240   386   147   399 0.75 -
Utg33270:160100-161374   -            425 17147at4891          -            363   4.6e-07   26.6   0.0   1   3      0.19         7    3.0   0.0   301   328    32    59     9    63 0.84 -
Utg33270:160100-161374   -            425 17147at4891          -            363   4.6e-07   26.6   0.0   2   3   5.1e-06   0.00018   18.1   0.1    84   144    69   128    64   248 0.77 -
Utg33270:160100-161374   -            425 17147at4891          -            363   4.6e-07   26.6   0.0   3   3      0.52        19    1.6   0.2   163   201   206   245   171   268 0.66 -
Utg33280:1084844-1087099 -            752 17147at4891          -            363   5.9e-07   26.3   3.4   1   5     0.051       1.8    4.9   0.0   103   195    90   187     8   194 0.54 -
Utg33280:1084844-1087099 -            752 17147at4891          -            363   5.9e-07   26.3   3.4   2   5   2.5e-05   0.00091   15.8   0.0   308   361   227   282   203   284 0.86 -
Utg33280:1084844-1087099 -            752 17147at4891          -            363   5.9e-07   26.3   3.4   3   5       4.5   1.6e+02   -1.5   0.1   217   238   360   381   348   418 0.75 -
Utg33280:1084844-1087099 -            752 17147at4891          -            363   5.9e-07   26.3   3.4   4   5         2        71   -0.3   0.0   302   361   408   473   388   475 0.68 -
Utg33280:1084844-1087099 -            752 17147at4891          -            363   5.9e-07   26.3   3.4   5   5       5.1   1.8e+02   -1.7   0.1   169   201   542   574   525   587 0.80 -
Utg33254:230969-232759   -            597 17147at4891          -            363   1.1e-06   25.4   0.2   1   3   1.7e-05    0.0006   16.4   0.0   128   170   301   344   228   363 0.78 -
Utg33254:230969-232759   -            597 17147at4891          -            363   1.1e-06   25.4   0.2   2   3      0.35        13    2.2   0.0   212   238   417   443   410   451 0.86 -
Utg33254:230969-232759   -            597 17147at4891          -            363   1.1e-06   25.4   0.2   3   3      0.24       8.7    2.7   0.0    76   241   491   536   467   563 0.58 -
Utg33280:492254-493048   -            265 17147at4891          -            363   1.4e-06   25.0   1.1   1   3   3.4e-07   1.2e-05   21.9   0.1    86   201     1   126     1   150 0.76 -
Utg33280:492254-493048   -            265 17147at4891          -            363   1.4e-06   25.0   1.1   2   3     0.068       2.5    4.5   0.0   308   336   108   137   100   168 0.66 -
Utg33280:492254-493048   -            265 17147at4891          -            363   1.4e-06   25.0   1.1   3   3       2.4        89   -0.6   0.0   134   156   170   193   158   202 0.56 -
Utg33254:512805-514526   -            574 17147at4891          -            363   4.2e-06   23.5   1.5   1   2   2.8e-06    0.0001   18.9   1.5    72   237   270   453   252   456 0.70 -
Utg33254:512805-514526   -            574 17147at4891          -            363   4.2e-06   23.5   1.5   2   2      0.58        21    1.4   0.0   103   128   492   517   481   533 0.83 -
Utg33252:1007956-1009143 -            396 17147at4891          -            363   1.9e-05   21.3   2.6   1   4       1.3        47    0.3   0.0   224   237    30    43    13    60 0.62 -
Utg33252:1007956-1009143 -            396 17147at4891          -            363   1.9e-05   21.3   2.6   2   4         7   2.5e+02   -2.1   0.1   309   324   140   155   120   162 0.83 -
Utg33252:1007956-1009143 -            396 17147at4891          -            363   1.9e-05   21.3   2.6   3   4      0.49        18    1.7   0.0   127   170   230   277   199   285 0.80 -
Utg33252:1007956-1009143 -            396 17147at4891          -            363   1.9e-05   21.3   2.6   4   4   7.7e-06   0.00028   17.5   0.1   120   170   281   332   276   339 0.86 -
Utg33260:38908-42816     -           1303 17147at4891          -            363     2e-05   21.2   4.6   1   2   1.3e-06   4.7e-05   20.0   0.1    68   146   204   288   167   303 0.81 -
Utg33260:38908-42816     -           1303 17147at4891          -            363     2e-05   21.2   4.6   2   2      0.15       5.4    3.4   0.0    26   121   276   367   258   387 0.69 -
Utg33284:222267-222827   -            187 17147at4891          -            363   2.3e-05   21.0   0.1   1   2   2.1e-05   0.00076   16.0   0.0   102   191    15   106     4   115 0.76 -
Utg33284:222267-222827   -            187 17147at4891          -            363   2.3e-05   21.0   0.1   2   2      0.16       5.7    3.3   0.0   159   199   143   183   113   187 0.55 -
Utg33272:296898-298559   -            554 17147at4891          -            363     3e-05   20.7   0.3   1   2    0.0006     0.022   11.3   0.1    85   148   137   208   129   247 0.67 -
Utg33272:296898-298559   -            554 17147at4891          -            363     3e-05   20.7   0.3   2   2     0.015      0.53    6.7   0.0   301   336   350   385   342   394 0.89 -
Utg33280:165249-166814   -            522 17147at4891          -            363   0.00015   18.4   0.1   1   3      0.39        14    2.0   0.0   306   325   198   217   175   226 0.86 -
Utg33280:165249-166814   -            522 17147at4891          -            363   0.00015   18.4   0.1   2   3       0.5        18    1.6   0.0   145   237   350   363   240   371 0.73 -
Utg33280:165249-166814   -            522 17147at4891          -            363   0.00015   18.4   0.1   3   3    0.0025     0.091    9.2   0.0   118   203   378   477   370   481 0.65 -
Utg33260:357265-358272   -            336 17147at4891          -            363   0.00045   16.8   1.1   1   3         4   1.4e+02   -1.3   0.1   210   241    12    43     3    67 0.74 -
Utg33260:357265-358272   -            336 17147at4891          -            363   0.00045   16.8   1.1   2   3     0.038       1.4    5.3   0.0   142   199   112   176    93   185 0.70 -
Utg33260:357265-358272   -            336 17147at4891          -            363   0.00045   16.8   1.1   3   3    0.0025      0.09    9.2   0.0   130   178   250   299   220   320 0.52 -
Utg33266:189506-191224   -            573 17147at4891          -            363   0.00069   16.2   3.5   1   4    0.0057      0.21    8.0   0.0   286   330   225   271   212   278 0.67 -
Utg33266:189506-191224   -            573 17147at4891          -            363   0.00069   16.2   3.5   2   4     0.052       1.9    4.9   0.0    90   156   283   349   265   357 0.69 -
Utg33266:189506-191224   -            573 17147at4891          -            363   0.00069   16.2   3.5   3   4       2.4        87   -0.6   0.0   209   238   400   428   397   436 0.74 -
Utg33266:189506-191224   -            573 17147at4891          -            363   0.00069   16.2   3.5   4   4         1        38    0.6   0.2   211   240   475   504   473   508 0.86 -
Utg33266:260281-261051   -            257 17147at4891          -            363   0.00072   16.1   3.3   1   3   4.8e-05    0.0017   14.9   0.3   129   176     3    51     2    67 0.88 -
Utg33266:260281-261051   -            257 17147at4891          -            363   0.00072   16.1   3.3   2   3       3.6   1.3e+02   -1.2   0.0   305   320   142   157   137   189 0.69 -
Utg33266:260281-261051   -            257 17147at4891          -            363   0.00072   16.1   3.3   3   3         1        36    0.6   0.1   310   361   170   228   166   230 0.66 -
Utg33278:408592-410046   -            485 17147at4891          -            363   0.00099   15.7   0.6   1   2       0.1       3.7    3.9   0.0    94   136   152   197   148   202 0.80 -
Utg33278:408592-410046   -            485 17147at4891          -            363   0.00099   15.7   0.6   2   2    0.0021     0.076    9.5   0.2   263   330   324   391   308   407 0.88 -
Utg33280:757101-758432   -            444 17147at4891          -            363    0.0017   14.9   0.7   1   3       4.7   1.7e+02   -1.6   0.0   211   237   105   132   102   143 0.68 -
Utg33280:757101-758432   -            444 17147at4891          -            363    0.0017   14.9   0.7   2   3   4.6e-05    0.0017   14.9   0.7    84   171   192   282   178   292 0.78 -
Utg33280:757101-758432   -            444 17147at4891          -            363    0.0017   14.9   0.7   3   3       3.9   1.4e+02   -1.3   0.0   157   193   339   375   289   377 0.74 -
Utg33260:126950-130279   -           1110 17147at4891          -            363    0.0033   13.9   0.1   1   3      0.19       6.7    3.1   0.0    98   123   173   198   158   212 0.76 -
Utg33260:126950-130279   -           1110 17147at4891          -            363    0.0033   13.9   0.1   2   3   9.2e-05    0.0033   13.9   0.1   201   238   261   298   235   303 0.86 -
Utg33260:126950-130279   -           1110 17147at4891          -            363    0.0033   13.9   0.1   3   3         2        71   -0.3   0.1    88   129   390   430   349   485 0.70 -
Utg33272:171151-171954   -            268 17147at4891          -            363    0.0051   13.3   0.1   1   2      0.33        12    2.2   0.0    89   123    97   130    55   152 0.70 -
Utg33272:171151-171954   -            268 17147at4891          -            363    0.0051   13.3   0.1   2   2     0.003      0.11    8.9   0.0    81   163   182   264   174   268 0.61 -
Utg33264:345441-347774   -            778 17147at4891          -            363    0.0069   12.9  10.7   1   3    0.0016     0.058    9.8   0.0    78   122   399   442   388   447 0.60 -
Utg33264:345441-347774   -            778 17147at4891          -            363    0.0069   12.9  10.7   2   3    0.0044      0.16    8.4   0.4   134   237   614   723   531   731 0.64 -
Utg33264:345441-347774   -            778 17147at4891          -            363    0.0069   12.9  10.7   3   3       3.1   1.1e+02   -1.0   0.0    97   116   759   777   730   778 0.65 -
Utg33286:9307-12327      -           1007 17147at4891          -            363      0.02   11.3   2.3   1   3     0.004      0.15    8.5   0.3    77   199    31   150    11   168 0.86 -
Utg33286:9307-12327      -           1007 17147at4891          -            363      0.02   11.3   2.3   2   3       4.1   1.5e+02   -1.4   0.0   139   164   244   269   226   289 0.62 -
Utg33286:9307-12327      -           1007 17147at4891          -            363      0.02   11.3   2.3   3   3       1.1        38    0.6   0.0   321   353   497   529   424   539 0.63 -
#
# Program:         hmmsearch
# Version:         3.1b2 (February 2015)
# Pipeline mode:   SEARCH
# Query file:      /home/inf-34-2022/Documents/BINP29/DeNovo_LongReads/Busco/busco_downloads/lineages/saccharomycetes_odb10/hmms/17147at4891.hmm
# Target file:     /home/inf-34-2022/Documents/BINP29/DeNovo_LongReads/Busco/busco_output/run_saccharomycetes_odb10/metaeuk_output/initial_results/SRRoutput.fasta.modified.fas
# Option settings: hmmsearch --domtblout /home/inf-34-2022/Documents/BINP29/DeNovo_LongReads/Busco/busco_output/run_saccharomycetes_odb10/hmmer_output/initial_run_results/17147at4891.out --cpu 1 /home/inf-34-2022/Documents/BINP29/DeNovo_LongReads/Busco/busco_downloads/lineages/saccharomycetes_odb10/hmms/17147at4891.hmm /home/inf-34-2022/Documents/BINP29/DeNovo_LongReads/Busco/busco_output/run_saccharomycetes_odb10/metaeuk_output/initial_results/SRRoutput.fasta.modified.fas 
# Current dir:     /home/inf-34-2022/Documents/BINP29/DeNovo_LongReads/Busco
# Date:            Fri Feb 24 12:02:16 2023
# [ok]
