#                                                                                --- full sequence --- -------------- this domain -------------   hmm coord   ali coord   env coord
# target name            accession   tlen query name           accession   qlen   E-value  score  bias   #  of  c-Evalue  i-Evalue  score  bias  from    to  from    to  from    to  acc description of target
#    ------------------- ---------- ----- -------------------- ---------- ----- --------- ------ ----- --- --- --------- --------- ------ ----- ----- ----- ----- ----- ----- ----- ---- ---------------------
Utg33272:696486-698276   -            597 17188at4891          -            375  8.8e-112  370.7  27.4   1   3      0.04       3.6    3.3   0.1     2    54    90   142    89   147 0.70 -
Utg33272:696486-698276   -            597 17188at4891          -            375  8.8e-112  370.7  27.4   2   3     1e-80   9.2e-79  262.0  19.5    17   286   127   480   120   487 0.77 -
Utg33272:696486-698276   -            597 17188at4891          -            375  8.8e-112  370.7  27.4   3   3   1.2e-34   1.1e-32  110.4   0.6   269   361   483   585   475   591 0.87 -
Utg33254:117227-119443   -            739 17188at4891          -            375   3.6e-57  190.9   0.2   1   1   8.2e-59   7.3e-57  189.9   0.2    66   351   246   576   213   598 0.76 -
Utg33262:240144-241604   -            487 17188at4891          -            375   6.5e-57  190.1   0.0   1   1   1.2e-58   1.1e-56  189.4   0.0    57   348    82   411    31   417 0.71 -
Utg33252:908862-910529   -            556 17188at4891          -            375   4.9e-51  170.7   0.7   1   1   3.5e-51   3.1e-49  164.8   0.7    44   352   125   480   119   484 0.76 -
Utg33264:827549-829063   -            505 17188at4891          -            375   1.2e-48  162.9   0.0   1   1   2.6e-50   2.3e-48  161.9   0.0    39   349    35   393     6   410 0.72 -
Utg33280:384570-387554   -            995 17188at4891          -            375   1.5e-48  162.6   0.7   1   2   4.4e-30   3.9e-28   95.4   0.2    39   285   130   401   118   418 0.73 -
Utg33280:384570-387554   -            995 17188at4891          -            375   1.5e-48  162.6   0.7   2   2   6.4e-21   5.7e-19   65.2   0.0   259   350   437   538   432   546 0.77 -
Utg33252:731061-732629   -            523 17188at4891          -            375   5.5e-47  157.4   0.2   1   1     7e-48   6.2e-46  154.0   0.2    63   352   134   467    77   471 0.74 -
Utg33250:297010-298245   -            412 17188at4891          -            375   1.5e-44  149.4   0.0   1   1     2e-45   1.8e-43  145.9   0.0    48   351    16   373     7   380 0.72 -
Utg33274:372488-374797   -            770 17188at4891          -            375   1.5e-44  149.4   0.0   1   1   3.8e-46   3.4e-44  148.2   0.0    34   362    28   411     3   420 0.72 -
Utg33280:918929-920692   -            588 17188at4891          -            375   2.4e-44  148.7   5.0   1   1   6.8e-45   6.1e-43  144.1   5.0    62   355   195   548   179   561 0.72 -
Utg33262:454769-456061   -            431 17188at4891          -            375   3.2e-44  148.3   0.0   1   1     1e-45   8.9e-44  146.9   0.0    49   352    11   363     2   381 0.80 -
Utg33280:160807-162204   -            466 17188at4891          -            375   1.1e-43  146.6   0.2   1   1   2.2e-45   1.9e-43  145.8   0.2    43   360    24   380     5   386 0.74 -
Utg33254:663655-665418   -            588 17188at4891          -            375   1.4e-43  146.3  11.6   1   2   1.9e-30   1.7e-28   96.6  10.6    46   304    11   325     3   327 0.69 -
Utg33254:663655-665418   -            588 17188at4891          -            375   1.4e-43  146.3  11.6   2   2   1.7e-15   1.5e-13   47.4   0.0   306   353   377   426   364   449 0.88 -
Utg33274:598538-599638   -            367 17188at4891          -            375   2.1e-43  145.6   0.1   1   1   3.6e-45   3.2e-43  145.0   0.1    67   352    25   345     3   364 0.76 -
Utg33284:562348-563448   -            367 17188at4891          -            375   2.1e-43  145.6   0.1   1   1   3.6e-45   3.2e-43  145.0   0.1    67   352    25   345     3   364 0.76 -
Utg33280:816435-818087   -            551 17188at4891          -            375   5.8e-43  144.2   2.6   1   2   1.8e-27   1.6e-25   86.7   0.8    51   219    24   229     8   240 0.76 -
Utg33280:816435-818087   -            551 17188at4891          -            375   5.8e-43  144.2   2.6   2   2   1.1e-17   9.6e-16   54.6   0.0   245   362   285   405   255   414 0.70 -
Utg33272:414579-417171   -            535 17188at4891          -            375   1.7e-42  142.6   0.0   1   1   7.4e-44   6.6e-42  140.7   0.0    44   351   113   464    77   468 0.70 -
Utg33260:695154-696674   -            507 17188at4891          -            375   6.6e-42  140.7   0.0   1   1   4.8e-43   4.3e-41  138.0   0.0    61   353   120   464    98   475 0.72 -
Utg33280:477224-478336   -            371 17188at4891          -            375   6.8e-42  140.7   4.0   1   1   1.9e-43   1.7e-41  139.4   4.0    52   352     8   351     2   363 0.72 -
Utg33280:295588-296925   -            446 17188at4891          -            375   1.4e-40  136.4   0.5   1   1   1.7e-41   1.5e-39  132.9   0.5    45   360    61   422    44   431 0.73 -
Utg33252:709862-711394   -            511 17188at4891          -            375     4e-39  131.5   7.0   1   2   2.8e-24   2.5e-22   76.3   4.1    66   248    89   312    64   335 0.70 -
Utg33252:709862-711394   -            511 17188at4891          -            375     4e-39  131.5   7.0   2   2   9.1e-18   8.1e-16   54.8   0.0   293   357   432   497   413   507 0.78 -
Utg33282:123874-125691   -            606 17188at4891          -            375   1.2e-37  126.7   0.1   1   2   3.4e-11     3e-09   33.2   0.0    63   133    29   105    20   114 0.80 -
Utg33282:123874-125691   -            606 17188at4891          -            375   1.2e-37  126.7   0.1   2   2   1.3e-27   1.1e-25   87.3   0.0   146   357   139   383   120   396 0.76 -
Utg33284:492439-494658   -            740 17188at4891          -            375   1.5e-37  126.4   0.1   1   2   1.6e-24   1.4e-22   77.1   0.2    55   223   155   365   137   374 0.72 -
Utg33284:492439-494658   -            740 17188at4891          -            375   1.5e-37  126.4   0.1   2   2   7.3e-15   6.5e-13   45.3   0.0   284   357   499   574   472   580 0.80 -
Utg33260:392070-393515   -            482 17188at4891          -            375   2.1e-37  125.9   0.5   1   1   4.1e-39   3.7e-37  125.1   0.5     8   355    53   447    47   456 0.71 -
Utg33286:514447-516693   -            749 17188at4891          -            375   3.1e-36  122.1   8.0   1   2   2.2e-21     2e-19   66.7   2.0    65   198   175   334   147   371 0.67 -
Utg33286:514447-516693   -            749 17188at4891          -            375   3.1e-36  122.1   8.0   2   2   7.6e-18   6.8e-16   55.1   0.4   290   349   502   562   441   570 0.74 -
Utg33286:683919-686432   -            838 17188at4891          -            375   9.6e-33  110.6   0.3   1   2   3.6e-19   3.2e-17   59.5   0.0    66   218   270   443   258   459 0.72 -
Utg33286:683919-686432   -            838 17188at4891          -            375   9.6e-33  110.6   0.3   2   2   7.7e-16   6.9e-14   48.5   0.1   257   351   517   621   495   644 0.80 -
Utg33280:1010136-1013315 -           1060 17188at4891          -            375   2.5e-08   30.2   0.1   1   2   4.9e-06   0.00044   16.2   0.1    52   133   278   357   224   372 0.70 -
Utg33280:1010136-1013315 -           1060 17188at4891          -            375   2.5e-08   30.2   0.1   2   2   0.00016     0.014   11.3   0.0   296   352   588   644   559   660 0.80 -
Utg33278:527611-529197   -            529 17188at4891          -            375    0.0013   14.7   1.5   1   3   4.4e-05     0.004   13.1   0.1    67   135     4    81     2   148 0.57 -
Utg33278:527611-529197   -            529 17188at4891          -            375    0.0013   14.7   1.5   2   3      0.94        84   -1.2   0.1   256   279   241   264   218   291 0.66 -
Utg33278:527611-529197   -            529 17188at4891          -            375    0.0013   14.7   1.5   3   3       1.9   1.7e+02   -2.2   0.0   298   318   328   348   313   351 0.81 -
Utg33274:412894-416112   -           1073 17188at4891          -            375    0.0054   12.6   0.0   1   1   0.00014     0.013   11.4   0.0    81   210   165   296   153   305 0.75 -
Utg33272:230038-230643   -            202 17188at4891          -            375     0.026   10.4   0.0   1   1   0.00046     0.041    9.7   0.0   301   324   118   141   113   147 0.91 -
#
# Program:         hmmsearch
# Version:         3.1b2 (February 2015)
# Pipeline mode:   SEARCH
# Query file:      /home/inf-34-2022/Documents/BINP29/DeNovo_LongReads/Busco/busco_downloads/lineages/saccharomycetes_odb10/hmms/17188at4891.hmm
# Target file:     /home/inf-34-2022/Documents/BINP29/DeNovo_LongReads/Busco/busco_output/run_saccharomycetes_odb10/metaeuk_output/initial_results/SRRoutput.fasta.modified.fas
# Option settings: hmmsearch --domtblout /home/inf-34-2022/Documents/BINP29/DeNovo_LongReads/Busco/busco_output/run_saccharomycetes_odb10/hmmer_output/initial_run_results/17188at4891.out --cpu 1 /home/inf-34-2022/Documents/BINP29/DeNovo_LongReads/Busco/busco_downloads/lineages/saccharomycetes_odb10/hmms/17188at4891.hmm /home/inf-34-2022/Documents/BINP29/DeNovo_LongReads/Busco/busco_output/run_saccharomycetes_odb10/metaeuk_output/initial_results/SRRoutput.fasta.modified.fas 
# Current dir:     /home/inf-34-2022/Documents/BINP29/DeNovo_LongReads/Busco
# Date:            Fri Feb 24 12:02:17 2023
# [ok]
