#                                                                              --- full sequence --- -------------- this domain -------------   hmm coord   ali coord   env coord
# target name          accession   tlen query name           accession   qlen   E-value  score  bias   #  of  c-Evalue  i-Evalue  score  bias  from    to  from    to  from    to  acc description of target
#  ------------------- ---------- ----- -------------------- ---------- ----- --------- ------ ----- --- --- --------- --------- ------ ----- ----- ----- ----- ----- ----- ----- ---- ---------------------
Utg33254:898376-899398 -            341 17516at4891          -            264  2.8e-125  414.0   0.3   1   2  3.7e-125  2.5e-122  404.3   0.0     7   249    27   297    14   307 0.90 -
Utg33254:898376-899398 -            341 17516at4891          -            264  2.8e-125  414.0   0.3   2   2   0.00018      0.12    8.6   0.1   239   264   307   333   295   333 0.83 -
Utg33264:103789-104982 -            398 17516at4891          -            264   9.5e-35  117.2   0.0   1   1   1.9e-37   1.3e-34  116.8   0.0     6   216    11   244     6   264 0.85 -
Utg33254:891017-892993 -            659 17516at4891          -            264   9.2e-20   68.0   0.0   1   2   9.5e-20   6.3e-17   58.7   0.0    11   180   291   476   283   495 0.78 -
Utg33254:891017-892993 -            659 17516at4891          -            264   9.2e-20   68.0   0.0   2   2   0.00051      0.34    7.2   0.0   178   216   500   542   488   555 0.80 -
Utg33272:654276-655331 -            352 17516at4891          -            264     1e-16   58.0   0.0   1   2   1.1e-05     0.007   12.7   0.0    12    55     9    52     3    72 0.82 -
Utg33272:654276-655331 -            352 17516at4891          -            264     1e-16   58.0   0.0   2   2   5.1e-15   3.4e-12   43.2   0.1    58   181    81   212    73   233 0.83 -
#
# Program:         hmmsearch
# Version:         3.1b2 (February 2015)
# Pipeline mode:   SEARCH
# Query file:      /home/inf-34-2022/Documents/BINP29/DeNovo_LongReads/Busco/busco_downloads/lineages/saccharomycetes_odb10/hmms/17516at4891.hmm
# Target file:     /home/inf-34-2022/Documents/BINP29/DeNovo_LongReads/Busco/busco_output/run_saccharomycetes_odb10/metaeuk_output/initial_results/SRRoutput.fasta.modified.fas
# Option settings: hmmsearch --domtblout /home/inf-34-2022/Documents/BINP29/DeNovo_LongReads/Busco/busco_output/run_saccharomycetes_odb10/hmmer_output/initial_run_results/17516at4891.out --cpu 1 /home/inf-34-2022/Documents/BINP29/DeNovo_LongReads/Busco/busco_downloads/lineages/saccharomycetes_odb10/hmms/17516at4891.hmm /home/inf-34-2022/Documents/BINP29/DeNovo_LongReads/Busco/busco_output/run_saccharomycetes_odb10/metaeuk_output/initial_results/SRRoutput.fasta.modified.fas 
# Current dir:     /home/inf-34-2022/Documents/BINP29/DeNovo_LongReads/Busco
# Date:            Fri Feb 24 12:02:18 2023
# [ok]
