#                                                                              --- full sequence --- -------------- this domain -------------   hmm coord   ali coord   env coord
# target name          accession   tlen query name           accession   qlen   E-value  score  bias   #  of  c-Evalue  i-Evalue  score  bias  from    to  from    to  from    to  acc description of target
#  ------------------- ---------- ----- -------------------- ---------- ----- --------- ------ ----- --- --- --------- --------- ------ ----- ----- ----- ----- ----- ----- ----- ---- ---------------------
Utg33270:68018-70507   -            830 18728at4891          -            503  1.2e-169  562.2  43.8   1   5   3.2e-18   2.8e-15   52.9   0.5     1    59     9    67     9    96 0.94 -
Utg33270:68018-70507   -            830 18728at4891          -            503  1.2e-169  562.2  43.8   2   5   5.2e-45   4.6e-42  141.3   1.2    39   154    97   221    80   224 0.89 -
Utg33270:68018-70507   -            830 18728at4891          -            503  1.2e-169  562.2  43.8   3   5   1.9e-89   1.7e-86  287.8  13.4   153   372   253   514   246   529 0.83 -
Utg33270:68018-70507   -            830 18728at4891          -            503  1.2e-169  562.2  43.8   4   5   6.6e-19   5.9e-16   55.2   3.5   362   444   574   662   554   678 0.71 -
Utg33270:68018-70507   -            830 18728at4891          -            503  1.2e-169  562.2  43.8   5   5   9.3e-15   8.3e-12   41.5   0.1   459   501   783   827   717   829 0.87 -
Utg33252:455952-458735 -            928 18728at4891          -            503   3.5e-10   36.1   0.3   1   1   9.2e-13   8.2e-10   34.9   0.3   152   292   235   396   219   430 0.78 -
Utg33254:831332-835369 -           1346 18728at4891          -            503   2.4e-09   33.3   0.1   1   1   5.8e-12   5.2e-09   32.2   0.1   154   295   649   811   643   816 0.78 -
#
# Program:         hmmsearch
# Version:         3.1b2 (February 2015)
# Pipeline mode:   SEARCH
# Query file:      /home/inf-34-2022/Documents/BINP29/DeNovo_LongReads/Busco/busco_downloads/lineages/saccharomycetes_odb10/hmms/18728at4891.hmm
# Target file:     /home/inf-34-2022/Documents/BINP29/DeNovo_LongReads/Busco/busco_output/run_saccharomycetes_odb10/metaeuk_output/initial_results/SRRoutput.fasta.modified.fas
# Option settings: hmmsearch --domtblout /home/inf-34-2022/Documents/BINP29/DeNovo_LongReads/Busco/busco_output/run_saccharomycetes_odb10/hmmer_output/initial_run_results/18728at4891.out --cpu 1 /home/inf-34-2022/Documents/BINP29/DeNovo_LongReads/Busco/busco_downloads/lineages/saccharomycetes_odb10/hmms/18728at4891.hmm /home/inf-34-2022/Documents/BINP29/DeNovo_LongReads/Busco/busco_output/run_saccharomycetes_odb10/metaeuk_output/initial_results/SRRoutput.fasta.modified.fas 
# Current dir:     /home/inf-34-2022/Documents/BINP29/DeNovo_LongReads/Busco
# Date:            Fri Feb 24 12:02:21 2023
# [ok]
