#                                                                              --- full sequence --- -------------- this domain -------------   hmm coord   ali coord   env coord
# target name          accession   tlen query name           accession   qlen   E-value  score  bias   #  of  c-Evalue  i-Evalue  score  bias  from    to  from    to  from    to  acc description of target
#  ------------------- ---------- ----- -------------------- ---------- ----- --------- ------ ----- --- --- --------- --------- ------ ----- ----- ----- ----- ----- ----- ----- ---- ---------------------
Utg33274:135985-136944 -            320 19275at4891          -            261  1.4e-142  470.9   1.3   1   1  3.1e-144  2.4e-142  470.1   1.3     1   261     9   300     9   300 0.90 -
Utg33286:775615-776442 -            276 19275at4891          -            261   4.6e-47  157.9   0.1   1   1   6.6e-49   5.2e-47  157.7   0.1     5   257     1   276     1   276 0.86 -
Utg33250:323369-324265 -            299 19275at4891          -            261   8.2e-41  137.4   0.2   1   1   1.7e-41   1.3e-39  133.4   0.2     3   257     3   284     1   292 0.79 -
Utg33260:730448-731359 -            304 19275at4891          -            261   1.1e-40  136.9   0.6   1   1   8.9e-42     7e-40  134.3   0.6     3   257    14   293    12   297 0.78 -
Utg33250:19448-22150   -            901 19275at4891          -            261   9.6e-40  133.9   0.0   1   1   6.7e-41   5.2e-39  131.5   0.0     5   260   535   811   532   812 0.86 -
Utg33284:224641-225606 -            322 19275at4891          -            261   1.4e-33  113.7   2.0   1   2   6.7e-24   5.3e-22   75.7   0.5    82   260    14   214     8   215 0.80 -
Utg33284:224641-225606 -            322 19275at4891          -            261   1.4e-33  113.7   2.0   2   2   1.8e-14   1.4e-12   44.9   0.0   124   258   167   306   164   309 0.82 -
Utg33266:60987-61802   -            272 19275at4891          -            261   5.6e-31  105.1   0.0   1   1   9.8e-33   7.7e-31  104.7   0.0     6   258     1   271     1   272 0.86 -
Utg33286:435854-436711 -            286 19275at4891          -            261   2.1e-30  103.3   0.0   1   2   6.2e-11   4.9e-09   33.2   0.1   188   260     2    74     1    75 0.93 -
Utg33286:435854-436711 -            286 19275at4891          -            261   2.1e-30  103.3   0.0   2   2   1.4e-21   1.1e-19   68.1   0.0    87   259   102   283    89   285 0.87 -
Utg33272:625903-626715 -            271 19275at4891          -            261     4e-30  102.3   0.0   1   1     7e-32   5.5e-30  101.9   0.0     3   260     6   268     4   269 0.83 -
Utg33250:38763-39740   -            326 19275at4891          -            261   1.2e-29  100.8   0.1   1   2   2.5e-17     2e-15   54.2   0.1    89   214    23   155    12   177 0.79 -
Utg33250:38763-39740   -            326 19275at4891          -            261   1.2e-29  100.8   0.1   2   2     2e-14   1.6e-12   44.7   0.0   139   259   185   319   179   321 0.83 -
Utg33286:593723-594853 -            377 19275at4891          -            261   2.2e-29   99.9   0.6   1   2   0.00011     0.009   12.7   0.0   181   213    52    84    22   111 0.66 -
Utg33286:593723-594853 -            377 19275at4891          -            261   2.2e-29   99.9   0.6   2   2   1.4e-25   1.1e-23   81.3   0.2    35   259   118   372   104   374 0.75 -
Utg33260:490928-491908 -            327 19275at4891          -            261   1.4e-28   97.3   0.5   1   1   2.9e-30   2.3e-28   96.6   0.5     3   258    38   317    36   320 0.78 -
Utg33284:539872-540678 -            269 19275at4891          -            261   1.8e-28   97.0   0.1   1   1   2.9e-30   2.3e-28   96.6   0.1     4   257     1   269     1   269 0.80 -
Utg33254:795626-796420 -            265 19275at4891          -            261   2.4e-28   96.6   0.0   1   1   3.6e-30   2.9e-28   96.3   0.0     7   253     1   261     1   265 0.82 -
Utg33252:77095-78147   -            351 19275at4891          -            261   2.5e-28   96.4   0.0   1   3   5.7e-05    0.0045   13.7   0.0    96   124    10    38     2    52 0.85 -
Utg33252:77095-78147   -            351 19275at4891          -            261   2.5e-28   96.4   0.0   2   3   3.9e-12   3.1e-10   37.2   0.0   117   260    84   239    80   240 0.87 -
Utg33252:77095-78147   -            351 19275at4891          -            261   2.5e-28   96.4   0.0   3   3   1.9e-13   1.5e-11   41.5   0.0     4    80   263   350   259   351 0.83 -
Utg33276:96942-97856   -            305 19275at4891          -            261   1.5e-27   94.0   1.2   1   2   8.3e-16   6.5e-14   49.2   0.3    91   260     6   202     4   203 0.70 -
Utg33276:96942-97856   -            305 19275at4891          -            261   1.5e-27   94.0   1.2   2   2   2.3e-16   1.8e-14   51.0   0.0    88   260   119   302   113   303 0.75 -
Utg33274:591626-592516 -            297 19275at4891          -            261   2.9e-27   93.0   0.0   1   1   4.7e-29   3.7e-27   92.6   0.0     3   257    28   297    26   297 0.79 -
Utg33278:145550-146440 -            297 19275at4891          -            261   6.2e-27   91.9   0.8   1   1   4.5e-28   3.5e-26   89.4   0.8     3   260     8   294     6   295 0.76 -
Utg33260:547564-548403 -            280 19275at4891          -            261   9.5e-27   91.3   0.2   1   1   2.4e-28   1.9e-26   90.3   0.2     2   259     3   277     2   279 0.83 -
Utg33276:343814-344818 -            335 19275at4891          -            261   1.1e-26   91.1   0.0   1   1   4.8e-27   3.8e-25   86.0   0.0     3   260    47   329    45   330 0.77 -
Utg33252:409668-410594 -            309 19275at4891          -            261     3e-26   89.6   1.5   1   2   1.3e-12   1.1e-10   38.7   0.0   176   257     6    93     1    97 0.79 -
Utg33252:409668-410594 -            309 19275at4891          -            261     3e-26   89.6   1.5   2   2   2.9e-15   2.3e-13   47.5   0.3    70   258    88   301    86   304 0.77 -
Utg33264:571324-572415 -            364 19275at4891          -            261   1.8e-24   83.8   0.0   1   2   6.1e-25   4.8e-23   79.1   0.0     4   213    54   285    51   313 0.79 -
Utg33264:571324-572415 -            364 19275at4891          -            261   1.8e-24   83.8   0.0   2   2      0.52        41    0.7   0.0   223   256   318   351   305   355 0.72 -
Utg33280:94001-94900   -            300 19275at4891          -            261     4e-24   82.7   0.0   1   1   1.2e-24   9.2e-23   78.2   0.0     4   254    14   285    11   290 0.73 -
Utg33272:472286-473902 -            539 19275at4891          -            261   9.4e-23   78.2   0.2   1   2     0.024       1.9    5.1   0.0     4    28   225   249   213   268 0.84 -
Utg33272:472286-473902 -            539 19275at4891          -            261   9.4e-23   78.2   0.2   2   2   1.9e-22   1.5e-20   71.0   0.1    40   261   286   534   274   534 0.80 -
Utg33282:27568-28455   -            296 19275at4891          -            261   1.6e-21   74.2   5.4   1   2   6.8e-06   0.00053   16.7   0.1     4   119     7   125     4   145 0.80 -
Utg33282:27568-28455   -            296 19275at4891          -            261   1.6e-21   74.2   5.4   2   2   1.2e-18   9.7e-17   58.5   2.3    40   170   166   294   153   296 0.91 -
Utg33262:111873-112868 -            332 19275at4891          -            261   1.9e-19   67.3   0.4   1   3   2.6e-12   2.1e-10   37.7   0.0     5   126    13   144     8   165 0.66 -
Utg33262:111873-112868 -            332 19275at4891          -            261   1.9e-19   67.3   0.4   2   3   0.00016     0.012   12.3   0.1     4    81   111   207   111   217 0.60 -
Utg33262:111873-112868 -            332 19275at4891          -            261   1.9e-19   67.3   0.4   3   3   2.3e-06   0.00018   18.3   0.1   181   260   239   327   233   328 0.56 -
Utg33286:403921-404772 -            284 19275at4891          -            261   4.7e-19   66.1   0.4   1   2   6.6e-09   5.2e-07   26.6   0.0    90   215     9   144     2   147 0.75 -
Utg33286:403921-404772 -            284 19275at4891          -            261   4.7e-19   66.1   0.4   2   2   5.3e-14   4.1e-12   43.3   0.1     3   156   113   278   111   284 0.81 -
Utg33286:161525-162400 -            292 19275at4891          -            261   3.7e-18   63.1   0.2   1   2   5.8e-08   4.5e-06   23.5   0.0    93   215    12   144     3   146 0.74 -
Utg33286:161525-162400 -            292 19275at4891          -            261   3.7e-18   63.1   0.2   2   2     2e-14   1.6e-12   44.7   0.1     3   161   113   283   111   292 0.80 -
Utg33266:178437-179345 -            303 19275at4891          -            261   5.2e-18   62.6   2.8   1   3      0.28        22    1.6   0.0   183   212     3    32     1    39 0.82 -
Utg33266:178437-179345 -            303 19275at4891          -            261   5.2e-18   62.6   2.8   2   3   7.9e-07   6.2e-05   19.8   0.1   124   179    50   105    45   113 0.88 -
Utg33266:178437-179345 -            303 19275at4891          -            261   5.2e-18   62.6   2.8   3   3   4.7e-13   3.7e-11   40.2   0.1    87   253   121   293   112   301 0.81 -
Utg33280:237023-237922 -            300 19275at4891          -            261   1.1e-17   61.5   0.0   1   2   0.00012    0.0093   12.7   0.0   188   260    10    78     2    79 0.73 -
Utg33280:237023-237922 -            300 19275at4891          -            261   1.1e-17   61.5   0.0   2   2   3.4e-14   2.7e-12   43.9   0.1   106   258   127   294    98   298 0.77 -
Utg33264:359125-359937 -            271 19275at4891          -            261     2e-17   60.7   0.0   1   2   4.6e-06   0.00036   17.3   0.0    94   175     4    90     1    99 0.67 -
Utg33264:359125-359937 -            271 19275at4891          -            261     2e-17   60.7   0.0   2   2   2.1e-13   1.7e-11   41.3   0.0     3   149   105   263   103   270 0.79 -
Utg33278:259516-260370 -            285 19275at4891          -            261   5.7e-17   59.2   0.1   1   1   9.6e-19   7.5e-17   58.8   0.1    18   260    26   281    11   282 0.77 -
Utg33274:168522-169430 -            303 19275at4891          -            261   1.4e-16   57.9   0.1   1   1   2.5e-18   1.9e-16   57.5   0.1    17   260    26   287    10   288 0.80 -
Utg33264:729910-730833 -            308 19275at4891          -            261   1.2e-13   48.4   0.0   1   1   2.4e-15   1.9e-13   47.7   0.0    18   242    32   275    14   286 0.73 -
#
# Program:         hmmsearch
# Version:         3.1b2 (February 2015)
# Pipeline mode:   SEARCH
# Query file:      /home/inf-34-2022/Documents/BINP29/DeNovo_LongReads/Busco/busco_downloads/lineages/saccharomycetes_odb10/hmms/19275at4891.hmm
# Target file:     /home/inf-34-2022/Documents/BINP29/DeNovo_LongReads/Busco/busco_output/run_saccharomycetes_odb10/metaeuk_output/initial_results/SRRoutput.fasta.modified.fas
# Option settings: hmmsearch --domtblout /home/inf-34-2022/Documents/BINP29/DeNovo_LongReads/Busco/busco_output/run_saccharomycetes_odb10/hmmer_output/initial_run_results/19275at4891.out --cpu 1 /home/inf-34-2022/Documents/BINP29/DeNovo_LongReads/Busco/busco_downloads/lineages/saccharomycetes_odb10/hmms/19275at4891.hmm /home/inf-34-2022/Documents/BINP29/DeNovo_LongReads/Busco/busco_output/run_saccharomycetes_odb10/metaeuk_output/initial_results/SRRoutput.fasta.modified.fas 
# Current dir:     /home/inf-34-2022/Documents/BINP29/DeNovo_LongReads/Busco
# Date:            Fri Feb 24 12:02:23 2023
# [ok]
