#                                                                                --- full sequence --- -------------- this domain -------------   hmm coord   ali coord   env coord
# target name            accession   tlen query name           accession   qlen   E-value  score  bias   #  of  c-Evalue  i-Evalue  score  bias  from    to  from    to  from    to  acc description of target
#    ------------------- ---------- ----- -------------------- ---------- ----- --------- ------ ----- --- --- --------- --------- ------ ----- ----- ----- ----- ----- ----- ----- ---- ---------------------
Utg33260:157494-158366   -            291 20260at4891          -            237  4.3e-126  415.9   5.3   1   2      0.74     5e+02   -3.2   0.0     1     9     1     9     1    11 0.88 -
Utg33260:157494-158366   -            291 20260at4891          -            237  4.3e-126  415.9   5.3   2   2  1.9e-128  1.3e-125  414.4   2.6     6   237    26   291    22   291 0.91 -
Utg33262:241944-243302   -            453 20260at4891          -            237   1.8e-08   31.0   1.1   1   2   5.9e-05     0.039   10.2   0.0    27    95    42   113    24   124 0.73 -
Utg33262:241944-243302   -            453 20260at4891          -            237   1.8e-08   31.0   1.1   2   2   1.4e-07   9.1e-05   18.8   0.4   163   223   325   385   322   409 0.82 -
Utg33280:1057989-1059347 -            453 20260at4891          -            237   2.5e-08   30.5   1.2   1   2   2.6e-05     0.018   11.4   0.0    27    96    42   114    24   124 0.74 -
Utg33280:1057989-1059347 -            453 20260at4891          -            237   2.5e-08   30.5   1.2   2   2   3.9e-07   0.00026   17.3   0.2   163   223   325   385   322   401 0.80 -
Utg33272:486496-487365   -            290 20260at4891          -            237   1.3e-06   24.9   0.1   1   1   4.6e-09   3.1e-06   23.7   0.1    66   183   140   264    82   274 0.65 -
#
# Program:         hmmsearch
# Version:         3.1b2 (February 2015)
# Pipeline mode:   SEARCH
# Query file:      /home/inf-34-2022/Documents/BINP29/DeNovo_LongReads/Busco/busco_downloads/lineages/saccharomycetes_odb10/hmms/20260at4891.hmm
# Target file:     /home/inf-34-2022/Documents/BINP29/DeNovo_LongReads/Busco/busco_output/run_saccharomycetes_odb10/metaeuk_output/initial_results/SRRoutput.fasta.modified.fas
# Option settings: hmmsearch --domtblout /home/inf-34-2022/Documents/BINP29/DeNovo_LongReads/Busco/busco_output/run_saccharomycetes_odb10/hmmer_output/initial_run_results/20260at4891.out --cpu 1 /home/inf-34-2022/Documents/BINP29/DeNovo_LongReads/Busco/busco_downloads/lineages/saccharomycetes_odb10/hmms/20260at4891.hmm /home/inf-34-2022/Documents/BINP29/DeNovo_LongReads/Busco/busco_output/run_saccharomycetes_odb10/metaeuk_output/initial_results/SRRoutput.fasta.modified.fas 
# Current dir:     /home/inf-34-2022/Documents/BINP29/DeNovo_LongReads/Busco
# Date:            Fri Feb 24 12:02:25 2023
# [ok]
