#                                                                                --- full sequence --- -------------- this domain -------------   hmm coord   ali coord   env coord
# target name            accession   tlen query name           accession   qlen   E-value  score  bias   #  of  c-Evalue  i-Evalue  score  bias  from    to  from    to  from    to  acc description of target
#    ------------------- ---------- ----- -------------------- ---------- ----- --------- ------ ----- --- --- --------- --------- ------ ----- ----- ----- ----- ----- ----- ----- ---- ---------------------
Utg33260:357265-358272   -            336 21297at4891          -            243   1.6e-61  204.9   5.6   1   2   1.6e-09   1.2e-07   28.5   0.6     4    86     7   130     4   133 0.75 -
Utg33260:357265-358272   -            336 21297at4891          -            243   1.6e-61  204.9   5.6   2   2   1.1e-53   8.5e-52  173.1   0.5    78   240   140   334   138   336 0.84 -
Utg33278:374473-375567   -            365 21297at4891          -            243   1.2e-32  110.3   0.0   1   2     0.019       1.4    5.4   0.0   177   194    50    67    32    79 0.62 -
Utg33278:374473-375567   -            365 21297at4891          -            243   1.2e-32  110.3   0.0   2   2   5.3e-32     4e-30  102.1   0.0    67   207   137   312    93   341 0.75 -
Utg33254:548158-550605   -            816 21297at4891          -            243     1e-09   35.3   6.4   1   5      0.45        33    0.9   0.0    40    65   114   139   108   149 0.82 -
Utg33254:548158-550605   -            816 21297at4891          -            243     1e-09   35.3   6.4   2   5   0.00014      0.01   12.4   0.2   157   209   138   193   118   199 0.72 -
Utg33254:548158-550605   -            816 21297at4891          -            243     1e-09   35.3   6.4   3   5   0.00028     0.021   11.4   0.0   177   206   209   238   205   246 0.88 -
Utg33254:548158-550605   -            816 21297at4891          -            243     1e-09   35.3   6.4   4   5      0.38        28    1.1   0.1   108   151   477   520   470   584 0.51 -
Utg33254:548158-550605   -            816 21297at4891          -            243     1e-09   35.3   6.4   5   5    0.0032      0.24    7.9   0.1   178   225   589   641   570   653 0.70 -
Utg33272:620953-621864   -            304 21297at4891          -            243   6.6e-09   32.7   0.7   1   5       1.7   1.3e+02   -1.0   0.0   177   196     4    23     2    40 0.74 -
Utg33272:620953-621864   -            304 21297at4891          -            243   6.6e-09   32.7   0.7   2   5    0.0011     0.081    9.4   0.0    16    87    45   108    27   110 0.83 -
Utg33272:620953-621864   -            304 21297at4891          -            243   6.6e-09   32.7   0.7   3   5     0.025       1.9    5.0   0.0   159   198    72   110    63   129 0.67 -
Utg33272:620953-621864   -            304 21297at4891          -            243   6.6e-09   32.7   0.7   4   5     0.027         2    4.9   0.0   178   204   131   157   111   186 0.75 -
Utg33272:620953-621864   -            304 21297at4891          -            243   6.6e-09   32.7   0.7   5   5   7.8e-05    0.0058   13.2   0.0   179   203   266   290   263   303 0.86 -
Utg33276:263327-264145   -            273 21297at4891          -            243   2.1e-08   31.0  13.6   1   5       1.1        80   -0.4   0.0   181   203     1    23     1    32 0.82 -
Utg33276:263327-264145   -            273 21297at4891          -            243   2.1e-08   31.0  13.6   2   5     0.029       2.1    4.8   0.1   178   204    38    64    20    75 0.71 -
Utg33276:263327-264145   -            273 21297at4891          -            243   2.1e-08   31.0  13.6   3   5    0.0004      0.03   10.9   1.8   137   203    79   144    75   170 0.83 -
Utg33276:263327-264145   -            273 21297at4891          -            243   2.1e-08   31.0  13.6   4   5    0.0063      0.47    7.0   0.1   178   211   208   242   206   246 0.83 -
Utg33276:263327-264145   -            273 21297at4891          -            243   2.1e-08   31.0  13.6   5   5   5.8e-05    0.0043   13.6   0.1   160   202   227   272   227   273 0.80 -
Utg33284:516003-516881   -            293 21297at4891          -            243   4.2e-08   30.0   0.7   1   4     0.064       4.8    3.7   0.0   178   197    29    48     7    55 0.71 -
Utg33284:516003-516881   -            293 21297at4891          -            243   4.2e-08   30.0   0.7   2   4    0.0024      0.18    8.3   0.0   178   203    88   113    71   121 0.82 -
Utg33284:516003-516881   -            293 21297at4891          -            243   4.2e-08   30.0   0.7   3   4    0.0088      0.66    6.5   0.0   175   200   150   175   139   182 0.78 -
Utg33284:516003-516881   -            293 21297at4891          -            243   4.2e-08   30.0   0.7   4   4     0.008       0.6    6.6   0.0   173   195   185   210   178   241 0.67 -
Utg33274:551190-551825   -            212 21297at4891          -            243   5.8e-08   29.6   0.9   1   3    0.0029      0.21    8.1   0.0    69   106    14    51     8    66 0.83 -
Utg33274:551190-551825   -            212 21297at4891          -            243   5.8e-08   29.6   0.9   2   3   0.00017     0.012   12.1   0.0   165   204    65   104    58   114 0.80 -
Utg33274:551190-551825   -            212 21297at4891          -            243   5.8e-08   29.6   0.9   3   3    0.0018      0.14    8.7   0.1     3    62   102   158   100   211 0.61 -
Utg33284:404641-405864   -            408 21297at4891          -            243   8.5e-07   25.7   0.4   1   4     0.021       1.5    5.2   0.0   178   202    58    82    40   114 0.62 -
Utg33284:404641-405864   -            408 21297at4891          -            243   8.5e-07   25.7   0.4   2   4       0.7        52    0.3   0.1   179   224   116   165   110   180 0.68 -
Utg33284:404641-405864   -            408 21297at4891          -            243   8.5e-07   25.7   0.4   3   4         3   2.2e+02   -1.8   0.0    89   115   238   264   233   268 0.75 -
Utg33284:404641-405864   -            408 21297at4891          -            243   8.5e-07   25.7   0.4   4   4     2e-05    0.0015   15.2   0.0   176   204   308   336   290   366 0.77 -
Utg33286:756891-759491   -            867 21297at4891          -            243   3.1e-06   23.9   0.2   1   4       2.6   1.9e+02   -1.6   0.0    68    93    22    47    16    62 0.79 -
Utg33286:756891-759491   -            867 21297at4891          -            243   3.1e-06   23.9   0.2   2   4     0.086       6.4    3.2   0.0   179   202    74    97    56   123 0.84 -
Utg33286:756891-759491   -            867 21297at4891          -            243   3.1e-06   23.9   0.2   3   4     0.012      0.88    6.1   0.0   175   203   284   313   274   346 0.80 -
Utg33286:756891-759491   -            867 21297at4891          -            243   3.1e-06   23.9   0.2   4   4    0.0011      0.08    9.5   0.0   177   195   370   388   364   427 0.90 -
Utg33254:379323-382151   -            943 21297at4891          -            243   3.6e-06   23.7  17.0   1   8      0.66        49    0.3   0.0   181   205    96   120    92   129 0.77 -
Utg33254:379323-382151   -            943 21297at4891          -            243   3.6e-06   23.7  17.0   2   8      0.87        65   -0.1   0.0   178   193   135   150   123   162 0.86 -
Utg33254:379323-382151   -            943 21297at4891          -            243   3.6e-06   23.7  17.0   3   8     0.036       2.7    4.5   0.1   179   202   177   200   157   215 0.83 -
Utg33254:379323-382151   -            943 21297at4891          -            243   3.6e-06   23.7  17.0   4   8      0.85        63   -0.0   0.0   179   194   217   232   214   237 0.88 -
Utg33254:379323-382151   -            943 21297at4891          -            243   3.6e-06   23.7  17.0   5   8       3.2   2.4e+02   -1.9   0.0    88   114   342   368   266   374 0.55 -
Utg33254:379323-382151   -            943 21297at4891          -            243   3.6e-06   23.7  17.0   6   8     0.023       1.7    5.1   0.0   179   203   405   429   392   439 0.88 -
Utg33254:379323-382151   -            943 21297at4891          -            243   3.6e-06   23.7  17.0   7   8     5e-05    0.0037   13.8   0.1    40   194   442   603   432   623 0.76 -
Utg33254:379323-382151   -            943 21297at4891          -            243   3.6e-06   23.7  17.0   8   8     0.067         5    3.6   0.3   161   207   607   658   604   688 0.67 -
Utg33258:72781-73473     -            231 21297at4891          -            243   7.6e-05   19.4   1.0   1   4      0.01      0.77    6.2   0.0   179   200    13    34     1    48 0.85 -
Utg33258:72781-73473     -            231 21297at4891          -            243   7.6e-05   19.4   1.0   2   4     0.054         4    3.9   0.0    69    97    54    82    51    96 0.63 -
Utg33258:72781-73473     -            231 21297at4891          -            243   7.6e-05   19.4   1.0   3   4      0.24        18    1.8   0.0    68   101    95   128    83   144 0.77 -
Utg33258:72781-73473     -            231 21297at4891          -            243   7.6e-05   19.4   1.0   4   4     0.067         5    3.6   0.2    17    86   145   216   127   231 0.54 -
Utg33260:715026-716291   -            422 21297at4891          -            243   0.00015   18.4   0.9   1   3         1        78   -0.3   0.0    69    95   106   132    90   157 0.73 -
Utg33260:715026-716291   -            422 21297at4891          -            243   0.00015   18.4   0.9   2   3    0.0046      0.34    7.4   0.0   178   204   194   220   177   233 0.85 -
Utg33260:715026-716291   -            422 21297at4891          -            243   0.00015   18.4   0.9   3   3     0.018       1.3    5.5   0.1   178   229   242   297   238   309 0.70 -
Utg33250:355322-356656   -            445 21297at4891          -            243    0.0002   18.0   6.9   1   6      0.34        25    1.3   0.1   179   197   149   167   141   185 0.79 -
Utg33250:355322-356656   -            445 21297at4891          -            243    0.0002   18.0   6.9   2   6      0.09       6.7    3.2   0.1   179   203   191   215   182   226 0.85 -
Utg33250:355322-356656   -            445 21297at4891          -            243    0.0002   18.0   6.9   3   6     0.046       3.4    4.1   0.0   179   196   233   250   216   258 0.87 -
Utg33250:355322-356656   -            445 21297at4891          -            243    0.0002   18.0   6.9   4   6     0.053       3.9    3.9   0.1   179   206   275   302   259   325 0.73 -
Utg33250:355322-356656   -            445 21297at4891          -            243    0.0002   18.0   6.9   5   6     0.057       4.2    3.8   0.0   178   214   357   393   341   416 0.80 -
Utg33250:355322-356656   -            445 21297at4891          -            243    0.0002   18.0   6.9   6   6       1.8   1.4e+02   -1.1   0.0   177   193   406   422   398   429 0.83 -
Utg33286:602204-604594   -            797 21297at4891          -            243   0.00027   17.5   3.9   1   4       2.8   2.1e+02   -1.7   0.0   179   203   540   564   537   587 0.79 -
Utg33286:602204-604594   -            797 21297at4891          -            243   0.00027   17.5   3.9   2   4      0.17        12    2.3   0.2   178   197   623   642   567   657 0.82 -
Utg33286:602204-604594   -            797 21297at4891          -            243   0.00027   17.5   3.9   3   4   0.00065     0.049   10.2   0.0   179   203   666   690   650   703 0.86 -
Utg33286:602204-604594   -            797 21297at4891          -            243   0.00027   17.5   3.9   4   4     0.078       5.8    3.4   0.0   179   195   709   725   696   729 0.90 -
Utg33252:1007956-1009143 -            396 21297at4891          -            243   0.00031   17.4   0.8   1   2      0.53        40    0.6   0.1   162   194    15    44    10    61 0.73 -
Utg33252:1007956-1009143 -            396 21297at4891          -            243   0.00031   17.4   0.8   2   2   5.2e-05    0.0039   13.8   0.0   178   223   305   350   290   359 0.83 -
Utg33266:189506-191224   -            573 21297at4891          -            243   0.00032   17.3   0.3   1   4       1.1        84   -0.4   0.0   179   195   251   267   249   296 0.86 -
Utg33266:189506-191224   -            573 21297at4891          -            243   0.00032   17.3   0.3   2   4       5.5   4.1e+02   -2.7   0.0    16    37   293   314   277   336 0.75 -
Utg33266:189506-191224   -            573 21297at4891          -            243   0.00032   17.3   0.3   3   4   0.00038     0.029   10.9   0.0   150   198   387   432   379   437 0.78 -
Utg33266:189506-191224   -            573 21297at4891          -            243   0.00032   17.3   0.3   4   4      0.33        25    1.3   0.0    67    87   484   504   475   532 0.71 -
Utg33286:208777-211296   -            840 21297at4891          -            243   0.00032   17.3   0.4   1   4     0.053         4    3.9   0.0   178   196    31    49     3    60 0.60 -
Utg33286:208777-211296   -            840 21297at4891          -            243   0.00032   17.3   0.4   2   4    0.0038      0.28    7.7   0.1   178   210   151   183   149   215 0.83 -
Utg33286:208777-211296   -            840 21297at4891          -            243   0.00032   17.3   0.4   3   4       1.7   1.3e+02   -1.0   0.0    61    90   319   348   308   365 0.59 -
Utg33286:208777-211296   -            840 21297at4891          -            243   0.00032   17.3   0.4   4   4       1.1        80   -0.4   0.0    17    41   370   394   355   425 0.76 -
Utg33278:290557-291411   -            285 21297at4891          -            243   0.00036   17.1   7.1   1   3      0.37        28    1.1   0.2   179   208    19    48    17    55 0.77 -
Utg33278:290557-291411   -            285 21297at4891          -            243   0.00036   17.1   7.1   2   3    0.0041       0.3    7.6   1.0    64   194   120   243   105   245 0.58 -
Utg33278:290557-291411   -            285 21297at4891          -            243   0.00036   17.1   7.1   3   3    0.0066      0.49    6.9   0.3    70   112   228   281   152   285 0.53 -
Utg33264:423360-425204   -            615 21297at4891          -            243   0.00042   16.9   7.1   1   5       4.2   3.1e+02   -2.3   0.0   179   201    81   103    78   123 0.79 -
Utg33264:423360-425204   -            615 21297at4891          -            243   0.00042   16.9   7.1   2   5    0.0081       0.6    6.6   0.1   179   203   267   291   258   328 0.86 -
Utg33264:423360-425204   -            615 21297at4891          -            243   0.00042   16.9   7.1   3   5      0.25        19    1.7   0.1     5    41   337   373   333   403 0.75 -
Utg33264:423360-425204   -            615 21297at4891          -            243   0.00042   16.9   7.1   4   5    0.0031      0.23    7.9   0.0    18    92   503   578   486   587 0.88 -
Utg33264:423360-425204   -            615 21297at4891          -            243   0.00042   16.9   7.1   5   5       0.8        59    0.1   0.0   178   193   597   612   585   614 0.89 -
Utg33254:112986-114440   -            485 21297at4891          -            243   0.00065   16.3   3.6   1   2    0.0015      0.11    9.0   0.0   178   203    82   107    65   116 0.78 -
Utg33254:112986-114440   -            485 21297at4891          -            243   0.00065   16.3   3.6   2   2       0.1       7.6    3.0   1.9    98   195   276   379   221   390 0.52 -
Utg33282:153926-154570   -            215 21297at4891          -            243   0.00071   16.2   1.6   1   3     0.016       1.2    5.6   0.7   178   209    59    90     4    96 0.70 -
Utg33282:153926-154570   -            215 21297at4891          -            243   0.00071   16.2   1.6   2   3      0.29        21    1.5   0.0   158   194    82   119    79   126 0.69 -
Utg33282:153926-154570   -            215 21297at4891          -            243   0.00071   16.2   1.6   3   3    0.0092      0.68    6.4   0.0    59    91   156   188   144   206 0.74 -
Utg33280:97557-101366    -           1270 21297at4891          -            243   0.00074   16.1   0.1   1   3      0.16        12    2.4   0.1   176   195   121   140   103   145 0.72 -
Utg33280:97557-101366    -           1270 21297at4891          -            243   0.00074   16.1   0.1   2   3     0.029       2.2    4.8   0.0   174   205   171   202   159   242 0.86 -
Utg33280:97557-101366    -           1270 21297at4891          -            243   0.00074   16.1   0.1   3   3     0.083       6.2    3.3   0.0   178   204   272   298   269   301 0.91 -
Utg33266:273551-274939   -            463 21297at4891          -            243   0.00094   15.8   2.4   1   4      0.19        14    2.1   0.0    18    58   189   226   173   243 0.59 -
Utg33266:273551-274939   -            463 21297at4891          -            243   0.00094   15.8   2.4   2   4      0.62        46    0.4   0.0    71    94   322   345   316   354 0.60 -
Utg33266:273551-274939   -            463 21297at4891          -            243   0.00094   15.8   2.4   3   4   0.00086     0.064    9.8   0.1   178   197   362   381   347   398 0.84 -
Utg33266:273551-274939   -            463 21297at4891          -            243   0.00094   15.8   2.4   4   4       1.3        97   -0.6   0.0    18    79   409   460   386   463 0.47 -
Utg33254:528409-529254   -            282 21297at4891          -            243    0.0011   15.6   0.2   1   3     0.029       2.2    4.8   0.0     8    79     7    72     3    81 0.79 -
Utg33254:528409-529254   -            282 21297at4891          -            243    0.0011   15.6   0.2   2   3      0.16        12    2.4   0.0    39    62   105   128    79   139 0.60 -
Utg33254:528409-529254   -            282 21297at4891          -            243    0.0011   15.6   0.2   3   3     0.046       3.5    4.1   0.0   179   195   166   182   163   191 0.88 -
Utg33258:110720-113473   -            918 21297at4891          -            243    0.0013   15.4   9.5   1   4      0.34        25    1.3   0.0   140   202    31    93    15   125 0.63 -
Utg33258:110720-113473   -            918 21297at4891          -            243    0.0013   15.4   9.5   2   4     0.086       6.4    3.2   0.1   178   196   205   223   185   226 0.85 -
Utg33258:110720-113473   -            918 21297at4891          -            243    0.0013   15.4   9.5   3   4    0.0023      0.17    8.4   0.3   125   211   348   431   340   444 0.77 -
Utg33258:110720-113473   -            918 21297at4891          -            243    0.0013   15.4   9.5   4   4      0.15        11    2.4   0.2    70    99   530   559   469   614 0.62 -
Utg33258:92072-93070     -            333 21297at4891          -            243    0.0021   14.6   9.6   1   5      0.96        72   -0.2   0.0    71   195    20    35    16    62 0.71 -
Utg33258:92072-93070     -            333 21297at4891          -            243    0.0021   14.6   9.6   2   5      0.15        11    2.4   0.1   179   200    69    90    57   107 0.74 -
Utg33258:92072-93070     -            333 21297at4891          -            243    0.0021   14.6   9.6   3   5     0.013      0.95    5.9   0.1   179   204   110   135    95   174 0.82 -
Utg33258:92072-93070     -            333 21297at4891          -            243    0.0021   14.6   9.6   4   5      0.11       8.2    2.9   0.1    69    92   234   257   192   272 0.85 -
Utg33258:92072-93070     -            333 21297at4891          -            243    0.0021   14.6   9.6   5   5     0.012      0.91    6.0   0.7   158   199   257   297   219   311 0.59 -
Utg33264:63257-64636     -            460 21297at4891          -            243    0.0022   14.6   0.0   1   4    0.0061      0.45    7.0   0.0   171   195    15    46    11    62 0.75 -
Utg33264:63257-64636     -            460 21297at4891          -            243    0.0022   14.6   0.0   2   4      0.11       8.3    2.9   0.0   165   194    72   101    67   109 0.72 -
Utg33264:63257-64636     -            460 21297at4891          -            243    0.0022   14.6   0.0   3   4       1.3        99   -0.7   0.0    17    32   159   174   154   192 0.74 -
Utg33264:63257-64636     -            460 21297at4891          -            243    0.0022   14.6   0.0   4   4       5.3     4e+02   -2.6   0.0   124   151   375   402   337   409 0.57 -
Utg33264:425741-427279   -            513 21297at4891          -            243    0.0026   14.3   0.1   1   3         5   3.7e+02   -2.5   0.0   183   209    58    84    52    88 0.81 -
Utg33264:425741-427279   -            513 21297at4891          -            243    0.0026   14.3   0.1   2   3      0.33        24    1.3   0.0    68    87   182   201   175   227 0.77 -
Utg33264:425741-427279   -            513 21297at4891          -            243    0.0026   14.3   0.1   3   3    0.0021      0.16    8.5   0.0    46    87   249   289   226   294 0.86 -
Utg33280:492254-493048   -            265 21297at4891          -            243    0.0027   14.3   0.5   1   3    0.0018      0.13    8.7   0.0   178   238    17    82    15    86 0.75 -
Utg33280:492254-493048   -            265 21297at4891          -            243    0.0027   14.3   0.5   2   3      0.16        12    2.4   0.0   181   200   112   131   103   150 0.82 -
Utg33280:492254-493048   -            265 21297at4891          -            243    0.0027   14.3   0.5   3   3       2.5   1.9e+02   -1.6   0.0    99   115   236   252   203   262 0.69 -
Utg33286:596703-597521   -            273 21297at4891          -            243    0.0045   13.6   0.6   1   3     0.031       2.3    4.7   0.0    18    43    72    97    57   102 0.73 -
Utg33286:596703-597521   -            273 21297at4891          -            243    0.0045   13.6   0.6   2   3     0.057       4.3    3.8   0.0   177   198   166   187   110   205 0.75 -
Utg33286:596703-597521   -            273 21297at4891          -            243    0.0045   13.6   0.6   3   3      0.59        44    0.5   0.0   179   194   212   228   205   236 0.78 -
Utg33264:511151-512683   -            511 21297at4891          -            243    0.0053   13.3   0.1   1   3       2.4   1.8e+02   -1.5   0.0    78   114   205   244   202   256 0.62 -
Utg33264:511151-512683   -            511 21297at4891          -            243    0.0053   13.3   0.1   2   3   0.00094      0.07    9.7   0.1   179   216   337   370   333   389 0.74 -
Utg33264:511151-512683   -            511 21297at4891          -            243    0.0053   13.3   0.1   3   3       1.2        87   -0.5   0.0   181   194   435   448   415   470 0.65 -
Utg33260:804929-806305   -            459 21297at4891          -            243    0.0073   12.9   6.7   1   4      0.19        14    2.1   0.1   179   195   118   134   115   178 0.58 -
Utg33260:804929-806305   -            459 21297at4891          -            243    0.0073   12.9   6.7   2   4      0.25        18    1.7   0.0   180   221   304   349   280   371 0.62 -
Utg33260:804929-806305   -            459 21297at4891          -            243    0.0073   12.9   6.7   3   4     0.038       2.8    4.4   0.1   176   195   388   407   373   416 0.76 -
Utg33260:804929-806305   -            459 21297at4891          -            243    0.0073   12.9   6.7   4   4     0.025       1.9    5.0   0.2    55    91   414   450   407   456 0.89 -
Utg33272:569414-570577   -            388 21297at4891          -            243     0.013   12.0   1.1   1   3      0.38        28    1.1   0.1    52    52    58    58    26   109 0.51 -
Utg33272:569414-570577   -            388 21297at4891          -            243     0.013   12.0   1.1   2   3       0.2        15    2.1   0.0     6    42   146   187   122   196 0.65 -
Utg33272:569414-570577   -            388 21297at4891          -            243     0.013   12.0   1.1   3   3     0.035       2.6    4.5   0.0   178   194   306   322   299   324 0.90 -
Utg33252:778648-779688   -            347 21297at4891          -            243     0.019   11.5   1.2   1   2    0.0019      0.14    8.6   0.1     7    83    13    85     9   113 0.89 -
Utg33252:778648-779688   -            347 21297at4891          -            243     0.019   11.5   1.2   2   2      0.35        26    1.2   0.2   178   194   318   334   303   345 0.84 -
Utg33286:568524-569420   -            299 21297at4891          -            243     0.027   11.0   0.7   1   4     0.025       1.9    5.0   0.1   170   203    82   120    11   133 0.76 -
Utg33286:568524-569420   -            299 21297at4891          -            243     0.027   11.0   0.7   2   4     0.028       2.1    4.8   0.1    17    85    95   154    86   169 0.58 -
Utg33286:568524-569420   -            299 21297at4891          -            243     0.027   11.0   0.7   3   4      0.88        65   -0.1   0.0    16    32   187   203   171   213 0.68 -
Utg33286:568524-569420   -            299 21297at4891          -            243     0.027   11.0   0.7   4   4       1.2        90   -0.5   0.0   180   198   242   260   224   277 0.83 -
Utg33280:184911-188507   -           1199 21297at4891          -            243     0.057   10.0   6.3   1   4     0.037       2.7    4.4   0.3   136   202    67   133    55   145 0.62 -
Utg33280:184911-188507   -           1199 21297at4891          -            243     0.057   10.0   6.3   2   4       1.8   1.3e+02   -1.1   0.0    68    89   150   171   139   188 0.73 -
Utg33280:184911-188507   -           1199 21297at4891          -            243     0.057   10.0   6.3   3   4      0.03       2.2    4.7   0.1   179   205   268   294   248   299 0.82 -
Utg33280:184911-188507   -           1199 21297at4891          -            243     0.057   10.0   6.3   4   4       7.5   5.6e+02   -3.1   0.1    81    97   478   494   474   532 0.59 -
#
# Program:         hmmsearch
# Version:         3.1b2 (February 2015)
# Pipeline mode:   SEARCH
# Query file:      /home/inf-34-2022/Documents/BINP29/DeNovo_LongReads/Busco/busco_downloads/lineages/saccharomycetes_odb10/hmms/21297at4891.hmm
# Target file:     /home/inf-34-2022/Documents/BINP29/DeNovo_LongReads/Busco/busco_output/run_saccharomycetes_odb10/metaeuk_output/initial_results/SRRoutput.fasta.modified.fas
# Option settings: hmmsearch --domtblout /home/inf-34-2022/Documents/BINP29/DeNovo_LongReads/Busco/busco_output/run_saccharomycetes_odb10/hmmer_output/initial_run_results/21297at4891.out --cpu 1 /home/inf-34-2022/Documents/BINP29/DeNovo_LongReads/Busco/busco_downloads/lineages/saccharomycetes_odb10/hmms/21297at4891.hmm /home/inf-34-2022/Documents/BINP29/DeNovo_LongReads/Busco/busco_output/run_saccharomycetes_odb10/metaeuk_output/initial_results/SRRoutput.fasta.modified.fas 
# Current dir:     /home/inf-34-2022/Documents/BINP29/DeNovo_LongReads/Busco
# Date:            Fri Feb 24 12:02:28 2023
# [ok]
