#                                                                                --- full sequence --- -------------- this domain -------------   hmm coord   ali coord   env coord
# target name            accession   tlen query name           accession   qlen   E-value  score  bias   #  of  c-Evalue  i-Evalue  score  bias  from    to  from    to  from    to  acc description of target
#    ------------------- ---------- ----- -------------------- ---------- ----- --------- ------ ----- --- --- --------- --------- ------ ----- ----- ----- ----- ----- ----- ----- ---- ---------------------
Utg33264:302705-304186   -            494 21604at4891          -            363  3.7e-129  427.9  23.3   1   2  2.2e-104  3.3e-102  339.2  11.1     1   270     5   333     5   352 0.86 -
Utg33264:302705-304186   -            494 21604at4891          -            363  3.7e-129  427.9  23.3   2   2   1.8e-27   2.7e-25   86.1   2.3   266   363   375   494   361   494 0.81 -
Utg33272:722032-723987   -            475 21604at4891          -            363     2e-06   24.1   0.0   1   2      0.98   1.5e+02   -1.8   0.0   269   283   253   267   250   283 0.79 -
Utg33272:722032-723987   -            475 21604at4891          -            363     2e-06   24.1   0.0   2   2   3.9e-08   5.9e-06   22.5   0.0   175   222   304   351   287   370 0.85 -
Utg33252:239417-240520   -            368 21604at4891          -            363     9e-06   21.9   0.1   1   1   1.2e-07   1.7e-05   21.0   0.1   187   269    64   150    54   154 0.79 -
Utg33278:163847-165406   -            520 21604at4891          -            363   1.1e-05   21.6   0.1   1   2      0.45        66   -0.7   0.0   256   282   193   219   154   241 0.83 -
Utg33278:163847-165406   -            520 21604at4891          -            363   1.1e-05   21.6   0.1   2   2   3.7e-07   5.6e-05   19.3   0.0   174   265   268   361   254   397 0.80 -
Utg33252:776414-778291   -            626 21604at4891          -            363   1.3e-05   21.4   0.0   1   2       2.8   4.2e+02   -3.3   0.0   254   280   192   218   184   220 0.77 -
Utg33252:776414-778291   -            626 21604at4891          -            363   1.3e-05   21.4   0.0   2   2   2.1e-07   3.2e-05   20.1   0.0   187   229   337   379   306   392 0.89 -
Utg33250:249921-251861   -            647 21604at4891          -            363   0.00071   15.7   0.2   1   3   8.9e-05     0.013   11.5   0.0   189   246   170   226   149   254 0.81 -
Utg33250:249921-251861   -            647 21604at4891          -            363   0.00071   15.7   0.2   2   3      0.16        24    0.8   0.1   266   282   278   294   263   355 0.80 -
Utg33250:249921-251861   -            647 21604at4891          -            363   0.00071   15.7   0.2   3   3       2.6   3.9e+02   -3.2   0.1   136   169   426   459   421   465 0.83 -
Utg33260:467910-468455   -            182 21604at4891          -            363    0.0012   15.0   0.0   1   1   1.5e-05    0.0022   14.1   0.0   186   246     6    67     2   102 0.75 -
Utg33252:1004746-1005411 -            222 21604at4891          -            363    0.0021   14.1   0.0   1   1   2.3e-05    0.0034   13.4   0.0   188   244    15    72    12    92 0.85 -
Utg33280:1115644-1116435 -            264 21604at4891          -            363     0.003   13.6   0.0   1   1     3e-05    0.0045   13.0   0.0   188   212    87   111    53   133 0.77 -
Utg33262:453010-454497   -            496 21604at4891          -            363    0.0039   13.3   0.4   1   2   4.5e-05    0.0068   12.5   0.0   188   210   327   349   319   366 0.87 -
Utg33262:453010-454497   -            496 21604at4891          -            363    0.0039   13.3   0.4   2   2       3.3     5e+02   -3.5   0.1   268   280   438   450   435   465 0.83 -
Utg33282:140871-141515   -            215 21604at4891          -            363    0.0042   13.2   0.7   1   2   7.7e-05     0.012   11.7   0.1   187   244    21    79    12   103 0.81 -
Utg33282:140871-141515   -            215 21604at4891          -            363    0.0042   13.2   0.7   2   2      0.41        61   -0.5   0.0   270   316   127   173   124   194 0.75 -
Utg33278:215170-215838   -            223 21604at4891          -            363    0.0051   12.9   0.0   1   1   5.9e-05    0.0087   12.1   0.0   188   244    15    72    12    92 0.79 -
Utg33270:57910-59895     -            662 21604at4891          -            363    0.0075   12.3   0.0   1   2    0.0061      0.91    5.5   0.0   184   210     3    29     1    37 0.89 -
Utg33270:57910-59895     -            662 21604at4891          -            363    0.0075   12.3   0.0   2   2     0.014       2.1    4.3   0.0   154   206   415   468   385   480 0.67 -
Utg33272:607208-610339   -           1044 21604at4891          -            363    0.0075   12.3   0.0   1   2     0.011       1.7    4.6   0.0   173   209   440   479   398   485 0.70 -
Utg33272:607208-610339   -           1044 21604at4891          -            363    0.0075   12.3   0.0   2   2      0.01       1.5    4.8   0.0   188   208   696   716   684   721 0.91 -
Utg33260:162381-163112   -            244 21604at4891          -            363    0.0086   12.1   0.1   1   1   8.6e-05     0.013   11.6   0.1   170   214    15    57     7    80 0.78 -
Utg33264:523184-523699   -            172 21604at4891          -            363     0.012   11.7   0.2   1   2   0.00036     0.054    9.5   0.0   186   213     3    30     1    62 0.77 -
Utg33264:523184-523699   -            172 21604at4891          -            363     0.012   11.7   0.2   2   2      0.27        40    0.1   0.0   270   282   112   124   106   138 0.86 -
Utg33270:80137-81243     -            369 21604at4891          -            363     0.016   11.3   0.0   1   1   0.00021     0.031   10.3   0.0   188   247    67   125    58   156 0.81 -
Utg33264:431168-432220   -            351 21604at4891          -            363     0.026   10.5   0.0   1   1    0.0003     0.044    9.8   0.0   182   207   135   160    98   168 0.84 -
#
# Program:         hmmsearch
# Version:         3.1b2 (February 2015)
# Pipeline mode:   SEARCH
# Query file:      /home/inf-34-2022/Documents/BINP29/DeNovo_LongReads/Busco/busco_downloads/lineages/saccharomycetes_odb10/hmms/21604at4891.hmm
# Target file:     /home/inf-34-2022/Documents/BINP29/DeNovo_LongReads/Busco/busco_output/run_saccharomycetes_odb10/metaeuk_output/initial_results/SRRoutput.fasta.modified.fas
# Option settings: hmmsearch --domtblout /home/inf-34-2022/Documents/BINP29/DeNovo_LongReads/Busco/busco_output/run_saccharomycetes_odb10/hmmer_output/initial_run_results/21604at4891.out --cpu 1 /home/inf-34-2022/Documents/BINP29/DeNovo_LongReads/Busco/busco_downloads/lineages/saccharomycetes_odb10/hmms/21604at4891.hmm /home/inf-34-2022/Documents/BINP29/DeNovo_LongReads/Busco/busco_output/run_saccharomycetes_odb10/metaeuk_output/initial_results/SRRoutput.fasta.modified.fas 
# Current dir:     /home/inf-34-2022/Documents/BINP29/DeNovo_LongReads/Busco
# Date:            Fri Feb 24 12:02:28 2023
# [ok]
