#                                                                              --- full sequence --- -------------- this domain -------------   hmm coord   ali coord   env coord
# target name          accession   tlen query name           accession   qlen   E-value  score  bias   #  of  c-Evalue  i-Evalue  score  bias  from    to  from    to  from    to  acc description of target
#  ------------------- ---------- ----- -------------------- ---------- ----- --------- ------ ----- --- --- --------- --------- ------ ----- ----- ----- ----- ----- ----- ----- ---- ---------------------
Utg33286:544755-545795 -            347 22023at4891          -            273  7.6e-133  438.9   7.6   1   2   1.2e-30   4.8e-28   95.3   0.0     6    84    37   121    28   123 0.86 -
Utg33286:544755-545795 -            347 22023at4891          -            273  7.6e-133  438.9   7.6   2   2    2e-106  7.5e-104  343.8   5.0    73   272   128   344   120   345 0.94 -
Utg33276:125758-126351 -            198 22023at4891          -            273   3.2e-15   53.2   0.0   1   2     3e-08   1.1e-05   21.9   0.0    30    84     2    56     1    65 0.93 -
Utg33276:125758-126351 -            198 22023at4891          -            273   3.2e-15   53.2   0.0   2   2   1.3e-10     5e-08   29.6   0.0    83   174    75   167    65   183 0.86 -
Utg33284:461643-464330 -            896 22023at4891          -            273   3.5e-14   49.8   6.0   1   3    0.0001      0.04   10.2   0.1    28    57     5    34     2    37 0.90 -
Utg33284:461643-464330 -            896 22023at4891          -            273   3.5e-14   49.8   6.0   2   3   6.5e-07   0.00025   17.5   0.0    85   179    89   185    71   203 0.86 -
Utg33284:461643-464330 -            896 22023at4891          -            273   3.5e-14   49.8   6.0   3   3     2e-07   7.6e-05   19.2   1.2    28   180   318   490   310   507 0.72 -
Utg33254:950292-950843 -            184 22023at4891          -            273   4.8e-09   32.9   0.1   1   1   2.7e-11     1e-08   31.9   0.1    32   174     3   162     1   177 0.73 -
Utg33286:730507-731460 -            318 22023at4891          -            273   1.1e-07   28.5   0.1   1   2   1.1e-07   4.1e-05   20.0   0.0    28    73     7    54     2    64 0.83 -
Utg33286:730507-731460 -            318 22023at4891          -            273   1.1e-07   28.5   0.1   2   2    0.0016      0.61    6.3   0.0    99   179   121   204   116   208 0.81 -
Utg33284:341724-343449 -            376 22023at4891          -            273   4.7e-06   23.1   5.0   1   2   6.3e-06    0.0024   14.2   0.1    31    68     1    38     1    61 0.88 -
Utg33284:341724-343449 -            376 22023at4891          -            273   4.7e-06   23.1   5.0   2   2   0.00068      0.26    7.6   1.8    86   173   108   210   103   217 0.71 -
Utg33276:421970-422512 -            181 22023at4891          -            273   2.1e-05   21.0   0.1   1   1   3.7e-06    0.0014   15.0   0.1    31   172     3   172     1   173 0.68 -
#
# Program:         hmmsearch
# Version:         3.1b2 (February 2015)
# Pipeline mode:   SEARCH
# Query file:      /home/inf-34-2022/Documents/BINP29/DeNovo_LongReads/Busco/busco_downloads/lineages/saccharomycetes_odb10/hmms/22023at4891.hmm
# Target file:     /home/inf-34-2022/Documents/BINP29/DeNovo_LongReads/Busco/busco_output/run_saccharomycetes_odb10/metaeuk_output/initial_results/SRRoutput.fasta.modified.fas
# Option settings: hmmsearch --domtblout /home/inf-34-2022/Documents/BINP29/DeNovo_LongReads/Busco/busco_output/run_saccharomycetes_odb10/hmmer_output/initial_run_results/22023at4891.out --cpu 1 /home/inf-34-2022/Documents/BINP29/DeNovo_LongReads/Busco/busco_downloads/lineages/saccharomycetes_odb10/hmms/22023at4891.hmm /home/inf-34-2022/Documents/BINP29/DeNovo_LongReads/Busco/busco_output/run_saccharomycetes_odb10/metaeuk_output/initial_results/SRRoutput.fasta.modified.fas 
# Current dir:     /home/inf-34-2022/Documents/BINP29/DeNovo_LongReads/Busco
# Date:            Fri Feb 24 12:02:29 2023
# [ok]
