#                                                                              --- full sequence --- -------------- this domain -------------   hmm coord   ali coord   env coord
# target name          accession   tlen query name           accession   qlen   E-value  score  bias   #  of  c-Evalue  i-Evalue  score  bias  from    to  from    to  from    to  acc description of target
#  ------------------- ---------- ----- -------------------- ---------- ----- --------- ------ ----- --- --- --------- --------- ------ ----- ----- ----- ----- ----- ----- ----- ---- ---------------------
Utg33260:176389-177528 -            380 23197at4891          -            216   3.3e-42  142.1   7.2   1   4     0.011        10    3.2   0.0     1    13     7    19     7    28 0.88 -
Utg33260:176389-177528 -            380 23197at4891          -            216   3.3e-42  142.1   7.2   2   4   6.3e-19   5.6e-16   56.3   1.1    11   123    45   212    43   217 0.70 -
Utg33260:176389-177528 -            380 23197at4891          -            216   3.3e-42  142.1   7.2   3   4   8.7e-25   7.7e-22   75.5   0.0   127   194   243   326   235   340 0.79 -
Utg33260:176389-177528 -            380 23197at4891          -            216   3.3e-42  142.1   7.2   4   4      0.55   4.9e+02   -2.3   0.0   193   210   349   366   347   371 0.82 -
Utg33260:504962-505492 -            177 23197at4891          -            216   1.8e-22   77.6   0.1   1   2   1.1e-10   9.8e-08   29.4   0.0    68   125     1    72     1    93 0.74 -
Utg33260:504962-505492 -            177 23197at4891          -            216   1.8e-22   77.6   0.1   2   2   6.9e-16   6.2e-13   46.4   0.0   128   188   103   172    94   177 0.75 -
Utg33276:350610-351509 -            300 23197at4891          -            216   4.6e-22   76.2   0.8   1   3     0.027        24    2.0   0.0    12    30    37    55    33    67 0.87 -
Utg33276:350610-351509 -            300 23197at4891          -            216   4.6e-22   76.2   0.8   2   3   5.7e-09   5.1e-06   23.8   0.1    66   123   124   195   114   203 0.74 -
Utg33276:350610-351509 -            300 23197at4891          -            216   4.6e-22   76.2   0.8   3   3     4e-16   3.6e-13   47.2   0.1   128   187   225   294   216   300 0.79 -
#
# Program:         hmmsearch
# Version:         3.1b2 (February 2015)
# Pipeline mode:   SEARCH
# Query file:      /home/inf-34-2022/Documents/BINP29/DeNovo_LongReads/Busco/busco_downloads/lineages/saccharomycetes_odb10/hmms/23197at4891.hmm
# Target file:     /home/inf-34-2022/Documents/BINP29/DeNovo_LongReads/Busco/busco_output/run_saccharomycetes_odb10/metaeuk_output/initial_results/SRRoutput.fasta.modified.fas
# Option settings: hmmsearch --domtblout /home/inf-34-2022/Documents/BINP29/DeNovo_LongReads/Busco/busco_output/run_saccharomycetes_odb10/hmmer_output/initial_run_results/23197at4891.out --cpu 1 /home/inf-34-2022/Documents/BINP29/DeNovo_LongReads/Busco/busco_downloads/lineages/saccharomycetes_odb10/hmms/23197at4891.hmm /home/inf-34-2022/Documents/BINP29/DeNovo_LongReads/Busco/busco_output/run_saccharomycetes_odb10/metaeuk_output/initial_results/SRRoutput.fasta.modified.fas 
# Current dir:     /home/inf-34-2022/Documents/BINP29/DeNovo_LongReads/Busco
# Date:            Fri Feb 24 12:02:32 2023
# [ok]
