#                                                                              --- full sequence --- -------------- this domain -------------   hmm coord   ali coord   env coord
# target name          accession   tlen query name           accession   qlen   E-value  score  bias   #  of  c-Evalue  i-Evalue  score  bias  from    to  from    to  from    to  acc description of target
#  ------------------- ---------- ----- -------------------- ---------- ----- --------- ------ ----- --- --- --------- --------- ------ ----- ----- ----- ----- ----- ----- ----- ---- ---------------------
Utg33264:21888-22817   -            310 24646at4891          -            237  2.1e-116  384.8  13.6   1   3  1.9e-108  4.2e-106  351.1   4.9     1   193     6   224     6   231 0.92 -
Utg33264:21888-22817   -            310 24646at4891          -            237  2.1e-116  384.8  13.6   2   3   1.2e-12   2.7e-10   37.5   0.6   189   228   239   278   235   292 0.80 -
Utg33264:21888-22817   -            310 24646at4891          -            237  2.1e-116  384.8  13.6   3   3      0.81   1.8e+02   -1.2   0.0   223   236   297   310   290   310 0.86 -
Utg33252:255830-256804 -            325 24646at4891          -            237   1.1e-19   68.3   0.2   1   1   9.2e-22   2.1e-19   67.3   0.2     2   168     3   180     2   201 0.80 -
Utg33264:523184-523699 -            172 24646at4891          -            237   3.5e-07   27.3   0.1   1   1     2e-09   4.4e-07   27.0   0.1    44   123    43   126     3   147 0.75 -
Utg33260:467910-468455 -            182 24646at4891          -            237   6.4e-05   19.9   0.0   1   1   3.7e-07   8.3e-05   19.6   0.0     4   147     8   152     5   159 0.77 -
Utg33264:250438-251061 -            208 24646at4891          -            237   0.00015   18.7   0.0   1   1   8.4e-07   0.00019   18.4   0.0     4    91    10    93     4   159 0.74 -
Utg33260:653831-654181 -            117 24646at4891          -            237   0.00015   18.7   0.0   1   1   7.9e-07   0.00018   18.5   0.0     4    94     1    86     1   114 0.77 -
Utg33282:215982-216599 -            206 24646at4891          -            237   0.00017   18.5   0.3   1   1   1.2e-06   0.00027   17.9   0.2     4   103    10   105     8   154 0.72 -
Utg33254:636492-637907 -            279 24646at4891          -            237    0.0003   17.7   0.0   1   1     2e-06   0.00044   17.2   0.0     2    89    74   156    73   202 0.75 -
Utg33282:140871-141515 -            215 24646at4891          -            237    0.0016   15.4   0.1   1   1     1e-05    0.0023   14.9   0.1     3    93    21   106    19   154 0.69 -
Utg33286:729710-730279 -            190 24646at4891          -            237    0.0029   14.5   0.0   1   1   1.6e-05    0.0035   14.2   0.0     4   128     1   130     1   171 0.70 -
Utg33260:480425-480949 -            175 24646at4891          -            237    0.0072   13.2   0.0   1   1   4.1e-05    0.0091   12.9   0.0     4   131    19   142    16   158 0.67 -
Utg33278:215170-215838 -            223 24646at4891          -            237     0.011   12.6   0.1   1   1   0.00011     0.025   11.4   0.0     4    64    15    75    13    90 0.82 -
#
# Program:         hmmsearch
# Version:         3.1b2 (February 2015)
# Pipeline mode:   SEARCH
# Query file:      /home/inf-34-2022/Documents/BINP29/DeNovo_LongReads/Busco/busco_downloads/lineages/saccharomycetes_odb10/hmms/24646at4891.hmm
# Target file:     /home/inf-34-2022/Documents/BINP29/DeNovo_LongReads/Busco/busco_output/run_saccharomycetes_odb10/metaeuk_output/initial_results/SRRoutput.fasta.modified.fas
# Option settings: hmmsearch --domtblout /home/inf-34-2022/Documents/BINP29/DeNovo_LongReads/Busco/busco_output/run_saccharomycetes_odb10/hmmer_output/initial_run_results/24646at4891.out --cpu 1 /home/inf-34-2022/Documents/BINP29/DeNovo_LongReads/Busco/busco_downloads/lineages/saccharomycetes_odb10/hmms/24646at4891.hmm /home/inf-34-2022/Documents/BINP29/DeNovo_LongReads/Busco/busco_output/run_saccharomycetes_odb10/metaeuk_output/initial_results/SRRoutput.fasta.modified.fas 
# Current dir:     /home/inf-34-2022/Documents/BINP29/DeNovo_LongReads/Busco
# Date:            Fri Feb 24 12:02:36 2023
# [ok]
