#                                                                              --- full sequence --- -------------- this domain -------------   hmm coord   ali coord   env coord
# target name          accession   tlen query name           accession   qlen   E-value  score  bias   #  of  c-Evalue  i-Evalue  score  bias  from    to  from    to  from    to  acc description of target
#  ------------------- ---------- ----- -------------------- ---------- ----- --------- ------ ----- --- --- --------- --------- ------ ----- ----- ----- ----- ----- ----- ----- ---- ---------------------
Utg33284:170936-171676 -            247 25443at4891          -            235  4.1e-136  449.2   0.0   1   1    1e-138  4.6e-136  449.0   0.0     1   235     1   247     1   247 0.96 -
Utg33280:404331-405224 -            298 25443at4891          -            235     3e-50  168.2   1.0   1   3   2.9e-13   1.3e-10   38.5   0.0     2    63     2    74     1   103 0.78 -
Utg33280:404331-405224 -            298 25443at4891          -            235     3e-50  168.2   1.0   2   3   5.2e-17   2.3e-14   50.7   0.1    64   119   101   156    79   168 0.90 -
Utg33280:404331-405224 -            298 25443at4891          -            235     3e-50  168.2   1.0   3   3   5.6e-25   2.5e-22   76.8   0.0   134   233   194   298   178   298 0.88 -
Utg33260:194932-195813 -            294 25443at4891          -            235   6.8e-50  167.0   0.5   1   3   7.9e-14   3.5e-11   40.3   0.0     3    66     1    75     1    92 0.81 -
Utg33260:194932-195813 -            294 25443at4891          -            235   6.8e-50  167.0   0.5   2   3   7.6e-17   3.4e-14   50.2   0.2    70   119   102   151    78   163 0.85 -
Utg33260:194932-195813 -            294 25443at4891          -            235   6.8e-50  167.0   0.5   3   3   5.4e-24   2.4e-21   73.6   0.0   133   233   187   291   174   293 0.87 -
Utg33260:819569-820258 -            230 25443at4891          -            235   6.3e-11   39.5   0.1   1   2     2e-12   8.8e-10   35.7   0.0     3   107    18   131    16   137 0.82 -
Utg33260:819569-820258 -            230 25443at4891          -            235   6.3e-11   39.5   0.1   2   2     0.042        19    1.9   0.0   146   188   139   182   132   205 0.71 -
Utg33284:528201-529004 -            268 25443at4891          -            235   3.4e-07   27.3   0.0   1   2   7.3e-09   3.2e-06   24.1   0.0     2    95     6   113     5   133 0.75 -
Utg33284:528201-529004 -            268 25443at4891          -            235   3.4e-07   27.3   0.0   2   2     0.093        41    0.8   0.0   150   178   152   182   138   189 0.67 -
Utg33274:622505-623833 -            443 25443at4891          -            235   0.00081   16.2   0.0   1   2   0.00039      0.18    8.6   0.0     5    61   228   289   224   299 0.78 -
Utg33274:622505-623833 -            443 25443at4891          -            235   0.00081   16.2   0.0   2   2    0.0055       2.5    4.8   0.0   157   198   352   393   336   415 0.85 -
#
# Program:         hmmsearch
# Version:         3.1b2 (February 2015)
# Pipeline mode:   SEARCH
# Query file:      /home/inf-34-2022/Documents/BINP29/DeNovo_LongReads/Busco/busco_downloads/lineages/saccharomycetes_odb10/hmms/25443at4891.hmm
# Target file:     /home/inf-34-2022/Documents/BINP29/DeNovo_LongReads/Busco/busco_output/run_saccharomycetes_odb10/metaeuk_output/initial_results/SRRoutput.fasta.modified.fas
# Option settings: hmmsearch --domtblout /home/inf-34-2022/Documents/BINP29/DeNovo_LongReads/Busco/busco_output/run_saccharomycetes_odb10/hmmer_output/initial_run_results/25443at4891.out --cpu 1 /home/inf-34-2022/Documents/BINP29/DeNovo_LongReads/Busco/busco_downloads/lineages/saccharomycetes_odb10/hmms/25443at4891.hmm /home/inf-34-2022/Documents/BINP29/DeNovo_LongReads/Busco/busco_output/run_saccharomycetes_odb10/metaeuk_output/initial_results/SRRoutput.fasta.modified.fas 
# Current dir:     /home/inf-34-2022/Documents/BINP29/DeNovo_LongReads/Busco
# Date:            Fri Feb 24 12:02:39 2023
# [ok]
