#                                                                              --- full sequence --- -------------- this domain -------------   hmm coord   ali coord   env coord
# target name          accession   tlen query name           accession   qlen   E-value  score  bias   #  of  c-Evalue  i-Evalue  score  bias  from    to  from    to  from    to  acc description of target
#  ------------------- ---------- ----- -------------------- ---------- ----- --------- ------ ----- --- --- --------- --------- ------ ----- ----- ----- ----- ----- ----- ----- ---- ---------------------
Utg33252:171576-172484 -            303 25783at4891          -            234  1.3e-107  355.9   0.7   1   1    5e-110  1.9e-107  355.4   0.4     3   230    66   303    63   303 0.92 -
Utg33264:556929-561896 -           1656 25783at4891          -            234   0.00048   17.0   0.1   1   1   2.4e-06   0.00092   16.1   0.1   145   206  1190  1255  1127  1276 0.72 -
Utg33280:976083-979088 -           1002 25783at4891          -            234    0.0022   14.9   0.2   1   1   1.4e-05    0.0052   13.6   0.2   155   208   813   866   791   891 0.82 -
Utg33280:608692-612498 -           1269 25783at4891          -            234    0.0051   13.7   0.3   1   1   2.6e-05    0.0099   12.7   0.3   156   197   951   991   943  1003 0.80 -
Utg33278:507894-511685 -           1264 25783at4891          -            234    0.0055   13.6   0.2   1   1   2.8e-05     0.011   12.6   0.2   156   197   947   987   940   999 0.81 -
Utg33276:255162-258611 -           1150 25783at4891          -            234    0.0061   13.4   0.0   1   1     3e-05     0.011   12.5   0.0   158   205   861   907   851   927 0.80 -
Utg33270:100763-104743 -           1327 25783at4891          -            234     0.013   12.4   0.3   1   2       2.6   9.9e+02   -3.6   0.0    37    57    39    59    36    72 0.78 -
Utg33270:100763-104743 -           1327 25783at4891          -            234     0.013   12.4   0.3   2   2   7.6e-05     0.029   11.2   0.1   162   206   921   965   913   985 0.79 -
#
# Program:         hmmsearch
# Version:         3.1b2 (February 2015)
# Pipeline mode:   SEARCH
# Query file:      /home/inf-34-2022/Documents/BINP29/DeNovo_LongReads/Busco/busco_downloads/lineages/saccharomycetes_odb10/hmms/25783at4891.hmm
# Target file:     /home/inf-34-2022/Documents/BINP29/DeNovo_LongReads/Busco/busco_output/run_saccharomycetes_odb10/metaeuk_output/initial_results/SRRoutput.fasta.modified.fas
# Option settings: hmmsearch --domtblout /home/inf-34-2022/Documents/BINP29/DeNovo_LongReads/Busco/busco_output/run_saccharomycetes_odb10/hmmer_output/initial_run_results/25783at4891.out --cpu 1 /home/inf-34-2022/Documents/BINP29/DeNovo_LongReads/Busco/busco_downloads/lineages/saccharomycetes_odb10/hmms/25783at4891.hmm /home/inf-34-2022/Documents/BINP29/DeNovo_LongReads/Busco/busco_output/run_saccharomycetes_odb10/metaeuk_output/initial_results/SRRoutput.fasta.modified.fas 
# Current dir:     /home/inf-34-2022/Documents/BINP29/DeNovo_LongReads/Busco
# Date:            Fri Feb 24 12:02:40 2023
# [ok]
