#                                                                                --- full sequence --- -------------- this domain -------------   hmm coord   ali coord   env coord
# target name            accession   tlen query name           accession   qlen   E-value  score  bias   #  of  c-Evalue  i-Evalue  score  bias  from    to  from    to  from    to  acc description of target
#    ------------------- ---------- ----- -------------------- ---------- ----- --------- ------ ----- --- --- --------- --------- ------ ----- ----- ----- ----- ----- ----- ----- ---- ---------------------
Utg33250:38763-39740     -            326 28186at4891          -            230  3.9e-102  337.8   2.7   1   2     3e-37   2.3e-35  119.3   0.3     1    73    25   104    25   112 0.90 -
Utg33250:38763-39740     -            326 28186at4891          -            230  3.9e-102  337.8   2.7   2   2   6.2e-66   4.8e-64  213.2   0.2    71   230   122   319   116   319 0.85 -
Utg33262:111873-112868   -            332 28186at4891          -            230   1.8e-44  149.1   0.8   1   2   6.8e-29   5.2e-27   92.0   0.2     3   151    13   208    11   217 0.77 -
Utg33262:111873-112868   -            332 28186at4891          -            230   1.8e-44  149.1   0.8   2   2   8.3e-16   6.3e-14   49.2   0.0   146   229   237   325   233   326 0.89 -
Utg33272:472286-473902   -            539 28186at4891          -            230   1.4e-42  143.0   1.8   1   5   2.4e-07   1.8e-05   21.5   0.0     2    32   225   255   224   264 0.86 -
Utg33272:472286-473902   -            539 28186at4891          -            230   1.4e-42  143.0   1.8   2   5   7.2e-10   5.5e-08   29.7   0.0    27    79   277   329   273   340 0.89 -
Utg33272:472286-473902   -            539 28186at4891          -            230   1.4e-42  143.0   1.8   3   5   0.00057     0.043   10.5   0.0   146   184   339   377   334   384 0.85 -
Utg33272:472286-473902   -            539 28186at4891          -            230   1.4e-42  143.0   1.8   4   5   3.1e-06   0.00024   17.9   0.0    39   148   391   427   376   438 0.69 -
Utg33272:472286-473902   -            539 28186at4891          -            230   1.4e-42  143.0   1.8   5   5     1e-18   7.7e-17   58.7   0.0   146   229   446   531   437   532 0.92 -
Utg33250:19448-22150     -            901 28186at4891          -            230     4e-35  118.5   0.1   1   3   1.4e-15   1.1e-13   48.4   0.0   137   229   519   610   516   611 0.87 -
Utg33250:19448-22150     -            901 28186at4891          -            230     4e-35  118.5   0.1   2   3   6.7e-09   5.1e-07   26.6   0.0     8   147   634   708   626   712 0.52 -
Utg33250:19448-22150     -            901 28186at4891          -            230     4e-35  118.5   0.1   3   3   6.8e-13   5.2e-11   39.6   0.0   144   229   723   809   719   810 0.94 -
Utg33286:403921-404772   -            284 28186at4891          -            230   2.9e-33  112.5   0.5   1   2   9.1e-15     7e-13   45.8   0.1     2    78    10    99     9   103 0.79 -
Utg33286:403921-404772   -            284 28186at4891          -            230   2.9e-33  112.5   0.5   2   2   4.2e-20   3.2e-18   63.2   0.0    79   218   121   280   108   284 0.77 -
Utg33278:145550-146440   -            297 28186at4891          -            230   8.6e-32  107.6   2.3   1   2   4.1e-12   3.1e-10   37.1   0.1   153   229    10    91     6    92 0.86 -
Utg33278:145550-146440   -            297 28186at4891          -            230   8.6e-32  107.6   2.3   2   2   1.8e-20   1.4e-18   64.4   0.5    58   228    98   291    92   293 0.73 -
Utg33286:161525-162400   -            292 28186at4891          -            230   2.4e-31  106.2   0.6   1   1   8.7e-31   6.6e-29   98.2   0.6     2   221    10   283     9   291 0.71 -
Utg33276:343814-344818   -            335 28186at4891          -            230   5.2e-31  105.1   0.3   1   2   7.7e-12   5.9e-10   36.2   0.0   153   229    49   129    41   130 0.91 -
Utg33276:343814-344818   -            335 28186at4891          -            230   5.2e-31  105.1   0.3   2   2   5.7e-20   4.3e-18   62.8   0.1    71   229   147   327   137   328 0.71 -
Utg33264:359125-359937   -            271 28186at4891          -            230     3e-29   99.3   0.4   1   2   1.1e-11   8.4e-10   35.7   0.0     2    70     1    82     1    91 0.78 -
Utg33264:359125-359937   -            271 28186at4891          -            230     3e-29   99.3   0.4   2   2     4e-19     3e-17   60.0   0.1    81   215   115   269    97   271 0.71 -
Utg33286:593723-594853   -            377 28186at4891          -            230     3e-28   96.1   0.3   1   3    0.0013     0.096    9.3   0.0   147   180    51    84    44    98 0.71 -
Utg33286:593723-594853   -            377 28186at4891          -            230     3e-28   96.1   0.3   2   3   3.5e-16   2.7e-14   50.4   0.1   102   229   117   258   101   259 0.81 -
Utg33286:593723-594853   -            377 28186at4891          -            230     3e-28   96.1   0.3   3   3   2.1e-10   1.6e-08   31.5   0.0   145   229   284   371   279   372 0.81 -
Utg33252:409668-410594   -            309 28186at4891          -            230     6e-28   95.1   1.0   1   3   5.3e-09   4.1e-07   26.9   0.0     2    71    15    93    14   102 0.85 -
Utg33252:409668-410594   -            309 28186at4891          -            230     6e-28   95.1   1.0   2   3   1.1e-10   8.4e-09   32.4   0.0   149   230   108   187   102   187 0.89 -
Utg33252:409668-410594   -            309 28186at4891          -            230     6e-28   95.1   1.0   3   3   1.4e-10   1.1e-08   32.0   0.1   152   229   211   301   201   302 0.75 -
Utg33260:730448-731359   -            304 28186at4891          -            230   1.1e-27   94.2   0.1   1   3   6.9e-12   5.3e-10   36.3   0.0   148   228    11   100     6   102 0.81 -
Utg33260:730448-731359   -            304 28186at4891          -            230   1.1e-27   94.2   0.1   2   3   5.8e-08   4.4e-06   23.5   0.0   148   215   117   181   102   186 0.84 -
Utg33260:730448-731359   -            304 28186at4891          -            230   1.1e-27   94.2   0.1   3   3   3.3e-10   2.5e-08   30.8   0.0   148   227   210   292   199   295 0.85 -
Utg33274:135985-136944   -            320 28186at4891          -            230   4.8e-27   92.1   2.1   1   2     2e-10   1.5e-08   31.5   0.1    80   150    20    98     9   114 0.67 -
Utg33274:135985-136944   -            320 28186at4891          -            230   4.8e-27   92.1   2.1   2   2   5.9e-18   4.5e-16   56.2   0.5    77   230   118   298   110   298 0.73 -
Utg33284:539872-540678   -            269 28186at4891          -            230   3.3e-26   89.4   0.3   1   2   2.8e-08   2.1e-06   24.6   0.0   152   229     1    78     1    79 0.88 -
Utg33284:539872-540678   -            269 28186at4891          -            230   3.3e-26   89.4   0.3   2   2     7e-20   5.3e-18   62.5   0.0    76   228    99   269    89   269 0.80 -
Utg33274:591626-592516   -            297 28186at4891          -            230   3.6e-26   89.2   0.0   1   2   9.7e-09   7.4e-07   26.1   0.0   149   229    26   106     4   111 0.77 -
Utg33274:591626-592516   -            297 28186at4891          -            230   3.6e-26   89.2   0.0   2   2   2.1e-19   1.6e-17   60.9   0.0    80   228   134   297   121   297 0.82 -
Utg33276:96942-97856     -            305 28186at4891          -            230   1.7e-25   87.0   1.0   1   3   4.2e-06   0.00032   17.4   0.0   152   218     7    80     3    92 0.71 -
Utg33276:96942-97856     -            305 28186at4891          -            230   1.7e-25   87.0   1.0   2   3   1.4e-09   1.1e-07   28.8   0.1   145   229   116   200   113   202 0.90 -
Utg33276:96942-97856     -            305 28186at4891          -            230   1.7e-25   87.0   1.0   3   3   1.9e-12   1.5e-10   38.2   0.0   146   229   218   300   214   301 0.84 -
Utg33252:77095-78147     -            351 28186at4891          -            230     2e-24   83.5   0.0   1   3     0.015       1.2    5.8   0.0    77   181    12    36     2    73 0.68 -
Utg33252:77095-78147     -            351 28186at4891          -            230     2e-24   83.5   0.0   2   3   1.4e-10   1.1e-08   32.1   0.0   113   229   105   237    89   238 0.80 -
Utg33252:77095-78147     -            351 28186at4891          -            230     2e-24   83.5   0.0   3   3   1.4e-13   1.1e-11   41.9   0.0   148   229   259   346   249   347 0.88 -
Utg33284:224641-225606   -            322 28186at4891          -            230     5e-24   82.2   3.0   1   3     2e-09   1.5e-07   28.3   0.4     1    54    23    78    23   104 0.83 -
Utg33284:224641-225606   -            322 28186at4891          -            230     5e-24   82.2   3.0   2   3   3.6e-10   2.7e-08   30.7   0.0   151   229   129   212   121   213 0.85 -
Utg33284:224641-225606   -            322 28186at4891          -            230     5e-24   82.2   3.0   3   3   4.5e-07   3.4e-05   20.6   0.0   150   225   229   302   217   307 0.81 -
Utg33250:323369-324265   -            299 28186at4891          -            230   5.2e-24   82.2   0.4   1   3   2.3e-10   1.7e-08   31.4   0.1   150   225     2    89     1    94 0.77 -
Utg33250:323369-324265   -            299 28186at4891          -            230   5.2e-24   82.2   0.4   2   3   4.2e-06   0.00032   17.4   0.1     2    76   115   194   114   205 0.71 -
Utg33250:323369-324265   -            299 28186at4891          -            230   5.2e-24   82.2   0.4   3   3   1.1e-10   8.1e-09   32.5   0.0   115   227   159   283   156   286 0.77 -
Utg33260:490928-491908   -            327 28186at4891          -            230     3e-22   76.4   0.2   1   3   3.2e-08   2.4e-06   24.4   0.1    78   151    45   128    34   136 0.72 -
Utg33260:490928-491908   -            327 28186at4891          -            230     3e-22   76.4   0.2   2   3   2.6e-08     2e-06   24.7   0.0     4    74   146   219   143   224 0.83 -
Utg33260:490928-491908   -            327 28186at4891          -            230     3e-22   76.4   0.2   3   3   6.4e-08   4.9e-06   23.4   0.0    82   144   253   316   241   325 0.77 -
Utg33272:625903-626715   -            271 28186at4891          -            230     5e-22   75.7   0.6   1   4     0.025       1.9    5.1   0.0   150   178     5    33     2    36 0.84 -
Utg33272:625903-626715   -            271 28186at4891          -            230     5e-22   75.7   0.6   2   4   0.00077     0.059   10.0   0.1   114   149    39    74    33    93 0.82 -
Utg33272:625903-626715   -            271 28186at4891          -            230     5e-22   75.7   0.6   3   4   4.4e-11   3.4e-09   33.7   0.0    78   155   103   183    87   200 0.88 -
Utg33272:625903-626715   -            271 28186at4891          -            230     5e-22   75.7   0.6   4   4   1.1e-07   8.2e-06   22.6   0.0    77   148   199   269   191   271 0.82 -
Utg33260:547564-548403   -            280 28186at4891          -            230   3.1e-21   73.1   0.1   1   2   1.8e-13   1.4e-11   41.5   0.0    81   215    14   166     4   181 0.75 -
Utg33260:547564-548403   -            280 28186at4891          -            230   3.1e-21   73.1   0.1   2   2   9.4e-10   7.2e-08   29.4   0.0     2    72   205   276   204   279 0.94 -
Utg33286:435854-436711   -            286 28186at4891          -            230   4.6e-20   69.3   0.1   1   2   7.6e-10   5.8e-08   29.7   0.1    78   150     5    77     3    85 0.90 -
Utg33286:435854-436711   -            286 28186at4891          -            230   4.6e-20   69.3   0.1   2   2   7.1e-12   5.4e-10   36.3   0.0    75   230   111   283   100   283 0.78 -
Utg33264:571324-572415   -            364 28186at4891          -            230   5.4e-20   69.0   0.1   1   3   8.4e-16   6.4e-14   49.2   0.1    86   229    68   233    52   234 0.82 -
Utg33264:571324-572415   -            364 28186at4891          -            230   5.4e-20   69.0   0.1   2   3   0.00026      0.02   11.6   0.0   151   179   256   284   250   303 0.83 -
Utg33264:571324-572415   -            364 28186at4891          -            230   5.4e-20   69.0   0.1   3   3     0.058       4.4    3.9   0.0    29    70   310   351   307   357 0.74 -
Utg33266:60987-61802     -            272 28186at4891          -            230   1.3e-19   67.8   0.1   1   2   4.4e-10   3.4e-08   30.4   0.0    77   161     4    88     2    95 0.87 -
Utg33266:60987-61802     -            272 28186at4891          -            230   1.3e-19   67.8   0.1   2   2   1.3e-10     1e-08   32.1   0.0    77   229    99   271    92   272 0.78 -
Utg33280:237023-237922   -            300 28186at4891          -            230   8.9e-19   65.1   0.1   1   4   7.8e-05     0.006   13.3   0.0    78   150    13    81     3   102 0.76 -
Utg33280:237023-237922   -            300 28186at4891          -            230   8.9e-19   65.1   0.1   2   4    0.0046      0.35    7.5   0.0   147   197   109   155    98   155 0.86 -
Utg33280:237023-237922   -            300 28186at4891          -            230   8.9e-19   65.1   0.1   3   4   3.3e-09   2.5e-07   27.6   0.1    14    75   126   191   113   206 0.65 -
Utg33280:237023-237922   -            300 28186at4891          -            230   8.9e-19   65.1   0.1   4   4   3.2e-06   0.00025   17.8   0.0   151   229   219   294   209   295 0.82 -
Utg33286:775615-776442   -            276 28186at4891          -            230   3.1e-17   60.0   0.1   1   2    0.0001    0.0078   12.9   0.0    82   151    10    83     1    99 0.59 -
Utg33286:775615-776442   -            276 28186at4891          -            230   3.1e-17   60.0   0.1   2   2   1.7e-13   1.3e-11   41.6   0.1    75   228   100   276    96   276 0.79 -
Utg33254:795626-796420   -            265 28186at4891          -            230   3.3e-17   59.9   0.1   1   2   2.2e-14   1.7e-12   44.5   0.1    78   229     4   172     2   173 0.82 -
Utg33254:795626-796420   -            265 28186at4891          -            230   3.3e-17   59.9   0.1   2   2   9.2e-05    0.0071   13.0   0.0    71   141   192   262   178   265 0.73 -
Utg33278:259516-260370   -            285 28186at4891          -            230   1.4e-15   54.6   1.4   1   3   5.2e-05    0.0039   13.9   0.0    86   177    26   128     7   134 0.73 -
Utg33278:259516-260370   -            285 28186at4891          -            230   1.4e-15   54.6   1.4   2   3   3.5e-08   2.7e-06   24.2   0.0   107   148   141   182   134   189 0.89 -
Utg33278:259516-260370   -            285 28186at4891          -            230   1.4e-15   54.6   1.4   3   3   5.4e-05    0.0041   13.8   0.1    79   147   212   281   193   284 0.58 -
Utg33266:178437-179345   -            303 28186at4891          -            230   1.4e-15   54.6   3.1   1   2   8.4e-07   6.4e-05   19.7   0.4   153   226     6    92     2    96 0.71 -
Utg33266:178437-179345   -            303 28186at4891          -            230   1.4e-15   54.6   3.1   2   2   1.3e-09   9.9e-08   28.9   0.1    77   215   131   284   122   290 0.67 -
Utg33282:27568-28455     -            296 28186at4891          -            230     3e-14   50.2   3.2   1   3    0.0042      0.32    7.6   0.0   152   179     7    34     3    73 0.74 -
Utg33282:27568-28455     -            296 28186at4891          -            230     3e-14   50.2   3.2   2   3     0.055       4.2    3.9   0.0     2    33    98   128    97   136 0.85 -
Utg33282:27568-28455     -            296 28186at4891          -            230     3e-14   50.2   3.2   3   3   8.5e-12   6.5e-10   36.0   0.9    32   146   162   294   156   296 0.76 -
Utg33274:168522-169430   -            303 28186at4891          -            230   4.3e-11   39.9   0.2   1   3   3.6e-08   2.8e-06   24.2   0.1    77   228    20   184     1   184 0.69 -
Utg33274:168522-169430   -            303 28186at4891          -            230   4.3e-11   39.9   0.2   2   3   2.5e-05    0.0019   14.9   0.0    77   150   117   190    99   211 0.72 -
Utg33274:168522-169430   -            303 28186at4891          -            230   4.3e-11   39.9   0.2   3   3     0.033       2.5    4.7   0.0    80   149   218   289   209   292 0.64 -
Utg33280:94001-94900     -            300 28186at4891          -            230   4.6e-10   36.5   0.0   1   3       1.4   1.1e+02   -0.7   0.0    78    96    20    38     9    58 0.58 -
Utg33280:94001-94900     -            300 28186at4891          -            230   4.6e-10   36.5   0.0   2   3     0.036       2.7    4.6   0.0   161   209   131   174   115   187 0.46 -
Utg33280:94001-94900     -            300 28186at4891          -            230   4.6e-10   36.5   0.0   3   3   2.1e-09   1.6e-07   28.2   0.0    76   146   218   290   181   295 0.80 -
Utg33264:729910-730833   -            308 28186at4891          -            230   1.8e-06   24.8   0.8   1   3   0.00084     0.064    9.9   0.0    85   129    31    74    12   121 0.78 -
Utg33264:729910-730833   -            308 28186at4891          -            230   1.8e-06   24.8   0.8   2   3     0.012      0.93    6.1   0.1    31    58   148   175   142   187 0.79 -
Utg33264:729910-730833   -            308 28186at4891          -            230   1.8e-06   24.8   0.8   3   3     0.016       1.2    5.7   0.0    34   127   253   273   210   288 0.70 -
Utg33280:1369957-1371441 -            495 28186at4891          -            230   0.00081   16.1   0.6   1   4     0.075       5.7    3.5   0.0    32    57   224   249   206   262 0.83 -
Utg33280:1369957-1371441 -            495 28186at4891          -            230   0.00081   16.1   0.6   2   4    0.0014      0.11    9.1   0.0    77   107   295   324   254   337 0.69 -
Utg33280:1369957-1371441 -            495 28186at4891          -            230   0.00081   16.1   0.6   3   4    0.0017      0.13    8.9   0.0    77   108   295   325   286   353 0.79 -
Utg33280:1369957-1371441 -            495 28186at4891          -            230   0.00081   16.1   0.6   4   4       2.1   1.6e+02   -1.2   0.0   173   212   430   472   379   485 0.61 -
#
# Program:         hmmsearch
# Version:         3.1b2 (February 2015)
# Pipeline mode:   SEARCH
# Query file:      /home/inf-34-2022/Documents/BINP29/DeNovo_LongReads/Busco/busco_downloads/lineages/saccharomycetes_odb10/hmms/28186at4891.hmm
# Target file:     /home/inf-34-2022/Documents/BINP29/DeNovo_LongReads/Busco/busco_output/run_saccharomycetes_odb10/metaeuk_output/initial_results/SRRoutput.fasta.modified.fas
# Option settings: hmmsearch --domtblout /home/inf-34-2022/Documents/BINP29/DeNovo_LongReads/Busco/busco_output/run_saccharomycetes_odb10/hmmer_output/initial_run_results/28186at4891.out --cpu 1 /home/inf-34-2022/Documents/BINP29/DeNovo_LongReads/Busco/busco_downloads/lineages/saccharomycetes_odb10/hmms/28186at4891.hmm /home/inf-34-2022/Documents/BINP29/DeNovo_LongReads/Busco/busco_output/run_saccharomycetes_odb10/metaeuk_output/initial_results/SRRoutput.fasta.modified.fas 
# Current dir:     /home/inf-34-2022/Documents/BINP29/DeNovo_LongReads/Busco
# Date:            Fri Feb 24 12:02:46 2023
# [ok]
