#                                                                                --- full sequence --- -------------- this domain -------------   hmm coord   ali coord   env coord
# target name            accession   tlen query name           accession   qlen   E-value  score  bias   #  of  c-Evalue  i-Evalue  score  bias  from    to  from    to  from    to  acc description of target
#    ------------------- ---------- ----- -------------------- ---------- ----- --------- ------ ----- --- --- --------- --------- ------ ----- ----- ----- ----- ----- ----- ----- ---- ---------------------
Utg33276:139278-139970   -            231 28703at4891          -            162   2.2e-97  320.8   2.7   1   2   4.9e-78   4.4e-76  251.5   0.2     1   123    15   138    15   156 0.95 -
Utg33276:139278-139970   -            231 28703at4891          -            162   2.2e-97  320.8   2.7   2   2   3.4e-22     3e-20   69.9   0.2   118   162   169   213   160   213 0.95 -
Utg33266:256605-257138   -            178 28703at4891          -            162   7.6e-63  208.4   0.2   1   1   1.1e-63   9.8e-62  204.8   0.2     1   160     2   177     2   178 0.93 -
Utg33272:457455-458027   -            191 28703at4891          -            162     3e-55  183.7   0.0   1   1   1.1e-56   9.6e-55  182.1   0.0     1   160     6   178     6   180 0.94 -
Utg33254:573049-573621   -            191 28703at4891          -            162   1.1e-45  152.6   0.0   1   1   1.2e-45   1.1e-43  146.2   0.0     4   161     5   178     2   179 0.89 -
Utg33284:555727-556224   -            166 28703at4891          -            162   5.2e-45  150.4   0.0   1   1   6.9e-47   6.2e-45  150.2   0.0     4   156     1   162     1   166 0.90 -
Utg33272:300904-301581   -            226 28703at4891          -            162   2.5e-34  115.7   1.1   1   2   1.4e-12   1.2e-10   38.7   0.1     4    48     5    49     2    77 0.85 -
Utg33272:300904-301581   -            226 28703at4891          -            162   2.5e-34  115.7   1.1   2   2   1.9e-22   1.7e-20   70.8   0.1    50   160    82   218    73   220 0.82 -
Utg33260:492874-493401   -            176 28703at4891          -            162   1.7e-28   96.8   0.1   1   1   2.3e-30   2.1e-28   96.5   0.1     2   157    10   169     9   173 0.91 -
Utg33272:440962-441459   -            166 28703at4891          -            162     2e-28   96.5   0.1   1   1   2.5e-30   2.2e-28   96.4   0.1     4   159     2   161     1   164 0.93 -
Utg33252:291744-292229   -            162 28703at4891          -            162   3.9e-24   82.6   0.1   1   1   4.8e-26   4.3e-24   82.4   0.1     4   157     2   160     1   162 0.92 -
Utg33282:140871-141515   -            215 28703at4891          -            162   7.9e-24   81.6   0.1   1   1   1.2e-25   1.1e-23   81.1   0.1     4   157    22   178    20   183 0.90 -
Utg33254:636492-637907   -            279 28703at4891          -            162   1.6e-23   80.6   0.3   1   1   2.4e-25   2.1e-23   80.2   0.3     3   157    75   235    73   237 0.90 -
Utg33264:250438-251061   -            208 28703at4891          -            162     5e-22   75.7   0.1   1   1   7.2e-24   6.4e-22   75.4   0.1     4   161    10   178     7   179 0.88 -
Utg33282:215982-216599   -            206 28703at4891          -            162   5.1e-21   72.4   0.4   1   1   7.2e-23   6.4e-21   72.1   0.4     4   158    10   168     8   172 0.90 -
Utg33260:467910-468455   -            182 28703at4891          -            162   1.7e-19   67.5   0.0   1   1   2.4e-21   2.1e-19   67.2   0.0     3   153     7   164     5   172 0.89 -
Utg33278:215170-215838   -            223 28703at4891          -            162   1.1e-18   64.8   0.1   1   1   1.6e-20   1.4e-18   64.5   0.1     4   155    15   170    12   176 0.89 -
Utg33284:472713-473354   -            214 28703at4891          -            162   1.5e-18   64.4   0.6   1   2   2.5e-17   2.2e-15   54.1   0.1     4   117     2   126     1   133 0.83 -
Utg33284:472713-473354   -            214 28703at4891          -            162   1.5e-18   64.4   0.6   2   2    0.0026      0.24    8.5   0.0   117   155   149   186   146   190 0.88 -
Utg33286:729710-730279   -            190 28703at4891          -            162   4.1e-18   63.0   0.0   1   1   6.3e-20   5.6e-18   62.5   0.0     4   145     1   149     1   157 0.89 -
Utg33260:653831-654181   -            117 28703at4891          -            162   5.5e-18   62.6   0.0   1   1   6.7e-20     6e-18   62.4   0.0     4   118     1   116     1   117 0.91 -
Utg33258:171148-171723   -            192 28703at4891          -            162   7.1e-18   62.2   0.1   1   1   1.1e-19   9.5e-18   61.8   0.1     2   153     4   171     3   177 0.90 -
Utg33252:1004746-1005411 -            222 28703at4891          -            162   2.7e-17   60.3   0.2   1   1   4.1e-19   3.7e-17   59.9   0.2     4   155    15   170    13   176 0.89 -
Utg33272:404174-451294   -            174 28703at4891          -            162   2.2e-14   50.9   0.0   1   1   3.5e-16   3.1e-14   50.4   0.0     5   152    10   167     7   172 0.77 -
Utg33250:162282-162875   -            198 28703at4891          -            162   8.3e-11   39.2   0.1   1   1   1.2e-12   1.1e-10   38.9   0.1     4   152    19   179    16   186 0.79 -
Utg33264:140200-140799   -            200 28703at4891          -            162   2.1e-08   31.4   0.1   1   1   2.8e-10   2.5e-08   31.2   0.1     2   119     6   124     5   171 0.82 -
Utg33270:57910-59895     -            662 28703at4891          -            162   4.1e-06   24.0   0.6   1   3     0.036       3.2    4.8   0.0     4    29     7    33     4    42 0.83 -
Utg33270:57910-59895     -            662 28703at4891          -            162   4.1e-06   24.0   0.6   2   3       7.1   6.3e+02   -2.7   0.1    84   116    87   119    61   132 0.73 -
Utg33270:57910-59895     -            662 28703at4891          -            162   4.1e-06   24.0   0.6   3   3   1.1e-05   0.00097   16.3   0.0     6   157   452   607   445   612 0.70 -
Utg33264:21888-22817     -            310 28703at4891          -            162   1.5e-05   22.2   0.1   1   1   3.2e-07   2.9e-05   21.2   0.1     3   125     8   139     6   150 0.79 -
Utg33260:480425-480949   -            175 28703at4891          -            162   6.6e-05   20.0   0.0   1   1   9.2e-07   8.2e-05   19.7   0.0     2   118    17   131    16   151 0.80 -
Utg33286:553949-554497   -            183 28703at4891          -            162   0.00038   17.6   0.0   1   1   5.2e-06   0.00046   17.3   0.0     3    87    19    98    17   153 0.78 -
Utg33264:523184-523699   -            172 28703at4891          -            162   0.00072   16.7   0.1   1   1   8.8e-06   0.00078   16.6   0.1     5   117     6   122     2   163 0.72 -
Utg33280:206860-207399   -            180 28703at4891          -            162    0.0016   15.5   0.0   1   1   2.3e-05    0.0021   15.2   0.0     3    88    18    98    16   138 0.76 -
Utg33280:106670-107203   -            178 28703at4891          -            162    0.0019   15.3   0.0   1   1   2.6e-05    0.0023   15.0   0.0     3    88    18    98    16   138 0.77 -
#
# Program:         hmmsearch
# Version:         3.1b2 (February 2015)
# Pipeline mode:   SEARCH
# Query file:      /home/inf-34-2022/Documents/BINP29/DeNovo_LongReads/Busco/busco_downloads/lineages/saccharomycetes_odb10/hmms/28703at4891.hmm
# Target file:     /home/inf-34-2022/Documents/BINP29/DeNovo_LongReads/Busco/busco_output/run_saccharomycetes_odb10/metaeuk_output/initial_results/SRRoutput.fasta.modified.fas
# Option settings: hmmsearch --domtblout /home/inf-34-2022/Documents/BINP29/DeNovo_LongReads/Busco/busco_output/run_saccharomycetes_odb10/hmmer_output/initial_run_results/28703at4891.out --cpu 1 /home/inf-34-2022/Documents/BINP29/DeNovo_LongReads/Busco/busco_downloads/lineages/saccharomycetes_odb10/hmms/28703at4891.hmm /home/inf-34-2022/Documents/BINP29/DeNovo_LongReads/Busco/busco_output/run_saccharomycetes_odb10/metaeuk_output/initial_results/SRRoutput.fasta.modified.fas 
# Current dir:     /home/inf-34-2022/Documents/BINP29/DeNovo_LongReads/Busco
# Date:            Fri Feb 24 12:02:47 2023
# [ok]
