#                                                                              --- full sequence --- -------------- this domain -------------   hmm coord   ali coord   env coord
# target name          accession   tlen query name           accession   qlen   E-value  score  bias   #  of  c-Evalue  i-Evalue  score  bias  from    to  from    to  from    to  acc description of target
#  ------------------- ---------- ----- -------------------- ---------- ----- --------- ------ ----- --- --- --------- --------- ------ ----- ----- ----- ----- ----- ----- ----- ---- ---------------------
Utg33252:21220-22518   -            433 29747at4891          -            320  2.3e-149  494.3  49.3   1   1  2.1e-147  4.6e-145  480.1  49.3     1   320    26   400    26   400 0.86 -
Utg33272:221600-223363 -            588 29747at4891          -            320   1.3e-12   44.9  21.1   1   2   8.8e-12     2e-09   34.5   0.2    56   124     6    72     2    89 0.81 -
Utg33272:221600-223363 -            588 29747at4891          -            320   1.3e-12   44.9  21.1   2   2   6.5e-08   1.5e-05   21.8  15.9   160   256   189   291   168   329 0.73 -
Utg33254:300395-301669 -            425 29747at4891          -            320   1.7e-08   31.4   0.1   1   1   1.1e-10   2.4e-08   30.9   0.1    55   120     1    66     1   101 0.78 -
Utg33278:248888-249229 -            114 29747at4891          -            320   2.5e-08   30.9   0.1   1   1   1.2e-10   2.8e-08   30.7   0.1    57   135     3    78     1    92 0.79 -
Utg33272:506760-507986 -            409 29747at4891          -            320   4.7e-08   30.0   0.1   1   1   3.3e-10   7.3e-08   29.4   0.1    51   120     3    68     2    75 0.83 -
Utg33274:133811-134302 -            164 29747at4891          -            320   5.3e-08   29.8   0.4   1   1   3.1e-10     7e-08   29.4   0.4    66   120    13    70     3    79 0.81 -
Utg33272:482280-483575 -            432 29747at4891          -            320   6.7e-08   29.5   0.2   1   1   4.4e-10   9.8e-08   28.9   0.2    67   123    16    72     4   106 0.78 -
Utg33272:619399-620454 -            352 29747at4891          -            320   7.5e-08   29.3   0.0   1   1   5.2e-10   1.2e-07   28.7   0.0    51   120     3    66     2    74 0.86 -
Utg33276:362892-363161 -             90 29747at4891          -            320   1.4e-07   28.4   0.1   1   1   6.2e-10   1.4e-07   28.4   0.1    56   135     2    78     1    90 0.77 -
Utg33282:165680-167092 -            471 29747at4891          -            320   1.9e-07   28.0   0.5   1   2   8.7e-10   1.9e-07   28.0   0.5    54   121    24    87    16    92 0.86 -
Utg33282:165680-167092 -            471 29747at4891          -            320   1.9e-07   28.0   0.5   2   2      0.71   1.6e+02   -1.3   1.2   258   283   435   450   394   466 0.54 -
Utg33264:673309-674430 -            374 29747at4891          -            320     1e-06   25.6   0.8   1   1   7.8e-09   1.8e-06   24.8   0.8    53   124    19    87    17    92 0.83 -
Utg33260:777163-779139 -            659 29747at4891          -            320   2.1e-05   21.3   0.1   1   2       9.4   2.1e+03   -5.0   1.7   209   242    53    87    47    93 0.46 -
Utg33260:777163-779139 -            659 29747at4891          -            320   2.1e-05   21.3   0.1   2   2   9.3e-08   2.1e-05   21.3   0.1    51   116   122   189   108   197 0.75 -
#
# Program:         hmmsearch
# Version:         3.1b2 (February 2015)
# Pipeline mode:   SEARCH
# Query file:      /home/inf-34-2022/Documents/BINP29/DeNovo_LongReads/Busco/busco_downloads/lineages/saccharomycetes_odb10/hmms/29747at4891.hmm
# Target file:     /home/inf-34-2022/Documents/BINP29/DeNovo_LongReads/Busco/busco_output/run_saccharomycetes_odb10/metaeuk_output/initial_results/SRRoutput.fasta.modified.fas
# Option settings: hmmsearch --domtblout /home/inf-34-2022/Documents/BINP29/DeNovo_LongReads/Busco/busco_output/run_saccharomycetes_odb10/hmmer_output/initial_run_results/29747at4891.out --cpu 1 /home/inf-34-2022/Documents/BINP29/DeNovo_LongReads/Busco/busco_downloads/lineages/saccharomycetes_odb10/hmms/29747at4891.hmm /home/inf-34-2022/Documents/BINP29/DeNovo_LongReads/Busco/busco_output/run_saccharomycetes_odb10/metaeuk_output/initial_results/SRRoutput.fasta.modified.fas 
# Current dir:     /home/inf-34-2022/Documents/BINP29/DeNovo_LongReads/Busco
# Date:            Fri Feb 24 12:02:50 2023
# [ok]
