#                                                                              --- full sequence --- -------------- this domain -------------   hmm coord   ali coord   env coord
# target name          accession   tlen query name           accession   qlen   E-value  score  bias   #  of  c-Evalue  i-Evalue  score  bias  from    to  from    to  from    to  acc description of target
#  ------------------- ---------- ----- -------------------- ---------- ----- --------- ------ ----- --- --- --------- --------- ------ ----- ----- ----- ----- ----- ----- ----- ---- ---------------------
Utg33262:263709-264830 -            374 30108at4891          -            214   9.7e-83  274.1   3.3   1   2   7.1e-21   4.8e-18   62.7   0.1     7    60   111   170    94   176 0.82 -
Utg33262:263709-264830 -            374 30108at4891          -            214   9.7e-83  274.1   3.3   2   2   2.2e-66   1.5e-63  211.4   0.4    47   214   177   373   170   373 0.86 -
Utg33286:473347-474327 -            327 30108at4891          -            214   0.00011   19.0   0.2   1   2   9.6e-06    0.0064   13.2   0.1    58    95   125   163    91   177 0.80 -
Utg33286:473347-474327 -            327 30108at4891          -            214   0.00011   19.0   0.2   2   2    0.0099       6.6    3.4   0.0   125   159   245   278   216   300 0.72 -
Utg33280:430287-431105 -            273 30108at4891          -            214     0.014   12.1   1.3   1   2   0.00031      0.21    8.3   0.0    75    97   128   150   120   164 0.86 -
Utg33280:430287-431105 -            273 30108at4891          -            214     0.014   12.1   1.3   2   2     0.052        35    1.0   0.3   142   159   217   234   207   272 0.70 -
Utg33272:654276-655331 -            352 30108at4891          -            214     0.018   11.8   0.0   1   1   4.5e-05      0.03   11.1   0.0    83   139   264   324   236   330 0.74 -
#
# Program:         hmmsearch
# Version:         3.1b2 (February 2015)
# Pipeline mode:   SEARCH
# Query file:      /home/inf-34-2022/Documents/BINP29/DeNovo_LongReads/Busco/busco_downloads/lineages/saccharomycetes_odb10/hmms/30108at4891.hmm
# Target file:     /home/inf-34-2022/Documents/BINP29/DeNovo_LongReads/Busco/busco_output/run_saccharomycetes_odb10/metaeuk_output/initial_results/SRRoutput.fasta.modified.fas
# Option settings: hmmsearch --domtblout /home/inf-34-2022/Documents/BINP29/DeNovo_LongReads/Busco/busco_output/run_saccharomycetes_odb10/hmmer_output/initial_run_results/30108at4891.out --cpu 1 /home/inf-34-2022/Documents/BINP29/DeNovo_LongReads/Busco/busco_downloads/lineages/saccharomycetes_odb10/hmms/30108at4891.hmm /home/inf-34-2022/Documents/BINP29/DeNovo_LongReads/Busco/busco_output/run_saccharomycetes_odb10/metaeuk_output/initial_results/SRRoutput.fasta.modified.fas 
# Current dir:     /home/inf-34-2022/Documents/BINP29/DeNovo_LongReads/Busco
# Date:            Fri Feb 24 12:02:51 2023
# [ok]
