#                                                                                --- full sequence --- -------------- this domain -------------   hmm coord   ali coord   env coord
# target name            accession   tlen query name           accession   qlen   E-value  score  bias   #  of  c-Evalue  i-Evalue  score  bias  from    to  from    to  from    to  acc description of target
#    ------------------- ---------- ----- -------------------- ---------- ----- --------- ------ ----- --- --- --------- --------- ------ ----- ----- ----- ----- ----- ----- ----- ---- ---------------------
Utg33254:379323-382151   -            943 3060at4891           -            763         0 1120.7  41.2   1   1         0         0 1100.4  41.2     1   763     1   942     1   942 0.86 -
Utg33254:548158-550605   -            816 3060at4891           -            763   3.7e-50  168.1  16.2   1   4   1.3e-08   4.9e-07   25.5   0.2    13   146    15   150     5   151 0.68 -
Utg33254:548158-550605   -            816 3060at4891           -            763   3.7e-50  168.1  16.2   2   4   1.3e-17   4.8e-16   55.3   0.6    32   168    80   229    63   236 0.82 -
Utg33254:548158-550605   -            816 3060at4891           -            763   3.7e-50  168.1  16.2   3   4      0.16         6    2.1   0.1    96   128   386   418   379   449 0.58 -
Utg33254:548158-550605   -            816 3060at4891           -            763   3.7e-50  168.1  16.2   4   4   8.6e-35   3.2e-33  112.1   4.2   383   598   453   670   439   679 0.90 -
Utg33258:110720-113473   -            918 3060at4891           -            763     4e-38  128.3  16.0   1   7   3.8e-09   1.4e-07   27.3   2.6   354   532    39   220    37   224 0.72 -
Utg33258:110720-113473   -            918 3060at4891           -            763     4e-38  128.3  16.0   2   7   5.8e-08   2.1e-06   23.4   0.0    55   146   259   351   239   354 0.90 -
Utg33258:110720-113473   -            918 3060at4891           -            763     4e-38  128.3  16.0   3   7   3.8e-14   1.4e-12   43.8   0.1    60   129   349   418   346   430 0.91 -
Utg33258:110720-113473   -            918 3060at4891           -            763     4e-38  128.3  16.0   4   7   5.9e-09   2.2e-07   26.7   0.1    58   129   432   504   423   510 0.90 -
Utg33258:110720-113473   -            918 3060at4891           -            763     4e-38  128.3  16.0   5   7     0.015      0.56    5.5   0.0   416   452   512   548   506   553 0.89 -
Utg33258:110720-113473   -            918 3060at4891           -            763     4e-38  128.3  16.0   6   7       1.1        39   -0.6   0.0   101   139   580   618   567   636 0.67 -
Utg33258:110720-113473   -            918 3060at4891           -            763     4e-38  128.3  16.0   7   7      0.29        11    1.2   0.3   534   604   820   891   803   896 0.80 -
Utg33258:92072-93070     -            333 3060at4891           -            763   7.7e-33  110.8  10.1   1   3   1.1e-16   4.1e-15   52.2   0.8    61   177     9   138     3   165 0.82 -
Utg33258:92072-93070     -            333 3060at4891           -            763   7.7e-33  110.8  10.1   2   3   3.7e-08   1.3e-06   24.0   0.0   517   577   191   252   183   257 0.86 -
Utg33258:92072-93070     -            333 3060at4891           -            763   7.7e-33  110.8  10.1   3   3     2e-12   7.4e-11   38.1   1.3   501   573   260   332   255   333 0.96 -
Utg33276:263327-264145   -            273 3060at4891           -            763   5.6e-31  104.7  10.8   1   3   1.8e-11   6.8e-10   35.0   0.5    74   149     2    75     1    76 0.95 -
Utg33276:263327-264145   -            273 3060at4891           -            763   5.6e-31  104.7  10.8   2   3   1.1e-13   4.2e-12   42.2   1.3   465   549    70   151    69   163 0.91 -
Utg33276:263327-264145   -            273 3060at4891           -            763   5.6e-31  104.7  10.8   3   3   1.7e-11   6.2e-10   35.1   0.1   513   575   204   264   195   271 0.89 -
Utg33250:355322-356656   -            445 3060at4891           -            763   1.2e-28   96.9   3.3   1   3   4.5e-12   1.6e-10   37.0   0.2   470   553   143   226   123   229 0.90 -
Utg33250:355322-356656   -            445 3060at4891           -            763   1.2e-28   96.9   3.3   2   3   2.2e-13   8.1e-12   41.3   0.0    61   144   223   306   220   311 0.94 -
Utg33250:355322-356656   -            445 3060at4891           -            763   1.2e-28   96.9   3.3   3   3   5.1e-07   1.9e-05   20.3   0.1    27   126   315   421   307   425 0.76 -
Utg33286:602204-604594   -            797 3060at4891           -            763   1.9e-28   96.3   5.0   1   3     0.029         1    4.6   0.0    53    86   463   496   438   502 0.79 -
Utg33286:602204-604594   -            797 3060at4891           -            763   1.9e-28   96.3   5.0   2   3   6.4e-18   2.3e-16   56.3   1.2   456   578   520   643   516   650 0.95 -
Utg33286:602204-604594   -            797 3060at4891           -            763   1.9e-28   96.3   5.0   3   3   1.4e-11     5e-10   35.4   0.1    57   127   652   723   637   728 0.84 -
Utg33258:72781-73473     -            231 3060at4891           -            763   1.1e-26   90.5   0.3   1   2   1.8e-13   6.7e-12   41.6   0.0    62   127     4    69     1    76 0.93 -
Utg33258:72781-73473     -            231 3060at4891           -            763   1.1e-26   90.5   0.3   2   2     2e-14   7.3e-13   44.8   0.1   415   548    77   230    72   231 0.85 -
Utg33272:620953-621864   -            304 3060at4891           -            763   5.1e-26   88.3   5.0   1   2   3.4e-17   1.3e-15   53.9   0.0    34   172    12   154     2   197 0.77 -
Utg33272:620953-621864   -            304 3060at4891           -            763   5.1e-26   88.3   5.0   2   2   7.9e-11   2.9e-09   32.9   3.3   467   577   166   283   162   288 0.75 -
Utg33266:273551-274939   -            463 3060at4891           -            763     5e-24   81.7   8.6   1   4      0.12       4.5    2.5   0.0   278   323   155   205   124   209 0.71 -
Utg33266:273551-274939   -            463 3060at4891           -            763     5e-24   81.7   8.6   2   4   6.6e-08   2.4e-06   23.2   0.3   497   587   211   307   176   310 0.77 -
Utg33266:273551-274939   -            463 3060at4891           -            763     5e-24   81.7   8.6   3   4   2.1e-14   7.7e-13   44.7   0.4    58   167   266   380   260   385 0.90 -
Utg33266:273551-274939   -            463 3060at4891           -            763     5e-24   81.7   8.6   4   4   4.5e-11   1.6e-09   33.7   0.4   498   572   387   463   381   463 0.95 -
Utg33280:184911-188507   -           1199 3060at4891           -            763   3.9e-23   78.7   4.7   1   2   1.2e-17   4.4e-16   55.4   0.4   429   573    21   165    12   168 0.93 -
Utg33280:184911-188507   -           1199 3060at4891           -            763   3.9e-23   78.7   4.7   2   2   2.6e-08   9.6e-07   24.5   0.4   475   574   223   323   201   337 0.88 -
Utg33254:902974-905775   -            934 3060at4891           -            763     1e-22   77.4   3.2   1   3   2.7e-08   9.9e-07   24.5   0.0    27   147   173   294   157   301 0.85 -
Utg33254:902974-905775   -            934 3060at4891           -            763     1e-22   77.4   3.2   2   3   8.4e-06   0.00031   16.2   0.1    38   137   436   536   405   538 0.79 -
Utg33254:902974-905775   -            934 3060at4891           -            763     1e-22   77.4   3.2   3   3     6e-12   2.2e-10   36.6   0.1    51   127   533   609   523   615 0.92 -
Utg33284:516003-516881   -            293 3060at4891           -            763   8.9e-22   74.2   1.7   1   4   0.00043     0.016   10.6   0.0    94   127    10    44     4    52 0.79 -
Utg33284:516003-516881   -            293 3060at4891           -            763   8.9e-22   74.2   1.7   2   4   2.6e-07   9.5e-06   21.2   0.1    90   134    68   110    60   114 0.86 -
Utg33284:516003-516881   -            293 3060at4891           -            763   8.9e-22   74.2   1.7   3   4   4.9e-12   1.8e-10   36.8   0.0    67   127   150   208   120   214 0.87 -
Utg33284:516003-516881   -            293 3060at4891           -            763   8.9e-22   74.2   1.7   4   4   0.00065     0.024   10.0   0.1    34    93   200   255   195   293 0.59 -
Utg33252:599677-600387   -            237 3060at4891           -            763   8.6e-21   71.0   2.5   1   3   6.1e-09   2.2e-07   26.6   0.0    70   147    11    87     1    94 0.87 -
Utg33252:599677-600387   -            237 3060at4891           -            763   8.6e-21   71.0   2.5   2   3   2.9e-06   0.00011   17.7   0.0    56   126    80   153    73   154 0.78 -
Utg33252:599677-600387   -            237 3060at4891           -            763   8.6e-21   71.0   2.5   3   3   4.5e-10   1.6e-08   30.4   0.4    35   125   147   237   135   237 0.82 -
Utg33260:715026-716291   -            422 3060at4891           -            763   1.2e-20   70.5   6.9   1   4   4.5e-08   1.6e-06   23.8   3.4   233   400    32   211    11   217 0.74 -
Utg33260:715026-716291   -            422 3060at4891           -            763   1.2e-20   70.5   6.9   2   4   2.6e-05   0.00097   14.6   0.0   464   556   137   233   133   240 0.85 -
Utg33260:715026-716291   -            422 3060at4891           -            763   1.2e-20   70.5   6.9   3   4   6.5e-08   2.4e-06   23.2   0.0    65   134   237   306   233   316 0.91 -
Utg33260:715026-716291   -            422 3060at4891           -            763   1.2e-20   70.5   6.9   4   4     2e-07   7.4e-06   21.6   0.0   503   573   349   419   340   421 0.81 -
Utg33282:153926-154570   -            215 3060at4891           -            763   3.2e-20   69.1   2.9   1   2   7.2e-16   2.6e-14   49.5   0.5    63   173    11   127     3   133 0.87 -
Utg33282:153926-154570   -            215 3060at4891           -            763   3.2e-20   69.1   2.9   2   2     6e-07   2.2e-05   20.0   0.1    96   145   152   199   145   215 0.65 -
Utg33278:290557-291411   -            285 3060at4891           -            763   3.8e-19   65.6   8.2   1   3   1.1e-05   0.00039   15.9   0.2   541   573     1    32     1    36 0.89 -
Utg33278:290557-291411   -            285 3060at4891           -            763   3.8e-19   65.6   8.2   2   3   4.8e-11   1.8e-09   33.6   0.3    97   165   112   183   104   207 0.55 -
Utg33278:290557-291411   -            285 3060at4891           -            763   3.8e-19   65.6   8.2   3   3   0.00031     0.011   11.1   0.1    91   165   208   283   202   285 0.60 -
Utg33286:208777-211296   -            840 3060at4891           -            763   1.3e-18   63.8   5.2   1   4     6e-05    0.0022   13.4   0.0   369   399    17    47     9    59 0.85 -
Utg33286:208777-211296   -            840 3060at4891           -            763   1.3e-18   63.8   5.2   2   4   0.00017    0.0061   12.0   0.0    91   130    72   111    66   115 0.90 -
Utg33286:208777-211296   -            840 3060at4891           -            763   1.3e-18   63.8   5.2   3   4   1.2e-09   4.4e-08   28.9   1.2   496   574   130   208   126   223 0.92 -
Utg33286:208777-211296   -            840 3060at4891           -            763   1.3e-18   63.8   5.2   4   4    0.0031      0.12    7.7   0.0    65   125   322   383   297   391 0.83 -
Utg33286:568524-569420   -            299 3060at4891           -            763   1.9e-18   63.2   1.8   1   3   3.2e-16   1.2e-14   50.7   0.2    30   194    15   181     2   184 0.80 -
Utg33286:568524-569420   -            299 3060at4891           -            763   1.9e-18   63.2   1.8   2   3    0.0039      0.14    7.4   0.1    59    95   177   213   167   254 0.58 -
Utg33286:568524-569420   -            299 3060at4891           -            763   1.9e-18   63.2   1.8   3   3     0.016      0.57    5.4   0.0    67    97   237   270   215   298 0.72 -
Utg33260:804929-806305   -            459 3060at4891           -            763   2.5e-18   62.9   7.6   1   4     4e-08   1.5e-06   23.9   0.1   500   591   100   189    96   200 0.70 -
Utg33260:804929-806305   -            459 3060at4891           -            763   2.5e-18   62.9   7.6   2   4   7.5e-05    0.0027   13.1   0.1   456   489   203   235   193   240 0.84 -
Utg33260:804929-806305   -            459 3060at4891           -            763   2.5e-18   62.9   7.6   3   4    0.0014      0.05    8.9   0.2   151   174   304   327   278   340 0.69 -
Utg33260:804929-806305   -            459 3060at4891           -            763   2.5e-18   62.9   7.6   4   4   1.8e-08   6.5e-07   25.1   0.4    36   152   311   431   306   443 0.75 -
Utg33272:41615-42964     -            450 3060at4891           -            763     5e-18   61.8  10.6   1   3   8.3e-12   3.1e-10   36.1   5.4   421   548    80   207    61   210 0.89 -
Utg33272:41615-42964     -            450 3060at4891           -            763     5e-18   61.8  10.6   2   3     2e-11   7.2e-10   34.9   3.6   470   573   172   275   166   282 0.92 -
Utg33272:41615-42964     -            450 3060at4891           -            763     5e-18   61.8  10.6   3   3    0.0024     0.089    8.1   0.0   500   531   332   363   329   367 0.93 -
Utg33274:551190-551825   -            212 3060at4891           -            763   5.4e-18   61.7   1.9   1   3   0.00083      0.03    9.6   0.0   139   172     1    37     1    55 0.67 -
Utg33274:551190-551825   -            212 3060at4891           -            763   5.4e-18   61.7   1.9   2   3   6.6e-15   2.4e-13   46.4   0.0    67   132    75   136    61   154 0.83 -
Utg33274:551190-551825   -            212 3060at4891           -            763   5.4e-18   61.7   1.9   3   3     0.054         2    3.7   0.1    26    83   157   212   153   212 0.78 -
Utg33264:423360-425204   -            615 3060at4891           -            763   6.2e-18   61.5   3.1   1   4   0.00069     0.025    9.9   0.0    45   126     7    94     1   101 0.77 -
Utg33264:423360-425204   -            615 3060at4891           -            763   6.2e-18   61.5   3.1   2   4   1.3e-08   4.7e-07   25.6   0.8    31   163   225   363   210   377 0.67 -
Utg33264:423360-425204   -            615 3060at4891           -            763   6.2e-18   61.5   3.1   3   4    0.0043      0.16    7.3   0.0    37   146   429   537   407   539 0.62 -
Utg33264:423360-425204   -            615 3060at4891           -            763   6.2e-18   61.5   3.1   4   4   1.4e-05    0.0005   15.6   0.1    56   130   541   615   524   615 0.80 -
Utg33280:1173255-1174484 -            410 3060at4891           -            763   1.2e-17   60.6   0.1   1   3   2.1e-12   7.6e-11   38.1   0.0   501   577   115   193   110   199 0.89 -
Utg33280:1173255-1174484 -            410 3060at4891           -            763   1.2e-17   60.6   0.1   2   3     2e-05   0.00072   15.0   0.1   524   574   225   277   212   281 0.55 -
Utg33280:1173255-1174484 -            410 3060at4891           -            763   1.2e-17   60.6   0.1   3   3     0.069       2.5    3.3   0.0    54   128   289   368   281   390 0.73 -
Utg33264:535479-536516   -            346 3060at4891           -            763     3e-17   59.3   1.3   1   3     2e-12   7.2e-11   38.2   0.1    92   172     4    89     2    94 0.69 -
Utg33264:535479-536516   -            346 3060at4891           -            763     3e-17   59.3   1.3   2   3   2.9e-06   0.00011   17.8   0.1    59   138   156   236   120   262 0.80 -
Utg33264:535479-536516   -            346 3060at4891           -            763     3e-17   59.3   1.3   3   3      0.44        16    0.6   0.0   536   573   284   321   266   343 0.81 -
Utg33286:433779-435383   -            535 3060at4891           -            763   3.3e-17   59.1   4.9   1   3   1.5e-09   5.5e-08   28.6   0.4    47   134   211   297   180   313 0.87 -
Utg33286:433779-435383   -            535 3060at4891           -            763   3.3e-17   59.1   4.9   2   3   2.4e-10   8.7e-09   31.3   0.3    77   168   338   433   306   447 0.86 -
Utg33286:433779-435383   -            535 3060at4891           -            763   3.3e-17   59.1   4.9   3   3       1.3        49   -1.0   0.0   423   452   446   475   437   490 0.65 -
Utg33252:182104-184458   -            785 3060at4891           -            763   1.3e-16   57.2  14.9   1   5   8.2e-09     3e-07   26.2   0.2    63   574    22   131     3   145 0.47 -
Utg33252:182104-184458   -            785 3060at4891           -            763   1.3e-16   57.2  14.9   2   5     0.013      0.47    5.7   0.0   534   602   191   264   186   276 0.69 -
Utg33252:182104-184458   -            785 3060at4891           -            763   1.3e-16   57.2  14.9   3   5     0.052       1.9    3.7   0.2    95   127   278   310   268   322 0.87 -
Utg33252:182104-184458   -            785 3060at4891           -            763   1.3e-16   57.2  14.9   4   5      0.32        12    1.1   0.1   517   572   354   412   344   417 0.80 -
Utg33252:182104-184458   -            785 3060at4891           -            763   1.3e-16   57.2  14.9   5   5     7e-09   2.6e-07   26.4   0.1   456   577   553   687   551   696 0.81 -
Utg33264:472274-472759   -            162 3060at4891           -            763   1.3e-16   57.2   4.1   1   2   9.4e-07   3.5e-05   19.4   0.3    93   166    13    97     1   102 0.55 -
Utg33264:472274-472759   -            162 3060at4891           -            763   1.3e-16   57.2   4.1   2   2   1.3e-12   4.6e-11   38.8   0.4   454   515   101   161    95   162 0.93 -
Utg33284:39261-41405     -            715 3060at4891           -            763     3e-16   56.0  12.2   1   4     0.011      0.39    6.0   0.3   541   576     9    43     3    53 0.63 -
Utg33284:39261-41405     -            715 3060at4891           -            763     3e-16   56.0  12.2   2   4   2.5e-08   9.1e-07   24.6   3.1   455   560    93   194    77   194 0.87 -
Utg33284:39261-41405     -            715 3060at4891           -            763     3e-16   56.0  12.2   3   4   1.4e-14   5.1e-13   45.3   1.8   469   576   146   250   130   256 0.86 -
Utg33284:39261-41405     -            715 3060at4891           -            763     3e-16   56.0  12.2   4   4     0.081         3    3.1   0.1   369   400   261   291   251   321 0.72 -
Utg33254:112986-114440   -            485 3060at4891           -            763   1.2e-15   53.9  11.4   1   5   4.3e-05    0.0016   13.9   0.0    68   105    80   117    67   123 0.87 -
Utg33254:112986-114440   -            485 3060at4891           -            763   1.2e-15   53.9  11.4   2   5     0.033       1.2    4.4   0.2   475   497   135   157   129   174 0.56 -
Utg33254:112986-114440   -            485 3060at4891           -            763   1.2e-15   53.9  11.4   3   5   1.3e-05   0.00049   15.6   0.1    52   130   175   252   159   265 0.84 -
Utg33254:112986-114440   -            485 3060at4891           -            763   1.2e-15   53.9  11.4   4   5   1.6e-05   0.00058   15.3   0.0   514   575   273   335   266   339 0.90 -
Utg33254:112986-114440   -            485 3060at4891           -            763   1.2e-15   53.9  11.4   5   5    0.0036      0.13    7.6   0.1   464   488   351   375   340   381 0.80 -
Utg33284:404641-405864   -            408 3060at4891           -            763   2.4e-15   53.0   5.0   1   3   3.6e-06   0.00013   17.5   0.0    91   147    39    93    30   107 0.86 -
Utg33284:404641-405864   -            408 3060at4891           -            763   2.4e-15   53.0   5.0   2   3   6.6e-09   2.4e-07   26.5   1.4   513   573   111   171    94   177 0.94 -
Utg33284:404641-405864   -            408 3060at4891           -            763   2.4e-15   53.0   5.0   3   3    0.0017     0.061    8.6   0.0    93   130   289   328   280   351 0.77 -
Utg33270:160100-161374   -            425 3060at4891           -            763   1.9e-14   50.0   0.8   1   3   3.7e-07   1.3e-05   20.7   0.0   333   399    31   102    19   111 0.79 -
Utg33270:160100-161374   -            425 3060at4891           -            763   1.9e-14   50.0   0.8   2   3   1.4e-07     5e-06   22.2   0.1   328   420   168   265   162   285 0.81 -
Utg33270:160100-161374   -            425 3060at4891           -            763   1.9e-14   50.0   0.8   3   3     0.042       1.5    4.0   0.3    68   128   280   343   261   348 0.67 -
Utg33280:972936-973901   -            322 3060at4891           -            763   3.5e-14   49.1  17.8   1   2   3.4e-15   1.3e-13   47.3  14.2   371   577    13   228    10   236 0.83 -
Utg33280:972936-973901   -            322 3060at4891           -            763   3.5e-14   49.1  17.8   2   2      0.38        14    0.9   0.1   368   396   288   321   259   322 0.72 -
Utg33252:601172-601942   -            257 3060at4891           -            763   4.3e-14   48.8   0.4   1   2   1.9e-13   6.9e-12   41.5   0.1    71   178    45   157    16   191 0.78 -
Utg33252:601172-601942   -            257 3060at4891           -            763   4.3e-14   48.8   0.4   2   2      0.01      0.37    6.1   0.0    61   127   185   253   175   257 0.65 -
Utg33252:801434-802276   -            281 3060at4891           -            763   6.2e-14   48.3   4.4   1   4    0.0056       0.2    6.9   0.1    39    94     6    60     2    74 0.78 -
Utg33252:801434-802276   -            281 3060at4891           -            763   6.2e-14   48.3   4.4   2   4   1.5e-10   5.7e-09   31.9   0.3    68   146    75   154    66   160 0.89 -
Utg33252:801434-802276   -            281 3060at4891           -            763   6.2e-14   48.3   4.4   3   4      0.42        16    0.7   0.1    67   123   160   217   140   220 0.75 -
Utg33252:801434-802276   -            281 3060at4891           -            763   6.2e-14   48.3   4.4   4   4    0.0018     0.066    8.5   0.0   347   398   222   275   211   277 0.81 -
Utg33252:1007956-1009143 -            396 3060at4891           -            763   2.7e-12   42.9   0.4   1   3      0.02      0.74    5.1   0.0   143   165    22    44    12    77 0.78 -
Utg33252:1007956-1009143 -            396 3060at4891           -            763   2.7e-12   42.9   0.4   2   3    0.0013     0.047    9.0   0.0    55   102   184   231   167   257 0.76 -
Utg33252:1007956-1009143 -            396 3060at4891           -            763   2.7e-12   42.9   0.4   3   3   1.6e-08   5.8e-07   25.2   0.1   350   426   272   346   265   352 0.75 -
Utg33250:539243-540199   -            319 3060at4891           -            763   6.8e-12   41.6   0.5   1   2   3.6e-08   1.3e-06   24.1   0.7   463   531    42   113    34   119 0.84 -
Utg33250:539243-540199   -            319 3060at4891           -            763   6.8e-12   41.6   0.5   2   2   1.6e-05   0.00058   15.3   0.0    67   129   158   223   134   238 0.77 -
Utg33250:420303-423338   -           1012 3060at4891           -            763   1.9e-11   40.1  17.2   1   4   5.3e-11     2e-09   33.4   5.9   482   600   158   273     4   284 0.62 -
Utg33250:420303-423338   -           1012 3060at4891           -            763   1.9e-11   40.1  17.2   2   4      0.29        11    1.2   0.1   363   398   265   300   254   312 0.80 -
Utg33250:420303-423338   -           1012 3060at4891           -            763   1.9e-11   40.1  17.2   3   4      0.21       7.9    1.7   0.4   294   356   769   843   680   848 0.71 -
Utg33250:420303-423338   -           1012 3060at4891           -            763   1.9e-11   40.1  17.2   4   4     0.017      0.61    5.3   0.1   358   402   926   969   909   994 0.73 -
Utg33258:292691-294859   -            723 3060at4891           -            763     4e-11   39.0   0.7   1   3   3.9e-05    0.0014   14.0   0.0   367   447   301   378   289   384 0.84 -
Utg33258:292691-294859   -            723 3060at4891           -            763     4e-11   39.0   0.7   2   3   1.1e-06     4e-05   19.2   0.1    33   101   614   683   595   688 0.66 -
Utg33258:292691-294859   -            723 3060at4891           -            763     4e-11   39.0   0.7   3   3      0.21       7.5    1.7   0.0    65    85   701   721   686   723 0.80 -
Utg33286:596703-597521   -            273 3060at4891           -            763   1.9e-10   36.8   2.3   1   2     0.016      0.57    5.4   0.1    51    86    52    87    41    99 0.60 -
Utg33286:596703-597521   -            273 3060at4891           -            763   1.9e-10   36.8   2.3   2   2   3.9e-10   1.4e-08   30.6   0.3    33   125   173   268   153   272 0.82 -
Utg33264:425741-427279   -            513 3060at4891           -            763     2e-10   36.7   0.0   1   1   1.2e-11   4.5e-10   35.5   0.0    30   223    56   266    26   278 0.70 -
Utg33280:97557-101366    -           1270 3060at4891           -            763   4.9e-10   35.4   6.2   1   3   8.3e-08     3e-06   22.9   0.5    33   127    38   138    25   143 0.81 -
Utg33280:97557-101366    -           1270 3060at4891           -            763   4.9e-10   35.4   6.2   2   3   2.1e-05   0.00078   14.9   0.2    20   126   166   286   155   301 0.61 -
Utg33280:97557-101366    -           1270 3060at4891           -            763   4.9e-10   35.4   6.2   3   3    0.0024     0.087    8.1   0.0   501   606   255   362   252   373 0.78 -
Utg33278:374473-375567   -            365 3060at4891           -            763   6.3e-10   35.1   0.3   1   2   5.8e-09   2.1e-07   26.7   0.1   307   447    51   201    45   209 0.73 -
Utg33278:374473-375567   -            365 3060at4891           -            763   6.3e-10   35.1   0.3   2   2      0.22         8    1.6   0.0   508   559   274   325   269   335 0.75 -
Utg33280:679738-683163   -           1142 3060at4891           -            763     7e-10   34.9   0.1   1   1   3.1e-11   1.2e-09   34.2   0.1    29   167    81   230    67   246 0.77 -
Utg33272:569414-570577   -            388 3060at4891           -            763   1.1e-09   34.2   0.2   1   3     0.069       2.5    3.3   0.0    62   115    20    75     3    78 0.69 -
Utg33272:569414-570577   -            388 3060at4891           -            763   1.1e-09   34.2   0.2   2   3     5e-07   1.8e-05   20.3   0.0    26   129    70   179    64   188 0.78 -
Utg33272:569414-570577   -            388 3060at4891           -            763   1.1e-09   34.2   0.2   3   3    0.0021     0.077    8.3   0.0   501   532   288   321   283   324 0.85 -
Utg33254:953723-955675   -            651 3060at4891           -            763   1.1e-09   34.2   0.0   1   3    0.0005     0.018   10.4   0.0    93   129    76   113    65   123 0.85 -
Utg33254:953723-955675   -            651 3060at4891           -            763   1.1e-09   34.2   0.0   2   3   7.7e-07   2.8e-05   19.7   0.0   501   579   138   216   131   224 0.60 -
Utg33254:953723-955675   -            651 3060at4891           -            763   1.1e-09   34.2   0.0   3   3      0.98        36   -0.5   0.0    18    90   229   310   224   334 0.69 -
Utg33252:778648-779688   -            347 3060at4891           -            763   1.9e-09   33.5   6.8   1   3   4.5e-06   0.00016   17.1   2.8   501   578     7    90     5   101 0.86 -
Utg33252:778648-779688   -            347 3060at4891           -            763   1.9e-09   33.5   6.8   2   3      0.04       1.5    4.1   0.0    66    88   226   248   168   281 0.65 -
Utg33252:778648-779688   -            347 3060at4891           -            763   1.9e-09   33.5   6.8   3   3   0.00011    0.0039   12.6   0.1   540   576   299   335   291   340 0.87 -
Utg33280:1084844-1087099 -            752 3060at4891           -            763   3.9e-09   32.4  10.2   1   3    0.0085      0.31    6.3   0.3    46   166    64   193    25   207 0.61 -
Utg33280:1084844-1087099 -            752 3060at4891           -            763   3.9e-09   32.4  10.2   2   3   1.8e-07   6.7e-06   21.7   0.1    53   123   211   281   191   285 0.85 -
Utg33280:1084844-1087099 -            752 3060at4891           -            763   3.9e-09   32.4  10.2   3   3     0.003      0.11    7.8   1.2     7   165   344   505   338   597 0.75 -
Utg33254:528409-529254   -            282 3060at4891           -            763   1.4e-08   30.6   3.5   1   2   4.2e-07   1.5e-05   20.5   0.2   516   576    15    79     1    87 0.85 -
Utg33254:528409-529254   -            282 3060at4891           -            763   1.4e-08   30.6   3.5   2   2   0.00033     0.012   11.0   0.4   513   578   161   233   157   276 0.83 -
Utg33252:840370-842424   -            685 3060at4891           -            763   1.7e-08   30.4   0.0   1   1   6.3e-10   2.3e-08   29.9   0.0   433   558    12   140     1   164 0.60 -
Utg33280:492254-493048   -            265 3060at4891           -            763   2.6e-08   29.7   0.2   1   3   7.8e-07   2.9e-05   19.7   0.1   506   567     5    68     1    77 0.77 -
Utg33280:492254-493048   -            265 3060at4891           -            763   2.6e-08   29.7   0.2   2   3    0.0052      0.19    7.0   0.0    59    92    97   131    73   163 0.66 -
Utg33280:492254-493048   -            265 3060at4891           -            763   2.6e-08   29.7   0.2   3   3       1.9        70   -1.5   0.0    97   126   165   194   157   206 0.73 -
Utg33260:798963-799658   -            232 3060at4891           -            763   2.7e-08   29.6  13.5   1   3    0.0086      0.32    6.3   0.2    58   129     3    84     1    86 0.60 -
Utg33260:798963-799658   -            232 3060at4891           -            763   2.7e-08   29.6  13.5   2   3   1.2e-08   4.4e-07   25.7   8.6   475   571    67   167    57   174 0.86 -
Utg33260:798963-799658   -            232 3060at4891           -            763   2.7e-08   29.6  13.5   3   3      0.34        12    1.0   0.1   559   573   218   232   213   232 0.60 -
Utg33286:756891-759491   -            867 3060at4891           -            763   3.3e-08   29.4   3.4   1   3   0.00023    0.0083   11.5   0.0   501   577     7    91     4    99 0.73 -
Utg33286:756891-759491   -            867 3060at4891           -            763   3.3e-08   29.4   3.4   2   3       0.2       7.3    1.8   0.0   144   171   235   262   229   271 0.80 -
Utg33286:756891-759491   -            867 3060at4891           -            763   3.3e-08   29.4   3.4   3   3   8.2e-05     0.003   13.0   0.2   155   186   294   326   287   348 0.82 -
Utg33264:511151-512683   -            511 3060at4891           -            763   1.3e-07   27.4   0.5   1   2       4.2   1.6e+02   -2.6   0.0    59    89   217   247   205   256 0.69 -
Utg33264:511151-512683   -            511 3060at4891           -            763   1.3e-07   27.4   0.5   2   2   1.8e-08   6.7e-07   25.0   0.7    21   131   328   451   315   469 0.67 -
Utg33264:63257-64636     -            460 3060at4891           -            763   6.5e-07   25.1   0.9   1   4      0.29        11    1.2   0.0   371   401    15    47     3    61 0.54 -
Utg33264:63257-64636     -            460 3060at4891           -            763   6.5e-07   25.1   0.9   2   4   0.00097     0.035    9.4   0.0    86   126    59    99    49   102 0.88 -
Utg33264:63257-64636     -            460 3060at4891           -            763   6.5e-07   25.1   0.9   3   4   0.00081      0.03    9.7   0.1    53   133   142   223   116   237 0.78 -
Utg33264:63257-64636     -            460 3060at4891           -            763   6.5e-07   25.1   0.9   4   4      0.76        28   -0.1   0.0    67   119   341   394   284   403 0.61 -
Utg33266:189506-191224   -            573 3060at4891           -            763   1.6e-06   23.8   0.0   1   4    0.0016     0.059    8.7   0.0   528   574   219   265   214   273 0.82 -
Utg33266:189506-191224   -            573 3060at4891           -            763   1.6e-06   23.8   0.0   2   4     3e-06   0.00011   17.7   0.0   459   577   234   354   230   364 0.92 -
Utg33266:189506-191224   -            573 3060at4891           -            763   1.6e-06   23.8   0.0   3   4       1.7        63   -1.3   0.0   138   172   400   435   391   443 0.59 -
Utg33266:189506-191224   -            573 3060at4891           -            763   1.6e-06   23.8   0.0   4   4       0.4        15    0.8   0.0    61   106   477   526   455   533 0.62 -
Utg33264:345441-347774   -            778 3060at4891           -            763   1.9e-06   23.5   0.3   1   3   0.00018    0.0068   11.8   0.0    94   134   404   444   399   452 0.88 -
Utg33264:345441-347774   -            778 3060at4891           -            763   1.9e-06   23.5   0.3   2   3    0.0017     0.062    8.6   0.0   351   403   632   685   608   723 0.70 -
Utg33264:345441-347774   -            778 3060at4891           -            763   1.9e-06   23.5   0.3   3   3    0.0031      0.12    7.7   0.1   467   537   657   728   650   777 0.81 -
Utg33264:442574-443518   -            315 3060at4891           -            763   2.5e-06   23.2   3.9   1   2   4.7e-07   1.7e-05   20.4   1.9   386   530     3   159     1   177 0.68 -
Utg33264:442574-443518   -            315 3060at4891           -            763   2.5e-06   23.2   3.9   2   2      0.19       6.8    1.9   0.0    71    99   257   285   219   313 0.64 -
Utg33260:126950-130279   -           1110 3060at4891           -            763     3e-06   22.9   1.9   1   3       4.1   1.5e+02   -2.6   0.0   384   401   178   195   171   211 0.62 -
Utg33260:126950-130279   -           1110 3060at4891           -            763     3e-06   22.9   1.9   2   3   9.5e-06   0.00035   16.1   0.0    73   127   242   297   223   314 0.84 -
Utg33260:126950-130279   -           1110 3060at4891           -            763     3e-06   22.9   1.9   3   3     0.023      0.86    4.9   0.0   298   368   394   469   372   488 0.74 -
Utg33260:357265-358272   -            336 3060at4891           -            763   9.8e-06   21.2   1.3   1   2    0.0032      0.12    7.7   0.4   301   424    19   154     1   179 0.60 -
Utg33260:357265-358272   -            336 3060at4891           -            763   9.8e-06   21.2   1.3   2   2   0.00016    0.0059   12.0   0.0   364   443   245   325   240   331 0.80 -
Utg33284:411405-412382   -            326 3060at4891           -            763   1.1e-05   21.0   0.1   1   2   4.8e-06   0.00018   17.0   0.0    36   127    47   139    14   146 0.69 -
Utg33284:411405-412382   -            326 3060at4891           -            763   1.1e-05   21.0   0.1   2   2      0.76        28   -0.2   0.0    58    97   200   239   172   276 0.67 -
Utg33272:171151-171954   -            268 3060at4891           -            763   1.5e-05   20.6   1.1   1   1   4.9e-07   1.8e-05   20.3   0.3    32   167   114   262    83   268 0.67 -
Utg33278:325350-326984   -            545 3060at4891           -            763   4.8e-05   18.9   1.6   1   1   1.4e-06   5.1e-05   18.8   0.0    37   138   206   306   187   340 0.80 -
Utg33280:710657-711772   -            372 3060at4891           -            763   5.2e-05   18.8   0.1   1   3   0.00017    0.0064   11.9   0.0    62   148    69   155    39   161 0.77 -
Utg33280:710657-711772   -            372 3060at4891           -            763   5.2e-05   18.8   0.1   2   3      0.28        10    1.3   0.0    70   400   235   252   162   265 0.70 -
Utg33280:710657-711772   -            372 3060at4891           -            763   5.2e-05   18.8   0.1   3   3      0.19       6.9    1.9   0.1   555   575   294   314   268   329 0.73 -
Utg33254:230969-232759   -            597 3060at4891           -            763   8.3e-05   18.1   0.1   1   3     1e-05   0.00038   15.9   0.0    56   148   256   353   210   362 0.78 -
Utg33254:230969-232759   -            597 3060at4891           -            763   8.3e-05   18.1   0.1   2   3       6.3   2.3e+02   -3.2   0.0   470   488   422   440   412   450 0.46 -
Utg33254:230969-232759   -            597 3060at4891           -            763   8.3e-05   18.1   0.1   3   3         3   1.1e+02   -2.1   0.0   285   324   496   535   468   566 0.69 -
Utg33272:296898-298559   -            554 3060at4891           -            763   8.3e-05   18.1   1.6   1   2   3.7e-05    0.0014   14.1   0.3    75   129   115   170   105   227 0.80 -
Utg33272:296898-298559   -            554 3060at4891           -            763   8.3e-05   18.1   1.6   2   2      0.15       5.7    2.1   0.0    57    95   345   383   302   395 0.75 -
Utg33278:408592-410046   -            485 3060at4891           -            763   0.00041   15.8   0.0   1   1   2.5e-05   0.00091   14.7   0.0    76   128   332   386   292   394 0.84 -
Utg33252:758457-761789   -           1111 3060at4891           -            763   0.00059   15.3   0.0   1   3       3.1   1.1e+02   -2.2   0.0    56    99    29    71    23    93 0.60 -
Utg33252:758457-761789   -           1111 3060at4891           -            763   0.00059   15.3   0.0   2   3   9.5e-05    0.0035   12.8   0.0    62   109   163   210   118   221 0.77 -
Utg33252:758457-761789   -           1111 3060at4891           -            763   0.00059   15.3   0.0   3   3       2.6        97   -1.9   0.0   341   397   268   325   262   332 0.85 -
Utg33286:9307-12327      -           1007 3060at4891           -            763   0.00062   15.2   3.5   1   3    0.0011     0.041    9.2   0.5    52   169    36   155     4   167 0.75 -
Utg33286:9307-12327      -           1007 3060at4891           -            763   0.00062   15.2   3.5   2   3     0.015      0.57    5.5   0.0    60    91   462   493   421   546 0.67 -
Utg33286:9307-12327      -           1007 3060at4891           -            763   0.00062   15.2   3.5   3   3       5.2   1.9e+02   -2.9   0.0    53    91   592   630   581   634 0.77 -
Utg33282:74682-75656     -            325 3060at4891           -            763    0.0012   14.3   0.4   1   2       4.7   1.7e+02   -2.8   0.0   341   367   101   125    70   128 0.56 -
Utg33282:74682-75656     -            325 3060at4891           -            763    0.0012   14.3   0.4   2   2   0.00027    0.0098   11.3   0.1    77   131   221   276   219   321 0.44 -
Utg33254:512805-514526   -            574 3060at4891           -            763    0.0069   11.8   4.2   1   3    0.0013     0.046    9.0   1.3    47   127   278   361   262   374 0.65 -
Utg33254:512805-514526   -            574 3060at4891           -            763    0.0069   11.8   4.2   2   3      0.11         4    2.7   0.1    37   115   356   439   339   453 0.64 -
Utg33254:512805-514526   -            574 3060at4891           -            763    0.0069   11.8   4.2   3   3       1.2        44   -0.8   0.0    27   402   490   510   469   539 0.53 -
Utg33286:677358-678497   -            380 3060at4891           -            763     0.011   11.1   0.1   1   1    0.0018     0.068    8.5   0.1   428   489    24    86    14   178 0.65 -
Utg33284:222267-222827   -            187 3060at4891           -            763     0.013   10.9   0.2   1   2   0.00081      0.03    9.7   0.1   468   530     9    70     1   115 0.71 -
Utg33284:222267-222827   -            187 3060at4891           -            763     0.013   10.9   0.2   2   2       2.2        80   -1.7   0.0   112   127   168   183   152   186 0.58 -
#
# Program:         hmmsearch
# Version:         3.1b2 (February 2015)
# Pipeline mode:   SEARCH
# Query file:      /home/inf-34-2022/Documents/BINP29/DeNovo_LongReads/Busco/busco_downloads/lineages/saccharomycetes_odb10/hmms/3060at4891.hmm
# Target file:     /home/inf-34-2022/Documents/BINP29/DeNovo_LongReads/Busco/busco_output/run_saccharomycetes_odb10/metaeuk_output/initial_results/SRRoutput.fasta.modified.fas
# Option settings: hmmsearch --domtblout /home/inf-34-2022/Documents/BINP29/DeNovo_LongReads/Busco/busco_output/run_saccharomycetes_odb10/hmmer_output/initial_run_results/3060at4891.out --cpu 1 /home/inf-34-2022/Documents/BINP29/DeNovo_LongReads/Busco/busco_downloads/lineages/saccharomycetes_odb10/hmms/3060at4891.hmm /home/inf-34-2022/Documents/BINP29/DeNovo_LongReads/Busco/busco_output/run_saccharomycetes_odb10/metaeuk_output/initial_results/SRRoutput.fasta.modified.fas 
# Current dir:     /home/inf-34-2022/Documents/BINP29/DeNovo_LongReads/Busco
# Date:            Fri Feb 24 12:02:52 2023
# [ok]
