#                                                                              --- full sequence --- -------------- this domain -------------   hmm coord   ali coord   env coord
# target name          accession   tlen query name           accession   qlen   E-value  score  bias   #  of  c-Evalue  i-Evalue  score  bias  from    to  from    to  from    to  acc description of target
#  ------------------- ---------- ----- -------------------- ---------- ----- --------- ------ ----- --- --- --------- --------- ------ ----- ----- ----- ----- ----- ----- ----- ---- ---------------------
Utg33250:443893-446616 -            908 3385at4891           -            488  5.2e-188  623.2  28.3   1   2  3.1e-176  2.7e-173  574.7  23.1     2   447    13   552    12   567 0.84 -
Utg33250:443893-446616 -            908 3385at4891           -            488  5.2e-188  623.2  28.3   2   2   6.7e-16     6e-13   45.8   1.5   384   488   531   649   519   649 0.78 -
Utg33266:11617-14112   -            832 3385at4891           -            488   1.8e-28   97.0  12.7   1   3   5.3e-25   4.8e-22   75.8   0.3    14   180     3   176     1   199 0.89 -
Utg33266:11617-14112   -            832 3385at4891           -            488   1.8e-28   97.0  12.7   2   3   1.1e-09     1e-06   25.3   5.1   262   389   317   463   312   499 0.74 -
Utg33266:11617-14112   -            832 3385at4891           -            488   1.8e-28   97.0  12.7   3   3     0.093        83   -0.8   0.2   352   422   450   526   448   530 0.55 -
Utg33284:194468-195892 -            475 3385at4891           -            488     4e-09   33.2   1.9   1   2   4.5e-12     4e-09   33.2   1.9    42   209    17   191    12   212 0.81 -
Utg33284:194468-195892 -            475 3385at4891           -            488     4e-09   33.2   1.9   2   2     0.012        10    2.1   1.1   176   203   238   265   220   401 0.83 -
#
# Program:         hmmsearch
# Version:         3.1b2 (February 2015)
# Pipeline mode:   SEARCH
# Query file:      /home/inf-34-2022/Documents/BINP29/DeNovo_LongReads/Busco/busco_downloads/lineages/saccharomycetes_odb10/hmms/3385at4891.hmm
# Target file:     /home/inf-34-2022/Documents/BINP29/DeNovo_LongReads/Busco/busco_output/run_saccharomycetes_odb10/metaeuk_output/initial_results/SRRoutput.fasta.modified.fas
# Option settings: hmmsearch --domtblout /home/inf-34-2022/Documents/BINP29/DeNovo_LongReads/Busco/busco_output/run_saccharomycetes_odb10/hmmer_output/initial_run_results/3385at4891.out --cpu 1 /home/inf-34-2022/Documents/BINP29/DeNovo_LongReads/Busco/busco_downloads/lineages/saccharomycetes_odb10/hmms/3385at4891.hmm /home/inf-34-2022/Documents/BINP29/DeNovo_LongReads/Busco/busco_output/run_saccharomycetes_odb10/metaeuk_output/initial_results/SRRoutput.fasta.modified.fas 
# Current dir:     /home/inf-34-2022/Documents/BINP29/DeNovo_LongReads/Busco
# Date:            Fri Feb 24 12:02:58 2023
# [ok]
