#                                                                              --- full sequence --- -------------- this domain -------------   hmm coord   ali coord   env coord
# target name          accession   tlen query name           accession   qlen   E-value  score  bias   #  of  c-Evalue  i-Evalue  score  bias  from    to  from    to  from    to  acc description of target
#  ------------------- ---------- ----- -------------------- ---------- ----- --------- ------ ----- --- --- --------- --------- ------ ----- ----- ----- ----- ----- ----- ----- ---- ---------------------
Utg33280:524922-525251 -            110 34824at4891          -             79   5.7e-42  139.0   0.9   1   1     2e-44   1.3e-41  137.8   0.9     3    79    23   110    21   110 0.91 -
Utg33252:674510-675436 -            309 34824at4891          -             79   4.5e-10   36.8   0.9   1   2       3.4   2.3e+03   -3.9   0.1    40    51   183   194   180   200 0.66 -
Utg33252:674510-675436 -            309 34824at4891          -             79   4.5e-10   36.8   0.9   2   2   6.7e-13   4.5e-10   36.8   0.9    43    77   272   307   264   309 0.92 -
Utg33274:191142-191516 -            125 34824at4891          -             79     3e-08   31.0   1.1   1   2      0.63   4.2e+02   -1.5   0.0     4    19    28    43    26    58 0.62 -
Utg33274:191142-191516 -            125 34824at4891          -             79     3e-08   31.0   1.1   2   2   5.8e-11   3.9e-08   30.6   0.2    40    79    84   124    55   124 0.86 -
Utg33252:718093-718458 -            122 34824at4891          -             79   0.00079   16.8   0.9   1   2     0.048        32    2.1   0.0     2    12    25    35    24    52 0.86 -
Utg33252:718093-718458 -            122 34824at4891          -             79   0.00079   16.8   0.9   2   2   1.4e-05    0.0096   13.3   0.2    43    74    76   108    68   113 0.86 -
#
# Program:         hmmsearch
# Version:         3.1b2 (February 2015)
# Pipeline mode:   SEARCH
# Query file:      /home/inf-34-2022/Documents/BINP29/DeNovo_LongReads/Busco/busco_downloads/lineages/saccharomycetes_odb10/hmms/34824at4891.hmm
# Target file:     /home/inf-34-2022/Documents/BINP29/DeNovo_LongReads/Busco/busco_output/run_saccharomycetes_odb10/metaeuk_output/initial_results/SRRoutput.fasta.modified.fas
# Option settings: hmmsearch --domtblout /home/inf-34-2022/Documents/BINP29/DeNovo_LongReads/Busco/busco_output/run_saccharomycetes_odb10/hmmer_output/initial_run_results/34824at4891.out --cpu 1 /home/inf-34-2022/Documents/BINP29/DeNovo_LongReads/Busco/busco_downloads/lineages/saccharomycetes_odb10/hmms/34824at4891.hmm /home/inf-34-2022/Documents/BINP29/DeNovo_LongReads/Busco/busco_output/run_saccharomycetes_odb10/metaeuk_output/initial_results/SRRoutput.fasta.modified.fas 
# Current dir:     /home/inf-34-2022/Documents/BINP29/DeNovo_LongReads/Busco
# Date:            Fri Feb 24 12:03:00 2023
# [ok]
