#                                                                              --- full sequence --- -------------- this domain -------------   hmm coord   ali coord   env coord
# target name          accession   tlen query name           accession   qlen   E-value  score  bias   #  of  c-Evalue  i-Evalue  score  bias  from    to  from    to  from    to  acc description of target
#  ------------------- ---------- ----- -------------------- ---------- ----- --------- ------ ----- --- --- --------- --------- ------ ----- ----- ----- ----- ----- ----- ----- ---- ---------------------
Utg33284:168892-169620 -            243 37641at4891          -            160   1.3e-43  145.7  11.8   1   3       2.2   4.8e+02   -2.4   0.0     3    27     8    31     6    37 0.64 -
Utg33284:168892-169620 -            243 37641at4891          -            160   1.3e-43  145.7  11.8   2   3     9e-37     2e-34  115.8   3.8    11   130    37   193    30   207 0.82 -
Utg33284:168892-169620 -            243 37641at4891          -            160   1.3e-43  145.7  11.8   3   3   9.7e-11   2.2e-08   31.2   0.5   124   159   208   243   192   243 0.87 -
Utg33250:162282-162875 -            198 37641at4891          -            160   1.7e-09   34.8   0.1   1   2   0.00051      0.11    9.3   0.0    13    38    18    43    15    49 0.86 -
Utg33250:162282-162875 -            198 37641at4891          -            160   1.7e-09   34.8   0.1   2   2   2.4e-08   5.3e-06   23.4   0.0    55   119    92   161    86   181 0.79 -
Utg33260:480425-480949 -            175 37641at4891          -            160   9.7e-08   29.1   0.6   1   1   3.1e-08   6.9e-06   23.1   0.6    33   111    54   146     8   153 0.72 -
Utg33280:206860-207399 -            180 37641at4891          -            160     3e-06   24.2   0.1   1   1   1.1e-06   0.00025   18.0   0.1    50   108    80   143    11   151 0.79 -
Utg33280:106670-107203 -            178 37641at4891          -            160   6.9e-06   23.1   0.1   1   2     0.011       2.4    5.0   0.1    14    33    19    38    11    60 0.76 -
Utg33280:106670-107203 -            178 37641at4891          -            160   6.9e-06   23.1   0.1   2   2   3.8e-06   0.00085   16.3   0.0    50   108    80   143    54   151 0.77 -
Utg33286:553949-554497 -            183 37641at4891          -            160   1.1e-05   22.4   0.3   1   2    0.0032      0.71    6.8   0.0    14    34    20    40    12    66 0.82 -
Utg33286:553949-554497 -            183 37641at4891          -            160   1.1e-05   22.4   0.3   2   2     2e-05    0.0045   13.9   0.0    56   108    87   144    82   159 0.81 -
Utg33264:302705-304186 -            494 37641at4891          -            160   9.6e-05   19.3   3.1   1   3      0.73   1.6e+02   -0.9   0.0   123   147   137   161   132   170 0.74 -
Utg33264:302705-304186 -            494 37641at4891          -            160   9.6e-05   19.3   3.1   2   3     0.028       6.3    3.7   0.0    14    59   244   285   233   289 0.72 -
Utg33264:302705-304186 -            494 37641at4891          -            160   9.6e-05   19.3   3.1   3   3   1.5e-05    0.0033   14.3   0.2    58   114   326   385   304   421 0.78 -
Utg33250:483424-483963 -            180 37641at4891          -            160    0.0003   17.7   0.0   1   2    0.0028      0.63    6.9   0.0    14    33    15    34     3    45 0.85 -
Utg33250:483424-483963 -            180 37641at4891          -            160    0.0003   17.7   0.0   2   2   0.00065      0.15    9.0   0.0    54   108    80   139    56   152 0.82 -
Utg33284:129833-132844 -           1004 37641at4891          -            160     0.011   12.7   0.3   1   2     0.019       4.3    4.2   0.0    17    33   135   151   123   159 0.88 -
Utg33284:129833-132844 -           1004 37641at4891          -            160     0.011   12.7   0.3   2   2    0.0076       1.7    5.5   0.4    35    94   200   268   189   276 0.75 -
Utg33260:162381-163112 -            244 37641at4891          -            160     0.013   12.4   0.1   1   2    0.0011      0.24    8.3   0.1    10    33    25    50    18    64 0.79 -
Utg33260:162381-163112 -            244 37641at4891          -            160     0.013   12.4   0.1   2   2       0.1        23    1.9   0.0    67    96   182   213   175   219 0.50 -
Utg33264:523184-523699 -            172 37641at4891          -            160      0.02   11.8   0.1   1   2     0.011       2.5    5.0   0.0    15    33     6    24     2    34 0.85 -
Utg33264:523184-523699 -            172 37641at4891          -            160      0.02   11.8   0.1   2   2     0.013       2.8    4.8   0.1    56   113    75   141    66   150 0.70 -
Utg33262:453010-454497 -            496 37641at4891          -            160     0.022   11.7   0.9   1   3       0.4        90   -0.1   0.0    99   121   172   194   151   205 0.79 -
Utg33262:453010-454497 -            496 37641at4891          -            160     0.022   11.7   0.9   2   3       2.7     6e+02   -2.7   0.0   115   146   227   258   203   262 0.73 -
Utg33262:453010-454497 -            496 37641at4891          -            160     0.022   11.7   0.9   3   3   0.00081      0.18    8.7   0.1    57   103   407   457   400   474 0.72 -
#
# Program:         hmmsearch
# Version:         3.1b2 (February 2015)
# Pipeline mode:   SEARCH
# Query file:      /home/inf-34-2022/Documents/BINP29/DeNovo_LongReads/Busco/busco_downloads/lineages/saccharomycetes_odb10/hmms/37641at4891.hmm
# Target file:     /home/inf-34-2022/Documents/BINP29/DeNovo_LongReads/Busco/busco_output/run_saccharomycetes_odb10/metaeuk_output/initial_results/SRRoutput.fasta.modified.fas
# Option settings: hmmsearch --domtblout /home/inf-34-2022/Documents/BINP29/DeNovo_LongReads/Busco/busco_output/run_saccharomycetes_odb10/hmmer_output/initial_run_results/37641at4891.out --cpu 1 /home/inf-34-2022/Documents/BINP29/DeNovo_LongReads/Busco/busco_downloads/lineages/saccharomycetes_odb10/hmms/37641at4891.hmm /home/inf-34-2022/Documents/BINP29/DeNovo_LongReads/Busco/busco_output/run_saccharomycetes_odb10/metaeuk_output/initial_results/SRRoutput.fasta.modified.fas 
# Current dir:     /home/inf-34-2022/Documents/BINP29/DeNovo_LongReads/Busco
# Date:            Fri Feb 24 12:03:04 2023
# [ok]
