#                                                                              --- full sequence --- -------------- this domain -------------   hmm coord   ali coord   env coord
# target name          accession   tlen query name           accession   qlen   E-value  score  bias   #  of  c-Evalue  i-Evalue  score  bias  from    to  from    to  from    to  acc description of target
#  ------------------- ---------- ----- -------------------- ---------- ----- --------- ------ ----- --- --- --------- --------- ------ ----- ----- ----- ----- ----- ----- ----- ---- ---------------------
Utg33272:348698-349444 -            249 38816at4891          -            119   1.6e-20   70.6  38.4   1   4      0.54   4.8e+02   -1.9   0.0    10    20    36    46    17    51 0.63 -
Utg33272:348698-349444 -            249 38816at4891          -            119   1.6e-20   70.6  38.4   2   4    0.0061       5.4    4.4   0.0    16    29    60    73    48    82 0.84 -
Utg33272:348698-349444 -            249 38816at4891          -            119   1.6e-20   70.6  38.4   3   4   1.7e-19   1.5e-16   57.8   0.1    28    74   100   149    97   168 0.85 -
Utg33272:348698-349444 -            249 38816at4891          -            119   1.6e-20   70.6  38.4   4   4   0.00019      0.17    9.2  32.3    86   115   203   236   164   249 0.82 -
Utg33258:115712-117253 -            514 38816at4891          -            119     0.016   12.5   0.1   1   1     5e-05     0.045   11.1   0.1    34    87   455   508   448   512 0.86 -
Utg33276:298468-301656 -           1063 38816at4891          -            119       1.9    5.8  17.4   1   3    0.0046       4.1    4.7   8.4    66   102    35    71     5    75 0.75 -
Utg33276:298468-301656 -           1063 38816at4891          -            119       1.9    5.8  17.4   2   3     0.036        32    1.8   0.3    37    93   114   170   103   173 0.77 -
Utg33276:298468-301656 -           1063 38816at4891          -            119       1.9    5.8  17.4   3   3     0.031        28    2.1   0.0    73    97   613   637   546   640 0.58 -
#
# Program:         hmmsearch
# Version:         3.1b2 (February 2015)
# Pipeline mode:   SEARCH
# Query file:      /home/inf-34-2022/Documents/BINP29/DeNovo_LongReads/Busco/busco_downloads/lineages/saccharomycetes_odb10/hmms/38816at4891.hmm
# Target file:     /home/inf-34-2022/Documents/BINP29/DeNovo_LongReads/Busco/busco_output/run_saccharomycetes_odb10/metaeuk_output/initial_results/SRRoutput.fasta.modified.fas
# Option settings: hmmsearch --domtblout /home/inf-34-2022/Documents/BINP29/DeNovo_LongReads/Busco/busco_output/run_saccharomycetes_odb10/hmmer_output/initial_run_results/38816at4891.out --cpu 1 /home/inf-34-2022/Documents/BINP29/DeNovo_LongReads/Busco/busco_downloads/lineages/saccharomycetes_odb10/hmms/38816at4891.hmm /home/inf-34-2022/Documents/BINP29/DeNovo_LongReads/Busco/busco_output/run_saccharomycetes_odb10/metaeuk_output/initial_results/SRRoutput.fasta.modified.fas 
# Current dir:     /home/inf-34-2022/Documents/BINP29/DeNovo_LongReads/Busco
# Date:            Fri Feb 24 12:03:06 2023
# [ok]
