#                                                                                --- full sequence --- -------------- this domain -------------   hmm coord   ali coord   env coord
# target name            accession   tlen query name           accession   qlen   E-value  score  bias   #  of  c-Evalue  i-Evalue  score  bias  from    to  from    to  from    to  acc description of target
#    ------------------- ---------- ----- -------------------- ---------- ----- --------- ------ ----- --- --- --------- --------- ------ ----- ----- ----- ----- ----- ----- ----- ---- ---------------------
Utg33252:182104-184458   -            785 4490at4891           -            530  2.7e-189  627.3  17.8   1   3  1.3e-136  7.5e-135  447.7   6.5     1   366     9   505     9   514 0.79 -
Utg33252:182104-184458   -            785 4490at4891           -            530  2.7e-189  627.3  17.8   2   3   4.3e-51   2.5e-49  165.4   1.6   365   479   534   683   527   688 0.88 -
Utg33252:182104-184458   -            785 4490at4891           -            530  2.7e-189  627.3  17.8   3   3   0.00024     0.014   11.2   0.0   485   530   717   785   693   785 0.66 -
Utg33258:92072-93070     -            333 4490at4891           -            530   1.9e-17   60.2  10.7   1   5   0.00038     0.022   10.5   0.1   119   293     2    32     1    40 0.44 -
Utg33258:92072-93070     -            333 4490at4891           -            530   1.9e-17   60.2  10.7   2   5   0.00096     0.056    9.2   0.1   178   214    44    87    39    92 0.78 -
Utg33258:92072-93070     -            333 4490at4891           -            530   1.9e-17   60.2  10.7   3   5   4.5e-05    0.0026   13.5   0.0   115   151    90   130    83   157 0.80 -
Utg33258:92072-93070     -            333 4490at4891           -            530   1.9e-17   60.2  10.7   4   5   1.6e-07   9.4e-06   21.6   0.4   413   480   210   291   162   293 0.73 -
Utg33258:92072-93070     -            333 4490at4891           -            530   1.9e-17   60.2  10.7   5   5   1.6e-05   0.00091   15.1   0.4   252   332   249   330   248   332 0.86 -
Utg33258:72781-73473     -            231 4490at4891           -            530   4.4e-15   52.4   0.7   1   4    0.0034       0.2    7.3   0.0   130   148    12    30     8    34 0.88 -
Utg33258:72781-73473     -            231 4490at4891           -            530   4.4e-15   52.4   0.7   2   4   1.4e-05   0.00079   15.3   0.0   115   149    34    73    31    81 0.87 -
Utg33258:72781-73473     -            231 4490at4891           -            530   4.4e-15   52.4   0.7   3   4     0.027       1.6    4.4   0.0   268   294    84   111    69   121 0.63 -
Utg33258:72781-73473     -            231 4490at4891           -            530   4.4e-15   52.4   0.7   4   4   3.4e-07     2e-05   20.5   0.0   118   213   128   217   122   221 0.78 -
Utg33286:602204-604594   -            797 4490at4891           -            530   5.2e-15   52.2   0.3   1   4   8.2e-06   0.00048   16.0   0.0   132   211   482   555   470   557 0.65 -
Utg33286:602204-604594   -            797 4490at4891           -            530   5.2e-15   52.2   0.3   2   4   3.1e-05    0.0018   14.1   0.0   260   294   562   596   556   603 0.90 -
Utg33286:602204-604594   -            797 4490at4891           -            530   5.2e-15   52.2   0.3   3   4    0.0002     0.012   11.4   0.0   261   334   605   679   600   690 0.84 -
Utg33286:602204-604594   -            797 4490at4891           -            530   5.2e-15   52.2   0.3   4   4      0.09       5.2    2.6   0.0   426   455   697   726   682   731 0.59 -
Utg33284:516003-516881   -            293 4490at4891           -            530   2.1e-11   40.3   0.4   1   3   9.8e-07   5.7e-05   19.0   0.0   115   213     8   106     4   116 0.87 -
Utg33284:516003-516881   -            293 4490at4891           -            530   2.1e-11   40.3   0.4   2   3    0.0078      0.45    6.2   0.0   124   148   147   171   134   176 0.88 -
Utg33284:516003-516881   -            293 4490at4891           -            530   2.1e-11   40.3   0.4   3   3   0.00013    0.0076   12.0   0.0   116   152   176   215   172   234 0.82 -
Utg33276:263327-264145   -            273 4490at4891           -            530   2.5e-11   40.0   4.3   1   5   0.00013    0.0079   12.0   0.0   115   150    20    58    11    63 0.82 -
Utg33276:263327-264145   -            273 4490at4891           -            530   2.5e-11   40.0   4.3   2   5    0.0015     0.086    8.5   0.0   116   148    61    96    53   101 0.79 -
Utg33276:263327-264145   -            273 4490at4891           -            530   2.5e-11   40.0   4.3   3   5   1.1e-05   0.00063   15.6   0.0   178   210   102   134    99   152 0.78 -
Utg33276:263327-264145   -            273 4490at4891           -            530   2.5e-11   40.0   4.3   4   5      0.87        51   -0.6   0.0   131   153   209   231   205   237 0.68 -
Utg33276:263327-264145   -            273 4490at4891           -            530   2.5e-11   40.0   4.3   5   5      0.14       7.9    2.1   0.1   126   147   244   265   212   271 0.63 -
Utg33258:110720-113473   -            918 4490at4891           -            530     4e-11   39.3   6.9   1   6      0.48        28    0.2   0.0   409   452    82   124    51   130 0.80 -
Utg33258:110720-113473   -            918 4490at4891           -            530     4e-11   39.3   6.9   2   6   0.00018     0.011   11.5   0.2   261   294   142   175   136   183 0.88 -
Utg33258:110720-113473   -            918 4490at4891           -            530     4e-11   39.3   6.9   3   6     0.056       3.3    3.3   0.0   179   210   189   220   178   223 0.73 -
Utg33258:110720-113473   -            918 4490at4891           -            530     4e-11   39.3   6.9   4   6     0.064       3.7    3.1   0.0   179   215   343   379   329   385 0.83 -
Utg33258:110720-113473   -            918 4490at4891           -            530     4e-11   39.3   6.9   5   6    0.0054      0.31    6.7   0.0   263   300   385   422   377   427 0.88 -
Utg33258:110720-113473   -            918 4490at4891           -            530     4e-11   39.3   6.9   6   6   0.00018     0.011   11.5   0.0   115   147   467   504   431   518 0.74 -
Utg33274:551190-551825   -            212 4490at4891           -            530   5.1e-11   39.0   0.3   1   3    0.0002     0.012   11.4   0.0   121   152     2    36     1    60 0.74 -
Utg33274:551190-551825   -            212 4490at4891           -            530   5.1e-11   39.0   0.3   2   3    0.0019      0.11    8.2   0.0   124   151    72    99    37   102 0.84 -
Utg33274:551190-551825   -            212 4490at4891           -            530   5.1e-11   39.0   0.3   3   3   2.8e-06   0.00016   17.5   0.0   115   148   100   136    96   161 0.86 -
Utg33286:208777-211296   -            840 4490at4891           -            530   5.8e-11   38.8   2.2   1   5       4.7   2.8e+02   -3.0   0.1   131   146    32    47    30    51 0.87 -
Utg33286:208777-211296   -            840 4490at4891           -            530   5.8e-11   38.8   2.2   2   5   3.1e-05    0.0018   14.1   0.0   419   452    75   108    68   115 0.88 -
Utg33286:208777-211296   -            840 4490at4891           -            530   5.8e-11   38.8   2.2   3   5   0.00044     0.026   10.3   0.2   258   336   130   209   122   221 0.71 -
Utg33286:208777-211296   -            840 4490at4891           -            530   5.8e-11   38.8   2.2   4   5       1.7     1e+02   -1.6   0.0   125   144   322   341   314   348 0.82 -
Utg33286:208777-211296   -            840 4490at4891           -            530   5.8e-11   38.8   2.2   5   5   0.00073     0.042    9.5   0.0   264   301   355   391   339   395 0.83 -
Utg33272:620953-621864   -            304 4490at4891           -            530   5.9e-11   38.8   4.3   1   4      0.19        11    1.6   0.0   131   485     6    25     2    61 0.64 -
Utg33272:620953-621864   -            304 4490at4891           -            530   5.9e-11   38.8   4.3   2   4    0.0034       0.2    7.4   0.2   422   451    75   104    35   109 0.65 -
Utg33272:620953-621864   -            304 4490at4891           -            530   5.9e-11   38.8   4.3   3   4      0.05       2.9    3.5   0.0   418   451   112   145   106   155 0.83 -
Utg33272:620953-621864   -            304 4490at4891           -            530   5.9e-11   38.8   4.3   4   4   1.8e-08   1.1e-06   24.7   0.7   416   500   201   300   160   303 0.81 -
Utg33260:804929-806305   -            459 4490at4891           -            530   7.7e-11   38.4   2.2   1   4     0.051         3    3.5   0.0   120   148   102   135    95   140 0.78 -
Utg33260:804929-806305   -            459 4490at4891           -            530   7.7e-11   38.4   2.2   2   4   1.8e-06    0.0001   18.2   0.0   116   209   139   235   135   244 0.80 -
Utg33260:804929-806305   -            459 4490at4891           -            530   7.7e-11   38.4   2.2   3   4      0.11       6.3    2.4   0.1   468   484   305   321   275   356 0.75 -
Utg33260:804929-806305   -            459 4490at4891           -            530   7.7e-11   38.4   2.2   4   4   0.00022     0.013   11.3   0.0   113   150   367   410   342   453 0.80 -
Utg33264:472274-472759   -            162 4490at4891           -            530   1.8e-10   37.2   3.1   1   3   0.00049     0.028   10.1   0.0   116   148    13    51     2    59 0.63 -
Utg33264:472274-472759   -            162 4490at4891           -            530   1.8e-10   37.2   3.1   2   3   3.4e-07     2e-05   20.5   0.7   259   334    60   136    52   142 0.88 -
Utg33264:472274-472759   -            162 4490at4891           -            530   1.8e-10   37.2   3.1   3   3     0.017         1    5.0   0.0   175   191   143   159   137   162 0.80 -
Utg33280:972936-973901   -            322 4490at4891           -            530   1.3e-09   34.3  16.5   1   5     0.094       5.5    2.6   0.0   129   150    22    43     3    50 0.81 -
Utg33280:972936-973901   -            322 4490at4891           -            530   1.3e-09   34.3  16.5   2   5     0.016      0.96    5.1   0.1   263   295    53    85    48    91 0.63 -
Utg33280:972936-973901   -            322 4490at4891           -            530   1.3e-09   34.3  16.5   3   5   1.7e-05     0.001   14.9   0.1   172   212    95   135    85   146 0.83 -
Utg33280:972936-973901   -            322 4490at4891           -            530   1.3e-09   34.3  16.5   4   5   0.00042     0.024   10.3   0.9   177   220   146   189   139   191 0.84 -
Utg33280:972936-973901   -            322 4490at4891           -            530   1.3e-09   34.3  16.5   5   5   0.00037     0.022   10.5   0.7   175   286   188   314   187   320 0.65 -
Utg33254:379323-382151   -            943 4490at4891           -            530   1.5e-09   34.2  11.0   1   6    0.0031      0.18    7.5   0.0   179   213   119   153   101   168 0.82 -
Utg33254:379323-382151   -            943 4490at4891           -            530   1.5e-09   34.2  11.0   2   6     0.025       1.5    4.5   0.2   123   155   170   201   153   213 0.70 -
Utg33254:379323-382151   -            943 4490at4891           -            530   1.5e-09   34.2  11.0   3   6       1.6        92   -1.5   0.0   130   149   216   235   204   253 0.70 -
Utg33254:379323-382151   -            943 4490at4891           -            530   1.5e-09   34.2  11.0   4   6    0.0015     0.088    8.5   0.0   385   479   387   501   378   542 0.80 -
Utg33254:379323-382151   -            943 4490at4891           -            530   1.5e-09   34.2  11.0   5   6    0.0015     0.087    8.5   0.3   385   478   569   642   532   643 0.51 -
Utg33254:379323-382151   -            943 4490at4891           -            530   1.5e-09   34.2  11.0   6   6     2e-05    0.0012   14.7   1.2   385   480   569   686   568   691 0.78 -
Utg33278:290557-291411   -            285 4490at4891           -            530   3.6e-09   32.9   1.6   1   4    0.0038      0.22    7.2   0.1   117   146     1    34     1    41 0.78 -
Utg33278:290557-291411   -            285 4490at4891           -            530   3.6e-09   32.9   1.6   2   4    0.0011     0.063    9.0   0.0   116   209    41   139    37   146 0.68 -
Utg33278:290557-291411   -            285 4490at4891           -            530   3.6e-09   32.9   1.6   3   4   0.00063     0.037    9.7   0.0   176   211   148   183   140   186 0.90 -
Utg33278:290557-291411   -            285 4490at4891           -            530   3.6e-09   32.9   1.6   4   4     0.082       4.8    2.8   0.0   114   146   208   243   193   280 0.75 -
Utg33282:153926-154570   -            215 4490at4891           -            530   1.3e-08   31.0   1.2   1   4     0.051         3    3.5   0.0   309   335     7    33     2    38 0.82 -
Utg33282:153926-154570   -            215 4490at4891           -            530   1.3e-08   31.0   1.2   2   4   7.2e-05    0.0042   12.9   0.1   115   146    40    75    32    81 0.87 -
Utg33282:153926-154570   -            215 4490at4891           -            530   1.3e-08   31.0   1.2   3   4   0.00046     0.027   10.2   0.0   116   209    82   180    78   184 0.71 -
Utg33282:153926-154570   -            215 4490at4891           -            530   1.3e-08   31.0   1.2   4   4     0.058       3.4    3.3   0.0    35    70   150   188   126   215 0.55 -
Utg33272:41615-42964     -            450 4490at4891           -            530   1.8e-08   30.6   6.8   1   4   0.00018      0.01   11.6   0.9   163   212   102   151    89   159 0.88 -
Utg33272:41615-42964     -            450 4490at4891           -            530   1.8e-08   30.6   6.8   2   4    0.0011     0.062    9.0   0.2   421   480   160   233   151   233 0.75 -
Utg33272:41615-42964     -            450 4490at4891           -            530   1.8e-08   30.6   6.8   3   4   8.3e-05    0.0048   12.7   0.1   385   451   200   275   195   285 0.79 -
Utg33272:41615-42964     -            450 4490at4891           -            530   1.8e-08   30.6   6.8   4   4     0.032       1.9    4.1   0.0   422   452   334   364   321   379 0.62 -
Utg33250:355322-356656   -            445 4490at4891           -            530   2.1e-08   30.4   6.5   1   4    0.0011     0.065    8.9   0.2   462   482   145   165   141   174 0.88 -
Utg33250:355322-356656   -            445 4490at4891           -            530   2.1e-08   30.4   6.5   2   4     9e-06   0.00053   15.8   0.7   421   503   174   270   167   289 0.70 -
Utg33250:355322-356656   -            445 4490at4891           -            530   2.1e-08   30.4   6.5   3   4     0.014       0.8    5.3   0.0   177   211   256   290   251   305 0.85 -
Utg33250:355322-356656   -            445 4490at4891           -            530   2.1e-08   30.4   6.5   4   4     0.094       5.5    2.6   0.0   187   212   399   424   392   429 0.83 -
Utg33264:535479-536516   -            346 4490at4891           -            530   2.3e-08   30.2   0.3   1   5   1.4e-06   8.2e-05   18.5   0.0   416   479     3    80     1    90 0.80 -
Utg33264:535479-536516   -            346 4490at4891           -            530   2.3e-08   30.2   0.3   2   5       1.6        96   -1.5   0.0   420   441    90   111    80   114 0.80 -
Utg33264:535479-536516   -            346 4490at4891           -            530   2.3e-08   30.2   0.3   3   5         2   1.2e+02   -1.8   0.0   268   287   156   175   146   192 0.75 -
Utg33264:535479-536516   -            346 4490at4891           -            530   2.3e-08   30.2   0.3   4   5     0.012      0.67    5.6   0.1   421   448   194   221   168   228 0.84 -
Utg33264:535479-536516   -            346 4490at4891           -            530   2.3e-08   30.2   0.3   5   5       0.3        18    0.9   0.0   288   337   274   324   241   337 0.74 -
Utg33260:715026-716291   -            422 4490at4891           -            530   6.2e-08   28.8   5.1   1   2   7.9e-09   4.6e-07   25.9   1.7   151   292    61   207    46   211 0.77 -
Utg33260:715026-716291   -            422 4490at4891           -            530   6.2e-08   28.8   5.1   2   2      0.26        15    1.1   0.1   257   288   383   414   331   421 0.59 -
Utg33254:548158-550605   -            816 4490at4891           -            530   8.1e-08   28.4   7.9   1   6       1.4        83   -1.3   0.0   425   450    63    88    52    94 0.63 -
Utg33254:548158-550605   -            816 4490at4891           -            530   8.1e-08   28.4   7.9   2   6     0.017         1    5.0   0.1    79   150    95   182    79   194 0.72 -
Utg33254:548158-550605   -            816 4490at4891           -            530   8.1e-08   28.4   7.9   3   6       0.7        41   -0.3   0.0   131   162   211   242   206   245 0.82 -
Utg33254:548158-550605   -            816 4490at4891           -            530   8.1e-08   28.4   7.9   4   6     0.044       2.6    3.7   0.0   117   148   384   420   374   439 0.72 -
Utg33254:548158-550605   -            816 4490at4891           -            530   8.1e-08   28.4   7.9   5   6   0.00015     0.009   11.8   0.2   420   480   488   562   476   571 0.79 -
Utg33254:548158-550605   -            816 4490at4891           -            530   8.1e-08   28.4   7.9   6   6     0.008      0.46    6.1   0.0   177   213   571   607   563   695 0.90 -
Utg33254:112986-114440   -            485 4490at4891           -            530   1.9e-07   27.2   3.9   1   6      0.33        19    0.8   0.0   130   150    82   102    58   114 0.76 -
Utg33254:112986-114440   -            485 4490at4891           -            530   1.9e-07   27.2   3.9   2   6     0.021       1.2    4.7   0.1   127   155   133   160   123   173 0.79 -
Utg33254:112986-114440   -            485 4490at4891           -            530   1.9e-07   27.2   3.9   3   6      0.45        26    0.3   0.0   182   209   220   248   215   253 0.80 -
Utg33254:112986-114440   -            485 4490at4891           -            530   1.9e-07   27.2   3.9   4   6   0.00045     0.026   10.2   0.0   421   463   303   345   292   351 0.87 -
Utg33254:112986-114440   -            485 4490at4891           -            530   1.9e-07   27.2   3.9   5   6     0.006      0.35    6.5   0.1   266   298   349   381   344   392 0.70 -
Utg33254:112986-114440   -            485 4490at4891           -            530   1.9e-07   27.2   3.9   6   6     0.019       1.1    4.9   0.1   130   161   362   393   356   402 0.82 -
Utg33266:273551-274939   -            463 4490at4891           -            530   2.3e-07   27.0   4.3   1   3   3.3e-05    0.0019   14.0   0.0   260   300   259   299   240   311 0.87 -
Utg33266:273551-274939   -            463 4490at4891           -            530   2.3e-07   27.0   4.3   2   3     0.017      0.99    5.0   0.2   253   293   336   376   310   422 0.68 -
Utg33266:273551-274939   -            463 4490at4891           -            530   2.3e-07   27.0   4.3   3   3     0.027       1.6    4.4   0.1   114   143   429   463   425   463 0.78 -
Utg33280:184911-188507   -           1199 4490at4891           -            530   3.3e-07   26.4   9.0   1   4    0.0029      0.17    7.6   0.3   115   150    89   129    64   132 0.69 -
Utg33280:184911-188507   -           1199 4490at4891           -            530   3.3e-07   26.4   9.0   2   4      0.01      0.58    5.8   0.1   130   152   223   245   199   255 0.74 -
Utg33280:184911-188507   -           1199 4490at4891           -            530   3.3e-07   26.4   9.0   3   4      0.09       5.2    2.6   0.0   179   212   251   284   246   293 0.60 -
Utg33280:184911-188507   -           1199 4490at4891           -            530   3.3e-07   26.4   9.0   4   4     0.043       2.5    3.7   0.1   264   356   491   591   475   601 0.75 -
Utg33254:528409-529254   -            282 4490at4891           -            530   3.8e-07   26.2   4.9   1   3    0.0014     0.081    8.6   0.1   177   216    42    83    21    98 0.80 -
Utg33254:528409-529254   -            282 4490at4891           -            530   3.8e-07   26.2   4.9   2   3      0.92        54   -0.7   0.0   465   480   165   180   160   189 0.70 -
Utg33254:528409-529254   -            282 4490at4891           -            530   3.8e-07   26.2   4.9   3   3   4.6e-06   0.00027   16.8   0.7   170   212   186   231   172   241 0.76 -
Utg33280:1173255-1174484 -            410 4490at4891           -            530   1.7e-06   24.1   0.3   1   2   0.00025     0.015   11.1   0.0   421   455   159   193   148   202 0.78 -
Utg33280:1173255-1174484 -            410 4490at4891           -            530   1.7e-06   24.1   0.3   2   2    0.0007      0.04    9.6   0.0   412   453   236   278   219   288 0.84 -
Utg33264:63257-64636     -            460 4490at4891           -            530   3.5e-06   23.0   0.1   1   4     0.015      0.84    5.3   0.0   420   457    68   105    65   107 0.90 -
Utg33264:63257-64636     -            460 4490at4891           -            530   3.5e-06   23.0   0.1   2   4     0.061       3.6    3.2   0.0   264   293   144   173   135   177 0.88 -
Utg33264:63257-64636     -            460 4490at4891           -            530   3.5e-06   23.0   0.1   3   4     0.083       4.8    2.8   0.0   180   208   186   214   176   221 0.64 -
Utg33264:63257-64636     -            460 4490at4891           -            530   3.5e-06   23.0   0.1   4   4      0.03       1.7    4.2   0.0   265   287   373   395   364   410 0.83 -
Utg33252:601172-601942   -            257 4490at4891           -            530   3.7e-06   23.0   0.1   1   2    0.0016     0.094    8.4   0.0   422   453    71   102    58   106 0.87 -
Utg33252:601172-601942   -            257 4490at4891           -            530   3.7e-06   23.0   0.1   2   2   4.3e-05    0.0025   13.6   0.0   253   294   102   143   100   157 0.86 -
Utg33284:39261-41405     -            715 4490at4891           -            530   5.2e-06   22.4   6.4   1   3     0.051       2.9    3.5   0.1   115   144     7    40     3    49 0.77 -
Utg33284:39261-41405     -            715 4490at4891           -            530   5.2e-06   22.4   6.4   2   3    0.0001     0.006   12.4   1.4   426   481   102   168    89   186 0.75 -
Utg33284:39261-41405     -            715 4490at4891           -            530   5.2e-06   22.4   6.4   3   3    0.0072      0.42    6.3   0.0   116   146   215   249   210   293 0.78 -
Utg33264:442574-443518   -            315 4490at4891           -            530   5.5e-06   22.4   1.5   1   4      0.04       2.3    3.8   0.0   131   152     1    22     1    47 0.69 -
Utg33264:442574-443518   -            315 4490at4891           -            530   5.5e-06   22.4   1.5   2   4   1.9e-05    0.0011   14.7   0.2   264   325    90   151    85   160 0.79 -
Utg33264:442574-443518   -            315 4490at4891           -            530   5.5e-06   22.4   1.5   3   4     0.027       1.6    4.4   0.0   415   468   123   177   119   180 0.82 -
Utg33264:442574-443518   -            315 4490at4891           -            530   5.5e-06   22.4   1.5   4   4       1.4        82   -1.3   0.0   509   529   250   270   220   289 0.73 -
Utg33254:953723-955675   -            651 4490at4891           -            530   6.1e-06   22.2   0.0   1   2     0.014      0.81    5.3   0.0   131   213    97   173    87   178 0.66 -
Utg33254:953723-955675   -            651 4490at4891           -            530   6.1e-06   22.2   0.0   2   2   2.8e-05    0.0017   14.2   0.0   420   452   179   211   174   222 0.88 -
Utg33286:568524-569420   -            299 4490at4891           -            530   1.1e-05   21.4   0.1   1   3      0.09       5.2    2.7   0.0   257   288    32    63    15    71 0.82 -
Utg33286:568524-569420   -            299 4490at4891           -            530   1.1e-05   21.4   0.1   2   3   0.00028     0.016   10.9   0.0   260   336    76   154    69   176 0.84 -
Utg33286:568524-569420   -            299 4490at4891           -            530   1.1e-05   21.4   0.1   3   3     0.031       1.8    4.2   0.0   426   451   177   202   171   207 0.78 -
Utg33270:160100-161374   -            425 4490at4891           -            530   2.6e-05   20.1   2.4   1   3   5.8e-05    0.0034   13.2   0.2   422   466    71   123    67   129 0.74 -
Utg33270:160100-161374   -            425 4490at4891           -            530   2.6e-05   20.1   2.4   2   3     0.025       1.4    4.5   0.0   272   325   134   187   124   214 0.85 -
Utg33270:160100-161374   -            425 4490at4891           -            530   2.6e-05   20.1   2.4   3   3      0.33        19    0.8   0.2   131   164   229   261   182   312 0.60 -
Utg33280:710657-711772   -            372 4490at4891           -            530   2.9e-05   20.0   1.3   1   3      0.96        56   -0.8   0.0   248   300    42    95    25    98 0.65 -
Utg33280:710657-711772   -            372 4490at4891           -            530   2.9e-05   20.0   1.3   2   3     0.054       3.1    3.4   0.1   454   482   101   136    89   145 0.79 -
Utg33280:710657-711772   -            372 4490at4891           -            530   2.9e-05   20.0   1.3   3   3   5.3e-05    0.0031   13.3   0.1   123   209   228   312   200   316 0.77 -
Utg33250:539243-540199   -            319 4490at4891           -            530   4.2e-05   19.5   1.0   1   3     0.007      0.41    6.3   0.2   177   216    36    76     8    81 0.78 -
Utg33250:539243-540199   -            319 4490at4891           -            530   4.2e-05   19.5   1.0   2   3      0.42        24    0.4   0.0   418   461    79   124    71   130 0.58 -
Utg33250:539243-540199   -            319 4490at4891           -            530   4.2e-05   19.5   1.0   3   3   0.00068      0.04    9.6   0.0   178   213   188   224   170   243 0.86 -
Utg33286:433779-435383   -            535 4490at4891           -            530   7.7e-05   18.6   2.2   1   4      0.31        18    0.9   0.1   261   294   215   249   195   253 0.73 -
Utg33286:433779-435383   -            535 4490at4891           -            530   7.7e-05   18.6   2.2   2   4      0.09       5.2    2.6   0.1   252   294   248   290   243   299 0.83 -
Utg33286:433779-435383   -            535 4490at4891           -            530   7.7e-05   18.6   2.2   3   4    0.0013     0.078    8.7   0.0   177   210   355   388   348   393 0.87 -
Utg33286:433779-435383   -            535 4490at4891           -            530   7.7e-05   18.6   2.2   4   4     0.069         4    3.0   0.0   255   297   391   432   387   451 0.68 -
Utg33280:97557-101366    -           1270 4490at4891           -            530   0.00026   16.9   4.2   1   4    0.0086       0.5    6.0   0.1   403   455    88   141    58   144 0.79 -
Utg33280:97557-101366    -           1270 4490at4891           -            530   0.00026   16.9   4.2   2   4         3   1.8e+02   -2.4   0.0   123   151   168   196   166   215 0.84 -
Utg33280:97557-101366    -           1270 4490at4891           -            530   0.00026   16.9   4.2   3   4   0.00087     0.051    9.3   0.1   174   212   250   289   226   296 0.87 -
Utg33280:97557-101366    -           1270 4490at4891           -            530   0.00026   16.9   4.2   4   4      0.39        23    0.5   0.0   125   164   630   668   609   679 0.73 -
Utg33260:798963-799658   -            232 4490at4891           -            530   0.00051   15.9   9.8   1   3    0.0033      0.19    7.4   1.8   113   211    91   131    16   140 0.52 -
Utg33260:798963-799658   -            232 4490at4891           -            530   0.00051   15.9   9.8   2   3     0.007      0.41    6.3   0.1   113   142   135   167   132   174 0.85 -
Utg33260:798963-799658   -            232 4490at4891           -            530   0.00051   15.9   9.8   3   3     0.005      0.29    6.8   0.2   461   479   214   232   203   232 0.90 -
Utg33284:411405-412382   -            326 4490at4891           -            530   0.00088   15.1   0.1   1   4     0.011      0.62    5.7   0.0   267   295    26    54    20    61 0.88 -
Utg33284:411405-412382   -            326 4490at4891           -            530   0.00088   15.1   0.1   2   4     0.025       1.4    4.5   0.0   262   293   107   138    82   148 0.56 -
Utg33284:411405-412382   -            326 4490at4891           -            530   0.00088   15.1   0.1   3   4       1.1        63   -0.9   0.0   427   442   202   217   190   229 0.68 -
Utg33284:411405-412382   -            326 4490at4891           -            530   0.00088   15.1   0.1   4   4         2   1.2e+02   -1.8   0.0   430   455   254   279   248   294 0.78 -
Utg33264:511151-512683   -            511 4490at4891           -            530    0.0012   14.6   3.6   1   4       8.6     5e+02   -3.9   0.0   343   371    12    40     6    44 0.83 -
Utg33264:511151-512683   -            511 4490at4891           -            530    0.0012   14.6   3.6   2   4    0.0097      0.57    5.8   0.1   122   160   328   366   311   387 0.81 -
Utg33264:511151-512683   -            511 4490at4891           -            530    0.0012   14.6   3.6   3   4      0.31        18    0.9   0.0   260   289   361   390   351   418 0.78 -
Utg33264:511151-512683   -            511 4490at4891           -            530    0.0012   14.6   3.6   4   4    0.0023      0.13    7.9   0.1   129   210   431   508   410   511 0.78 -
Utg33266:189506-191224   -            573 4490at4891           -            530    0.0024   13.7   0.8   1   4    0.0031      0.18    7.5   0.0   425   453   238   266   222   274 0.86 -
Utg33266:189506-191224   -            573 4490at4891           -            530    0.0024   13.7   0.8   2   4     0.065       3.8    3.1   0.0   114   146   315   352   285   361 0.74 -
Utg33266:189506-191224   -            573 4490at4891           -            530    0.0024   13.7   0.8   3   4       8.3   4.8e+02   -3.8   0.0    69    85   412   428   401   433 0.59 -
Utg33266:189506-191224   -            573 4490at4891           -            530    0.0024   13.7   0.8   4   4       1.8     1e+02   -1.6   0.2   183   232   474   523   472   569 0.65 -
Utg33250:420303-423338   -           1012 4490at4891           -            530    0.0024   13.7   3.9   1   3   0.00012    0.0071   12.1   0.3   419   484   175   254   167   271 0.77 -
Utg33250:420303-423338   -           1012 4490at4891           -            530    0.0024   13.7   3.9   2   3      0.47        27    0.3   0.1    72   173   727   821   711   828 0.65 -
Utg33250:420303-423338   -           1012 4490at4891           -            530    0.0024   13.7   3.9   3   3       3.3   1.9e+02   -2.5   0.0   132   148   952   968   940   983 0.68 -
Utg33284:222267-222827   -            187 4490at4891           -            530    0.0046   12.7   0.4   1   2    0.0022      0.13    8.0   0.0   267   295     4    31     1    42 0.81 -
Utg33284:222267-222827   -            187 4490at4891           -            530    0.0046   12.7   0.4   2   2      0.05       2.9    3.5   0.1   417   468    36    88    31    91 0.75 -
Utg33264:345441-347774   -            778 4490at4891           -            530     0.008   11.9   1.0   1   4     0.015      0.87    5.2   0.0   118   149   405   441   396   463 0.66 -
Utg33264:345441-347774   -            778 4490at4891           -            530     0.008   11.9   1.0   2   4      0.25        14    1.2   0.0   264   287   564   587   556   608 0.78 -
Utg33264:345441-347774   -            778 4490at4891           -            530     0.008   11.9   1.0   3   4       2.2   1.3e+02   -2.0   0.0   182   208   652   678   625   684 0.77 -
Utg33264:345441-347774   -            778 4490at4891           -            530     0.008   11.9   1.0   4   4      0.36        21    0.7   0.0   268   293   752   777   739   778 0.80 -
Utg33280:492254-493048   -            265 4490at4891           -            530    0.0092   11.7   0.2   1   2    0.0092      0.54    5.9   0.0   462   480    14    32     5    91 0.80 -
Utg33280:492254-493048   -            265 4490at4891           -            530    0.0092   11.7   0.2   2   2     0.056       3.3    3.3   0.0   130   213   109   198   104   213 0.56 -
Utg33264:425741-427279   -            513 4490at4891           -            530     0.016   11.0   0.0   1   2    0.0098      0.57    5.8   0.1   128   148   137   157    55   165 0.79 -
Utg33264:425741-427279   -            513 4490at4891           -            530     0.016   11.0   0.0   2   2     0.075       4.4    2.9   0.0   116   146   163   199   158   205 0.78 -
#
# Program:         hmmsearch
# Version:         3.1b2 (February 2015)
# Pipeline mode:   SEARCH
# Query file:      /home/inf-34-2022/Documents/BINP29/DeNovo_LongReads/Busco/busco_downloads/lineages/saccharomycetes_odb10/hmms/4490at4891.hmm
# Target file:     /home/inf-34-2022/Documents/BINP29/DeNovo_LongReads/Busco/busco_output/run_saccharomycetes_odb10/metaeuk_output/initial_results/SRRoutput.fasta.modified.fas
# Option settings: hmmsearch --domtblout /home/inf-34-2022/Documents/BINP29/DeNovo_LongReads/Busco/busco_output/run_saccharomycetes_odb10/hmmer_output/initial_run_results/4490at4891.out --cpu 1 /home/inf-34-2022/Documents/BINP29/DeNovo_LongReads/Busco/busco_downloads/lineages/saccharomycetes_odb10/hmms/4490at4891.hmm /home/inf-34-2022/Documents/BINP29/DeNovo_LongReads/Busco/busco_output/run_saccharomycetes_odb10/metaeuk_output/initial_results/SRRoutput.fasta.modified.fas 
# Current dir:     /home/inf-34-2022/Documents/BINP29/DeNovo_LongReads/Busco
# Date:            Fri Feb 24 12:03:12 2023
# [ok]
