#                                                                              --- full sequence --- -------------- this domain -------------   hmm coord   ali coord   env coord
# target name          accession   tlen query name           accession   qlen   E-value  score  bias   #  of  c-Evalue  i-Evalue  score  bias  from    to  from    to  from    to  acc description of target
#  ------------------- ---------- ----- -------------------- ---------- ----- --------- ------ ----- --- --- --------- --------- ------ ----- ----- ----- ----- ----- ----- ----- ---- ---------------------
Utg33250:527721-532199 -           1493 469at4891            -            835  7.4e-193  640.0  56.2   1   7   1.3e-59   3.4e-56  187.9   0.1     2   141    97   261    96   265 0.88 -
Utg33250:527721-532199 -           1493 469at4891            -            835  7.4e-193  640.0  56.2   2   7   1.2e-16   3.3e-13   45.7   0.6   139   192   414   467   406   478 0.91 -
Utg33250:527721-532199 -           1493 469at4891            -            835  7.4e-193  640.0  56.2   3   7   8.2e-07    0.0022   13.2   0.2   142   196   479   533   469   540 0.89 -
Utg33250:527721-532199 -           1493 469at4891            -            835  7.4e-193  640.0  56.2   4   7   1.5e-58     4e-55  184.3   9.4   141   421   538   854   527   909 0.79 -
Utg33250:527721-532199 -           1493 469at4891            -            835  7.4e-193  640.0  56.2   5   7   1.7e-34   4.6e-31  104.7   2.0   445   584   934  1103   906  1140 0.77 -
Utg33250:527721-532199 -           1493 469at4891            -            835  7.4e-193  640.0  56.2   6   7   1.9e-35     5e-32  108.0   5.8   606   759  1165  1347  1143  1354 0.85 -
Utg33250:527721-532199 -           1493 469at4891            -            835  7.4e-193  640.0  56.2   7   7   3.6e-08   9.7e-05   17.7   0.9   745   835  1357  1491  1349  1491 0.69 -
#
# Program:         hmmsearch
# Version:         3.1b2 (February 2015)
# Pipeline mode:   SEARCH
# Query file:      /home/inf-34-2022/Documents/BINP29/DeNovo_LongReads/Busco/busco_downloads/lineages/saccharomycetes_odb10/hmms/469at4891.hmm
# Target file:     /home/inf-34-2022/Documents/BINP29/DeNovo_LongReads/Busco/busco_output/run_saccharomycetes_odb10/metaeuk_output/initial_results/SRRoutput.fasta.modified.fas
# Option settings: hmmsearch --domtblout /home/inf-34-2022/Documents/BINP29/DeNovo_LongReads/Busco/busco_output/run_saccharomycetes_odb10/hmmer_output/initial_run_results/469at4891.out --cpu 1 /home/inf-34-2022/Documents/BINP29/DeNovo_LongReads/Busco/busco_downloads/lineages/saccharomycetes_odb10/hmms/469at4891.hmm /home/inf-34-2022/Documents/BINP29/DeNovo_LongReads/Busco/busco_output/run_saccharomycetes_odb10/metaeuk_output/initial_results/SRRoutput.fasta.modified.fas 
# Current dir:     /home/inf-34-2022/Documents/BINP29/DeNovo_LongReads/Busco
# Date:            Fri Feb 24 12:03:15 2023
# [ok]
