#                                                                              --- full sequence --- -------------- this domain -------------   hmm coord   ali coord   env coord
# target name          accession   tlen query name           accession   qlen   E-value  score  bias   #  of  c-Evalue  i-Evalue  score  bias  from    to  from    to  from    to  acc description of target
#  ------------------- ---------- ----- -------------------- ---------- ----- --------- ------ ----- --- --- --------- --------- ------ ----- ----- ----- ----- ----- ----- ----- ---- ---------------------
Utg33262:152599-154674 -            692 5475at4891           -            542         0 1018.9   6.6   1   2   8.6e-18   5.8e-15   52.0   0.3     5    58    20    76    17    96 0.86 -
Utg33262:152599-154674 -            692 5475at4891           -            542         0 1018.9   6.6   2   2  7.6e-296  5.1e-293  969.7   1.4    30   542   147   692   120   692 0.92 -
Utg33278:331671-333380 -            570 5475at4891           -            542     2e-08   30.4   0.0   1   2   7.8e-09   5.2e-06   22.4   0.0   179   263   109   193   100   212 0.85 -
Utg33278:331671-333380 -            570 5475at4891           -            542     2e-08   30.4   0.0   2   2    0.0011      0.71    5.5   0.0   294   461   374   562   362   569 0.60 -
Utg33276:206576-208759 -            728 5475at4891           -            542   2.1e-05   20.4   0.1   1   2   1.3e-05    0.0087   11.8   0.0   193   254   427   489   406   510 0.91 -
Utg33276:206576-208759 -            728 5475at4891           -            542   2.1e-05   20.4   0.1   2   2    0.0005      0.34    6.5   0.0   355   410   619   674   556   726 0.76 -
Utg33280:581235-583904 -            890 5475at4891           -            542      0.01   11.5   0.1   1   1   2.6e-05     0.017   10.8   0.1   388   471   422   505   404   516 0.87 -
#
# Program:         hmmsearch
# Version:         3.1b2 (February 2015)
# Pipeline mode:   SEARCH
# Query file:      /home/inf-34-2022/Documents/BINP29/DeNovo_LongReads/Busco/busco_downloads/lineages/saccharomycetes_odb10/hmms/5475at4891.hmm
# Target file:     /home/inf-34-2022/Documents/BINP29/DeNovo_LongReads/Busco/busco_output/run_saccharomycetes_odb10/metaeuk_output/initial_results/SRRoutput.fasta.modified.fas
# Option settings: hmmsearch --domtblout /home/inf-34-2022/Documents/BINP29/DeNovo_LongReads/Busco/busco_output/run_saccharomycetes_odb10/hmmer_output/initial_run_results/5475at4891.out --cpu 1 /home/inf-34-2022/Documents/BINP29/DeNovo_LongReads/Busco/busco_downloads/lineages/saccharomycetes_odb10/hmms/5475at4891.hmm /home/inf-34-2022/Documents/BINP29/DeNovo_LongReads/Busco/busco_output/run_saccharomycetes_odb10/metaeuk_output/initial_results/SRRoutput.fasta.modified.fas 
# Current dir:     /home/inf-34-2022/Documents/BINP29/DeNovo_LongReads/Busco
# Date:            Fri Feb 24 12:03:18 2023
# [ok]
