#                                                                              --- full sequence --- -------------- this domain -------------   hmm coord   ali coord   env coord
# target name          accession   tlen query name           accession   qlen   E-value  score  bias   #  of  c-Evalue  i-Evalue  score  bias  from    to  from    to  from    to  acc description of target
#  ------------------- ---------- ----- -------------------- ---------- ----- --------- ------ ----- --- --- --------- --------- ------ ----- ----- ----- ----- ----- ----- ----- ---- ---------------------
Utg33276:211935-214760 -            942 5495at4891           -            767         0 1149.7  28.7   1   2         0         0 1088.2  20.2     2   706     3   819     2   826 0.90 -
Utg33276:211935-214760 -            942 5495at4891           -            767         0 1149.7  28.7   2   2   2.4e-21   1.6e-18   63.4   1.3   702   766   861   938   826   939 0.77 -
Utg33262:170345-173236 -            964 5495at4891           -            767   1.3e-17   60.4   4.1   1   2   1.1e-18   7.2e-16   54.7   1.3   155   471   241   593   233   599 0.74 -
Utg33262:170345-173236 -            964 5495at4891           -            767   1.3e-17   60.4   4.1   2   2   0.00044      0.29    6.4   0.1   511   613   739   838   710   902 0.61 -
Utg33274:176111-177082 -            324 5495at4891           -            767   3.4e-06   22.7   0.0   1   2     0.017        11    1.2   0.0   463   525    59   120    37   167 0.68 -
Utg33274:176111-177082 -            324 5495at4891           -            767   3.4e-06   22.7   0.0   2   2   5.3e-08   3.6e-05   19.3   0.0   495   561   247   310   232   320 0.85 -
Utg33286:555949-557283 -            445 5495at4891           -            767    0.0058   12.0   0.0   1   1   1.4e-05    0.0092   11.3   0.0   258   312   378   431   372   439 0.88 -
#
# Program:         hmmsearch
# Version:         3.1b2 (February 2015)
# Pipeline mode:   SEARCH
# Query file:      /home/inf-34-2022/Documents/BINP29/DeNovo_LongReads/Busco/busco_downloads/lineages/saccharomycetes_odb10/hmms/5495at4891.hmm
# Target file:     /home/inf-34-2022/Documents/BINP29/DeNovo_LongReads/Busco/busco_output/run_saccharomycetes_odb10/metaeuk_output/initial_results/SRRoutput.fasta.modified.fas
# Option settings: hmmsearch --domtblout /home/inf-34-2022/Documents/BINP29/DeNovo_LongReads/Busco/busco_output/run_saccharomycetes_odb10/hmmer_output/initial_run_results/5495at4891.out --cpu 1 /home/inf-34-2022/Documents/BINP29/DeNovo_LongReads/Busco/busco_downloads/lineages/saccharomycetes_odb10/hmms/5495at4891.hmm /home/inf-34-2022/Documents/BINP29/DeNovo_LongReads/Busco/busco_output/run_saccharomycetes_odb10/metaeuk_output/initial_results/SRRoutput.fasta.modified.fas 
# Current dir:     /home/inf-34-2022/Documents/BINP29/DeNovo_LongReads/Busco
# Date:            Fri Feb 24 12:03:18 2023
# [ok]
