#                                                                              --- full sequence --- -------------- this domain -------------   hmm coord   ali coord   env coord
# target name          accession   tlen query name           accession   qlen   E-value  score  bias   #  of  c-Evalue  i-Evalue  score  bias  from    to  from    to  from    to  acc description of target
#  ------------------- ---------- ----- -------------------- ---------- ----- --------- ------ ----- --- --- --------- --------- ------ ----- ----- ----- ----- ----- ----- ----- ---- ---------------------
Utg33272:592322-593788 -            489 6508at4891           -            358  2.1e-138  458.4  13.6   1   3   4.4e-36     4e-33  112.1   3.7     7   126    19   162     1   172 0.80 -
Utg33272:592322-593788 -            489 6508at4891           -            358  2.1e-138  458.4  13.6   2   3   2.1e-56   1.9e-53  178.9   0.0   131   255   191   340   179   343 0.89 -
Utg33272:592322-593788 -            489 6508at4891           -            358  2.1e-138  458.4  13.6   3   3   7.7e-54   6.9e-51  170.5   0.6   254   358   373   489   371   489 0.91 -
Utg33272:511429-513282 -            618 6508at4891           -            358   8.2e-16   55.1   0.0   1   1   1.4e-18   1.3e-15   54.5   0.0   152   357   316   547   310   548 0.69 -
Utg33286:170990-172954 -            655 6508at4891           -            358   9.2e-13   45.1   0.4   1   3   2.6e-14   2.3e-11   40.5   0.0   161   302   145   327   141   354 0.72 -
Utg33286:170990-172954 -            655 6508at4891           -            358   9.2e-13   45.1   0.4   2   3     0.056        50   -0.1   0.0   336   358   388   410   378   410 0.87 -
Utg33286:170990-172954 -            655 6508at4891           -            358   9.2e-13   45.1   0.4   3   3      0.29   2.5e+02   -2.4   0.1    70   110   536   575   497   594 0.67 -
#
# Program:         hmmsearch
# Version:         3.1b2 (February 2015)
# Pipeline mode:   SEARCH
# Query file:      /home/inf-34-2022/Documents/BINP29/DeNovo_LongReads/Busco/busco_downloads/lineages/saccharomycetes_odb10/hmms/6508at4891.hmm
# Target file:     /home/inf-34-2022/Documents/BINP29/DeNovo_LongReads/Busco/busco_output/run_saccharomycetes_odb10/metaeuk_output/initial_results/SRRoutput.fasta.modified.fas
# Option settings: hmmsearch --domtblout /home/inf-34-2022/Documents/BINP29/DeNovo_LongReads/Busco/busco_output/run_saccharomycetes_odb10/hmmer_output/initial_run_results/6508at4891.out --cpu 1 /home/inf-34-2022/Documents/BINP29/DeNovo_LongReads/Busco/busco_downloads/lineages/saccharomycetes_odb10/hmms/6508at4891.hmm /home/inf-34-2022/Documents/BINP29/DeNovo_LongReads/Busco/busco_output/run_saccharomycetes_odb10/metaeuk_output/initial_results/SRRoutput.fasta.modified.fas 
# Current dir:     /home/inf-34-2022/Documents/BINP29/DeNovo_LongReads/Busco
# Date:            Fri Feb 24 12:03:23 2023
# [ok]
