#                                                                              --- full sequence --- -------------- this domain -------------   hmm coord   ali coord   env coord
# target name          accession   tlen query name           accession   qlen   E-value  score  bias   #  of  c-Evalue  i-Evalue  score  bias  from    to  from    to  from    to  acc description of target
#  ------------------- ---------- ----- -------------------- ---------- ----- --------- ------ ----- --- --- --------- --------- ------ ----- ----- ----- ----- ----- ----- ----- ---- ---------------------
Utg33278:91396-95022   -           1209 676at4891            -            956         0 1623.4  23.9   1   4     6e-15   1.3e-12   43.7   2.4     5    56    20    81    16    99 0.80 -
Utg33278:91396-95022   -           1209 676at4891            -            956         0 1623.4  23.9   2   4  1.5e-234  3.4e-232  770.5   6.3    52   501   109   637    96   643 0.89 -
Utg33278:91396-95022   -           1209 676at4891            -            956         0 1623.4  23.9   3   4  9.7e-100   2.2e-97  324.3   0.0   501   709   660   905   654   913 0.90 -
Utg33278:91396-95022   -           1209 676at4891            -            956         0 1623.4  23.9   4   4    8e-149  1.8e-146  486.8   0.5   706   955   942  1203   913  1204 0.95 -
Utg33260:833354-837697 -           1448 676at4891            -            956  1.8e-104  347.7  20.6   1   4   2.7e-59     6e-57  190.5   2.8    89   406   451   774   441   779 0.85 -
Utg33260:833354-837697 -           1448 676at4891            -            956  1.8e-104  347.7  20.6   2   4     1e-16   2.3e-14   49.5   0.0   442   549   906  1047   901  1056 0.81 -
Utg33260:833354-837697 -           1448 676at4891            -            956  1.8e-104  347.7  20.6   3   4     1e-14   2.3e-12   42.9   0.0   581   639  1126  1184  1105  1187 0.94 -
Utg33260:833354-837697 -           1448 676at4891            -            956  1.8e-104  347.7  20.6   4   4   9.3e-22   2.1e-19   66.2   7.1   716   927  1186  1399  1182  1424 0.76 -
Utg33252:902451-905300 -            950 676at4891            -            956   5.1e-19   64.9   2.9   1   2   1.4e-07   3.2e-05   19.3   0.9   127   407   113   386    62   404 0.74 -
Utg33252:902451-905300 -            950 676at4891            -            956   5.1e-19   64.9   2.9   2   2   2.3e-15   5.1e-13   45.1   0.0   501   639   571   698   565   715 0.87 -
Utg33252:603497-606922 -           1142 676at4891            -            956   6.5e-19   64.6   5.0   1   4   1.4e-05    0.0032   12.7   0.0   136   243   130   237   122   256 0.84 -
Utg33252:603497-606922 -           1142 676at4891            -            956   6.5e-19   64.6   5.0   2   4   7.5e-05     0.017   10.3   0.2   326   402   348   424   304   435 0.73 -
Utg33252:603497-606922 -           1142 676at4891            -            956   6.5e-19   64.6   5.0   3   4   3.2e-14   7.2e-12   41.3   0.0   503   642   700   832   694   840 0.83 -
Utg33252:603497-606922 -           1142 676at4891            -            956   6.5e-19   64.6   5.0   4   4      0.28        62   -1.5   0.1   730   782   847   896   835   933 0.64 -
Utg33250:137810-139666 -            619 676at4891            -            956     4e-17   58.6   0.1   1   1   3.7e-19   8.2e-17   57.6   0.1   269   644   174   576   163   582 0.71 -
Utg33280:512869-515502 -            878 676at4891            -            956     1e-16   57.3   4.8   1   2   3.1e-07   6.9e-05   18.2   3.6   111   402    55   363    27   369 0.64 -
Utg33280:512869-515502 -            878 676at4891            -            956     1e-16   57.3   4.8   2   2   1.7e-12   3.9e-10   35.5   0.0   502   643   625   764   603   774 0.82 -
Utg33252:610715-612325 -            537 676at4891            -            956   2.9e-16   55.8   0.0   1   1   3.3e-18   7.4e-16   54.5   0.0   309   644   146   508   100   514 0.71 -
Utg33280:976083-979088 -           1002 676at4891            -            956   2.4e-09   32.9   1.8   1   4      0.22        48   -1.2   0.1   183   223   426   469   384   474 0.72 -
Utg33280:976083-979088 -           1002 676at4891            -            956   2.4e-09   32.9   1.8   2   4      0.19        43   -1.0   0.1   386   405   621   640   563   678 0.84 -
Utg33280:976083-979088 -           1002 676at4891            -            956   2.4e-09   32.9   1.8   3   4   2.1e-06   0.00048   15.4   0.0   509   551   762   804   735   806 0.84 -
Utg33280:976083-979088 -           1002 676at4891            -            956   2.4e-09   32.9   1.8   4   4   3.2e-06   0.00071   14.8   0.0   592   646   807   863   803   868 0.85 -
Utg33286:785943-788402 -            820 676at4891            -            956   4.4e-08   28.7   6.8   1   3   7.2e-05     0.016   10.3   0.0   148   229   283   366   240   408 0.66 -
Utg33286:785943-788402 -            820 676at4891            -            956   4.4e-08   28.7   6.8   2   3   0.00023     0.052    8.6   2.4   299   424   413   545   394   677 0.76 -
Utg33286:785943-788402 -            820 676at4891            -            956   4.4e-08   28.7   6.8   3   3   7.1e-05     0.016   10.4   0.0   617   643   711   737   701   753 0.88 -
Utg33280:608692-612498 -           1269 676at4891            -            956   9.3e-08   27.7   0.8   1   3     0.017       3.9    2.4   0.0   189   231   251   298   238   308 0.83 -
Utg33280:608692-612498 -           1269 676at4891            -            956   9.3e-08   27.7   0.8   2   3       1.4   3.2e+02   -3.9   0.0   384   405   505   526   504   538 0.79 -
Utg33280:608692-612498 -           1269 676at4891            -            956   9.3e-08   27.7   0.8   3   3   1.5e-08   3.3e-06   22.6   0.1   590   638   942   991   917  1004 0.77 -
Utg33278:507894-511685 -           1264 676at4891            -            956   1.3e-07   27.1   0.1   1   2     0.049        11    1.0   0.0   188   233   244   294   230   304 0.82 -
Utg33278:507894-511685 -           1264 676at4891            -            956   1.3e-07   27.1   0.1   2   2   1.1e-08   2.5e-06   22.9   0.0   591   638   939   987   901  1000 0.79 -
Utg33270:100763-104743 -           1327 676at4891            -            956   2.9e-07   26.0   3.8   1   2     0.025       5.6    1.9   0.1   180   271   282   387   209   567 0.66 -
Utg33270:100763-104743 -           1327 676at4891            -            956   2.9e-07   26.0   3.8   2   2   9.3e-09   2.1e-06   23.2   0.6   588   638   905   956   790  1010 0.72 -
#
# Program:         hmmsearch
# Version:         3.1b2 (February 2015)
# Pipeline mode:   SEARCH
# Query file:      /home/inf-34-2022/Documents/BINP29/DeNovo_LongReads/Busco/busco_downloads/lineages/saccharomycetes_odb10/hmms/676at4891.hmm
# Target file:     /home/inf-34-2022/Documents/BINP29/DeNovo_LongReads/Busco/busco_output/run_saccharomycetes_odb10/metaeuk_output/initial_results/SRRoutput.fasta.modified.fas
# Option settings: hmmsearch --domtblout /home/inf-34-2022/Documents/BINP29/DeNovo_LongReads/Busco/busco_output/run_saccharomycetes_odb10/hmmer_output/initial_run_results/676at4891.out --cpu 1 /home/inf-34-2022/Documents/BINP29/DeNovo_LongReads/Busco/busco_downloads/lineages/saccharomycetes_odb10/hmms/676at4891.hmm /home/inf-34-2022/Documents/BINP29/DeNovo_LongReads/Busco/busco_output/run_saccharomycetes_odb10/metaeuk_output/initial_results/SRRoutput.fasta.modified.fas 
# Current dir:     /home/inf-34-2022/Documents/BINP29/DeNovo_LongReads/Busco
# Date:            Fri Feb 24 12:03:25 2023
# [ok]
