#                                                                                --- full sequence --- -------------- this domain -------------   hmm coord   ali coord   env coord
# target name            accession   tlen query name           accession   qlen   E-value  score  bias   #  of  c-Evalue  i-Evalue  score  bias  from    to  from    to  from    to  acc description of target
#    ------------------- ---------- ----- -------------------- ---------- ----- --------- ------ ----- --- --- --------- --------- ------ ----- ----- ----- ----- ----- ----- ----- ---- ---------------------
Utg33250:497476-501063   -           1196 869at4891            -            856         0 1591.3  24.1   1   3    0.0036      0.42    6.1   0.0     8    28   192   212   186   225 0.87 -
Utg33250:497476-501063   -           1196 869at4891            -            856         0 1591.3  24.1   2   3   4.7e-87   5.5e-85  283.6   4.0    27   225   241   461   231   470 0.90 -
Utg33250:497476-501063   -           1196 869at4891            -            856         0 1591.3  24.1   3   3         0         0 1294.6  11.8   224   856   504  1195   498  1195 0.94 -
Utg33272:607208-610339   -           1044 869at4891            -            856  2.8e-228  757.6   7.4   1   2   5.3e-33   6.1e-31  104.8   2.9    36   228   125   323    95   354 0.85 -
Utg33272:607208-610339   -           1044 869at4891            -            856  2.8e-228  757.6   7.4   2   2  2.5e-199  2.9e-197  655.1   0.1   258   832   426  1026   404  1041 0.89 -
Utg33254:605614-608745   -           1044 869at4891            -            856  2.9e-221  734.4   5.9   1   2   8.6e-33     1e-30  104.1   3.3    33   228   122   323    96   365 0.84 -
Utg33254:605614-608745   -           1044 869at4891            -            856  2.9e-221  734.4   5.9   2   2  5.6e-192  6.6e-190  630.7   0.0   258   833   426  1027   413  1039 0.89 -
Utg33282:106065-108320   -            752 869at4891            -            856   3.1e-77  258.0   0.1   1   4   3.8e-12   4.4e-10   35.8   0.1   259   336   197   271   131   308 0.71 -
Utg33282:106065-108320   -            752 869at4891            -            856   3.1e-77  258.0   0.1   2   4   4.9e-30   5.7e-28   95.0   0.0   340   463   336   460   305   474 0.82 -
Utg33282:106065-108320   -            752 869at4891            -            856   3.1e-77  258.0   0.1   3   4   4.7e-17   5.5e-15   52.0   0.0   494   572   531   608   524   616 0.92 -
Utg33282:106065-108320   -            752 869at4891            -            856   3.1e-77  258.0   0.1   4   4   2.2e-22   2.5e-20   69.7   0.0   694   790   631   726   625   738 0.91 -
Utg33278:224463-226292   -            610 869at4891            -            856   2.7e-64  215.1   1.4   1   4   1.2e-08   1.3e-06   24.2   0.0   257   310    76   129    17   155 0.79 -
Utg33278:224463-226292   -            610 869at4891            -            856   2.7e-64  215.1   1.4   2   4   5.1e-27   5.9e-25   85.0   0.1   354   463   209   318   194   341 0.90 -
Utg33278:224463-226292   -            610 869at4891            -            856   2.7e-64  215.1   1.4   3   4   1.8e-18   2.1e-16   56.7   0.0   497   576   395   475   389   500 0.86 -
Utg33278:224463-226292   -            610 869at4891            -            856   2.7e-64  215.1   1.4   4   4   5.3e-15   6.1e-13   45.2   0.0   708   788   509   589   492   601 0.91 -
Utg33280:603857-605176   -            440 869at4891            -            856   4.5e-20   68.8   0.1   1   3   0.00028     0.032    9.8   0.0   527   558     6    37     2    53 0.88 -
Utg33280:603857-605176   -            440 869at4891            -            856   4.5e-20   68.8   0.1   2   3   5.1e-12   5.9e-10   35.4   0.0   345   552    94   306    83   319 0.78 -
Utg33280:603857-605176   -            440 869at4891            -            856   4.5e-20   68.8   0.1   3   3   1.4e-06   0.00016   17.3   0.0   358   435   353   433   339   440 0.78 -
Utg33282:191758-192615   -            286 869at4891            -            856   2.1e-14   50.1   0.4   1   2   5.7e-11   6.6e-09   31.9   0.0   496   553     7    64     2    68 0.94 -
Utg33282:191758-192615   -            286 869at4891            -            856   2.1e-14   50.1   0.4   2   2   2.3e-06   0.00027   16.7   0.1   363   445   140   225   103   262 0.71 -
Utg33252:953381-961396   -           2672 869at4891            -            856   9.4e-14   47.9  12.7   1   5       1.2   1.4e+02   -2.2   0.1   101   136   523   558   516   576 0.83 -
Utg33252:953381-961396   -           2672 869at4891            -            856   9.4e-14   47.9  12.7   2   5      0.02       2.4    3.6   0.0   152   199  1249  1298  1231  1332 0.82 -
Utg33252:953381-961396   -           2672 869at4891            -            856   9.4e-14   47.9  12.7   3   5   1.1e-12   1.3e-10   37.6   0.1    75   222  1488  1635  1458  1644 0.87 -
Utg33252:953381-961396   -           2672 869at4891            -            856   9.4e-14   47.9  12.7   4   5   8.7e-05      0.01   11.4   0.5   116   223  1874  1980  1866  2018 0.76 -
Utg33252:953381-961396   -           2672 869at4891            -            856   9.4e-14   47.9  12.7   5   5       1.2   1.4e+02   -2.3   0.1   189   232  2290  2334  2275  2381 0.66 -
Utg33250:590297-591769   -            491 869at4891            -            856   1.7e-12   43.8   0.0   1   2   2.4e-07   2.8e-05   19.9   0.0   491   553   247   310   231   325 0.88 -
Utg33250:590297-591769   -            491 869at4891            -            856   1.7e-12   43.8   0.0   2   2   6.7e-08   7.8e-06   21.7   0.0   711   757   389   433   373   478 0.73 -
Utg33280:551099-552712   -            538 869at4891            -            856     2e-10   36.9   0.0   1   2   3.2e-10   3.7e-08   29.4   0.0   311   546    98   355    86   363 0.77 -
Utg33280:551099-552712   -            538 869at4891            -            856     2e-10   36.9   0.0   2   2     0.013       1.5    4.2   0.0   693   772   436   514   425   521 0.86 -
Utg33252:27164-28093     -            310 869at4891            -            856   2.7e-10   36.5   0.2   1   2   4.1e-08   4.7e-06   22.4   0.0   261   308    61   108    57   115 0.90 -
Utg33252:27164-28093     -            310 869at4891            -            856   2.7e-10   36.5   0.2   2   2     5e-05    0.0059   12.2   0.0   359   427   203   272   179   294 0.82 -
Utg33284:51782-52996     -            405 869at4891            -            856   2.8e-10   36.5   0.0   1   2   6.1e-06   0.00071   15.3   0.1   497   542   159   205   153   222 0.88 -
Utg33284:51782-52996     -            405 869at4891            -            856   2.8e-10   36.5   0.0   2   2   4.3e-07   4.9e-05   19.1   0.0   714   801   305   393   294   400 0.85 -
Utg33254:497386-499134   -            583 869at4891            -            856   1.2e-09   34.3   0.0   1   2     1e-05    0.0012   14.5   0.0   497   554   351   409   341   435 0.85 -
Utg33254:497386-499134   -            583 869at4891            -            856   1.2e-09   34.3   0.0   2   2   1.2e-06   0.00014   17.6   0.0   369   413   489   533   467   561 0.81 -
Utg33280:693178-694119   -            314 869at4891            -            856   9.1e-09   31.4   0.2   1   2    0.0014      0.16    7.5   0.0   500   553    76   129    66   150 0.71 -
Utg33280:693178-694119   -            314 869at4891            -            856   9.1e-09   31.4   0.2   2   2   5.7e-08   6.7e-06   21.9   0.1   355   428   193   267   178   294 0.79 -
Utg33264:845021-847087   -            689 869at4891            -            856   9.7e-09   31.3   0.0   1   2   4.3e-06    0.0005   15.7   0.0   497   553   437   492   433   496 0.89 -
Utg33264:845021-847087   -            689 869at4891            -            856   9.7e-09   31.3   0.0   2   2   2.4e-05    0.0028   13.3   0.0   359   409   560   610   533   638 0.78 -
Utg33284:662372-663013   -            214 869at4891            -            856   7.8e-07   25.0   0.1   1   2   4.3e-06    0.0005   15.8   0.1   511   553     2    44     1    59 0.89 -
Utg33284:662372-663013   -            214 869at4891            -            856   7.8e-07   25.0   0.1   2   2    0.0012      0.13    7.7   0.0   370   403   125   158    92   207 0.66 -
Utg33252:29150-29743     -            198 869at4891            -            856   1.8e-06   23.8   0.0   1   2   0.00024     0.028    9.9   0.0   525   560    15    50     3    62 0.86 -
Utg33252:29150-29743     -            198 869at4891            -            856   1.8e-06   23.8   0.0   2   2   5.4e-05    0.0063   12.1   0.0   370   412   107   149    95   182 0.78 -
Utg33260:162381-163112   -            244 869at4891            -            856   9.1e-06   21.5   0.1   1   2    0.0012      0.15    7.6   0.0   509   547    16    54     9    60 0.79 -
Utg33260:162381-163112   -            244 869at4891            -            856   9.1e-06   21.5   0.1   2   2   5.1e-05    0.0059   12.2   0.0   368   403   145   180    93   208 0.68 -
Utg33258:205141-208251   -           1037 869at4891            -            856   4.1e-05   19.3   0.0   1   2    0.0029      0.34    6.4   0.0   493   544   370   426   345   439 0.79 -
Utg33258:205141-208251   -           1037 869at4891            -            856   4.1e-05   19.3   0.0   2   2   0.00017      0.02   10.5   0.0   371   414   518   561   485   661 0.64 -
Utg33260:163344-165071   -            576 869at4891            -            856   5.7e-05   18.9   0.7   1   2     0.011       1.3    4.4   0.4   514   546     9    41     2    51 0.83 -
Utg33260:163344-165071   -            576 869at4891            -            856   5.7e-05   18.9   0.7   2   2   3.8e-05    0.0044   12.6   0.0   370   403   147   180   107   221 0.61 -
Utg33280:1336518-1337069 -            184 869at4891            -            856    0.0028   13.3   0.0   1   1   2.9e-05    0.0034   13.0   0.0   523   626     3   111     1   119 0.78 -
Utg33250:346975-349557   -            861 869at4891            -            856    0.0031   13.1   0.0   1   2     0.071       8.2    1.8   0.0   523   543   630   650   615   661 0.81 -
Utg33250:346975-349557   -            861 869at4891            -            856    0.0031   13.1   0.0   2   2   0.00054     0.063    8.8   0.0   371   409   740   778   722   794 0.73 -
Utg33250:174933-176561   -            543 869at4891            -            856    0.0065   12.1   0.0   1   2   0.00062     0.072    8.6   0.0   499   546    24    71    16   112 0.74 -
Utg33250:174933-176561   -            543 869at4891            -            856    0.0065   12.1   0.0   2   2      0.12        14    1.0   0.0   722   752   166   197   128   217 0.66 -
#
# Program:         hmmsearch
# Version:         3.1b2 (February 2015)
# Pipeline mode:   SEARCH
# Query file:      /home/inf-34-2022/Documents/BINP29/DeNovo_LongReads/Busco/busco_downloads/lineages/saccharomycetes_odb10/hmms/869at4891.hmm
# Target file:     /home/inf-34-2022/Documents/BINP29/DeNovo_LongReads/Busco/busco_output/run_saccharomycetes_odb10/metaeuk_output/initial_results/SRRoutput.fasta.modified.fas
# Option settings: hmmsearch --domtblout /home/inf-34-2022/Documents/BINP29/DeNovo_LongReads/Busco/busco_output/run_saccharomycetes_odb10/hmmer_output/initial_run_results/869at4891.out --cpu 1 /home/inf-34-2022/Documents/BINP29/DeNovo_LongReads/Busco/busco_downloads/lineages/saccharomycetes_odb10/hmms/869at4891.hmm /home/inf-34-2022/Documents/BINP29/DeNovo_LongReads/Busco/busco_output/run_saccharomycetes_odb10/metaeuk_output/initial_results/SRRoutput.fasta.modified.fas 
# Current dir:     /home/inf-34-2022/Documents/BINP29/DeNovo_LongReads/Busco
# Date:            Fri Feb 24 12:03:35 2023
# [ok]
