#                                                                              --- full sequence --- -------------- this domain -------------   hmm coord   ali coord   env coord
# target name          accession   tlen query name           accession   qlen   E-value  score  bias   #  of  c-Evalue  i-Evalue  score  bias  from    to  from    to  from    to  acc description of target
#  ------------------- ---------- ----- -------------------- ---------- ----- --------- ------ ----- --- --- --------- --------- ------ ----- ----- ----- ----- ----- ----- ----- ---- ---------------------
Utg33272:679688-681328 -            547 9507at4891           -            402  1.7e-126  419.5  39.0   1   3   3.5e-43   3.2e-40  135.4   0.7     1   100     6   116     6   120 0.89 -
Utg33272:679688-681328 -            547 9507at4891           -            402  1.7e-126  419.5  39.0   2   3   1.3e-86   1.1e-83  278.5  27.5   101   381   141   487   135   503 0.80 -
Utg33272:679688-681328 -            547 9507at4891           -            402  1.7e-126  419.5  39.0   3   3   0.00043      0.39    6.7   0.3   360   401   503   544   481   545 0.79 -
Utg33252:854830-856614 -            595 9507at4891           -            402   6.5e-06   22.4  16.8   1   3     0.029        25    0.7   0.6   101   136   176   211   170   240 0.85 -
Utg33252:854830-856614 -            595 9507at4891           -            402   6.5e-06   22.4  16.8   2   3   5.6e-05      0.05    9.6   2.7   164   228   269   335   263   352 0.86 -
Utg33252:854830-856614 -            595 9507at4891           -            402   6.5e-06   22.4  16.8   3   3   2.2e-08   1.9e-05   20.8   0.7   220   270   356   404   350   433 0.85 -
Utg33272:236949-238586 -            546 9507at4891           -            402    0.0091   12.0  14.9   1   1   2.7e-05     0.024   10.7  14.9   171   275   212   337    82   399 0.69 -
#
# Program:         hmmsearch
# Version:         3.1b2 (February 2015)
# Pipeline mode:   SEARCH
# Query file:      /home/inf-34-2022/Documents/BINP29/DeNovo_LongReads/Busco/busco_downloads/lineages/saccharomycetes_odb10/hmms/9507at4891.hmm
# Target file:     /home/inf-34-2022/Documents/BINP29/DeNovo_LongReads/Busco/busco_output/run_saccharomycetes_odb10/metaeuk_output/initial_results/SRRoutput.fasta.modified.fas
# Option settings: hmmsearch --domtblout /home/inf-34-2022/Documents/BINP29/DeNovo_LongReads/Busco/busco_output/run_saccharomycetes_odb10/hmmer_output/initial_run_results/9507at4891.out --cpu 1 /home/inf-34-2022/Documents/BINP29/DeNovo_LongReads/Busco/busco_downloads/lineages/saccharomycetes_odb10/hmms/9507at4891.hmm /home/inf-34-2022/Documents/BINP29/DeNovo_LongReads/Busco/busco_output/run_saccharomycetes_odb10/metaeuk_output/initial_results/SRRoutput.fasta.modified.fas 
# Current dir:     /home/inf-34-2022/Documents/BINP29/DeNovo_LongReads/Busco
# Date:            Fri Feb 24 12:03:37 2023
# [ok]
