#                                                                                --- full sequence --- -------------- this domain -------------   hmm coord   ali coord   env coord
# target name            accession   tlen query name           accession   qlen   E-value  score  bias   #  of  c-Evalue  i-Evalue  score  bias  from    to  from    to  from    to  acc description of target
#    ------------------- ---------- ----- -------------------- ---------- ----- --------- ------ ----- --- --- --------- --------- ------ ----- ----- ----- ----- ----- ----- ----- ---- ---------------------
Utg33286:514447-516693   -            749 9724at4891           -            502    6e-201  665.3  36.3   1   4   9.6e-19   9.5e-17   57.7   0.4     1    47     5    51     5    62 0.91 -
Utg33286:514447-516693   -            749 9724at4891           -            502    6e-201  665.3  36.3   2   4  8.1e-157    8e-155  513.2  12.8    43   389   157   586   143   592 0.86 -
Utg33286:514447-516693   -            749 9724at4891           -            502    6e-201  665.3  36.3   3   4   2.1e-18   2.1e-16   56.5   0.8   379   445   596   666   588   679 0.83 -
Utg33286:514447-516693   -            749 9724at4891           -            502    6e-201  665.3  36.3   4   4   8.3e-14   8.2e-12   41.4   3.9   437   500   679   749   665   749 0.88 -
Utg33262:240144-241604   -            487 9724at4891           -            502   4.9e-72  240.1   1.2   1   2      0.83        82   -1.5   0.2   407   463     5    58     2    80 0.67 -
Utg33262:240144-241604   -            487 9724at4891           -            502   4.9e-72  240.1   1.2   2   2   5.4e-74   5.4e-72  239.9   0.1    39   412    69   454    57   469 0.81 -
Utg33254:117227-119443   -            739 9724at4891           -            502   1.6e-70  235.0   1.8   1   2         6     6e+02   -4.3   1.5   418   460    13    55    10    61 0.65 -
Utg33254:117227-119443   -            739 9724at4891           -            502   1.6e-70  235.0   1.8   2   2   1.6e-72   1.6e-70  235.0   1.8    36   428   220   641   188   698 0.74 -
Utg33262:454769-456061   -            431 9724at4891           -            502   2.5e-68  227.8   0.9   1   1   3.4e-70   3.3e-68  227.4   0.9    39   404     5   400     2   426 0.78 -
Utg33264:827549-829063   -            505 9724at4891           -            502   3.3e-66  220.8   0.0   1   1   4.6e-68   4.5e-66  220.4   0.0    38   382    43   409    35   457 0.82 -
Utg33274:372488-374797   -            770 9724at4891           -            502   2.1e-60  201.7   0.4   1   2   2.1e-62   2.1e-60  201.7   0.4    39   382    43   413    21   436 0.80 -
Utg33274:372488-374797   -            770 9724at4891           -            502   2.1e-60  201.7   0.4   2   2      0.35        34   -0.2   1.4   419   458   641   680   628   713 0.72 -
Utg33252:731061-732629   -            523 9724at4891           -            502     1e-58  196.1   0.0   1   1     1e-60     1e-58  196.1   0.0    50   372   126   469   113   510 0.80 -
Utg33280:384570-387554   -            995 9724at4891           -            502   7.7e-57  189.9   0.3   1   2   1.1e-38   1.1e-36  123.5   0.3    34   264   134   373   110   423 0.81 -
Utg33280:384570-387554   -            995 9724at4891           -            502   7.7e-57  189.9   0.3   2   2   1.8e-20   1.8e-18   63.3   0.0   276   371   444   541   430   572 0.81 -
Utg33260:695154-696674   -            507 9724at4891           -            502   2.6e-56  188.2   0.0   1   2   5.6e-12   5.6e-10   35.4   0.0    38   102   101   166    82   171 0.88 -
Utg33260:695154-696674   -            507 9724at4891           -            502   2.6e-56  188.2   0.0   2   2   6.6e-47   6.5e-45  150.6   0.0    97   387   181   481   178   495 0.82 -
Utg33250:297010-298245   -            412 9724at4891           -            502   2.7e-56  188.1   0.0   1   2     1e-11   9.9e-10   34.5   0.0    43   100    15    73     6    83 0.85 -
Utg33250:297010-298245   -            412 9724at4891           -            502   2.7e-56  188.1   0.0   2   2   3.6e-47   3.6e-45  151.5   0.0    98   385    91   388    87   401 0.82 -
Utg33280:918929-920692   -            588 9724at4891           -            502   9.4e-54  179.8   0.9   1   1   1.9e-55   1.9e-53  178.8   0.9    40   401   180   576   173   587 0.78 -
Utg33286:683919-686432   -            838 9724at4891           -            502   1.2e-53  179.4   2.8   1   2   2.4e-36   2.4e-34  115.7   0.2    43   247   250   472   211   496 0.77 -
Utg33286:683919-686432   -            838 9724at4891           -            502   1.2e-53  179.4   2.8   2   2     2e-20     2e-18   63.2   0.2   269   416   516   667   510   712 0.75 -
Utg33272:414579-417171   -            535 9724at4891           -            502   7.7e-53  176.8   0.0   1   1   1.2e-54   1.2e-52  176.2   0.0    46   371   119   466   107   490 0.77 -
Utg33280:477224-478336   -            371 9724at4891           -            502   3.3e-51  171.4   2.2   1   1   4.4e-53   4.4e-51  171.0   2.2    39   381     3   361     1   368 0.80 -
Utg33280:160807-162204   -            466 9724at4891           -            502   4.6e-51  170.9   0.9   1   1   1.5e-52   1.5e-50  169.2   0.9    39   369    29   371    18   401 0.77 -
Utg33254:663655-665418   -            588 9724at4891           -            502   5.3e-51  170.7   7.5   1   2   2.8e-42   2.8e-40  135.3   5.7    32   321     6   325     1   328 0.77 -
Utg33254:663655-665418   -            588 9724at4891           -            502   5.3e-51  170.7   7.5   2   2   7.6e-12   7.6e-10   34.9   0.0   323   385   377   441   359   515 0.80 -
Utg33274:598538-599638   -            367 9724at4891           -            502     8e-51  170.1   0.3   1   1     1e-52   9.9e-51  169.8   0.3    42   385     4   359     1   366 0.82 -
Utg33284:562348-563448   -            367 9724at4891           -            502     8e-51  170.1   0.3   1   1     1e-52   9.9e-51  169.8   0.3    42   385     4   359     1   366 0.82 -
Utg33252:908862-910529   -            556 9724at4891           -            502   8.9e-50  166.6   2.5   1   2   4.4e-51   4.3e-49  164.4   1.7    43   379   128   488   106   527 0.80 -
Utg33252:908862-910529   -            556 9724at4891           -            502   8.9e-50  166.6   2.5   2   2      0.62        62   -1.1   0.2   421   467   498   541   476   551 0.63 -
Utg33280:816435-818087   -            551 9724at4891           -            502   1.8e-49  165.7   2.0   1   1     3e-51     3e-49  164.9   2.0    48   384    29   412    18   448 0.71 -
Utg33260:392070-393515   -            482 9724at4891           -            502   6.5e-48  160.5   0.3   1   1   9.5e-50   9.5e-48  160.0   0.3    42   392    97   466    86   480 0.82 -
Utg33280:295588-296925   -            446 9724at4891           -            502   3.4e-44  148.2   0.2   1   1   5.1e-46   5.1e-44  147.7   0.2    54   381    80   425    57   435 0.81 -
Utg33282:123874-125691   -            606 9724at4891           -            502   4.6e-41  137.9   0.1   1   2     6e-15   5.9e-13   45.2   0.0    55   119    26   103    13   111 0.81 -
Utg33282:123874-125691   -            606 9724at4891           -            502   4.6e-41  137.9   0.1   2   2   2.5e-31   2.5e-29   99.2   0.0   141   395   143   405   133   415 0.73 -
Utg33284:492439-494658   -            740 9724at4891           -            502   1.7e-38  129.4   0.0   1   2     1e-26   9.9e-25   84.0   0.0    38   206   142   338   127   361 0.78 -
Utg33284:492439-494658   -            740 9724at4891           -            502   1.7e-38  129.4   0.0   2   2   2.6e-14   2.5e-12   43.1   0.0   291   378   482   577   478   626 0.81 -
Utg33272:696486-698276   -            597 9724at4891           -            502   4.9e-34  114.7  14.1   1   2     0.051         5    2.5   0.1   393   436    89   133    77   166 0.78 -
Utg33272:696486-698276   -            597 9724at4891           -            502   4.9e-34  114.7  14.1   2   2   2.9e-33   2.9e-31  105.6  10.6    74   359   228   564   177   591 0.66 -
Utg33252:709862-711394   -            511 9724at4891           -            502   2.6e-27   92.6   4.6   1   2   2.3e-14   2.3e-12   43.2   2.8    79   287   113   358    63   363 0.64 -
Utg33252:709862-711394   -            511 9724at4891           -            502   2.6e-27   92.6   4.6   2   2   3.5e-15   3.5e-13   45.9   0.0   312   387   434   509   406   511 0.91 -
Utg33280:1010136-1013315 -           1060 9724at4891           -            502   1.5e-05   20.8   0.0   1   2     5e-05     0.005   12.4   0.0    47   120   281   356   260   363 0.74 -
Utg33280:1010136-1013315 -           1060 9724at4891           -            502   1.5e-05   20.8   0.0   2   2    0.0055      0.54    5.7   0.0   308   368   583   644   574   674 0.85 -
#
# Program:         hmmsearch
# Version:         3.1b2 (February 2015)
# Pipeline mode:   SEARCH
# Query file:      /home/inf-34-2022/Documents/BINP29/DeNovo_LongReads/Busco/busco_downloads/lineages/saccharomycetes_odb10/hmms/9724at4891.hmm
# Target file:     /home/inf-34-2022/Documents/BINP29/DeNovo_LongReads/Busco/busco_output/run_saccharomycetes_odb10/metaeuk_output/initial_results/SRRoutput.fasta.modified.fas
# Option settings: hmmsearch --domtblout /home/inf-34-2022/Documents/BINP29/DeNovo_LongReads/Busco/busco_output/run_saccharomycetes_odb10/hmmer_output/initial_run_results/9724at4891.out --cpu 1 /home/inf-34-2022/Documents/BINP29/DeNovo_LongReads/Busco/busco_downloads/lineages/saccharomycetes_odb10/hmms/9724at4891.hmm /home/inf-34-2022/Documents/BINP29/DeNovo_LongReads/Busco/busco_output/run_saccharomycetes_odb10/metaeuk_output/initial_results/SRRoutput.fasta.modified.fas 
# Current dir:     /home/inf-34-2022/Documents/BINP29/DeNovo_LongReads/Busco
# Date:            Fri Feb 24 12:03:39 2023
# [ok]
