#                                                                              --- full sequence --- -------------- this domain -------------   hmm coord   ali coord   env coord
# target name          accession   tlen query name           accession   qlen   E-value  score  bias   #  of  c-Evalue  i-Evalue  score  bias  from    to  from    to  from    to  acc description of target
#  ------------------- ---------- ----- -------------------- ---------- ----- --------- ------ ----- --- --- --------- --------- ------ ----- ----- ----- ----- ----- ----- ----- ---- ---------------------
Utg33252:769695-771140 -            482 9784at4891           -            378  3.3e-183  606.0   0.0   1   1  2.1e-185  1.4e-182  603.9   0.0     1   378    44   481    44   481 0.89 -
Utg33254:264425-265192 -            256 9784at4891           -            378   4.5e-12   42.7   0.0   1   3    0.0013      0.89    5.5   0.0   244   267     4    27     1    52 0.60 -
Utg33254:264425-265192 -            256 9784at4891           -            378   4.5e-12   42.7   0.0   2   3   4.7e-08   3.1e-05   20.2   0.0   200   230    79   111    54   135 0.64 -
Utg33254:264425-265192 -            256 9784at4891           -            378   4.5e-12   42.7   0.0   3   3   4.5e-06     0.003   13.7   0.0     6    76   169   240   162   250 0.43 -
Utg33270:118710-119699 -            330 9784at4891           -            378   9.3e-12   41.7   1.6   1   3   2.3e-10   1.5e-07   27.8   0.0   245   320    37   111     1   121 0.81 -
Utg33270:118710-119699 -            330 9784at4891           -            378   9.3e-12   41.7   1.6   2   3   0.00054      0.36    6.9   0.0   114   173   139   203   135   224 0.75 -
Utg33270:118710-119699 -            330 9784at4891           -            378   9.3e-12   41.7   1.6   3   3    0.0064       4.3    3.3   0.1   297   325   262   297   237   304 0.71 -
Utg33286:754720-755559 -            280 9784at4891           -            378   6.4e-09   32.4   0.1   1   2   2.2e-05     0.015   11.4   0.0   151   207    15    66     9    92 0.66 -
Utg33286:754720-755559 -            280 9784at4891           -            378   6.4e-09   32.4   0.1   2   2   1.2e-07   8.2e-05   18.8   0.0    27    77   182   235   170   258 0.68 -
#
# Program:         hmmsearch
# Version:         3.1b2 (February 2015)
# Pipeline mode:   SEARCH
# Query file:      /home/inf-34-2022/Documents/BINP29/DeNovo_LongReads/Busco/busco_downloads/lineages/saccharomycetes_odb10/hmms/9784at4891.hmm
# Target file:     /home/inf-34-2022/Documents/BINP29/DeNovo_LongReads/Busco/busco_output/run_saccharomycetes_odb10/metaeuk_output/initial_results/SRRoutput.fasta.modified.fas
# Option settings: hmmsearch --domtblout /home/inf-34-2022/Documents/BINP29/DeNovo_LongReads/Busco/busco_output/run_saccharomycetes_odb10/hmmer_output/initial_run_results/9784at4891.out --cpu 1 /home/inf-34-2022/Documents/BINP29/DeNovo_LongReads/Busco/busco_downloads/lineages/saccharomycetes_odb10/hmms/9784at4891.hmm /home/inf-34-2022/Documents/BINP29/DeNovo_LongReads/Busco/busco_output/run_saccharomycetes_odb10/metaeuk_output/initial_results/SRRoutput.fasta.modified.fas 
# Current dir:     /home/inf-34-2022/Documents/BINP29/DeNovo_LongReads/Busco
# Date:            Fri Feb 24 12:03:39 2023
# [ok]
