#                                                                                --- full sequence --- -------------- this domain -------------   hmm coord   ali coord   env coord
# target name            accession   tlen query name           accession   qlen   E-value  score  bias   #  of  c-Evalue  i-Evalue  score  bias  from    to  from    to  from    to  acc description of target
#    ------------------- ---------- ----- -------------------- ---------- ----- --------- ------ ----- --- --- --------- --------- ------ ----- ----- ----- ----- ----- ----- ----- ---- ---------------------
Utg33260:126932-130279   -           1116 261328at2759         -            450   5.2e-54  176.9  15.0   1   6       4.2        10   -2.0   0.0    26    44    40    58    37    62 0.84 -
Utg33260:126932-130279   -           1116 261328at2759         -            450   5.2e-54  176.9  15.0   2   6   8.4e-06     2e-05   16.7   2.0    39    92    71   142    63   147 0.74 -
Utg33260:126932-130279   -           1116 261328at2759         -            450   5.2e-54  176.9  15.0   3   6   1.3e-18   3.1e-18   59.0   0.1    92   226   175   346   169   420 0.75 -
Utg33260:126932-130279   -           1116 261328at2759         -            450   5.2e-54  176.9  15.0   4   6   1.3e-17   3.2e-17   55.6   0.3   255   355   425   551   416   565 0.73 -
Utg33260:126932-130279   -           1116 261328at2759         -            450   5.2e-54  176.9  15.0   5   6         6        14   -2.6   0.0   364   383   912   931   905   933 0.81 -
Utg33260:126932-130279   -           1116 261328at2759         -            450   5.2e-54  176.9  15.0   6   6     1e-15   2.5e-15   49.4   0.1   390   450  1025  1098  1022  1098 0.84 -
Utg33276:263306-264148   -            281 261328at2759         -            450   3.4e-42  137.9  11.8   1   4   1.2e-15   2.9e-15   49.1   0.2   134   208     5    81     1    84 0.90 -
Utg33276:263306-264148   -            281 261328at2759         -            450   3.4e-42  137.9  11.8   2   4   1.2e-15   2.8e-15   49.2   1.7   128   203    79   157    77   172 0.89 -
Utg33276:263306-264148   -            281 261328at2759         -            450   3.4e-42  137.9  11.8   3   4   2.7e-09   6.4e-09   28.3   0.0   171   213   214   256   211   257 0.95 -
Utg33276:263306-264148   -            281 261328at2759         -            450   3.4e-42  137.9  11.8   4   4   4.1e-07   9.9e-07   21.0   0.1   168   197   251   280   249   281 0.91 -
Utg33258:92072-93046     -            325 261328at2759         -            450   3.6e-38  124.7  19.3   1   4   2.8e-07   6.7e-07   21.6   0.1   155   218     1    65     1    70 0.86 -
Utg33258:92072-93046     -            325 261328at2759         -            450   3.6e-38  124.7  19.3   2   4   6.4e-06   1.5e-05   17.1   0.8   173   217    69   113    66   114 0.91 -
Utg33258:92072-93046     -            325 261328at2759         -            450   3.6e-38  124.7  19.3   3   4   3.3e-18   7.8e-18   57.6   1.2    58   207   110   269   107   272 0.92 -
Utg33258:92072-93046     -            325 261328at2759         -            450   3.6e-38  124.7  19.3   4   4   2.7e-19   6.3e-19   61.2   0.7    57   179   191   325   188   325 0.89 -
Utg33278:290425-291462   -            346 261328at2759         -            450   8.3e-34  110.3  11.3   1   3   4.5e-16   1.1e-15   50.6   1.2    76   187     3   121     1   129 0.60 -
Utg33278:290425-291462   -            346 261328at2759         -            450   8.3e-34  110.3  11.3   2   3     2e-14   4.7e-14   45.2   1.3   120   192   155   231   152   243 0.88 -
Utg33278:290425-291462   -            346 261328at2759         -            450   8.3e-34  110.3  11.3   3   3   8.1e-06   1.9e-05   16.8   0.0    75   149   253   326   238   336 0.76 -
Utg33286:602423-603208   -            262 261328at2759         -            450   4.9e-32  104.5   8.0   1   5       1.2       2.9   -0.3   0.1   166   188    12    34     5    40 0.72 -
Utg33286:602423-603208   -            262 261328at2759         -            450   4.9e-32  104.5   8.0   2   5   5.4e-13   1.3e-12   40.4   0.3   148   220    53   125    52   133 0.88 -
Utg33286:602423-603208   -            262 261328at2759         -            450   4.9e-32  104.5   8.0   3   5   1.4e-10   3.4e-10   32.4   0.0   130   207   115   196   111   198 0.88 -
Utg33286:602423-603208   -            262 261328at2759         -            450   4.9e-32  104.5   8.0   4   5   7.5e-08   1.8e-07   23.5   0.0   152   206   183   238   180   240 0.90 -
Utg33286:602423-603208   -            262 261328at2759         -            450   4.9e-32  104.5   8.0   5   5   3.9e-10   9.2e-10   31.0   0.1    93   148   202   260   198   262 0.74 -
Utg33274:551244-552182   -            313 261328at2759         -            450   8.2e-32  103.7   1.4   1   4   0.00072    0.0017   10.4   0.0    75   113    11    51     8    53 0.78 -
Utg33274:551244-552182   -            313 261328at2759         -            450   8.2e-32  103.7   1.4   2   4   3.3e-09   7.9e-09   28.0   0.0   132   192    30    94    27   111 0.87 -
Utg33274:551244-552182   -            313 261328at2759         -            450   8.2e-32  103.7   1.4   3   4   5.4e-09   1.3e-08   27.3   0.0   152   198   115   159   103   171 0.87 -
Utg33274:551244-552182   -            313 261328at2759         -            450   8.2e-32  103.7   1.4   4   4   4.7e-14   1.1e-13   43.9   0.0   111   207   175   271   169   283 0.83 -
Utg33258:110720-112219   -            500 261328at2759         -            450   2.7e-31  102.0   3.7   1   4      0.13       0.3    3.0   0.0   156   198    53    95    27   102 0.83 -
Utg33258:110720-112219   -            500 261328at2759         -            450   2.7e-31  102.0   3.7   2   4   7.1e-07   1.7e-06   20.3   0.4   155   222   143   214   137   217 0.87 -
Utg33258:110720-112219   -            500 261328at2759         -            450   2.7e-31  102.0   3.7   3   4   7.7e-15   1.8e-14   46.5   0.0    83   209   262   396   241   403 0.77 -
Utg33258:110720-112219   -            500 261328at2759         -            450   2.7e-31  102.0   3.7   4   4   8.2e-10     2e-09   29.9   0.1    84   185   390   500   390   500 0.78 -
Utg33258:72772-73482     -            237 261328at2759         -            450     3e-31  101.9   2.6   1   3   1.8e-13   4.3e-13   42.0   0.1   128   204     9    88     4    94 0.86 -
Utg33258:72772-73482     -            237 261328at2759         -            450     3e-31  101.9   2.6   2   3   4.8e-12   1.2e-11   37.3   0.3   132   190    97   166    88   178 0.84 -
Utg33258:72772-73482     -            237 261328at2759         -            450     3e-31  101.9   2.6   3   3   6.6e-07   1.6e-06   20.4   0.0    79   128   186   236   179   237 0.59 -
Utg33272:620968-621789   -            274 261328at2759         -            450     7e-29   94.1   7.7   1   4   1.4e-13   3.4e-13   42.4   0.1    96   190     2   103     1   113 0.85 -
Utg33272:620968-621789   -            274 261328at2759         -            450     7e-29   94.1   7.7   2   4   1.1e-05   2.7e-05   16.3   0.0   157   201   111   155   104   165 0.86 -
Utg33272:620968-621789   -            274 261328at2759         -            450     7e-29   94.1   7.7   3   4   2.1e-08   4.9e-08   25.3   1.9   127   204   162   250   155   251 0.81 -
Utg33272:620968-621789   -            274 261328at2759         -            450     7e-29   94.1   7.7   4   4   7.5e-06   1.8e-05   16.9   0.2   152   186   240   274   234   274 0.94 -
Utg33282:153734-154498   -            255 261328at2759         -            450   6.2e-28   90.9   7.9   1   3     8e-14   1.9e-13   43.2   0.4   101   189     1    96     1   108 0.63 -
Utg33282:153734-154498   -            255 261328at2759         -            450   6.2e-28   90.9   7.9   2   3   5.3e-15   1.3e-14   47.1   0.9   119   189   127   201   123   214 0.91 -
Utg33282:153734-154498   -            255 261328at2759         -            450   6.2e-28   90.9   7.9   3   3      0.11      0.27    3.1   0.0   151   183   225   255   219   255 0.92 -
Utg33280:187620-188342   -            241 261328at2759         -            450     2e-26   86.0   3.6   1   3   1.1e-05   2.7e-05   16.3   0.0   172   204    12    44     1    48 0.81 -
Utg33280:187620-188342   -            241 261328at2759         -            450     2e-26   86.0   3.6   2   3   1.8e-15   4.3e-15   48.6   0.5    57   192    54   188    52   193 0.83 -
Utg33280:187620-188342   -            241 261328at2759         -            450     2e-26   86.0   3.6   3   3   1.5e-06   3.6e-06   19.2   0.1   151   197   191   237   184   241 0.87 -
Utg33250:355706-356431   -            242 261328at2759         -            450   1.3e-25   83.2   5.2   1   4   1.4e-05   3.3e-05   16.0   0.0   155   195     2    43     1    45 0.88 -
Utg33250:355706-356431   -            242 261328at2759         -            450   1.3e-25   83.2   5.2   2   4   7.6e-10   1.8e-09   30.1   0.1   152   221    42   112    38   114 0.93 -
Utg33250:355706-356431   -            242 261328at2759         -            450   1.3e-25   83.2   5.2   3   4     1e-13   2.4e-13   42.8   0.3   129   213    99   189    95   199 0.84 -
Utg33250:355706-356431   -            242 261328at2759         -            450   1.3e-25   83.2   5.2   4   4       0.1      0.25    3.2   0.0    86   147   179   242   177   242 0.71 -
Utg33254:548647-549465   -            273 261328at2759         -            450   2.4e-25   82.4   7.1   1   3   0.00054    0.0013   10.8   0.0   154   193     4    43     1    67 0.80 -
Utg33254:548647-549465   -            273 261328at2759         -            450   2.4e-25   82.4   7.1   2   3      0.15      0.36    2.7   0.0   171   187    72    88    44    99 0.61 -
Utg33254:548647-549465   -            273 261328at2759         -            450   2.4e-25   82.4   7.1   3   3   9.5e-22   2.3e-21   69.3   4.8    61   223    93   261    70   272 0.84 -
Utg33266:228547-274939   -            311 261328at2759         -            450   1.5e-24   79.8  11.3   1   4    0.0029    0.0069    8.4   0.1   115   187    17    95    10   100 0.81 -
Utg33266:228547-274939   -            311 261328at2759         -            450   1.5e-24   79.8  11.3   2   4     2e-07   4.9e-07   22.1   0.1   152   207   106   161    99   164 0.95 -
Utg33266:228547-274939   -            311 261328at2759         -            450   1.5e-24   79.8  11.3   3   4   2.9e-12     7e-12   38.0   0.1    93   186   167   270   162   274 0.85 -
Utg33266:228547-274939   -            311 261328at2759         -            450   1.5e-24   79.8  11.3   4   4   4.1e-07   9.8e-07   21.1   0.7   134   185   256   311   254   311 0.88 -
Utg33284:516252-516974   -            241 261328at2759         -            450   2.2e-24   79.2   1.0   1   3   1.1e-08   2.7e-08   26.2   0.1   132   193    15    81     1    87 0.80 -
Utg33284:516252-516974   -            241 261328at2759         -            450   2.2e-24   79.2   1.0   2   3   5.8e-06   1.4e-05   17.3   0.0   151   196   100   143    85   150 0.73 -
Utg33284:516252-516974   -            241 261328at2759         -            450   2.2e-24   79.2   1.0   3   3   7.1e-11   1.7e-10   33.5   0.0   123   188   173   240   161   241 0.86 -
Utg33254:380736-381374   -            213 261328at2759         -            450   2.9e-21   69.0   6.7   1   3   7.8e-06   1.9e-05   16.8   0.1   157   190     1    34     1    39 0.88 -
Utg33254:380736-381374   -            213 261328at2759         -            450   2.9e-21   69.0   6.7   2   3   6.1e-11   1.4e-10   33.7   0.2   151   222    95   167    68   169 0.85 -
Utg33254:380736-381374   -            213 261328at2759         -            450   2.9e-21   69.0   6.7   3   3   8.1e-08   1.9e-07   23.4   0.5   136   185   160   213   154   213 0.52 -
Utg33284:40650-41135     -            162 261328at2759         -            450   6.8e-20   64.4   4.7   1   2   8.7e-07   2.1e-06   20.0   0.4   153   212     4    59     2    61 0.87 -
Utg33284:40650-41135     -            162 261328at2759         -            450   6.8e-20   64.4   4.7   2   2   1.4e-14   3.3e-14   45.7   0.4    56   150    61   159    59   161 0.87 -
Utg33254:379590-380015   -            142 261328at2759         -            450   1.7e-19   63.1   5.7   1   1   5.3e-19   1.3e-18   60.2   5.7    94   211     4   126     1   142 0.85 -
Utg33260:805325-806191   -            289 261328at2759         -            450   2.1e-18   59.5   6.7   1   3   2.6e-05   6.3e-05   15.1   0.2    79   188    10   105     4   113 0.78 -
Utg33260:805325-806191   -            289 261328at2759         -            450   2.1e-18   59.5   6.7   2   3   1.4e-06   3.2e-06   19.3   0.7   154   238   151   236   145   240 0.75 -
Utg33260:805325-806191   -            289 261328at2759         -            450   2.1e-18   59.5   6.7   3   3   7.1e-08   1.7e-07   23.6   0.1   127   203   205   289   196   289 0.80 -
Utg33264:472217-472717   -            167 261328at2759         -            450   1.9e-17   56.4  10.0   1   3     0.053      0.13    4.2   0.0    46   187     3    34     1    43 0.38 -
Utg33264:472217-472717   -            167 261328at2759         -            450   1.9e-17   56.4  10.0   2   3   6.9e-09   1.7e-08   26.9   0.1   151   194    45    88    39    90 0.91 -
Utg33264:472217-472717   -            167 261328at2759         -            450   1.9e-17   56.4  10.0   3   3   2.1e-09   4.9e-09   28.6   2.9   151   204    87   139    84   167 0.86 -
Utg33260:799164-799916   -            251 261328at2759         -            450   2.7e-17   55.9   9.3   1   4   2.4e-06   5.7e-06   18.5   1.8   149   203    23    79    20    82 0.85 -
Utg33260:799164-799916   -            251 261328at2759         -            450   2.7e-17   55.9   9.3   2   4   6.4e-05   0.00015   13.8   0.1    38    70    67   101    64   107 0.86 -
Utg33260:799164-799916   -            251 261328at2759         -            450   2.7e-17   55.9   9.3   3   4   0.00059    0.0014   10.7   0.0    56    81   150   175   138   178 0.82 -
Utg33260:799164-799916   -            251 261328at2759         -            450   2.7e-17   55.9   9.3   4   4     1e-07   2.4e-07   23.0   0.3   152   207   190   244   186   249 0.90 -
Utg33280:1173540-1174244 -            235 261328at2759         -            450   6.1e-17   54.7   0.0   1   3   3.4e-06   8.2e-06   18.0   0.0   152   206    31    87    26    90 0.83 -
Utg33280:1173540-1174244 -            235 261328at2759         -            450   6.1e-17   54.7   0.0   2   3   1.7e-11   4.1e-11   35.5   0.0   130   194    48   117    41   125 0.87 -
Utg33280:1173540-1174244 -            235 261328at2759         -            450   6.1e-17   54.7   0.0   3   3   0.00039   0.00094   11.2   0.0   155   190   165   200   133   217 0.75 -
Utg33254:113226-114110   -            295 261328at2759         -            450   7.7e-17   54.4   6.9   1   5    0.0037    0.0089    8.0   0.0   173   207     3    37     1    44 0.84 -
Utg33254:113226-114110   -            295 261328at2759         -            450   7.7e-17   54.4   6.9   2   5    0.0012    0.0029    9.6   0.2   171   203    54    86    50    88 0.81 -
Utg33254:113226-114110   -            295 261328at2759         -            450   7.7e-17   54.4   6.9   3   5      0.12      0.29    3.0   0.0    92   130   111   147   107   151 0.79 -
Utg33254:113226-114110   -            295 261328at2759         -            450   7.7e-17   54.4   6.9   4   5   8.8e-09   2.1e-08   26.6   0.1    90   192   150   259   139   270 0.76 -
Utg33254:113226-114110   -            295 261328at2759         -            450   7.7e-17   54.4   6.9   5   5    0.0034     0.008    8.2   0.1   161   185   271   295   262   295 0.84 -
Utg33260:715284-716195   -            304 261328at2759         -            450   1.8e-16   53.2   2.8   1   3   1.7e-05   3.9e-05   15.8   0.2   154   189     2    37     1    53 0.90 -
Utg33260:715284-716195   -            304 261328at2759         -            450   1.8e-16   53.2   2.8   2   3      0.12      0.28    3.1   0.0    89   115    57    83    40    91 0.78 -
Utg33260:715284-716195   -            304 261328at2759         -            450   1.8e-16   53.2   2.8   3   3   5.1e-10   1.2e-09   30.6   0.1    74   199    88   225    83   227 0.88 -
Utg33252:182119-183030   -            304 261328at2759         -            450     3e-16   52.4   3.6   1   2   3.2e-10   7.7e-10   31.3   0.1   135   208    24   107     9   133 0.78 -
Utg33252:182119-183030   -            304 261328at2759         -            450     3e-16   52.4   3.6   2   2   6.7e-07   1.6e-06   20.3   0.5    76   186   192   304   180   304 0.80 -
Utg33252:599824-600393   -            190 261328at2759         -            450   4.4e-16   51.9   1.8   1   1   4.6e-16   1.1e-15   50.6   1.8    52   187    40   190     3   190 0.80 -
Utg33252:842344-842826   -            161 261328at2759         -            450   5.2e-16   51.6   0.0   1   2   4.4e-12   1.1e-11   37.4   0.0    90   188    14   118     2   124 0.86 -
Utg33252:842344-842826   -            161 261328at2759         -            450   5.2e-16   51.6   0.0   2   2   0.00013   0.00032   12.8   0.0    74   109   124   161   117   161 0.82 -
Utg33286:568734-569420   -            229 261328at2759         -            450   3.1e-15   49.1   1.4   1   3   3.2e-10   7.6e-10   31.3   0.1   153   209     6    62     3    66 0.94 -
Utg33286:568734-569420   -            229 261328at2759         -            450   3.1e-15   49.1   1.4   2   3    0.0053     0.013    7.5   0.0   169   198    65    94    62   100 0.86 -
Utg33286:568734-569420   -            229 261328at2759         -            450   3.1e-15   49.1   1.4   3   3    0.0033     0.008    8.2   0.0   161   198   107   144    94   152 0.74 -
Utg33252:601241-602020   -            260 261328at2759         -            450   6.4e-15   48.0   0.6   1   2   3.6e-05   8.6e-05   14.6   0.0   133   189    20    80     4    86 0.84 -
Utg33252:601241-602020   -            260 261328at2759         -            450   6.4e-15   48.0   0.6   2   2   2.5e-10     6e-10   31.6   0.1   152   198    85   131    80   143 0.90 -
Utg33272:41816-42700     -            295 261328at2759         -            450   2.6e-14   46.0   5.6   1   3   7.1e-10   1.7e-09   30.2   1.7    95   197    26   134    19   137 0.85 -
Utg33272:41816-42700     -            295 261328at2759         -            450   2.6e-14   46.0   5.6   2   3   1.6e-05   3.9e-05   15.8   0.2   152   205   131   184   127   262 0.74 -
Utg33272:41816-42700     -            295 261328at2759         -            450   2.6e-14   46.0   5.6   3   3      0.17       0.4    2.5   0.0    58   147   195   295   188   295 0.53 -
Utg33264:535812-536495   -            228 261328at2759         -            450   2.8e-14   45.9   5.6   1   3   1.6e-05   3.9e-05   15.8   0.1   156   212     1    57     1    59 0.94 -
Utg33264:535812-536495   -            228 261328at2759         -            450   2.8e-14   45.9   5.6   2   3   3.5e-10   8.4e-10   31.2   1.9   133   197    16    84    13    87 0.86 -
Utg33264:535812-536495   -            228 261328at2759         -            450   2.8e-14   45.9   5.6   3   3   5.2e-05   0.00013   14.1   0.2   151   223   137   213   120   227 0.77 -
Utg33254:903877-904506   -            210 261328at2759         -            450   1.8e-13   43.2   0.3   1   2   0.00071    0.0017   10.4   0.1   134   205     2    79     1    86 0.78 -
Utg33254:903877-904506   -            210 261328at2759         -            450   1.8e-13   43.2   0.3   2   2   3.2e-10   7.6e-10   31.3   0.0    93   196    87   195    82   201 0.74 -
Utg33250:420735-421133   -            133 261328at2759         -            450   2.6e-13   42.7   2.7   1   2   9.9e-12   2.4e-11   36.3   0.4   136   207     9    84     3    90 0.89 -
Utg33250:420735-421133   -            133 261328at2759         -            450   2.6e-13   42.7   2.7   2   2    0.0087     0.021    6.8   0.1    57    74    91   108    88   115 0.86 -
Utg33284:404890-405672   -            261 261328at2759         -            450     3e-13   42.5   1.9   1   3     0.037     0.089    4.7   0.0   179   209     1    31     1    46 0.83 -
Utg33284:404890-405672   -            261 261328at2759         -            450     3e-13   42.5   1.9   2   3   2.4e-07   5.7e-07   21.8   1.8   133   196    50   117    46   125 0.83 -
Utg33284:404890-405672   -            261 261328at2759         -            450     3e-13   42.5   1.9   3   3   0.00067    0.0016   10.5   0.0   153   187   225   261   221   261 0.87 -
Utg33278:359247-375462   -            174 261328at2759         -            450   3.6e-13   42.3   0.0   1   1     2e-13   4.8e-13   41.9   0.0    90   215    12   147     1   161 0.74 -
Utg33280:973077-973871   -            265 261328at2759         -            450   1.7e-12   40.1  14.0   1   3     6e-09   1.4e-08   27.1   2.0    92   202    11   142     8   143 0.78 -
Utg33280:973077-973871   -            265 261328at2759         -            450   1.7e-12   40.1  14.0   2   3   9.4e-06   2.2e-05   16.6   1.4   152   209   134   193   130   200 0.85 -
Utg33280:973077-973871   -            265 261328at2759         -            450   1.7e-12   40.1  14.0   3   3     0.049      0.12    4.3   0.1    26    41   201   216   194   236 0.57 -
Utg33286:434568-435242   -            225 261328at2759         -            450   3.8e-12   38.9   2.7   1   3       0.1      0.24    3.3   0.1   166   199     6    39     1    60 0.59 -
Utg33286:434568-435242   -            225 261328at2759         -            450   3.8e-12   38.9   2.7   2   3   1.6e-07   3.9e-07   22.4   0.0   151   205    89   143    73   147 0.92 -
Utg33286:434568-435242   -            225 261328at2759         -            450   3.8e-12   38.9   2.7   3   3   0.00018   0.00044   12.3   0.2    50   115   147   214   142   224 0.66 -
Utg33286:208837-209520   -            228 261328at2759         -            450   2.1e-11   36.5   2.4   1   3    0.0007    0.0017   10.4   0.1   165   194     4    34     2    39 0.87 -
Utg33286:208837-209520   -            228 261328at2759         -            450   2.1e-11   36.5   2.4   2   3   0.00037    0.0009   11.3   0.0   154   194    55    95    49   116 0.79 -
Utg33286:208837-209520   -            228 261328at2759         -            450   2.1e-11   36.5   2.4   3   3   0.00012   0.00029   12.9   0.1   129   186   126   187   111   200 0.63 -
Utg33252:801452-802204   -            251 261328at2759         -            450   2.7e-11   36.1   0.9   1   2   5.9e-09   1.4e-08   27.1   1.8   101   212    19   136     8   175 0.79 -
Utg33252:801452-802204   -            251 261328at2759         -            450   2.7e-11   36.1   0.9   2   2     0.003    0.0072    8.3   0.0    79   186   122   250   121   251 0.61 -
Utg33278:48701-49495     -            265 261328at2759         -            450   3.9e-11   35.6   0.5   1   2    0.0014    0.0032    9.5   0.0   152   189    25    63     2    82 0.71 -
Utg33278:48701-49495     -            265 261328at2759         -            450   3.9e-11   35.6   0.5   2   2   7.1e-08   1.7e-07   23.6   0.2   106   203   106   212    78   254 0.71 -
Utg33254:953954-954493   -            180 261328at2759         -            450   6.2e-11   34.9   0.1   1   3      0.06      0.14    4.0   0.0    93   111    18    36     1    47 0.60 -
Utg33254:953954-954493   -            180 261328at2759         -            450   6.2e-11   34.9   0.1   2   3   2.1e-05     5e-05   15.4   0.0   153   197    58   103    52   104 0.86 -
Utg33254:953954-954493   -            180 261328at2759         -            450   6.2e-11   34.9   0.1   3   3   8.2e-05   0.00019   13.5   0.0   157   201   104   148    98   175 0.84 -
Utg33264:442559-443278   -            240 261328at2759         -            450   7.9e-11   34.5   0.1   1   2   2.2e-09   5.2e-09   28.6   0.0    56   111    23    83     4   104 0.75 -
Utg33264:442559-443278   -            240 261328at2759         -            450   7.9e-11   34.5   0.1   2   2     0.084       0.2    3.6   0.0   171   200   175   205   163   209 0.83 -
Utg33264:425837-426592   -            252 261328at2759         -            450   8.9e-10   31.1   0.2   1   3      0.32      0.77    1.6   0.0   176   207    25    56     7    75 0.80 -
Utg33264:425837-426592   -            252 261328at2759         -            450   8.9e-10   31.1   0.2   2   3   0.00031   0.00074   11.6   0.2   106   189    33   124    23   129 0.70 -
Utg33264:425837-426592   -            252 261328at2759         -            450   8.9e-10   31.1   0.2   3   3   1.5e-07   3.5e-07   22.5   0.0    57   151   107   209   105   252 0.72 -
Utg33266:190124-191074   -            317 261328at2759         -            450   1.3e-09   30.6   0.2   1   3   6.6e-08   1.6e-07   23.7   0.0    75   189    24   147    19   154 0.81 -
Utg33266:190124-191074   -            317 261328at2759         -            450   1.3e-09   30.6   0.2   2   3      0.28      0.68    1.8   0.0   171   195   205   229   195   237 0.73 -
Utg33266:190124-191074   -            317 261328at2759         -            450   1.3e-09   30.6   0.2   3   3      0.47       1.1    1.1   0.0   124   148   271   294   256   303 0.77 -
Utg33284:411435-412349   -            305 261328at2759         -            450   5.7e-09   28.4   0.3   1   3   0.00054    0.0013   10.8   0.1   161   217    17    75    13    92 0.79 -
Utg33284:411435-412349   -            305 261328at2759         -            450   5.7e-09   28.4   0.3   2   3   1.3e-05   3.2e-05   16.1   0.0   122   190    69   132    60   138 0.73 -
Utg33284:411435-412349   -            305 261328at2759         -            450   5.7e-09   28.4   0.3   3   3       6.2        15   -2.6   0.0   170   287   249   265   244   271 0.51 -
Utg33280:1085957-1198526 -            231 261328at2759         -            450   8.8e-09   27.8   4.5   1   3     0.017      0.04    5.9   0.1   171   191    25    45    17    72 0.70 -
Utg33280:1085957-1198526 -            231 261328at2759         -            450   8.8e-09   27.8   4.5   2   3   2.9e-06     7e-06   18.2   0.1   160   222    66   129    46   130 0.82 -
Utg33280:1085957-1198526 -            231 261328at2759         -            450   8.8e-09   27.8   4.5   3   3    0.0022    0.0053    8.8   0.4    91   187   117   230   114   231 0.63 -
Utg33264:471542-471889   -            116 261328at2759         -            450   1.2e-08   27.4   0.1   1   1   4.2e-08   9.9e-08   24.3   0.1    88   186     6   116     1   116 0.70 -
Utg33264:423780-424580   -            267 261328at2759         -            450   1.4e-08   27.1   4.4   1   2   2.2e-07   5.2e-07   22.0   0.2    93   209    12   140     7   142 0.76 -
Utg33264:423780-424580   -            267 261328at2759         -            450   1.4e-08   27.1   4.4   2   2     0.024     0.057    5.3   0.6    21    71   136   191   133   200 0.55 -
Utg33280:97671-98420     -            250 261328at2759         -            450   3.3e-08   25.9   0.3   1   1   2.7e-07   6.4e-07   21.7   0.2    78   222    67   243    55   246 0.67 -
Utg33262:488939-489715   -            259 261328at2759         -            450   4.6e-08   25.4   2.6   1   2    0.0054     0.013    7.5   0.1   164   186    80   102    73   118 0.79 -
Utg33262:488939-489715   -            259 261328at2759         -            450   4.6e-08   25.4   2.6   2   2   1.8e-05   4.3e-05   15.6   0.4   101   194   148   257   138   259 0.78 -
Utg33280:679864-680739   -            292 261328at2759         -            450   6.4e-08   25.0   0.8   1   2     0.033      0.08    4.9   0.0   154   197    64   109    38   119 0.80 -
Utg33280:679864-680739   -            292 261328at2759         -            450   6.4e-08   25.0   0.8   2   2     4e-06   9.5e-06   17.8   0.1   137   190   129   188   121   203 0.74 -
Utg33264:63287-63901     -            205 261328at2759         -            450   9.3e-08   24.4   0.5   1   2     0.044       0.1    4.5   0.0    20    42    14    36     8    43 0.76 -
Utg33264:63287-63901     -            205 261328at2759         -            450   9.3e-08   24.4   0.5   2   2    0.0012    0.0029    9.6   0.0   152   187    55    90    46   102 0.88 -
Utg33252:778696-779670   -            325 261328at2759         -            450   1.9e-07   23.4   8.5   1   4   5.8e-05   0.00014   14.0   2.0   156   206     1    55     1    61 0.84 -
Utg33252:778696-779670   -            325 261328at2759         -            450   1.9e-07   23.4   8.5   2   4      0.01     0.024    6.6   0.0    94   128    65   108    58   139 0.51 -
Utg33252:778696-779670   -            325 261328at2759         -            450   1.9e-07   23.4   8.5   3   4      0.84         2    0.3   0.0   152   189   200   241   185   262 0.76 -
Utg33252:778696-779670   -            325 261328at2759         -            450   1.9e-07   23.4   8.5   4   4      0.12      0.28    3.1   0.1   155   185   295   325   270   325 0.85 -
Utg33264:345612-346556   -            315 261328at2759         -            450   2.9e-07   22.8   0.1   1   2   8.3e-06     2e-05   16.8   0.0   157   197     1    41     1    46 0.89 -
Utg33264:345612-346556   -            315 261328at2759         -            450   2.9e-07   22.8   0.1   2   2      0.07      0.17    3.8   0.0   163   221   250   310   222   314 0.73 -
Utg33278:325959-326402   -            148 261328at2759         -            450   7.9e-07   21.4   0.0   1   1   3.9e-07   9.2e-07   21.1   0.0    96   197     4   111     1   115 0.84 -
Utg33280:710978-711673   -            232 261328at2759         -            450   1.3e-06   20.6   0.0   1   2    0.0017    0.0041    9.1   0.0   134   195    42   109     5   113 0.63 -
Utg33280:710978-711673   -            232 261328at2759         -            450   1.3e-06   20.6   0.0   2   2    0.0031    0.0074    8.3   0.0    94   117   202   225   195   232 0.80 -
Utg33284:103912-222956   -            256 261328at2759         -            450   1.3e-06   20.6   0.0   1   2   1.3e-06   3.1e-06   19.4   0.0    58   127    42   115    35   138 0.78 -
Utg33284:103912-222956   -            256 261328at2759         -            450   1.3e-06   20.6   0.0   2   2       5.1        12   -2.3   0.0   174   194   196   216   189   224 0.55 -
Utg33264:511190-512047   -            286 261328at2759         -            450   3.4e-06   19.3   0.5   1   1   5.4e-06   1.3e-05   17.4   0.5    90   189   120   237   116   246 0.74 -
Utg33252:945610-946581   -            324 261328at2759         -            450   4.6e-06   18.9   1.5   1   4     0.099      0.24    3.3   0.0   161   190    63    91    50   105 0.61 -
Utg33252:945610-946581   -            324 261328at2759         -            450   4.6e-06   18.9   1.5   2   4     0.012     0.028    6.4   0.1   155   189   154   187   138   195 0.88 -
Utg33252:945610-946581   -            324 261328at2759         -            450   4.6e-06   18.9   1.5   3   4      0.11      0.27    3.1   0.0   169   220   218   270   188   283 0.75 -
Utg33252:945610-946581   -            324 261328at2759         -            450   4.6e-06   18.9   1.5   4   4       0.1      0.25    3.3   0.0   161   200   268   307   261   309 0.77 -
Utg33250:539408-539929   -            174 261328at2759         -            450   5.4e-06   18.6   0.2   1   2   7.2e-05   0.00017   13.7   0.1    58   137     1    87     1   100 0.66 -
Utg33250:539408-539929   -            174 261328at2759         -            450   5.4e-06   18.6   0.2   2   2      0.12      0.28    3.1   0.0   154   188   132   167   110   173 0.59 -
Utg33270:160199-160675   -            159 261328at2759         -            450   8.3e-06   18.0   0.0   1   1   4.4e-06     1e-05   17.7   0.0   153   204    34    85     3    92 0.78 -
Utg33254:231032-232027   -            332 261328at2759         -            450   1.4e-05   17.2   0.0   1   2   7.2e-05   0.00017   13.7   0.0   155   208    56   109    26   127 0.87 -
Utg33254:231032-232027   -            332 261328at2759         -            450   1.4e-05   17.2   0.0   2   2      0.41      0.98    1.3   0.0    93   115   182   204   173   304 0.69 -
Utg33280:492290-493147   -            286 261328at2759         -            450   3.2e-05   16.1   0.4   1   2    0.0052     0.013    7.5   0.0   168   195    46    73    26    82 0.72 -
Utg33280:492290-493147   -            286 261328at2759         -            450   3.2e-05   16.1   0.4   2   2     0.015     0.036    6.0   0.1    91   186   139   227   134   234 0.75 -
Utg33272:171700-171939   -             80 261328at2759         -            450   7.9e-05   14.8   0.0   1   1   3.5e-05   8.3e-05   14.7   0.0   155   214     2    61     1    72 0.92 -
#
# Program:         hmmsearch
# Version:         3.1b2 (February 2015)
# Pipeline mode:   SEARCH
# Query file:      /home/inf-34-2022/Documents/BINP29/DeNovo_LongReads/Busco/busco_downloads/lineages/eukaryota_odb10/hmms/261328at2759.hmm
# Target file:     /home/inf-34-2022/Documents/BINP29/DeNovo_LongReads/Busco/busco_output/auto_lineage/run_eukaryota_odb10/metaeuk_output/rerun_results/SRRoutput.fasta.modified.fas
# Option settings: hmmsearch --domtblout /home/inf-34-2022/Documents/BINP29/DeNovo_LongReads/Busco/busco_output/auto_lineage/run_eukaryota_odb10/hmmer_output/rerun_results/261328at2759.out --cpu 1 /home/inf-34-2022/Documents/BINP29/DeNovo_LongReads/Busco/busco_downloads/lineages/eukaryota_odb10/hmms/261328at2759.hmm /home/inf-34-2022/Documents/BINP29/DeNovo_LongReads/Busco/busco_output/auto_lineage/run_eukaryota_odb10/metaeuk_output/rerun_results/SRRoutput.fasta.modified.fas 
# Current dir:     /home/inf-34-2022/Documents/BINP29/DeNovo_LongReads/Busco
# Date:            Fri Feb 24 11:53:31 2023
# [ok]
