#                                                                            --- full sequence --- -------------- this domain -------------   hmm coord   ali coord   env coord
# target name        accession   tlen query name           accession   qlen   E-value  score  bias   #  of  c-Evalue  i-Evalue  score  bias  from    to  from    to  from    to  acc description of target
#------------------- ---------- ----- -------------------- ---------- ----- --------- ------ ----- --- --- --------- --------- ------ ----- ----- ----- ----- ----- ----- ----- ---- ---------------------
Utg33284_192         -            572 1346419at2           -            308   8.7e-21   73.2   0.5   1   1   6.3e-23   1.3e-19   69.3   0.5     3   132   310   461   308   500 0.76 # 282575 # 284290 # 1 # ID=18_192;partial=00;start_type=ATG;rbs_motif=None;rbs_spacer=None;gc_cont=0.409
Utg33284_395         -            559 1346419at2           -            308   6.8e-17   60.4   0.4   1   2   1.3e-05     0.027   12.4   0.0     3    51   265   317   263   333 0.82 # 583734 # 585410 # -1 # ID=18_395;partial=00;start_type=ATG;rbs_motif=None;rbs_spacer=None;gc_cont=0.434
Utg33284_395         -            559 1346419at2           -            308   6.8e-17   60.4   0.4   2   2   8.7e-16   1.8e-12   45.9   0.1    63   132   376   448   368   469 0.91 # 583734 # 585410 # -1 # ID=18_395;partial=00;start_type=ATG;rbs_motif=None;rbs_spacer=None;gc_cont=0.434
Utg33260_266         -            675 1346419at2           -            308   3.4e-16   58.1   0.1   1   2   8.8e-06     0.018   13.0   0.0     3    55   293   349   291   360 0.81 # 405442 # 407466 # -1 # ID=6_266;partial=00;start_type=ATG;rbs_motif=None;rbs_spacer=None;gc_cont=0.429
Utg33260_266         -            675 1346419at2           -            308   3.4e-16   58.1   0.1   2   2   7.5e-15   1.5e-11   42.8   0.0    63   132   457   529   448   541 0.89 # 405442 # 407466 # -1 # ID=6_266;partial=00;start_type=ATG;rbs_motif=None;rbs_spacer=None;gc_cont=0.429
Utg33276_131         -            366 1346419at2           -            308   1.3e-07   29.9   0.0   1   3   1.2e-09   2.4e-06   25.7   0.0   158   205    73   122    63   128 0.89 # 202711 # 203808 # -1 # ID=14_131;partial=00;start_type=ATG;rbs_motif=None;rbs_spacer=None;gc_cont=0.389
Utg33276_131         -            366 1346419at2           -            308   1.3e-07   29.9   0.0   2   3      0.76   1.5e+03   -3.2   0.0   222   233   206   217   196   230 0.78 # 202711 # 203808 # -1 # ID=14_131;partial=00;start_type=ATG;rbs_motif=None;rbs_spacer=None;gc_cont=0.389
Utg33276_131         -            366 1346419at2           -            308   1.3e-07   29.9   0.0   3   3     0.037        75    1.1   0.0   253   290   273   312   266   318 0.83 # 202711 # 203808 # -1 # ID=14_131;partial=00;start_type=ATG;rbs_motif=None;rbs_spacer=None;gc_cont=0.389
#
# Program:         hmmsearch
# Version:         3.1b2 (February 2015)
# Pipeline mode:   SEARCH
# Query file:      /home/inf-34-2022/Documents/BINP29/DeNovo_LongReads/Busco/busco_downloads/lineages/bacteria_odb10/hmms/1346419at2.hmm
# Target file:     /home/inf-34-2022/Documents/BINP29/DeNovo_LongReads/Busco/busco_output/prodigal_output/predicted_genes/predicted.faa
# Option settings: hmmsearch --domtblout /home/inf-34-2022/Documents/BINP29/DeNovo_LongReads/Busco/busco_output/auto_lineage/run_bacteria_odb10/hmmer_output/1346419at2.out --cpu 1 /home/inf-34-2022/Documents/BINP29/DeNovo_LongReads/Busco/busco_downloads/lineages/bacteria_odb10/hmms/1346419at2.hmm /home/inf-34-2022/Documents/BINP29/DeNovo_LongReads/Busco/busco_output/prodigal_output/predicted_genes/predicted.faa 
# Current dir:     /home/inf-34-2022/Documents/BINP29/DeNovo_LongReads/Busco
# Date:            Fri Feb 24 11:43:27 2023
# [ok]
