#                                                                            --- full sequence --- -------------- this domain -------------   hmm coord   ali coord   env coord
# target name        accession   tlen query name           accession   qlen   E-value  score  bias   #  of  c-Evalue  i-Evalue  score  bias  from    to  from    to  from    to  acc description of target
#------------------- ---------- ----- -------------------- ---------- ----- --------- ------ ----- --- --- --------- --------- ------ ----- ----- ----- ----- ----- ----- ----- ---- ---------------------
Utg33254_447         -            646 143460at2            -            439   9.2e-33  112.4   0.1   1   2   6.4e-35   3.1e-32  110.7   0.1     2   202    47   281    46   307 0.77 # 683692 # 685629 # 1 # ID=3_447;partial=00;start_type=ATG;rbs_motif=None;rbs_spacer=None;gc_cont=0.386
Utg33254_447         -            646 143460at2            -            439   9.2e-33  112.4   0.1   2   2      0.82   3.9e+02   -1.7   0.0   263   303   384   425   364   431 0.74 # 683692 # 685629 # 1 # ID=3_447;partial=00;start_type=ATG;rbs_motif=None;rbs_spacer=None;gc_cont=0.386
Utg33260_362         -            843 143460at2            -            439   2.8e-31  107.6   3.3   1   4   1.7e-28     8e-26   89.6   4.7     1   134    19   187    19   204 0.75 # 552731 # 555259 # 1 # ID=6_362;partial=00;start_type=ATG;rbs_motif=AATAA;rbs_spacer=9bp;gc_cont=0.445
Utg33260_362         -            843 143460at2            -            439   2.8e-31  107.6   3.3   2   4     0.055        26    2.2   0.0   153   191   375   414   334   419 0.85 # 552731 # 555259 # 1 # ID=6_362;partial=00;start_type=ATG;rbs_motif=AATAA;rbs_spacer=9bp;gc_cont=0.445
Utg33260_362         -            843 143460at2            -            439   2.8e-31  107.6   3.3   3   4      0.17        80    0.6   0.0   263   304   529   572   525   589 0.79 # 552731 # 555259 # 1 # ID=6_362;partial=00;start_type=ATG;rbs_motif=AATAA;rbs_spacer=9bp;gc_cont=0.445
Utg33260_362         -            843 143460at2            -            439   2.8e-31  107.6   3.3   4   4      0.23   1.1e+02    0.1   0.0   275   319   705   756   688   794 0.75 # 552731 # 555259 # 1 # ID=6_362;partial=00;start_type=ATG;rbs_motif=AATAA;rbs_spacer=9bp;gc_cont=0.445
Utg33280_830         -            843 143460at2            -            439   2.8e-31  107.6   3.3   1   4   1.7e-28     8e-26   89.6   4.7     1   134    19   187    19   204 0.75 # 1213640 # 1216168 # 1 # ID=16_830;partial=00;start_type=ATG;rbs_motif=None;rbs_spacer=None;gc_cont=0.444
Utg33280_830         -            843 143460at2            -            439   2.8e-31  107.6   3.3   2   4     0.055        26    2.2   0.0   153   191   375   414   334   419 0.85 # 1213640 # 1216168 # 1 # ID=16_830;partial=00;start_type=ATG;rbs_motif=None;rbs_spacer=None;gc_cont=0.444
Utg33280_830         -            843 143460at2            -            439   2.8e-31  107.6   3.3   3   4      0.17        80    0.6   0.0   263   304   529   572   525   589 0.79 # 1213640 # 1216168 # 1 # ID=16_830;partial=00;start_type=ATG;rbs_motif=None;rbs_spacer=None;gc_cont=0.444
Utg33280_830         -            843 143460at2            -            439   2.8e-31  107.6   3.3   4   4      0.23   1.1e+02    0.1   0.0   275   319   705   756   688   794 0.75 # 1213640 # 1216168 # 1 # ID=16_830;partial=00;start_type=ATG;rbs_motif=None;rbs_spacer=None;gc_cont=0.444
Utg33254_162         -            757 143460at2            -            439   3.7e-29  100.6   0.5   1   3   6.3e-26     3e-23   81.1   0.1     1   120    65   209    65   226 0.78 # 251304 # 253574 # -1 # ID=3_162;partial=00;start_type=ATG;rbs_motif=None;rbs_spacer=None;gc_cont=0.402
Utg33254_162         -            757 143460at2            -            439   3.7e-29  100.6   0.5   2   3      0.67   3.2e+02   -1.4   0.0   136   172   325   360   314   369 0.77 # 251304 # 253574 # -1 # ID=3_162;partial=00;start_type=ATG;rbs_motif=None;rbs_spacer=None;gc_cont=0.402
Utg33254_162         -            757 143460at2            -            439   3.7e-29  100.6   0.5   3   3   4.5e-06    0.0022   15.6   0.0   165   293   397   538   361   552 0.69 # 251304 # 253574 # -1 # ID=3_162;partial=00;start_type=ATG;rbs_motif=None;rbs_spacer=None;gc_cont=0.402
Utg33274_321         -            820 143460at2            -            439   7.8e-28   96.2   1.9   1   3   2.8e-30   1.4e-27   95.4   0.3     1   127    41   184    41   191 0.84 # 524876 # 527335 # -1 # ID=13_321;partial=00;start_type=ATG;rbs_motif=None;rbs_spacer=None;gc_cont=0.380
Utg33274_321         -            820 143460at2            -            439   7.8e-28   96.2   1.9   2   3         1   4.8e+02   -2.0   0.0   212   280   490   562   483   573 0.69 # 524876 # 527335 # -1 # ID=13_321;partial=00;start_type=ATG;rbs_motif=None;rbs_spacer=None;gc_cont=0.380
Utg33274_321         -            820 143460at2            -            439   7.8e-28   96.2   1.9   3   3       2.5   1.2e+03   -3.3   0.0   314   345   764   795   755   799 0.83 # 524876 # 527335 # -1 # ID=13_321;partial=00;start_type=ATG;rbs_motif=None;rbs_spacer=None;gc_cont=0.380
Utg33272_209         -           1111 143460at2            -            439   1.6e-23   82.0   0.1   1   2   3.6e-10   1.7e-07   29.2   0.0     1    51    19    76    19    86 0.85 # 327671 # 331003 # -1 # ID=12_209;partial=00;start_type=ATG;rbs_motif=None;rbs_spacer=None;gc_cont=0.396
Utg33272_209         -           1111 143460at2            -            439   1.6e-23   82.0   0.1   2   2   1.5e-16   7.3e-14   50.2   0.0    52   113    97   161    91   179 0.91 # 327671 # 331003 # -1 # ID=12_209;partial=00;start_type=ATG;rbs_motif=None;rbs_spacer=None;gc_cont=0.396
Utg33260_428         -            438 143460at2            -            439     4e-19   67.5   0.6   1   1   1.3e-20   6.1e-18   63.6   0.6     3   190    50   283    48   299 0.64 # 656148 # 657461 # 1 # ID=6_428;partial=00;start_type=ATG;rbs_motif=None;rbs_spacer=None;gc_cont=0.420
Utg33260_163         -            677 143460at2            -            439   1.6e-13   49.1   3.5   1   2   3.3e-16   1.6e-13   49.1   3.5     4   129   148   281   146   369 0.75 # 249700 # 251730 # 1 # ID=6_163;partial=00;start_type=ATG;rbs_motif=None;rbs_spacer=None;gc_cont=0.369
Utg33260_163         -            677 143460at2            -            439   1.6e-13   49.1   3.5   2   2      0.36   1.7e+02   -0.5   0.2   165   191   589   615   537   630 0.68 # 249700 # 251730 # 1 # ID=6_163;partial=00;start_type=ATG;rbs_motif=None;rbs_spacer=None;gc_cont=0.369
Utg33284_410         -            612 143460at2            -            439   3.3e-09   34.8   0.1   1   2     0.013       6.1    4.3   0.0     6    29   172   195   169   207 0.84 # 604343 # 606178 # -1 # ID=18_410;partial=00;start_type=ATG;rbs_motif=None;rbs_spacer=None;gc_cont=0.400
Utg33284_410         -            612 143460at2            -            439   3.3e-09   34.8   0.1   2   2   6.3e-10     3e-07   28.4   0.0    21    89   209   283   205   333 0.71 # 604343 # 606178 # -1 # ID=18_410;partial=00;start_type=ATG;rbs_motif=None;rbs_spacer=None;gc_cont=0.400
Utg33266_63          -            459 143460at2            -            439   8.8e-09   33.4   0.3   1   2   1.9e-08   8.9e-06   23.5   0.1     3   112     9   157     7   176 0.60 # 87741 # 89117 # 1 # ID=9_63;partial=00;start_type=ATG;rbs_motif=None;rbs_spacer=None;gc_cont=0.444
Utg33266_63          -            459 143460at2            -            439   8.8e-09   33.4   0.3   2   2       0.4   1.9e+02   -0.6   0.0   169   189   257   277   229   290 0.82 # 87741 # 89117 # 1 # ID=9_63;partial=00;start_type=ATG;rbs_motif=None;rbs_spacer=None;gc_cont=0.444
Utg33286_322         -            459 143460at2            -            439   8.8e-09   33.4   0.3   1   2   1.9e-08   8.9e-06   23.5   0.1     3   112     9   157     7   176 0.60 # 463742 # 465118 # 1 # ID=19_322;partial=00;start_type=ATG;rbs_motif=None;rbs_spacer=None;gc_cont=0.446
Utg33286_322         -            459 143460at2            -            439   8.8e-09   33.4   0.3   2   2       0.4   1.9e+02   -0.6   0.0   169   189   257   277   229   290 0.82 # 463742 # 465118 # 1 # ID=19_322;partial=00;start_type=ATG;rbs_motif=None;rbs_spacer=None;gc_cont=0.446
Utg33284_80          -           1009 143460at2            -            439   8.3e-07   26.9   2.5   1   3   1.9e-08   9.3e-06   23.4   3.1    46   112   203   272   133   293 0.73 # 129825 # 132851 # 1 # ID=18_80;partial=00;start_type=ATG;rbs_motif=None;rbs_spacer=None;gc_cont=0.382
Utg33284_80          -           1009 143460at2            -            439   8.3e-07   26.9   2.5   2   3       1.3   6.4e+02   -2.4   0.0   163   193   473   504   462   508 0.75 # 129825 # 132851 # 1 # ID=18_80;partial=00;start_type=ATG;rbs_motif=None;rbs_spacer=None;gc_cont=0.382
Utg33284_80          -           1009 143460at2            -            439   8.3e-07   26.9   2.5   3   3         3   1.4e+03   -3.5   0.0   194   223   556   585   553   592 0.80 # 129825 # 132851 # 1 # ID=18_80;partial=00;start_type=ATG;rbs_motif=None;rbs_spacer=None;gc_cont=0.382
Utg33280_530         -            686 143460at2            -            439   5.9e-06   24.1   0.0   1   2   9.4e-07   0.00045   17.9   0.0    26   127   307   425   261   434 0.80 # 778707 # 780764 # 1 # ID=16_530;partial=00;start_type=ATG;rbs_motif=None;rbs_spacer=None;gc_cont=0.413
Utg33280_530         -            686 143460at2            -            439   5.9e-06   24.1   0.0   2   2      0.26   1.2e+02   -0.0   0.0   167   189   499   521   467   547 0.76 # 778707 # 780764 # 1 # ID=16_530;partial=00;start_type=ATG;rbs_motif=None;rbs_spacer=None;gc_cont=0.413
Utg33270_66          -           1003 143460at2            -            439   8.7e-06   23.5   0.0   1   2     0.017       8.2    3.9   0.0     5    23   409   427   407   438 0.86 # 81519 # 84527 # 1 # ID=11_66;partial=00;start_type=ATG;rbs_motif=None;rbs_spacer=None;gc_cont=0.413
Utg33270_66          -           1003 143460at2            -            439   8.7e-06   23.5   0.0   2   2   1.5e-06   0.00074   17.2   0.0    55   112   474   534   457   556 0.85 # 81519 # 84527 # 1 # ID=11_66;partial=00;start_type=ATG;rbs_motif=None;rbs_spacer=None;gc_cont=0.413
Utg33278_149         -            528 143460at2            -            439   0.00053   17.6   1.1   1   2    0.0054       2.6    5.5   0.1     3    21   102   120   100   144 0.78 # 206343 # 207926 # 1 # ID=15_149;partial=00;start_type=ATG;rbs_motif=None;rbs_spacer=None;gc_cont=0.404
Utg33278_149         -            528 143460at2            -            439   0.00053   17.6   1.1   2   2   0.00013     0.061   10.9   0.1    53   160   189   311   183   355 0.73 # 206343 # 207926 # 1 # ID=15_149;partial=00;start_type=ATG;rbs_motif=None;rbs_spacer=None;gc_cont=0.404
Utg33260_326         -            310 143460at2            -            439    0.0044   14.6   0.0   1   1   1.2e-05    0.0056   14.3   0.0    44   140    51   156    13   173 0.79 # 492875 # 493804 # 1 # ID=6_326;partial=00;start_type=ATG;rbs_motif=None;rbs_spacer=None;gc_cont=0.394
Utg33286_350         -            438 143460at2            -            439     0.021   12.4   0.0   1   1   6.7e-05     0.032   11.8   0.0   304   404    15   120     5   144 0.78 # 516940 # 518253 # -1 # ID=19_350;partial=00;start_type=ATG;rbs_motif=None;rbs_spacer=None;gc_cont=0.369
#
# Program:         hmmsearch
# Version:         3.1b2 (February 2015)
# Pipeline mode:   SEARCH
# Query file:      /home/inf-34-2022/Documents/BINP29/DeNovo_LongReads/Busco/busco_downloads/lineages/bacteria_odb10/hmms/143460at2.hmm
# Target file:     /home/inf-34-2022/Documents/BINP29/DeNovo_LongReads/Busco/busco_output/prodigal_output/predicted_genes/predicted.faa
# Option settings: hmmsearch --domtblout /home/inf-34-2022/Documents/BINP29/DeNovo_LongReads/Busco/busco_output/auto_lineage/run_bacteria_odb10/hmmer_output/143460at2.out --cpu 1 /home/inf-34-2022/Documents/BINP29/DeNovo_LongReads/Busco/busco_downloads/lineages/bacteria_odb10/hmms/143460at2.hmm /home/inf-34-2022/Documents/BINP29/DeNovo_LongReads/Busco/busco_output/prodigal_output/predicted_genes/predicted.faa 
# Current dir:     /home/inf-34-2022/Documents/BINP29/DeNovo_LongReads/Busco
# Date:            Fri Feb 24 11:43:27 2023
# [ok]
