#                                                                            --- full sequence --- -------------- this domain -------------   hmm coord   ali coord   env coord
# target name        accession   tlen query name           accession   qlen   E-value  score  bias   #  of  c-Evalue  i-Evalue  score  bias  from    to  from    to  from    to  acc description of target
#------------------- ---------- ----- -------------------- ---------- ----- --------- ------ ----- --- --- --------- --------- ------ ----- ----- ----- ----- ----- ----- ----- ---- ---------------------
Utg33264_198         -            527 1592033at2           -            393   1.2e-09   36.5   1.0   1   1   6.6e-12     2e-09   35.8   1.0   192   355   272   449   209   485 0.83 # 302703 # 304283 # -1 # ID=8_198;partial=00;start_type=ATG;rbs_motif=AATAA;rbs_spacer=11bp;gc_cont=0.380
Utg33262_303         -            519 1592033at2           -            393     2e-09   35.8   0.0   1   1   1.3e-11   3.9e-09   34.9   0.0   193   354   338   515   335   518 0.83 # 452969 # 454525 # 1 # ID=7_303;partial=00;start_type=ATG;rbs_motif=None;rbs_spacer=None;gc_cont=0.425
Utg33270_65          -            370 1592033at2           -            393   6.2e-09   34.2   0.0   1   2   3.9e-06    0.0012   16.8   0.0   194   247    65   118    59   125 0.82 # 80135 # 81244 # -1 # ID=11_65;partial=00;start_type=ATG;rbs_motif=None;rbs_spacer=None;gc_cont=0.436
Utg33270_65          -            370 1592033at2           -            393   6.2e-09   34.2   0.0   2   2   1.5e-05    0.0045   14.9   0.0   291   354   228   295   221   318 0.80 # 80135 # 81244 # -1 # ID=11_65;partial=00;start_type=ATG;rbs_motif=None;rbs_spacer=None;gc_cont=0.436
Utg33252_159         -            369 1592033at2           -            393   4.9e-08   31.3   5.9   1   3       7.3   2.2e+03   -3.8   0.4   166   186     4    24     3    26 0.79 # 239415 # 240521 # -1 # ID=2_159;partial=00;start_type=ATG;rbs_motif=AACAA;rbs_spacer=10bp;gc_cont=0.402
Utg33252_159         -            369 1592033at2           -            393   4.9e-08   31.3   5.9   2   3   1.4e-06   0.00041   18.3   0.1   196   294    65   160    60   184 0.81 # 239415 # 240521 # -1 # ID=2_159;partial=00;start_type=ATG;rbs_motif=AACAA;rbs_spacer=10bp;gc_cont=0.402
Utg33252_159         -            369 1592033at2           -            393   4.9e-08   31.3   5.9   3   3   1.1e-05    0.0032   15.4   0.1   278   352   215   293   207   306 0.79 # 239415 # 240521 # -1 # ID=2_159;partial=00;start_type=ATG;rbs_motif=AACAA;rbs_spacer=10bp;gc_cont=0.402
Utg33252_544         -            641 1592033at2           -            393   3.2e-07   28.6   1.8   1   2   6.8e-05      0.02   12.8   0.5   270   352   195   284   188   316 0.69 # 776370 # 778292 # -1 # ID=2_544;partial=00;start_type=ATG;rbs_motif=None;rbs_spacer=None;gc_cont=0.389
Utg33252_544         -            641 1592033at2           -            393   3.2e-07   28.6   1.8   2   2   1.7e-05    0.0051   14.7   0.0   195   218   337   360   333   375 0.88 # 776370 # 778292 # -1 # ID=2_544;partial=00;start_type=ATG;rbs_motif=None;rbs_spacer=None;gc_cont=0.389
Utg33286_508         -            219 1592033at2           -            393     8e-07   27.3   0.1   1   2     0.076        23    2.7   0.0   176   222     6    51     1    73 0.78 # 729696 # 730352 # -1 # ID=19_508;partial=00;start_type=ATG;rbs_motif=None;rbs_spacer=None;gc_cont=0.422
Utg33286_508         -            219 1592033at2           -            393     8e-07   27.3   0.1   2   2   6.4e-08   1.9e-05   22.7   0.0   271   362   100   199    98   213 0.85 # 729696 # 730352 # -1 # ID=19_508;partial=00;start_type=ATG;rbs_motif=None;rbs_spacer=None;gc_cont=0.422
Utg33252_118         -            412 1592033at2           -            393   1.9e-06   26.0   0.1   1   3   0.00032     0.097   10.5   0.0   195   232     5    42     3    52 0.90 # 169636 # 170871 # 1 # ID=2_118;partial=00;start_type=ATG;rbs_motif=None;rbs_spacer=None;gc_cont=0.464
Utg33252_118         -            412 1592033at2           -            393   1.9e-06   26.0   0.1   2   3    0.0081       2.4    5.9   0.0   267   286   102   121    99   147 0.84 # 169636 # 170871 # 1 # ID=2_118;partial=00;start_type=ATG;rbs_motif=None;rbs_spacer=None;gc_cont=0.464
Utg33252_118         -            412 1592033at2           -            393   1.9e-06   26.0   0.1   3   3    0.0081       2.4    5.9   0.0   295   344   210   267   203   285 0.81 # 169636 # 170871 # 1 # ID=2_118;partial=00;start_type=ATG;rbs_motif=None;rbs_spacer=None;gc_cont=0.464
Utg33278_122         -            521 1592033at2           -            393   2.4e-06   25.7   6.0   1   3       4.7   1.4e+03   -3.2   0.6   355   387    50    83     9    89 0.50 # 163848 # 165410 # 1 # ID=15_122;partial=00;start_type=ATG;rbs_motif=None;rbs_spacer=None;gc_cont=0.397
Utg33278_122         -            521 1592033at2           -            393   2.4e-06   25.7   6.0   2   3   2.3e-05     0.007   14.3   0.0   272   321   175   222   167   237 0.86 # 163848 # 165410 # 1 # ID=15_122;partial=00;start_type=ATG;rbs_motif=None;rbs_spacer=None;gc_cont=0.397
Utg33278_122         -            521 1592033at2           -            393   2.4e-06   25.7   6.0   3   3   2.5e-05    0.0075   14.2   0.2   188   216   274   302   250   334 0.81 # 163848 # 165410 # 1 # ID=15_122;partial=00;start_type=ATG;rbs_motif=None;rbs_spacer=None;gc_cont=0.397
Utg33250_160         -            648 1592033at2           -            393   4.2e-06   24.9   0.8   1   2   3.5e-08   1.1e-05   23.6   0.0   193   366   166   340   130   370 0.70 # 249919 # 251862 # -1 # ID=1_160;partial=00;start_type=ATG;rbs_motif=None;rbs_spacer=None;gc_cont=0.406
Utg33250_160         -            648 1592033at2           -            393   4.2e-06   24.9   0.8   2   2       5.8   1.8e+03   -3.5   0.1   311   380   450   518   430   528 0.64 # 249919 # 251862 # -1 # ID=1_160;partial=00;start_type=ATG;rbs_motif=None;rbs_spacer=None;gc_cont=0.406
Utg33264_342         -            192 1592033at2           -            393   5.3e-06   24.6   0.0   1   2   3.4e-05      0.01   13.7   0.0   190   247    13    69     6    73 0.82 # 523146 # 523721 # 1 # ID=8_342;partial=00;start_type=ATG;rbs_motif=AAGAA;rbs_spacer=3bp;gc_cont=0.415
Utg33264_342         -            192 1592033at2           -            393   5.3e-06   24.6   0.0   2   2    0.0016      0.48    8.2   0.0   300   322   119   154    85   190 0.59 # 523146 # 523721 # 1 # ID=8_342;partial=00;start_type=ATG;rbs_motif=AAGAA;rbs_spacer=3bp;gc_cont=0.415
Utg33262_56          -            406 1592033at2           -            393   2.1e-05   22.6   0.0   1   1   1.3e-07   3.9e-05   21.7   0.0   192   240    14    63    11    70 0.88 # 85060 # 86277 # -1 # ID=7_56;partial=00;start_type=ATG;rbs_motif=AATAA;rbs_spacer=6bp;gc_cont=0.377
Utg33250_108         -            199 1592033at2           -            393   7.9e-05   20.7   1.7   1   2    0.0042       1.3    6.9   0.0   191   221    14    44     7    64 0.85 # 162280 # 162876 # -1 # ID=1_108;partial=00;start_type=ATG;rbs_motif=None;rbs_spacer=None;gc_cont=0.372
Utg33250_108         -            199 1592033at2           -            393   7.9e-05   20.7   1.7   2   2   0.00012     0.035   12.0   0.4   276   347    95   183    92   195 0.71 # 162280 # 162876 # -1 # ID=1_108;partial=00;start_type=ATG;rbs_motif=None;rbs_spacer=None;gc_cont=0.372
Utg33272_486         -            211 1592033at2           -            393   0.00016   19.7   0.0   1   1   7.7e-07   0.00023   19.2   0.0   181   220    28    65    19    68 0.79 # 721997 # 722629 # -1 # ID=12_486;partial=00;start_type=TTG;rbs_motif=None;rbs_spacer=None;gc_cont=0.400
Utg33286_188         -            395 1592033at2           -            393   0.00027   18.9   0.1   1   2   2.8e-06   0.00085   17.3   0.0   195   240    21    67     6    72 0.86 # 278622 # 279806 # -1 # ID=19_188;partial=00;start_type=ATG;rbs_motif=AATAA;rbs_spacer=15bp;gc_cont=0.397
Utg33286_188         -            395 1592033at2           -            393   0.00027   18.9   0.1   2   2       2.3     7e+02   -2.2   0.3   290   381   113   209   108   218 0.70 # 278622 # 279806 # -1 # ID=19_188;partial=00;start_type=ATG;rbs_motif=AATAA;rbs_spacer=15bp;gc_cont=0.397
Utg33282_91          -            216 1592033at2           -            393   0.00076   17.5   0.4   1   1   1.6e-05    0.0047   14.9   0.4   270   353    90   183     8   197 0.71 # 140869 # 141516 # -1 # ID=17_91;partial=00;start_type=ATG;rbs_motif=AACAA;rbs_spacer=7bp;gc_cont=0.407
Utg33272_487         -            273 1592033at2           -            393    0.0015   16.5   0.0   1   1   9.4e-06    0.0028   15.6   0.0   272   318   221   266   216   270 0.91 # 723170 # 723988 # -1 # ID=12_487;partial=00;start_type=ATG;rbs_motif=AATAA;rbs_spacer=4bp;gc_cont=0.422
Utg33272_300         -            221 1592033at2           -            393    0.0017   16.3   0.4   1   2       1.4   4.1e+02   -1.4   0.0   195   216    13    34     9    42 0.81 # 450759 # 451421 # 1 # ID=12_300;partial=00;start_type=ATG;rbs_motif=None;rbs_spacer=None;gc_cont=0.398
Utg33272_300         -            221 1592033at2           -            393    0.0017   16.3   0.4   2   2     2e-05    0.0061   14.5   0.4   271   361    83   190    81   216 0.67 # 450759 # 451421 # 1 # ID=12_300;partial=00;start_type=ATG;rbs_motif=None;rbs_spacer=None;gc_cont=0.398
Utg33280_749         -            315 1592033at2           -            393    0.0031   15.5   0.7   1   2   3.8e-05     0.011   13.6   0.1   193   219   132   158   126   165 0.90 # 1115501 # 1116445 # 1 # ID=16_749;partial=00;start_type=ATG;rbs_motif=None;rbs_spacer=None;gc_cont=0.367
Utg33280_749         -            315 1592033at2           -            393    0.0031   15.5   0.7   2   2      0.89   2.7e+02   -0.8   0.1   297   330   237   269   226   276 0.65 # 1115501 # 1116445 # 1 # ID=16_749;partial=00;start_type=ATG;rbs_motif=None;rbs_spacer=None;gc_cont=0.367
Utg33264_164         -            209 1592033at2           -            393    0.0033   15.3   0.4   1   1   3.3e-05      0.01   13.8   0.4   189   352     3   178     1   198 0.74 # 250439 # 251065 # 1 # ID=8_164;partial=00;start_type=ATG;rbs_motif=None;rbs_spacer=None;gc_cont=0.384
Utg33286_395         -            856 1592033at2           -            393    0.0037   15.2   0.3   1   2   3.4e-05      0.01   13.8   0.0   173   226   166   219   155   222 0.87 # 572619 # 575186 # -1 # ID=19_395;partial=00;start_type=ATG;rbs_motif=None;rbs_spacer=None;gc_cont=0.369
Utg33286_395         -            856 1592033at2           -            393    0.0037   15.2   0.3   2   2       3.9   1.2e+03   -2.9   0.1   273   321   334   379   328   412 0.62 # 572619 # 575186 # -1 # ID=19_395;partial=00;start_type=ATG;rbs_motif=None;rbs_spacer=None;gc_cont=0.369
Utg33278_158         -            224 1592033at2           -            393    0.0037   15.2   0.1   1   2     0.012       3.6    5.4   0.0   194   250    13    71    10    74 0.79 # 215168 # 215839 # -1 # ID=15_158;partial=00;start_type=ATG;rbs_motif=None;rbs_spacer=None;gc_cont=0.418
Utg33278_158         -            224 1592033at2           -            393    0.0037   15.2   0.1   2   2    0.0019      0.57    8.0   0.0   277   357    90   181    82   199 0.69 # 215168 # 215839 # -1 # ID=15_158;partial=00;start_type=ATG;rbs_motif=None;rbs_spacer=None;gc_cont=0.418
Utg33260_309         -            211 1592033at2           -            393     0.004   15.1   0.5   1   2      0.97   2.9e+02   -0.9   0.0   197   223    10    35     3    65 0.71 # 467827 # 468459 # -1 # ID=6_309;partial=00;start_type=ATG;rbs_motif=None;rbs_spacer=None;gc_cont=0.415
Utg33260_309         -            211 1592033at2           -            393     0.004   15.1   0.5   2   2   3.7e-05     0.011   13.6   0.1   271   361    78   182    76   207 0.68 # 467827 # 468459 # -1 # ID=6_309;partial=00;start_type=ATG;rbs_motif=None;rbs_spacer=None;gc_cont=0.415
Utg33250_319         -            193 1592033at2           -            393     0.007   14.3   0.1   1   1   0.00032     0.095   10.6   0.1   201   321    32   143    26   164 0.75 # 483422 # 484000 # -1 # ID=1_319;partial=00;start_type=TTG;rbs_motif=None;rbs_spacer=None;gc_cont=0.390
Utg33252_675         -            223 1592033at2           -            393    0.0094   13.9   0.0   1   2     0.007       2.1    6.1   0.0   194   250    13    71    10    75 0.87 # 1004744 # 1005412 # -1 # ID=2_675;partial=00;start_type=ATG;rbs_motif=None;rbs_spacer=None;gc_cont=0.419
Utg33252_675         -            223 1592033at2           -            393    0.0094   13.9   0.0   2   2    0.0084       2.5    5.9   0.0   277   359    90   183    81   203 0.68 # 1004744 # 1005412 # -1 # ID=2_675;partial=00;start_type=ATG;rbs_motif=None;rbs_spacer=None;gc_cont=0.419
Utg33264_19          -            311 1592033at2           -            393     0.028   12.3   1.8   1   3      0.42   1.3e+02    0.3   0.0   195   240     7    53     2    64 0.77 # 21892 # 22824 # 1 # ID=8_19;partial=00;start_type=ATG;rbs_motif=None;rbs_spacer=None;gc_cont=0.382
Utg33264_19          -            311 1592033at2           -            393     0.028   12.3   1.8   2   3    0.0003      0.09   10.6   0.2   274   322    85   137    81   155 0.80 # 21892 # 22824 # 1 # ID=8_19;partial=00;start_type=ATG;rbs_motif=None;rbs_spacer=None;gc_cont=0.382
Utg33264_19          -            311 1592033at2           -            393     0.028   12.3   1.8   3   3       4.4   1.3e+03   -3.1   0.1   294   349   199   256   186   279 0.49 # 21892 # 22824 # 1 # ID=8_19;partial=00;start_type=ATG;rbs_motif=None;rbs_spacer=None;gc_cont=0.382
Utg33270_48          -            663 1592033at2           -            393     0.078   10.8   0.3   1   5      0.15        45    1.8   0.0   192   219     3    30     2    38 0.84 # 57908 # 59896 # -1 # ID=11_48;partial=00;start_type=ATG;rbs_motif=None;rbs_spacer=None;gc_cont=0.401
Utg33270_48          -            663 1592033at2           -            393     0.078   10.8   0.3   2   5     0.068        20    2.9   0.0   299   341   103   141    73   181 0.77 # 57908 # 59896 # -1 # ID=11_48;partial=00;start_type=ATG;rbs_motif=None;rbs_spacer=None;gc_cont=0.401
Utg33270_48          -            663 1592033at2           -            393     0.078   10.8   0.3   3   5       3.9   1.2e+03   -2.9   0.0   191   217   445   471   430   476 0.77 # 57908 # 59896 # -1 # ID=11_48;partial=00;start_type=ATG;rbs_motif=None;rbs_spacer=None;gc_cont=0.401
Utg33270_48          -            663 1592033at2           -            393     0.078   10.8   0.3   4   5       0.6   1.8e+02   -0.2   0.0   270   322   519   580   516   616 0.70 # 57908 # 59896 # -1 # ID=11_48;partial=00;start_type=ATG;rbs_motif=None;rbs_spacer=None;gc_cont=0.401
Utg33270_48          -            663 1592033at2           -            393     0.078   10.8   0.3   5   5      0.84   2.5e+02   -0.7   0.0   231   265   623   657   621   658 0.85 # 57908 # 59896 # -1 # ID=11_48;partial=00;start_type=ATG;rbs_motif=None;rbs_spacer=None;gc_cont=0.401
Utg33260_163         -            677 1592033at2           -            393       1.3    6.8   7.4   1   2     0.002      0.61    7.9   0.5   192   251   143   204   136   347 0.69 # 249700 # 251730 # 1 # ID=6_163;partial=00;start_type=ATG;rbs_motif=None;rbs_spacer=None;gc_cont=0.369
Utg33260_163         -            677 1592033at2           -            393       1.3    6.8   7.4   2   2       2.7   8.1e+02   -2.4   1.5   344   390   411   458   403   461 0.75 # 249700 # 251730 # 1 # ID=6_163;partial=00;start_type=ATG;rbs_motif=None;rbs_spacer=None;gc_cont=0.369
#
# Program:         hmmsearch
# Version:         3.1b2 (February 2015)
# Pipeline mode:   SEARCH
# Query file:      /home/inf-34-2022/Documents/BINP29/DeNovo_LongReads/Busco/busco_downloads/lineages/bacteria_odb10/hmms/1592033at2.hmm
# Target file:     /home/inf-34-2022/Documents/BINP29/DeNovo_LongReads/Busco/busco_output/prodigal_output/predicted_genes/predicted.faa
# Option settings: hmmsearch --domtblout /home/inf-34-2022/Documents/BINP29/DeNovo_LongReads/Busco/busco_output/auto_lineage/run_bacteria_odb10/hmmer_output/1592033at2.out --cpu 1 /home/inf-34-2022/Documents/BINP29/DeNovo_LongReads/Busco/busco_downloads/lineages/bacteria_odb10/hmms/1592033at2.hmm /home/inf-34-2022/Documents/BINP29/DeNovo_LongReads/Busco/busco_output/prodigal_output/predicted_genes/predicted.faa 
# Current dir:     /home/inf-34-2022/Documents/BINP29/DeNovo_LongReads/Busco
# Date:            Fri Feb 24 11:43:27 2023
# [ok]
