#                                                                            --- full sequence --- -------------- this domain -------------   hmm coord   ali coord   env coord
# target name        accession   tlen query name           accession   qlen   E-value  score  bias   #  of  c-Evalue  i-Evalue  score  bias  from    to  from    to  from    to  acc description of target
#------------------- ---------- ----- -------------------- ---------- ----- --------- ------ ----- --- --- --------- --------- ------ ----- ----- ----- ----- ----- ----- ----- ---- ---------------------
Utg33254_447         -            646 182107at2            -            492  3.8e-153  509.3   6.6   1   1  1.2e-153  5.9e-151  502.0   6.6     2   490    47   644    46   645 0.86 # 683692 # 685629 # 1 # ID=3_447;partial=00;start_type=ATG;rbs_motif=None;rbs_spacer=None;gc_cont=0.386
Utg33254_162         -            757 182107at2            -            492     6e-40  135.9   4.4   1   3   4.1e-29     2e-26   91.3   0.1     1   133    65   222    65   249 0.78 # 251304 # 253574 # -1 # ID=3_162;partial=00;start_type=ATG;rbs_motif=None;rbs_spacer=None;gc_cont=0.402
Utg33254_162         -            757 182107at2            -            492     6e-40  135.9   4.4   2   3   8.4e-11     4e-08   30.9   0.4   152   320   360   548   268   556 0.66 # 251304 # 253574 # -1 # ID=3_162;partial=00;start_type=ATG;rbs_motif=None;rbs_spacer=None;gc_cont=0.402
Utg33254_162         -            757 182107at2            -            492     6e-40  135.9   4.4   3   3     0.031        15    2.7   0.0   321   347   658   684   641   691 0.86 # 251304 # 253574 # -1 # ID=3_162;partial=00;start_type=ATG;rbs_motif=None;rbs_spacer=None;gc_cont=0.402
Utg33260_362         -            843 182107at2            -            492   2.5e-30  104.2   4.7   1   3   1.4e-27   6.9e-25   86.2   2.4     1   127    19   177    19   200 0.80 # 552731 # 555259 # 1 # ID=6_362;partial=00;start_type=ATG;rbs_motif=AATAA;rbs_spacer=9bp;gc_cont=0.445
Utg33260_362         -            843 182107at2            -            492   2.5e-30  104.2   4.7   2   3    0.0098       4.7    4.3   0.0   233   318   486   569   454   607 0.77 # 552731 # 555259 # 1 # ID=6_362;partial=00;start_type=ATG;rbs_motif=AATAA;rbs_spacer=9bp;gc_cont=0.445
Utg33260_362         -            843 182107at2            -            492   2.5e-30  104.2   4.7   3   3    0.0031       1.5    5.9   0.0   303   351   704   753   654   758 0.74 # 552731 # 555259 # 1 # ID=6_362;partial=00;start_type=ATG;rbs_motif=AATAA;rbs_spacer=9bp;gc_cont=0.445
Utg33280_830         -            843 182107at2            -            492   2.5e-30  104.2   4.7   1   3   1.4e-27   6.9e-25   86.2   2.4     1   127    19   177    19   200 0.80 # 1213640 # 1216168 # 1 # ID=16_830;partial=00;start_type=ATG;rbs_motif=None;rbs_spacer=None;gc_cont=0.444
Utg33280_830         -            843 182107at2            -            492   2.5e-30  104.2   4.7   2   3    0.0098       4.7    4.3   0.0   233   318   486   569   454   607 0.77 # 1213640 # 1216168 # 1 # ID=16_830;partial=00;start_type=ATG;rbs_motif=None;rbs_spacer=None;gc_cont=0.444
Utg33280_830         -            843 182107at2            -            492   2.5e-30  104.2   4.7   3   3    0.0031       1.5    5.9   0.0   303   351   704   753   654   758 0.74 # 1213640 # 1216168 # 1 # ID=16_830;partial=00;start_type=ATG;rbs_motif=None;rbs_spacer=None;gc_cont=0.444
Utg33274_321         -            820 182107at2            -            492   9.5e-28   95.7   4.5   1   5   2.2e-26   1.1e-23   82.3   0.1     1   125    41   182    41   191 0.78 # 524876 # 527335 # -1 # ID=13_321;partial=00;start_type=ATG;rbs_motif=None;rbs_spacer=None;gc_cont=0.380
Utg33274_321         -            820 182107at2            -            492   9.5e-28   95.7   4.5   2   5     0.077        37    1.4   0.1   161   195   357   391   279   448 0.73 # 524876 # 527335 # -1 # ID=13_321;partial=00;start_type=ATG;rbs_motif=None;rbs_spacer=None;gc_cont=0.380
Utg33274_321         -            820 182107at2            -            492   9.5e-28   95.7   4.5   3   5   0.00055      0.26    8.4   0.0   242   319   480   555   466   562 0.77 # 524876 # 527335 # -1 # ID=13_321;partial=00;start_type=ATG;rbs_motif=None;rbs_spacer=None;gc_cont=0.380
Utg33274_321         -            820 182107at2            -            492   9.5e-28   95.7   4.5   4   5      0.31   1.5e+02   -0.6   0.0   320   347   682   709   660   773 0.79 # 524876 # 527335 # -1 # ID=13_321;partial=00;start_type=ATG;rbs_motif=None;rbs_spacer=None;gc_cont=0.380
Utg33274_321         -            820 182107at2            -            492   9.5e-28   95.7   4.5   5   5      0.73   3.5e+02   -1.8   0.0   352   384   774   807   735   810 0.74 # 524876 # 527335 # -1 # ID=13_321;partial=00;start_type=ATG;rbs_motif=None;rbs_spacer=None;gc_cont=0.380
Utg33272_209         -           1111 182107at2            -            492   6.4e-24   83.0   0.3   1   2   3.4e-25   1.6e-22   78.4   0.2     1   120    19   168    19   189 0.79 # 327671 # 331003 # -1 # ID=12_209;partial=00;start_type=ATG;rbs_motif=None;rbs_spacer=None;gc_cont=0.396
Utg33272_209         -           1111 182107at2            -            492   6.4e-24   83.0   0.3   2   2       1.7   7.9e+02   -3.0   0.0   168   197   572   602   569   606 0.80 # 327671 # 331003 # -1 # ID=12_209;partial=00;start_type=ATG;rbs_motif=None;rbs_spacer=None;gc_cont=0.396
Utg33260_428         -            438 182107at2            -            492   2.4e-16   58.1   0.3   1   1   1.8e-18   8.4e-16   56.3   0.3     3   202    50   289    49   301 0.70 # 656148 # 657461 # 1 # ID=6_428;partial=00;start_type=ATG;rbs_motif=None;rbs_spacer=None;gc_cont=0.420
Utg33260_163         -            677 182107at2            -            492   4.7e-14   50.5   3.7   1   2   9.9e-17   4.7e-14   50.5   3.7     5   194   149   361   147   381 0.76 # 249700 # 251730 # 1 # ID=6_163;partial=00;start_type=ATG;rbs_motif=None;rbs_spacer=None;gc_cont=0.369
Utg33260_163         -            677 182107at2            -            492   4.7e-14   50.5   3.7   2   2      0.19        89    0.1   0.1   178   224   596   642   545   660 0.82 # 249700 # 251730 # 1 # ID=6_163;partial=00;start_type=ATG;rbs_motif=None;rbs_spacer=None;gc_cont=0.369
Utg33266_63          -            459 182107at2            -            492   2.1e-10   38.4   0.1   1   3    0.0088       4.2    4.5   0.0     3    34     9    41     8    45 0.80 # 87741 # 89117 # 1 # ID=9_63;partial=00;start_type=ATG;rbs_motif=None;rbs_spacer=None;gc_cont=0.444
Utg33266_63          -            459 182107at2            -            492   2.1e-10   38.4   0.1   2   3   1.1e-10     5e-08   30.6   0.0    26   128    59   173    54   187 0.77 # 87741 # 89117 # 1 # ID=9_63;partial=00;start_type=ATG;rbs_motif=None;rbs_spacer=None;gc_cont=0.444
Utg33266_63          -            459 182107at2            -            492   2.1e-10   38.4   0.1   3   3      0.63     3e+02   -1.6   0.0   141   202   223   284   211   297 0.71 # 87741 # 89117 # 1 # ID=9_63;partial=00;start_type=ATG;rbs_motif=None;rbs_spacer=None;gc_cont=0.444
Utg33286_322         -            459 182107at2            -            492   2.1e-10   38.4   0.1   1   3    0.0088       4.2    4.5   0.0     3    34     9    41     8    45 0.80 # 463742 # 465118 # 1 # ID=19_322;partial=00;start_type=ATG;rbs_motif=None;rbs_spacer=None;gc_cont=0.446
Utg33286_322         -            459 182107at2            -            492   2.1e-10   38.4   0.1   2   3   1.1e-10     5e-08   30.6   0.0    26   128    59   173    54   187 0.77 # 463742 # 465118 # 1 # ID=19_322;partial=00;start_type=ATG;rbs_motif=None;rbs_spacer=None;gc_cont=0.446
Utg33286_322         -            459 182107at2            -            492   2.1e-10   38.4   0.1   3   3      0.63     3e+02   -1.6   0.0   141   202   223   284   211   297 0.71 # 463742 # 465118 # 1 # ID=19_322;partial=00;start_type=ATG;rbs_motif=None;rbs_spacer=None;gc_cont=0.446
Utg33284_80          -           1009 182107at2            -            492   3.4e-10   37.7   0.3   1   3   3.1e-12   1.5e-09   35.6   0.1    25   112   176   272   173   282 0.87 # 129825 # 132851 # 1 # ID=18_80;partial=00;start_type=ATG;rbs_motif=None;rbs_spacer=None;gc_cont=0.382
Utg33284_80          -           1009 182107at2            -            492   3.4e-10   37.7   0.3   2   3         1   4.8e+02   -2.3   0.0   179   201   484   506   463   509 0.81 # 129825 # 132851 # 1 # ID=18_80;partial=00;start_type=ATG;rbs_motif=None;rbs_spacer=None;gc_cont=0.382
Utg33284_80          -           1009 182107at2            -            492   3.4e-10   37.7   0.3   3   3       2.7   1.3e+03   -3.7   0.0   323   352   858   887   853   889 0.90 # 129825 # 132851 # 1 # ID=18_80;partial=00;start_type=ATG;rbs_motif=None;rbs_spacer=None;gc_cont=0.382
Utg33270_66          -           1003 182107at2            -            492     7e-10   36.7   0.1   1   2   1.5e-12     7e-10   36.7   0.1     5   112   409   534   407   543 0.81 # 81519 # 84527 # 1 # ID=11_66;partial=00;start_type=ATG;rbs_motif=None;rbs_spacer=None;gc_cont=0.413
Utg33270_66          -           1003 182107at2            -            492     7e-10   36.7   0.1   2   2      0.87   4.1e+02   -2.1   0.0   126   196   587   664   566   675 0.65 # 81519 # 84527 # 1 # ID=11_66;partial=00;start_type=ATG;rbs_motif=None;rbs_spacer=None;gc_cont=0.413
Utg33284_410         -            612 182107at2            -            492   1.4e-08   32.5   0.1   1   2    0.0029       1.4    6.1   0.0     4    29   170   196   168   209 0.79 # 604343 # 606178 # -1 # ID=18_410;partial=00;start_type=ATG;rbs_motif=None;rbs_spacer=None;gc_cont=0.400
Utg33284_410         -            612 182107at2            -            492   1.4e-08   32.5   0.1   2   2   1.1e-08     5e-06   24.0   0.0    26   120   219   325   210   362 0.77 # 604343 # 606178 # -1 # ID=18_410;partial=00;start_type=ATG;rbs_motif=None;rbs_spacer=None;gc_cont=0.400
Utg33278_149         -            528 182107at2            -            492   1.1e-07   29.4   0.5   1   2   0.00027      0.13    9.5   0.1     3    43   102   141   100   152 0.80 # 206343 # 207926 # 1 # ID=15_149;partial=00;start_type=ATG;rbs_motif=None;rbs_spacer=None;gc_cont=0.404
Utg33278_149         -            528 182107at2            -            492   1.1e-07   29.4   0.5   2   2   6.2e-07   0.00029   18.2   0.1    50   161   189   308   183   357 0.73 # 206343 # 207926 # 1 # ID=15_149;partial=00;start_type=ATG;rbs_motif=None;rbs_spacer=None;gc_cont=0.404
Utg33272_300         -            221 182107at2            -            492   1.2e-05   22.7   0.0   1   1   2.9e-08   1.4e-05   22.5   0.0    47   163    60   187    24   199 0.81 # 450759 # 451421 # 1 # ID=12_300;partial=00;start_type=ATG;rbs_motif=None;rbs_spacer=None;gc_cont=0.398
Utg33260_309         -            211 182107at2            -            492    0.0003   18.1   0.0   1   1   7.8e-07   0.00037   17.8   0.0    38   161    49   177    14   182 0.77 # 467827 # 468459 # -1 # ID=6_309;partial=00;start_type=ATG;rbs_motif=None;rbs_spacer=None;gc_cont=0.415
Utg33284_112         -            245 182107at2            -            492     0.019   12.2   0.0   1   1   5.3e-05     0.025   11.8   0.0    51   129    84   180    78   230 0.70 # 168893 # 169627 # 1 # ID=18_112;partial=00;start_type=ATG;rbs_motif=None;rbs_spacer=None;gc_cont=0.374
#
# Program:         hmmsearch
# Version:         3.1b2 (February 2015)
# Pipeline mode:   SEARCH
# Query file:      /home/inf-34-2022/Documents/BINP29/DeNovo_LongReads/Busco/busco_downloads/lineages/bacteria_odb10/hmms/182107at2.hmm
# Target file:     /home/inf-34-2022/Documents/BINP29/DeNovo_LongReads/Busco/busco_output/prodigal_output/predicted_genes/predicted.faa
# Option settings: hmmsearch --domtblout /home/inf-34-2022/Documents/BINP29/DeNovo_LongReads/Busco/busco_output/auto_lineage/run_bacteria_odb10/hmmer_output/182107at2.out --cpu 1 /home/inf-34-2022/Documents/BINP29/DeNovo_LongReads/Busco/busco_downloads/lineages/bacteria_odb10/hmms/182107at2.hmm /home/inf-34-2022/Documents/BINP29/DeNovo_LongReads/Busco/busco_output/prodigal_output/predicted_genes/predicted.faa 
# Current dir:     /home/inf-34-2022/Documents/BINP29/DeNovo_LongReads/Busco
# Date:            Fri Feb 24 11:43:28 2023
# [ok]
