#                                                                            --- full sequence --- -------------- this domain -------------   hmm coord   ali coord   env coord
# target name        accession   tlen query name           accession   qlen   E-value  score  bias   #  of  c-Evalue  i-Evalue  score  bias  from    to  from    to  from    to  acc description of target
#------------------- ---------- ----- -------------------- ---------- ----- --------- ------ ----- --- --- --------- --------- ------ ----- ----- ----- ----- ----- ----- ----- ---- ---------------------
Utg33254_203         -           4911 1827295at2           -             74   8.7e-11   40.4   2.6   1   6     0.027       8.3    5.3   0.0     8    33   304   333   296   342 0.81 # 328673 # 343405 # -1 # ID=3_203;partial=00;start_type=ATG;rbs_motif=None;rbs_spacer=None;gc_cont=0.377
Utg33254_203         -           4911 1827295at2           -             74   8.7e-11   40.4   2.6   2   6   0.00035      0.11   11.3   0.1     9    34   647   672   634   675 0.84 # 328673 # 343405 # -1 # ID=3_203;partial=00;start_type=ATG;rbs_motif=None;rbs_spacer=None;gc_cont=0.377
Utg33254_203         -           4911 1827295at2           -             74   8.7e-11   40.4   2.6   3   6      0.18        57    2.6   0.0    11    52  1079  1115  1065  1122 0.84 # 328673 # 343405 # -1 # ID=3_203;partial=00;start_type=ATG;rbs_motif=None;rbs_spacer=None;gc_cont=0.377
Utg33254_203         -           4911 1827295at2           -             74   8.7e-11   40.4   2.6   4   6    0.0029      0.91    8.4   0.0     9    33  1362  1386  1349  1390 0.86 # 328673 # 343405 # -1 # ID=3_203;partial=00;start_type=ATG;rbs_motif=None;rbs_spacer=None;gc_cont=0.377
Utg33254_203         -           4911 1827295at2           -             74   8.7e-11   40.4   2.6   5   6     0.015       4.6    6.1   0.0     9    33  1741  1765  1728  1770 0.81 # 328673 # 343405 # -1 # ID=3_203;partial=00;start_type=ATG;rbs_motif=None;rbs_spacer=None;gc_cont=0.377
Utg33254_203         -           4911 1827295at2           -             74   8.7e-11   40.4   2.6   6   6       6.8   2.1e+03   -2.4   0.0    12    36  2051  2075  2047  2076 0.86 # 328673 # 343405 # -1 # ID=3_203;partial=00;start_type=ATG;rbs_motif=None;rbs_spacer=None;gc_cont=0.377
Utg33280_640         -            812 1827295at2           -             74    0.0003   19.5   0.0   1   2    0.0033         1    8.2   0.0    12    33   140   162   125   167 0.82 # 942217 # 944652 # -1 # ID=16_640;partial=00;start_type=ATG;rbs_motif=None;rbs_spacer=None;gc_cont=0.388
Utg33280_640         -            812 1827295at2           -             74    0.0003   19.5   0.0   2   2    0.0032         1    8.2   0.0    10    32   536   558   518   563 0.82 # 942217 # 944652 # -1 # ID=16_640;partial=00;start_type=ATG;rbs_motif=None;rbs_spacer=None;gc_cont=0.388
Utg33280_156         -            836 1827295at2           -             74   0.00051   18.8   0.1   1   2    0.0043       1.3    7.8   0.0    10    33   250   273   238   276 0.84 # 226489 # 228996 # -1 # ID=16_156;partial=00;start_type=ATG;rbs_motif=None;rbs_spacer=None;gc_cont=0.418
Utg33280_156         -            836 1827295at2           -             74   0.00051   18.8   0.1   2   2    0.0029      0.92    8.3   0.0     9    33   522   546   511   553 0.80 # 226489 # 228996 # -1 # ID=16_156;partial=00;start_type=ATG;rbs_motif=None;rbs_spacer=None;gc_cont=0.418
Utg33286_274         -            759 1827295at2           -             74   0.00064   18.4   0.1   1   3         1   3.1e+02    0.2   0.0    24    47   139   162   136   170 0.83 # 386535 # 388811 # -1 # ID=19_274;partial=00;start_type=ATG;rbs_motif=None;rbs_spacer=None;gc_cont=0.384
Utg33286_274         -            759 1827295at2           -             74   0.00064   18.4   0.1   2   3    0.0051       1.6    7.6   0.0     9    33   275   299   264   304 0.81 # 386535 # 388811 # -1 # ID=19_274;partial=00;start_type=ATG;rbs_motif=None;rbs_spacer=None;gc_cont=0.384
Utg33286_274         -            759 1827295at2           -             74   0.00064   18.4   0.1   3   3     0.017       5.2    5.9   0.0    10    30   559   579   545   584 0.82 # 386535 # 388811 # -1 # ID=19_274;partial=00;start_type=ATG;rbs_motif=None;rbs_spacer=None;gc_cont=0.384
Utg33254_59          -           1560 1827295at2           -             74    0.0011   17.7   0.0   1   2   0.00031     0.097   11.5   0.0     8    32   663   689   652   695 0.83 # 101899 # 106578 # 1 # ID=3_59;partial=00;start_type=ATG;rbs_motif=None;rbs_spacer=None;gc_cont=0.368
Utg33254_59          -           1560 1827295at2           -             74    0.0011   17.7   0.0   2   2      0.16        49    2.8   0.0    13    32  1334  1353  1321  1357 0.83 # 101899 # 106578 # 1 # ID=3_59;partial=00;start_type=ATG;rbs_motif=None;rbs_spacer=None;gc_cont=0.368
Utg33286_406         -            537 1827295at2           -             74    0.0019   16.9   0.0   1   1   1.4e-05    0.0043   15.8   0.0     8    33   306   332   291   336 0.83 # 586625 # 588235 # 1 # ID=19_406;partial=00;start_type=ATG;rbs_motif=AATAA;rbs_spacer=4bp;gc_cont=0.363
Utg33284_49          -           1044 1827295at2           -             74    0.0019   16.9   0.0   1   2    0.0052       1.6    7.5   0.0    10    33   456   479   442   484 0.87 # 78029 # 81160 # -1 # ID=18_49;partial=00;start_type=ATG;rbs_motif=None;rbs_spacer=None;gc_cont=0.396
Utg33284_49          -           1044 1827295at2           -             74    0.0019   16.9   0.0   2   2     0.011       3.5    6.5   0.0    11    34   734   757   724   762 0.88 # 78029 # 81160 # -1 # ID=18_49;partial=00;start_type=ATG;rbs_motif=None;rbs_spacer=None;gc_cont=0.396
Utg33260_525         -            438 1827295at2           -             74    0.0028   16.4   0.0   1   1   1.7e-05    0.0053   15.5   0.0     9    48   216   256   205   260 0.84 # 784512 # 785825 # -1 # ID=6_525;partial=00;start_type=ATG;rbs_motif=AATAA;rbs_spacer=6bp;gc_cont=0.412
Utg33254_33          -            838 1827295at2           -             74    0.0034   16.1   0.0   1   2    0.0046       1.4    7.7   0.0    11    33   242   264   232   270 0.87 # 56104 # 58617 # -1 # ID=3_33;partial=00;start_type=ATG;rbs_motif=None;rbs_spacer=None;gc_cont=0.390
Utg33254_33          -            838 1827295at2           -             74    0.0034   16.1   0.0   2   2     0.022       6.9    5.5   0.0    11    32   570   591   559   598 0.86 # 56104 # 58617 # -1 # ID=3_33;partial=00;start_type=ATG;rbs_motif=None;rbs_spacer=None;gc_cont=0.390
Utg33272_407         -           1045 1827295at2           -             74     0.005   15.6   0.1   1   3       0.7   2.2e+02    0.7   0.0    28    49   344   366   335   383 0.74 # 607209 # 610343 # 1 # ID=12_407;partial=00;start_type=ATG;rbs_motif=AAAAAA;rbs_spacer=13bp;gc_cont=0.402
Utg33272_407         -           1045 1827295at2           -             74     0.005   15.6   0.1   2   3     0.013       3.9    6.3   0.1    12    31   460   479   448   483 0.85 # 607209 # 610343 # 1 # ID=12_407;partial=00;start_type=ATG;rbs_motif=AAAAAA;rbs_spacer=13bp;gc_cont=0.402
Utg33272_407         -           1045 1827295at2           -             74     0.005   15.6   0.1   3   3     0.083        26    3.7   0.0    10    31   696   717   684   727 0.81 # 607209 # 610343 # 1 # ID=12_407;partial=00;start_type=ATG;rbs_motif=AAAAAA;rbs_spacer=13bp;gc_cont=0.402
Utg33284_376         -           4093 1827295at2           -             74    0.0096   14.7   2.3   1   4    0.0055       1.7    7.5   0.1    12    36  1793  1816  1782  1818 0.87 # 542940 # 555218 # -1 # ID=18_376;partial=00;start_type=ATG;rbs_motif=None;rbs_spacer=None;gc_cont=0.369
Utg33284_376         -           4093 1827295at2           -             74    0.0096   14.7   2.3   2   4      0.16        49    2.8   0.1     9    32  2068  2091  2055  2094 0.84 # 542940 # 555218 # -1 # ID=18_376;partial=00;start_type=ATG;rbs_motif=None;rbs_spacer=None;gc_cont=0.369
Utg33284_376         -           4093 1827295at2           -             74    0.0096   14.7   2.3   3   4       1.1   3.5e+02    0.0   0.0    11    31  2414  2434  2402  2439 0.86 # 542940 # 555218 # -1 # ID=18_376;partial=00;start_type=ATG;rbs_motif=None;rbs_spacer=None;gc_cont=0.369
Utg33284_376         -           4093 1827295at2           -             74    0.0096   14.7   2.3   4   4       6.2   1.9e+03   -2.3   0.1    11    29  2756  2774  2747  2783 0.80 # 542940 # 555218 # -1 # ID=18_376;partial=00;start_type=ATG;rbs_motif=None;rbs_spacer=None;gc_cont=0.369
Utg33280_429         -            609 1827295at2           -             74    0.0098   14.7   0.1   1   2      0.41   1.3e+02    1.5   0.0     9    29   104   124    88   129 0.80 # 603657 # 605483 # -1 # ID=16_429;partial=00;start_type=ATG;rbs_motif=None;rbs_spacer=None;gc_cont=0.374
Utg33280_429         -            609 1827295at2           -             74    0.0098   14.7   0.1   2   2   0.00079      0.25   10.2   0.0     8    33   377   403   366   405 0.83 # 603657 # 605483 # -1 # ID=16_429;partial=00;start_type=ATG;rbs_motif=None;rbs_spacer=None;gc_cont=0.374
Utg33254_581         -            781 1827295at2           -             74     0.011   14.5   0.1   1   2    0.0077       2.4    7.0   0.0    11    32   282   303   270   310 0.83 # 881108 # 883450 # -1 # ID=3_581;partial=00;start_type=ATG;rbs_motif=None;rbs_spacer=None;gc_cont=0.420
Utg33254_581         -            781 1827295at2           -             74     0.011   14.5   0.1   2   2     0.063        20    4.1   0.0     8    33   548   575   537   580 0.79 # 881108 # 883450 # -1 # ID=3_581;partial=00;start_type=ATG;rbs_motif=None;rbs_spacer=None;gc_cont=0.420
Utg33280_628         -            194 1827295at2           -             74     0.015   14.1   0.1   1   1   9.2e-05     0.029   13.2   0.1     4    33     6    36     2    40 0.82 # 928167 # 928748 # -1 # ID=16_628;partial=00;start_type=ATG;rbs_motif=None;rbs_spacer=None;gc_cont=0.380
Utg33262_115         -           1929 1827295at2           -             74      0.02   13.6   0.0   1   1   0.00018     0.055   12.2   0.0     8    38   170   202   160   206 0.83 # 160279 # 166065 # 1 # ID=7_115;partial=00;start_type=ATG;rbs_motif=AACAA;rbs_spacer=8bp;gc_cont=0.351
Utg33282_71          -            753 1827295at2           -             74     0.024   13.4   0.1   1   2      0.11        34    3.3   0.0    13    31   230   248   217   254 0.84 # 106063 # 108321 # -1 # ID=17_71;partial=00;start_type=ATG;rbs_motif=AATAA;rbs_spacer=10bp;gc_cont=0.394
Utg33282_71          -            753 1827295at2           -             74     0.024   13.4   0.1   2   2    0.0081       2.5    6.9   0.0     9    33   559   583   548   587 0.84 # 106063 # 108321 # -1 # ID=17_71;partial=00;start_type=ATG;rbs_motif=AATAA;rbs_spacer=10bp;gc_cont=0.394
Utg33274_117         -            386 1827295at2           -             74     0.027   13.2   0.0   1   1   0.00026     0.081   11.7   0.0    11    43     6    37     3    39 0.88 # 174586 # 175743 # 1 # ID=13_117;partial=00;start_type=ATG;rbs_motif=AATAA;rbs_spacer=13bp;gc_cont=0.446
Utg33264_300         -           1220 1827295at2           -             74     0.031   13.1   0.0   1   1   0.00026     0.081   11.7   0.0     7    40   120   152   108   155 0.80 # 458656 # 462315 # 1 # ID=8_300;partial=00;start_type=ATG;rbs_motif=None;rbs_spacer=None;gc_cont=0.401
Utg33252_373         -            363 1827295at2           -             74     0.037   12.8   0.0   1   1   0.00023     0.071   11.9   0.0    11    35   129   153   118   162 0.87 # 549561 # 550649 # -1 # ID=2_373;partial=00;start_type=ATG;rbs_motif=None;rbs_spacer=None;gc_cont=0.380
Utg33278_163         -            611 1827295at2           -             74     0.066   12.0   0.1   1   2     0.067        21    4.0   0.0    13    30   112   129   101   135 0.88 # 224461 # 226293 # -1 # ID=15_163;partial=00;start_type=ATG;rbs_motif=None;rbs_spacer=None;gc_cont=0.408
Utg33278_163         -            611 1827295at2           -             74     0.066   12.0   0.1   2   2     0.044        14    4.6   0.0     9    32   422   445   411   473 0.79 # 224461 # 226293 # -1 # ID=15_163;partial=00;start_type=ATG;rbs_motif=None;rbs_spacer=None;gc_cont=0.408
Utg33250_116         -           1512 1827295at2           -             74     0.074   11.8   0.7   1   1   0.00058      0.18   10.6   0.1     8    33   869   896   856   901 0.79 # 172462 # 176997 # 1 # ID=1_116;partial=00;start_type=ATG;rbs_motif=AATAA;rbs_spacer=4bp;gc_cont=0.391
Utg33252_474         -            406 1827295at2           -             74     0.077   11.8   0.0   1   1   0.00049      0.15   10.8   0.0     8    32   180   206   172   223 0.83 # 681634 # 682851 # 1 # ID=2_474;partial=00;start_type=ATG;rbs_motif=None;rbs_spacer=None;gc_cont=0.405
Utg33262_227         -            408 1827295at2           -             74     0.078   11.8   0.1   1   1   0.00068      0.21   10.4   0.1     9    31    35    57    23    62 0.83 # 339409 # 340632 # -1 # ID=7_227;partial=00;start_type=ATG;rbs_motif=None;rbs_spacer=None;gc_cont=0.415
Utg33280_324         -           1502 1827295at2           -             74     0.079   11.8   0.4   1   1   0.00081      0.25   10.1   0.1     9    31   883   905   871   913 0.83 # 456274 # 460779 # 1 # ID=16_324;partial=00;start_type=ATG;rbs_motif=None;rbs_spacer=None;gc_cont=0.395
Utg33254_388         -            273 1827295at2           -             74     0.094   11.5   0.0   1   1   0.00065       0.2   10.4   0.0    12    33     7    28     4    32 0.86 # 593038 # 593856 # 1 # ID=3_388;partial=00;start_type=ATG;rbs_motif=None;rbs_spacer=None;gc_cont=0.387
Utg33260_604         -           1565 1827295at2           -             74      0.14   11.0   1.1   1   3       1.5   4.7e+02   -0.4   0.0    10    31   208   229   197   242 0.77 # 903921 # 908615 # 1 # ID=6_604;partial=00;start_type=ATG;rbs_motif=None;rbs_spacer=None;gc_cont=0.411
Utg33260_604         -           1565 1827295at2           -             74      0.14   11.0   1.1   2   3       8.8   2.7e+03   -2.8   0.0    42    69   376   402   375   403 0.80 # 903921 # 908615 # 1 # ID=6_604;partial=00;start_type=ATG;rbs_motif=None;rbs_spacer=None;gc_cont=0.411
Utg33260_604         -           1565 1827295at2           -             74      0.14   11.0   1.1   3   3    0.0057       1.8    7.4   0.1     9    31   953   975   940   986 0.84 # 903921 # 908615 # 1 # ID=6_604;partial=00;start_type=ATG;rbs_motif=None;rbs_spacer=None;gc_cont=0.411
#
# Program:         hmmsearch
# Version:         3.1b2 (February 2015)
# Pipeline mode:   SEARCH
# Query file:      /home/inf-34-2022/Documents/BINP29/DeNovo_LongReads/Busco/busco_downloads/lineages/bacteria_odb10/hmms/1827295at2.hmm
# Target file:     /home/inf-34-2022/Documents/BINP29/DeNovo_LongReads/Busco/busco_output/prodigal_output/predicted_genes/predicted.faa
# Option settings: hmmsearch --domtblout /home/inf-34-2022/Documents/BINP29/DeNovo_LongReads/Busco/busco_output/auto_lineage/run_bacteria_odb10/hmmer_output/1827295at2.out --cpu 1 /home/inf-34-2022/Documents/BINP29/DeNovo_LongReads/Busco/busco_downloads/lineages/bacteria_odb10/hmms/1827295at2.hmm /home/inf-34-2022/Documents/BINP29/DeNovo_LongReads/Busco/busco_output/prodigal_output/predicted_genes/predicted.faa 
# Current dir:     /home/inf-34-2022/Documents/BINP29/DeNovo_LongReads/Busco
# Date:            Fri Feb 24 11:43:28 2023
# [ok]
