#                                                                            --- full sequence --- -------------- this domain -------------   hmm coord   ali coord   env coord
# target name        accession   tlen query name           accession   qlen   E-value  score  bias   #  of  c-Evalue  i-Evalue  score  bias  from    to  from    to  from    to  acc description of target
#------------------- ---------- ----- -------------------- ---------- ----- --------- ------ ----- --- --- --------- --------- ------ ----- ----- ----- ----- ----- ----- ----- ---- ---------------------
Utg33254_203         -           4911 219876at2            -            282   1.6e-06   26.6   4.3   1   6     0.037        19    3.4   0.0    39    68   302   329   273   335 0.85 # 328673 # 343405 # -1 # ID=3_203;partial=00;start_type=ATG;rbs_motif=None;rbs_spacer=None;gc_cont=0.377
Utg33254_203         -           4911 219876at2            -            282   1.6e-06   26.6   4.3   2   6    0.0035       1.8    6.7   0.0    36    69   637   668   610   683 0.76 # 328673 # 343405 # -1 # ID=3_203;partial=00;start_type=ATG;rbs_motif=None;rbs_spacer=None;gc_cont=0.377
Utg33254_203         -           4911 219876at2            -            282   1.6e-06   26.6   4.3   3   6         1   5.3e+02   -1.4   0.0    42    68  1072  1097  1048  1110 0.72 # 328673 # 343405 # -1 # ID=3_203;partial=00;start_type=ATG;rbs_motif=None;rbs_spacer=None;gc_cont=0.377
Utg33254_203         -           4911 219876at2            -            282   1.6e-06   26.6   4.3   4   6     0.024        12    4.0   0.0    46    68  1360  1382  1349  1397 0.85 # 328673 # 343405 # -1 # ID=3_203;partial=00;start_type=ATG;rbs_motif=None;rbs_spacer=None;gc_cont=0.377
Utg33254_203         -           4911 219876at2            -            282   1.6e-06   26.6   4.3   5   6    0.0029       1.5    7.0   0.0    37    69  1734  1762  1722  1770 0.79 # 328673 # 343405 # -1 # ID=3_203;partial=00;start_type=ATG;rbs_motif=None;rbs_spacer=None;gc_cont=0.377
Utg33254_203         -           4911 219876at2            -            282   1.6e-06   26.6   4.3   6   6         1   5.3e+02   -1.4   0.0   147   219  3285  3354  3281  3358 0.87 # 328673 # 343405 # -1 # ID=3_203;partial=00;start_type=ATG;rbs_motif=None;rbs_spacer=None;gc_cont=0.377
Utg33254_33          -            838 219876at2            -            282   2.1e-05   22.9   0.0   1   3         3   1.5e+03   -2.9   0.0   193   224    79   111    73   113 0.70 # 56104 # 58617 # -1 # ID=3_33;partial=00;start_type=ATG;rbs_motif=None;rbs_spacer=None;gc_cont=0.390
Utg33254_33          -            838 219876at2            -            282   2.1e-05   22.9   0.0   2   3    0.0041       2.1    6.5   0.0    50    77   242   269   236   290 0.91 # 56104 # 58617 # -1 # ID=3_33;partial=00;start_type=ATG;rbs_motif=None;rbs_spacer=None;gc_cont=0.390
Utg33254_33          -            838 219876at2            -            282   2.1e-05   22.9   0.0   3   3   4.4e-05     0.022   13.0   0.0    49    90   569   612   540   619 0.79 # 56104 # 58617 # -1 # ID=3_33;partial=00;start_type=ATG;rbs_motif=None;rbs_spacer=None;gc_cont=0.390
Utg33280_156         -            836 219876at2            -            282    0.0001   20.6   0.1   1   3     0.001      0.51    8.5   0.0    49    73   250   274   238   298 0.85 # 226489 # 228996 # -1 # ID=16_156;partial=00;start_type=ATG;rbs_motif=None;rbs_spacer=None;gc_cont=0.418
Utg33280_156         -            836 219876at2            -            282    0.0001   20.6   0.1   2   3       5.4   2.7e+03   -3.7   0.0   120   167   352   398   347   439 0.70 # 226489 # 228996 # -1 # ID=16_156;partial=00;start_type=ATG;rbs_motif=None;rbs_spacer=None;gc_cont=0.418
Utg33280_156         -            836 219876at2            -            282    0.0001   20.6   0.1   3   3   0.00084      0.42    8.8   0.0    50    77   524   551   519   554 0.86 # 226489 # 228996 # -1 # ID=16_156;partial=00;start_type=ATG;rbs_motif=None;rbs_spacer=None;gc_cont=0.418
Utg33286_274         -            759 219876at2            -            282   0.00017   19.9   0.5   1   3    0.0022       1.1    7.4   0.0    46    70   273   297   264   324 0.87 # 386535 # 388811 # -1 # ID=19_274;partial=00;start_type=ATG;rbs_motif=None;rbs_spacer=None;gc_cont=0.384
Utg33286_274         -            759 219876at2            -            282   0.00017   19.9   0.5   2   3      0.21   1.1e+02    0.9   0.1   121   214   389   482   379   500 0.63 # 386535 # 388811 # -1 # ID=19_274;partial=00;start_type=ATG;rbs_motif=None;rbs_spacer=None;gc_cont=0.384
Utg33286_274         -            759 219876at2            -            282   0.00017   19.9   0.5   3   3    0.0019      0.95    7.6   0.0    46    70   556   580   541   588 0.82 # 386535 # 388811 # -1 # ID=19_274;partial=00;start_type=ATG;rbs_motif=None;rbs_spacer=None;gc_cont=0.384
Utg33254_581         -            781 219876at2            -            282   0.00025   19.3   0.0   1   4     0.001      0.51    8.5   0.0    50    76   282   308   276   350 0.84 # 881108 # 883450 # -1 # ID=3_581;partial=00;start_type=ATG;rbs_motif=None;rbs_spacer=None;gc_cont=0.420
Utg33254_581         -            781 219876at2            -            282   0.00025   19.3   0.0   2   4      0.26   1.3e+02    0.6   0.0   118   167   382   430   377   470 0.87 # 881108 # 883450 # -1 # ID=3_581;partial=00;start_type=ATG;rbs_motif=None;rbs_spacer=None;gc_cont=0.420
Utg33254_581         -            781 219876at2            -            282   0.00025   19.3   0.0   3   4       0.1        52    1.9   0.0    46    76   549   579   537   601 0.75 # 881108 # 883450 # -1 # ID=3_581;partial=00;start_type=ATG;rbs_motif=None;rbs_spacer=None;gc_cont=0.420
Utg33254_581         -            781 219876at2            -            282   0.00025   19.3   0.0   4   4     0.092        47    2.1   0.0   115   166   648   699   643   720 0.83 # 881108 # 883450 # -1 # ID=3_581;partial=00;start_type=ATG;rbs_motif=None;rbs_spacer=None;gc_cont=0.420
Utg33280_843         -            429 219876at2            -            282    0.0004   18.7   0.0   1   1   1.6e-06   0.00081   17.7   0.0    50    86   209   247   198   320 0.84 # 1232091 # 1233377 # 1 # ID=16_843;partial=00;start_type=ATG;rbs_motif=AAAA;rbs_spacer=12bp;gc_cont=0.421
Utg33252_474         -            406 219876at2            -            282   0.00079   17.7   0.2   1   3       1.5   7.4e+02   -1.9   0.0   171   191    98   118    88   141 0.71 # 681634 # 682851 # 1 # ID=2_474;partial=00;start_type=ATG;rbs_motif=None;rbs_spacer=None;gc_cont=0.405
Utg33252_474         -            406 219876at2            -            282   0.00079   17.7   0.2   2   3   9.1e-06    0.0046   15.2   0.0    46    86   181   223   175   236 0.74 # 681634 # 682851 # 1 # ID=2_474;partial=00;start_type=ATG;rbs_motif=None;rbs_spacer=None;gc_cont=0.405
Utg33252_474         -            406 219876at2            -            282   0.00079   17.7   0.2   3   3       2.1   1.1e+03   -2.4   0.0   149   193   317   359   312   401 0.66 # 681634 # 682851 # 1 # ID=2_474;partial=00;start_type=ATG;rbs_motif=None;rbs_spacer=None;gc_cont=0.405
Utg33284_49          -           1044 219876at2            -            282    0.0019   16.5   0.0   1   2     0.025        13    3.9   0.0    50    71   457   478   441   491 0.86 # 78029 # 81160 # -1 # ID=18_49;partial=00;start_type=ATG;rbs_motif=None;rbs_spacer=None;gc_cont=0.396
Utg33284_49          -           1044 219876at2            -            282    0.0019   16.5   0.0   2   2   0.00038      0.19    9.9   0.0    50    94   734   780   731   783 0.78 # 78029 # 81160 # -1 # ID=18_49;partial=00;start_type=ATG;rbs_motif=None;rbs_spacer=None;gc_cont=0.396
Utg33280_640         -            812 219876at2            -            282    0.0084   14.3   0.0   1   2    0.0038       1.9    6.6   0.0    27    69   117   158   103   162 0.78 # 942217 # 944652 # -1 # ID=16_640;partial=00;start_type=ATG;rbs_motif=None;rbs_spacer=None;gc_cont=0.388
Utg33280_640         -            812 219876at2            -            282    0.0084   14.3   0.0   2   2     0.015       7.5    4.7   0.0    48    68   535   555   522   577 0.85 # 942217 # 944652 # -1 # ID=16_640;partial=00;start_type=ATG;rbs_motif=None;rbs_spacer=None;gc_cont=0.388
Utg33264_164         -            209 219876at2            -            282    0.0085   14.3   0.0   1   1   3.7e-05     0.019   13.2   0.0    49    71    10    32     3    44 0.85 # 250439 # 251065 # 1 # ID=8_164;partial=00;start_type=ATG;rbs_motif=None;rbs_spacer=None;gc_cont=0.384
Utg33278_37          -            510 219876at2            -            282     0.013   13.7   0.0   1   1   4.5e-05     0.023   12.9   0.0    35    91   107   163    97   174 0.67 # 57718 # 59247 # 1 # ID=15_37;partial=00;start_type=ATG;rbs_motif=None;rbs_spacer=None;gc_cont=0.417
Utg33280_813         -            457 219876at2            -            282     0.017   13.4   0.0   1   1   5.5e-05     0.028   12.6   0.0    51   105   264   323   260   332 0.85 # 1195576 # 1196946 # -1 # ID=16_813;partial=00;start_type=ATG;rbs_motif=None;rbs_spacer=None;gc_cont=0.414
Utg33280_304         -            438 219876at2            -            282     0.021   13.1   0.0   1   1   8.3e-05     0.042   12.1   0.0    50    76   219   245   211   256 0.87 # 428402 # 429715 # 1 # ID=16_304;partial=00;start_type=ATG;rbs_motif=None;rbs_spacer=None;gc_cont=0.391
Utg33266_183         -            438 219876at2            -            282      0.03   12.5   0.0   1   2   0.00033      0.17   10.1   0.0    50    77   169   196   162   216 0.80 # 267741 # 269054 # -1 # ID=9_183;partial=00;start_type=ATG;rbs_motif=None;rbs_spacer=None;gc_cont=0.426
Utg33266_183         -            438 219876at2            -            282      0.03   12.5   0.0   2   2      0.57   2.9e+02   -0.5   0.0   121   217   272   359   267   372 0.75 # 267741 # 269054 # -1 # ID=9_183;partial=00;start_type=ATG;rbs_motif=None;rbs_spacer=None;gc_cont=0.426
Utg33252_373         -            363 219876at2            -            282     0.044   12.0   0.0   1   1   0.00016     0.083   11.1   0.0    49    76   128   155   123   201 0.87 # 549561 # 550649 # -1 # ID=2_373;partial=00;start_type=ATG;rbs_motif=None;rbs_spacer=None;gc_cont=0.380
Utg33286_406         -            537 219876at2            -            282     0.045   12.0   0.0   1   1   0.00018     0.093   10.9   0.0    29    73   293   333   278   336 0.78 # 586625 # 588235 # 1 # ID=19_406;partial=00;start_type=ATG;rbs_motif=AATAA;rbs_spacer=4bp;gc_cont=0.363
#
# Program:         hmmsearch
# Version:         3.1b2 (February 2015)
# Pipeline mode:   SEARCH
# Query file:      /home/inf-34-2022/Documents/BINP29/DeNovo_LongReads/Busco/busco_downloads/lineages/bacteria_odb10/hmms/219876at2.hmm
# Target file:     /home/inf-34-2022/Documents/BINP29/DeNovo_LongReads/Busco/busco_output/prodigal_output/predicted_genes/predicted.faa
# Option settings: hmmsearch --domtblout /home/inf-34-2022/Documents/BINP29/DeNovo_LongReads/Busco/busco_output/auto_lineage/run_bacteria_odb10/hmmer_output/219876at2.out --cpu 1 /home/inf-34-2022/Documents/BINP29/DeNovo_LongReads/Busco/busco_downloads/lineages/bacteria_odb10/hmms/219876at2.hmm /home/inf-34-2022/Documents/BINP29/DeNovo_LongReads/Busco/busco_output/prodigal_output/predicted_genes/predicted.faa 
# Current dir:     /home/inf-34-2022/Documents/BINP29/DeNovo_LongReads/Busco
# Date:            Fri Feb 24 11:43:29 2023
# [ok]
