#                                                                            --- full sequence --- -------------- this domain -------------   hmm coord   ali coord   env coord
# target name        accession   tlen query name           accession   qlen   E-value  score  bias   #  of  c-Evalue  i-Evalue  score  bias  from    to  from    to  from    to  acc description of target
#------------------- ---------- ----- -------------------- ---------- ----- --------- ------ ----- --- --- --------- --------- ------ ----- ----- ----- ----- ----- ----- ----- ---- ---------------------
Utg33250_171         -            659 226836at2            -            473  9.3e-103  342.8   0.7   1   4   2.2e-61     3e-58  196.0   0.2    10   222    45   282    35   294 0.79 # 265164 # 267140 # -1 # ID=1_171;partial=00;start_type=ATG;rbs_motif=None;rbs_spacer=None;gc_cont=0.390
Utg33250_171         -            659 226836at2            -            473  9.3e-103  342.8   0.7   2   4   1.8e-08   2.5e-05   21.5   0.0   228   263   317   353   310   379 0.81 # 265164 # 267140 # -1 # ID=1_171;partial=00;start_type=ATG;rbs_motif=None;rbs_spacer=None;gc_cont=0.390
Utg33250_171         -            659 226836at2            -            473  9.3e-103  342.8   0.7   3   4     0.089   1.2e+02   -0.5   0.0   335   345   481   491   449   499 0.80 # 265164 # 267140 # -1 # ID=1_171;partial=00;start_type=ATG;rbs_motif=None;rbs_spacer=None;gc_cont=0.390
Utg33250_171         -            659 226836at2            -            473  9.3e-103  342.8   0.7   4   4   2.2e-38   2.9e-35  120.2   0.0   341   468   507   644   504   648 0.86 # 265164 # 267140 # -1 # ID=1_171;partial=00;start_type=ATG;rbs_motif=None;rbs_spacer=None;gc_cont=0.390
Utg33254_56          -            558 226836at2            -            473   3.5e-40  136.4   1.0   1   3   4.4e-06    0.0059   13.7   0.1     7    81   101   183    95   203 0.74 # 95374 # 97047 # -1 # ID=3_56;partial=00;start_type=ATG;rbs_motif=AAAAAA;rbs_spacer=15bp;gc_cont=0.443
Utg33254_56          -            558 226836at2            -            473   3.5e-40  136.4   1.0   2   3   1.1e-21   1.6e-18   65.1   0.1    98   219   229   358   220   380 0.80 # 95374 # 97047 # -1 # ID=3_56;partial=00;start_type=ATG;rbs_motif=AAAAAA;rbs_spacer=15bp;gc_cont=0.443
Utg33254_56          -            558 226836at2            -            473   3.5e-40  136.4   1.0   3   3   1.5e-18   2.1e-15   54.7   0.0   354   451   455   551   404   555 0.88 # 95374 # 97047 # -1 # ID=3_56;partial=00;start_type=ATG;rbs_motif=AAAAAA;rbs_spacer=15bp;gc_cont=0.443
Utg33262_107         -            555 226836at2            -            473   2.8e-27   93.9   0.1   1   2   1.5e-18   2.1e-15   54.8   0.1     6   225   123   365   118   372 0.73 # 150497 # 152161 # -1 # ID=7_107;partial=00;start_type=ATG;rbs_motif=None;rbs_spacer=None;gc_cont=0.445
Utg33262_107         -            555 226836at2            -            473   2.8e-27   93.9   0.1   2   2   2.1e-12   2.8e-09   34.5   0.0   366   450   466   547   391   553 0.82 # 150497 # 152161 # -1 # ID=7_107;partial=00;start_type=ATG;rbs_motif=None;rbs_spacer=None;gc_cont=0.445
Utg33280_363         -            592 226836at2            -            473   1.3e-26   91.7   0.7   1   2   3.2e-17   4.3e-14   50.4   1.1    12   233   121   370   112   422 0.74 # 510277 # 512052 # 1 # ID=16_363;partial=00;start_type=ATG;rbs_motif=AATAA;rbs_spacer=15bp;gc_cont=0.402
Utg33280_363         -            592 226836at2            -            473   1.3e-26   91.7   0.7   2   2   1.4e-13   1.9e-10   38.4   0.0   405   450   530   575   479   581 0.87 # 510277 # 512052 # 1 # ID=16_363;partial=00;start_type=ATG;rbs_motif=AATAA;rbs_spacer=15bp;gc_cont=0.402
Utg33258_114         -            493 226836at2            -            473     1e-20   72.3   0.0   1   3   1.7e-12   2.2e-09   34.9   0.0    10   226    29   278    20   288 0.69 # 176891 # 178369 # 1 # ID=5_114;partial=00;start_type=ATG;rbs_motif=None;rbs_spacer=None;gc_cont=0.373
Utg33258_114         -            493 226836at2            -            473     1e-20   72.3   0.0   2   3       0.4   5.4e+02   -2.7   0.0   206   238   306   338   304   342 0.81 # 176891 # 178369 # 1 # ID=5_114;partial=00;start_type=ATG;rbs_motif=None;rbs_spacer=None;gc_cont=0.373
Utg33258_114         -            493 226836at2            -            473     1e-20   72.3   0.0   3   3   8.1e-12   1.1e-08   32.6   0.0   341   452   375   486   359   491 0.82 # 176891 # 178369 # 1 # ID=5_114;partial=00;start_type=ATG;rbs_motif=None;rbs_spacer=None;gc_cont=0.373
Utg33272_320         -            577 226836at2            -            473   2.3e-20   71.1   0.1   1   2   1.1e-13   1.5e-10   38.8   0.1   108   218   221   335   204   352 0.79 # 489276 # 491006 # 1 # ID=12_320;partial=00;start_type=ATG;rbs_motif=None;rbs_spacer=None;gc_cont=0.417
Utg33272_320         -            577 226836at2            -            473   2.3e-20   71.1   0.1   2   2   4.9e-11   6.6e-08   30.0   0.0   396   449   514   568   468   574 0.81 # 489276 # 491006 # 1 # ID=12_320;partial=00;start_type=ATG;rbs_motif=None;rbs_spacer=None;gc_cont=0.417
#
# Program:         hmmsearch
# Version:         3.1b2 (February 2015)
# Pipeline mode:   SEARCH
# Query file:      /home/inf-34-2022/Documents/BINP29/DeNovo_LongReads/Busco/busco_downloads/lineages/bacteria_odb10/hmms/226836at2.hmm
# Target file:     /home/inf-34-2022/Documents/BINP29/DeNovo_LongReads/Busco/busco_output/prodigal_output/predicted_genes/predicted.faa
# Option settings: hmmsearch --domtblout /home/inf-34-2022/Documents/BINP29/DeNovo_LongReads/Busco/busco_output/auto_lineage/run_bacteria_odb10/hmmer_output/226836at2.out --cpu 1 /home/inf-34-2022/Documents/BINP29/DeNovo_LongReads/Busco/busco_downloads/lineages/bacteria_odb10/hmms/226836at2.hmm /home/inf-34-2022/Documents/BINP29/DeNovo_LongReads/Busco/busco_output/prodigal_output/predicted_genes/predicted.faa 
# Current dir:     /home/inf-34-2022/Documents/BINP29/DeNovo_LongReads/Busco
# Date:            Fri Feb 24 11:43:29 2023
# [ok]
