#                                                                            --- full sequence --- -------------- this domain -------------   hmm coord   ali coord   env coord
# target name        accession   tlen query name           accession   qlen   E-value  score  bias   #  of  c-Evalue  i-Evalue  score  bias  from    to  from    to  from    to  acc description of target
#------------------- ---------- ----- -------------------- ---------- ----- --------- ------ ----- --- --- --------- --------- ------ ----- ----- ----- ----- ----- ----- ----- ---- ---------------------
Utg33282_112         -            504 469058at2            -            299   3.8e-53  179.5   1.4   1   3      0.31   6.3e+02   -1.8   0.0    32   118    99   187    70   197 0.46 # 176782 # 178293 # 1 # ID=17_112;partial=00;start_type=ATG;rbs_motif=None;rbs_spacer=None;gc_cont=0.441
Utg33282_112         -            504 469058at2            -            299   3.8e-53  179.5   1.4   2   3   2.7e-19   5.5e-16   57.4   0.1    84   142   223   282   214   284 0.90 # 176782 # 178293 # 1 # ID=17_112;partial=00;start_type=ATG;rbs_motif=None;rbs_spacer=None;gc_cont=0.441
Utg33282_112         -            504 469058at2            -            299   3.8e-53  179.5   1.4   3   3   3.6e-38   7.3e-35  119.4   0.0   142   291   326   482   321   488 0.91 # 176782 # 178293 # 1 # ID=17_112;partial=00;start_type=ATG;rbs_motif=None;rbs_spacer=None;gc_cont=0.441
Utg33266_27          -            475 469058at2            -            299   1.2e-42  145.0   0.1   1   2   1.4e-21   2.8e-18   65.0   0.1    87   193    62   183    38   191 0.79 # 44661 # 46085 # 1 # ID=9_27;partial=00;start_type=ATG;rbs_motif=AAAAAA;rbs_spacer=10bp;gc_cont=0.380
Utg33266_27          -            475 469058at2            -            299   1.2e-42  145.0   0.1   2   2   1.8e-25   3.6e-22   77.7   0.0   213   299   277   365   239   365 0.89 # 44661 # 46085 # 1 # ID=9_27;partial=00;start_type=ATG;rbs_motif=AAAAAA;rbs_spacer=10bp;gc_cont=0.380
Utg33272_320         -            577 469058at2            -            299     0.013   13.6   0.2   1   2   4.7e-05     0.095   10.7   0.1   161   212   296   352   288   360 0.70 # 489276 # 491006 # 1 # ID=12_320;partial=00;start_type=ATG;rbs_motif=None;rbs_spacer=None;gc_cont=0.417
Utg33272_320         -            577 469058at2            -            299     0.013   13.6   0.2   2   2      0.07   1.4e+02    0.3   0.0   268   279   544   555   541   566 0.82 # 489276 # 491006 # 1 # ID=12_320;partial=00;start_type=ATG;rbs_motif=None;rbs_spacer=None;gc_cont=0.417
Utg33280_363         -            592 469058at2            -            299     0.024   12.7   2.7   1   3      0.52   1.1e+03   -2.6   0.5    48    71    31    50     7    68 0.53 # 510277 # 512052 # 1 # ID=16_363;partial=00;start_type=ATG;rbs_motif=AATAA;rbs_spacer=15bp;gc_cont=0.402
Utg33280_363         -            592 469058at2            -            299     0.024   12.7   2.7   2   3   0.00012      0.25    9.3   0.0   162   208   318   362   315   390 0.70 # 510277 # 512052 # 1 # ID=16_363;partial=00;start_type=ATG;rbs_motif=AATAA;rbs_spacer=15bp;gc_cont=0.402
Utg33280_363         -            592 469058at2            -            299     0.024   12.7   2.7   3   3     0.015        30    2.5   0.0   268   288   550   570   547   572 0.89 # 510277 # 512052 # 1 # ID=16_363;partial=00;start_type=ATG;rbs_motif=AATAA;rbs_spacer=15bp;gc_cont=0.402
#
# Program:         hmmsearch
# Version:         3.1b2 (February 2015)
# Pipeline mode:   SEARCH
# Query file:      /home/inf-34-2022/Documents/BINP29/DeNovo_LongReads/Busco/busco_downloads/lineages/bacteria_odb10/hmms/469058at2.hmm
# Target file:     /home/inf-34-2022/Documents/BINP29/DeNovo_LongReads/Busco/busco_output/prodigal_output/predicted_genes/predicted.faa
# Option settings: hmmsearch --domtblout /home/inf-34-2022/Documents/BINP29/DeNovo_LongReads/Busco/busco_output/auto_lineage/run_bacteria_odb10/hmmer_output/469058at2.out --cpu 1 /home/inf-34-2022/Documents/BINP29/DeNovo_LongReads/Busco/busco_downloads/lineages/bacteria_odb10/hmms/469058at2.hmm /home/inf-34-2022/Documents/BINP29/DeNovo_LongReads/Busco/busco_output/prodigal_output/predicted_genes/predicted.faa 
# Current dir:     /home/inf-34-2022/Documents/BINP29/DeNovo_LongReads/Busco
# Date:            Fri Feb 24 11:43:30 2023
# [ok]
