#                                                                            --- full sequence --- -------------- this domain -------------   hmm coord   ali coord   env coord
# target name        accession   tlen query name           accession   qlen   E-value  score  bias   #  of  c-Evalue  i-Evalue  score  bias  from    to  from    to  from    to  acc description of target
#------------------- ---------- ----- -------------------- ---------- ----- --------- ------ ----- --- --- --------- --------- ------ ----- ----- ----- ----- ----- ----- ----- ---- ---------------------
Utg33252_57          -            438 533698at2            -            290   1.7e-90  302.0   5.0   1   2   9.6e-49   9.8e-46  155.1   3.2     8   173    31   254    19   256 0.81 # 82134 # 83447 # -1 # ID=2_57;partial=00;start_type=ATG;rbs_motif=None;rbs_spacer=None;gc_cont=0.462
Utg33252_57          -            438 533698at2            -            290   1.7e-90  302.0   5.0   2   2   2.8e-45   2.9e-42  143.8   0.0   171   290   288   418   281   418 0.93 # 82134 # 83447 # -1 # ID=2_57;partial=00;start_type=ATG;rbs_motif=None;rbs_spacer=None;gc_cont=0.462
Utg33264_585         -            438 533698at2            -            290   2.3e-89  298.3   3.5   1   2   1.3e-47   1.3e-44  151.5   2.3     1   167    19   221    19   254 0.78 # 897893 # 899206 # 1 # ID=8_585;partial=00;start_type=ATG;rbs_motif=None;rbs_spacer=None;gc_cont=0.467
Utg33264_585         -            438 533698at2            -            290   2.3e-89  298.3   3.5   2   2   1.5e-45   1.5e-42  144.7   0.0   172   290   289   418   285   418 0.92 # 897893 # 899206 # 1 # ID=8_585;partial=00;start_type=ATG;rbs_motif=None;rbs_spacer=None;gc_cont=0.467
Utg33262_309         -            438 533698at2            -            290   2.4e-89  298.3   8.2   1   2   4.7e-48   4.8e-45  152.9   5.6     8   173    31   254    19   256 0.81 # 463919 # 465232 # 1 # ID=7_309;partial=00;start_type=ATG;rbs_motif=None;rbs_spacer=None;gc_cont=0.476
Utg33262_309         -            438 533698at2            -            290   2.4e-89  298.3   8.2   2   2   4.7e-45   4.7e-42  143.0   0.0   171   290   288   418   276   418 0.93 # 463919 # 465232 # 1 # ID=7_309;partial=00;start_type=ATG;rbs_motif=None;rbs_spacer=None;gc_cont=0.476
Utg33250_408         -            438 533698at2            -            290   2.6e-89  298.1   3.5   1   2   1.4e-47   1.4e-44  151.3   2.4     1   166    19   220    19   255 0.78 # 612038 # 613351 # 1 # ID=1_408;partial=00;start_type=ATG;rbs_motif=None;rbs_spacer=None;gc_cont=0.464
Utg33250_408         -            438 533698at2            -            290   2.6e-89  298.1   3.5   2   2   1.5e-45   1.5e-42  144.7   0.0   172   290   289   418   285   418 0.92 # 612038 # 613351 # 1 # ID=1_408;partial=00;start_type=ATG;rbs_motif=None;rbs_spacer=None;gc_cont=0.464
Utg33290_8           -            438 533698at2            -            290   2.6e-89  298.1   3.5   1   2   1.4e-47   1.4e-44  151.3   2.4     1   166    19   220    19   255 0.78 # 10337 # 11650 # -1 # ID=21_8;partial=00;start_type=ATG;rbs_motif=None;rbs_spacer=None;gc_cont=0.466
Utg33290_8           -            438 533698at2            -            290   2.6e-89  298.1   3.5   2   2   1.5e-45   1.5e-42  144.7   0.0   172   290   289   418   285   418 0.92 # 10337 # 11650 # -1 # ID=21_8;partial=00;start_type=ATG;rbs_motif=None;rbs_spacer=None;gc_cont=0.466
Utg33256_29          -            438 533698at2            -            290   3.1e-89  297.9   3.0   1   2   1.7e-47   1.8e-44  151.0   1.9     1   166    19   220    19   255 0.78 # 18340 # 19653 # -1 # ID=4_29;partial=00;start_type=ATG;rbs_motif=None;rbs_spacer=None;gc_cont=0.463
Utg33256_29          -            438 533698at2            -            290   3.1e-89  297.9   3.0   2   2   1.5e-45   1.5e-42  144.7   0.0   172   290   289   418   285   418 0.92 # 18340 # 19653 # -1 # ID=4_29;partial=00;start_type=ATG;rbs_motif=None;rbs_spacer=None;gc_cont=0.463
Utg33260_689         -            213 533698at2            -            290   8.1e-40  135.7   1.1   1   1   1.6e-42   1.6e-39  134.8   1.1     1   133    19   187    19   193 0.83 # 1052394 # 1053032 # 1 # ID=6_689;partial=00;start_type=ATG;rbs_motif=None;rbs_spacer=None;gc_cont=0.495
Utg33260_690         -             94 533698at2            -            290   0.00063   17.9   0.0   1   2      0.52   5.2e+02   -1.5   0.0   154   173     5    27     3    29 0.75 # 1053029 # 1053310 # 1 # ID=6_690;partial=01;start_type=ATG;rbs_motif=None;rbs_spacer=None;gc_cont=0.433
Utg33260_690         -             94 533698at2            -            290   0.00063   17.9   0.0   2   2   1.6e-06    0.0016   16.6   0.0   172   203    62    94    57    94 0.91 # 1053029 # 1053310 # 1 # ID=6_690;partial=01;start_type=ATG;rbs_motif=None;rbs_spacer=None;gc_cont=0.433
#
# Program:         hmmsearch
# Version:         3.1b2 (February 2015)
# Pipeline mode:   SEARCH
# Query file:      /home/inf-34-2022/Documents/BINP29/DeNovo_LongReads/Busco/busco_downloads/lineages/bacteria_odb10/hmms/533698at2.hmm
# Target file:     /home/inf-34-2022/Documents/BINP29/DeNovo_LongReads/Busco/busco_output/prodigal_output/predicted_genes/predicted.faa
# Option settings: hmmsearch --domtblout /home/inf-34-2022/Documents/BINP29/DeNovo_LongReads/Busco/busco_output/auto_lineage/run_bacteria_odb10/hmmer_output/533698at2.out --cpu 1 /home/inf-34-2022/Documents/BINP29/DeNovo_LongReads/Busco/busco_downloads/lineages/bacteria_odb10/hmms/533698at2.hmm /home/inf-34-2022/Documents/BINP29/DeNovo_LongReads/Busco/busco_output/prodigal_output/predicted_genes/predicted.faa 
# Current dir:     /home/inf-34-2022/Documents/BINP29/DeNovo_LongReads/Busco
# Date:            Fri Feb 24 11:43:30 2023
# [ok]
