#                                                                            --- full sequence --- -------------- this domain -------------   hmm coord   ali coord   env coord
# target name        accession   tlen query name           accession   qlen   E-value  score  bias   #  of  c-Evalue  i-Evalue  score  bias  from    to  from    to  from    to  acc description of target
#------------------- ---------- ----- -------------------- ---------- ----- --------- ------ ----- --- --- --------- --------- ------ ----- ----- ----- ----- ----- ----- ----- ---- ---------------------
Utg33252_42          -            752 761140at2            -            323   6.2e-32  110.1  10.1   1   3   2.1e-19   2.9e-16   58.7   0.2     1   112   196   342   196   349 0.75 # 62521 # 64776 # 1 # ID=2_42;partial=00;start_type=ATG;rbs_motif=None;rbs_spacer=None;gc_cont=0.370
Utg33252_42          -            752 761140at2            -            323   6.2e-32  110.1  10.1   2   3   5.3e-15   7.1e-12   44.2   4.4   128   255   410   599   397   605 0.69 # 62521 # 64776 # 1 # ID=2_42;partial=00;start_type=ATG;rbs_motif=None;rbs_spacer=None;gc_cont=0.370
Utg33252_42          -            752 761140at2            -            323   6.2e-32  110.1  10.1   3   3     0.033        44    2.2   0.0   281   311   671   701   648   710 0.84 # 62521 # 64776 # 1 # ID=2_42;partial=00;start_type=ATG;rbs_motif=None;rbs_spacer=None;gc_cont=0.370
Utg33252_161         -            576 761140at2            -            323   6.2e-32  110.1   0.3   1   4   1.4e-14   1.8e-11   42.9   0.0     5    66    17    85    13    94 0.86 # 241824 # 243551 # 1 # ID=2_161;partial=00;start_type=ATG;rbs_motif=AAGAA;rbs_spacer=3bp;gc_cont=0.378
Utg33252_161         -            576 761140at2            -            323   6.2e-32  110.1   0.3   2   4   8.7e-09   1.2e-05   23.8   0.0   131   170   213   258   171   262 0.74 # 241824 # 243551 # 1 # ID=2_161;partial=00;start_type=ATG;rbs_motif=AAGAA;rbs_spacer=3bp;gc_cont=0.378
Utg33252_161         -            576 761140at2            -            323   6.2e-32  110.1   0.3   3   4   3.4e-09   4.6e-06   25.1   0.2   172   216   293   350   287   421 0.83 # 241824 # 243551 # 1 # ID=2_161;partial=00;start_type=ATG;rbs_motif=AAGAA;rbs_spacer=3bp;gc_cont=0.378
Utg33252_161         -            576 761140at2            -            323   6.2e-32  110.1   0.3   4   4   3.6e-05     0.049   11.9   0.0   232   318   443   529   429   533 0.74 # 241824 # 243551 # 1 # ID=2_161;partial=00;start_type=ATG;rbs_motif=AAGAA;rbs_spacer=3bp;gc_cont=0.378
Utg33250_95          -           1003 761140at2            -            323   3.9e-10   38.5   0.1   1   3     2e-11   2.7e-08   32.5   0.0     7    62    91   151    85   182 0.85 # 143838 # 146846 # 1 # ID=1_95;partial=00;start_type=ATG;rbs_motif=None;rbs_spacer=None;gc_cont=0.388
Utg33250_95          -           1003 761140at2            -            323   3.9e-10   38.5   0.1   2   3      0.47   6.3e+02   -1.6   0.0   135   150   509   525   501   529 0.77 # 143838 # 146846 # 1 # ID=1_95;partial=00;start_type=ATG;rbs_motif=None;rbs_spacer=None;gc_cont=0.388
Utg33250_95          -           1003 761140at2            -            323   3.9e-10   38.5   0.1   3   3     0.034        46    2.1   0.0   277   309   817   847   786   852 0.87 # 143838 # 146846 # 1 # ID=1_95;partial=00;start_type=ATG;rbs_motif=None;rbs_spacer=None;gc_cont=0.388
Utg33252_277         -           1105 761140at2            -            323   2.3e-07   29.4   0.5   1   4   1.5e-07   0.00021   19.7   0.0     3    89   183   274   182   314 0.80 # 411731 # 415045 # -1 # ID=2_277;partial=00;start_type=ATG;rbs_motif=None;rbs_spacer=None;gc_cont=0.395
Utg33252_277         -           1105 761140at2            -            323   2.3e-07   29.4   0.5   2   4      0.43   5.8e+02   -1.5   0.0   136   151   562   578   549   582 0.84 # 411731 # 415045 # -1 # ID=2_277;partial=00;start_type=ATG;rbs_motif=None;rbs_spacer=None;gc_cont=0.395
Utg33252_277         -           1105 761140at2            -            323   2.3e-07   29.4   0.5   3   4       1.7   2.3e+03   -3.5   0.0   205   215   701   711   700   712 0.86 # 411731 # 415045 # -1 # ID=2_277;partial=00;start_type=ATG;rbs_motif=None;rbs_spacer=None;gc_cont=0.395
Utg33252_277         -           1105 761140at2            -            323   2.3e-07   29.4   0.5   4   4    0.0025       3.4    5.8   0.0   257   315   855   915   830   922 0.75 # 411731 # 415045 # -1 # ID=2_277;partial=00;start_type=ATG;rbs_motif=None;rbs_spacer=None;gc_cont=0.395
Utg33254_563         -            895 761140at2            -            323   7.1e-06   24.5   0.3   1   3   6.8e-07   0.00092   17.6   0.0     4    55    50   106    48   149 0.87 # 850628 # 853312 # -1 # ID=3_563;partial=00;start_type=ATG;rbs_motif=None;rbs_spacer=None;gc_cont=0.397
Utg33254_563         -            895 761140at2            -            323   7.1e-06   24.5   0.3   2   3      0.41   5.5e+02   -1.4   0.0   130   151   436   458   424   462 0.82 # 850628 # 853312 # -1 # ID=3_563;partial=00;start_type=ATG;rbs_motif=None;rbs_spacer=None;gc_cont=0.397
Utg33254_563         -            895 761140at2            -            323   7.1e-06   24.5   0.3   3   3      0.02        27    2.9   0.1   238   310   733   805   721   814 0.64 # 850628 # 853312 # -1 # ID=3_563;partial=00;start_type=ATG;rbs_motif=None;rbs_spacer=None;gc_cont=0.397
Utg33280_92          -             51 761140at2            -            323     0.033   12.5   0.1   1   1   2.4e-05     0.033   12.5   0.1   163   205     3    45     1    50 0.92 # 128147 # 128299 # 1 # ID=16_92;partial=00;start_type=ATG;rbs_motif=None;rbs_spacer=None;gc_cont=0.366
#
# Program:         hmmsearch
# Version:         3.1b2 (February 2015)
# Pipeline mode:   SEARCH
# Query file:      /home/inf-34-2022/Documents/BINP29/DeNovo_LongReads/Busco/busco_downloads/lineages/bacteria_odb10/hmms/761140at2.hmm
# Target file:     /home/inf-34-2022/Documents/BINP29/DeNovo_LongReads/Busco/busco_output/prodigal_output/predicted_genes/predicted.faa
# Option settings: hmmsearch --domtblout /home/inf-34-2022/Documents/BINP29/DeNovo_LongReads/Busco/busco_output/auto_lineage/run_bacteria_odb10/hmmer_output/761140at2.out --cpu 1 /home/inf-34-2022/Documents/BINP29/DeNovo_LongReads/Busco/busco_downloads/lineages/bacteria_odb10/hmms/761140at2.hmm /home/inf-34-2022/Documents/BINP29/DeNovo_LongReads/Busco/busco_output/prodigal_output/predicted_genes/predicted.faa 
# Current dir:     /home/inf-34-2022/Documents/BINP29/DeNovo_LongReads/Busco
# Date:            Fri Feb 24 11:43:30 2023
# [ok]
