#                                                                            --- full sequence --- -------------- this domain -------------   hmm coord   ali coord   env coord
# target name        accession   tlen query name           accession   qlen   E-value  score  bias   #  of  c-Evalue  i-Evalue  score  bias  from    to  from    to  from    to  acc description of target
#------------------- ---------- ----- -------------------- ---------- ----- --------- ------ ----- --- --- --------- --------- ------ ----- ----- ----- ----- ----- ----- ----- ---- ---------------------
Utg33254_33          -            838 874197at2            -            274     2e-15   55.5   0.0   1   2     2e-10   4.6e-08   31.4   0.0    35   190   239   412   233   431 0.71 # 56104 # 58617 # -1 # ID=3_33;partial=00;start_type=ATG;rbs_motif=None;rbs_spacer=None;gc_cont=0.390
Utg33254_33          -            838 874197at2            -            274     2e-15   55.5   0.0   2   2     2e-07   4.7e-05   21.5   0.0    37    71   569   603   546   642 0.80 # 56104 # 58617 # -1 # ID=3_33;partial=00;start_type=ATG;rbs_motif=None;rbs_spacer=None;gc_cont=0.390
Utg33280_156         -            836 874197at2            -            274   2.9e-15   55.0   0.1   1   2   4.7e-09   1.1e-06   26.9   0.0    36    98   249   319   241   373 0.81 # 226489 # 228996 # -1 # ID=16_156;partial=00;start_type=ATG;rbs_motif=None;rbs_spacer=None;gc_cont=0.418
Utg33280_156         -            836 874197at2            -            274   2.9e-15   55.0   0.1   2   2   1.5e-08   3.4e-06   25.3   0.0    36    96   522   590   494   597 0.80 # 226489 # 228996 # -1 # ID=16_156;partial=00;start_type=ATG;rbs_motif=None;rbs_spacer=None;gc_cont=0.418
Utg33254_581         -            781 874197at2            -            274     1e-13   49.9   0.0   1   2   5.8e-09   1.4e-06   26.6   0.0    37    98   281   350   276   356 0.75 # 881108 # 883450 # -1 # ID=3_581;partial=00;start_type=ATG;rbs_motif=None;rbs_spacer=None;gc_cont=0.420
Utg33254_581         -            781 874197at2            -            274     1e-13   49.9   0.0   2   2   4.1e-07   9.6e-05   20.5   0.0    16    96   527   619   513   625 0.65 # 881108 # 883450 # -1 # ID=3_581;partial=00;start_type=ATG;rbs_motif=None;rbs_spacer=None;gc_cont=0.420
Utg33272_144         -            588 874197at2            -            274   1.5e-09   36.3   0.1   1   2   7.2e-11   1.7e-08   32.8   0.1     2   110   137   265   136   285 0.64 # 239171 # 240934 # 1 # ID=12_144;partial=00;start_type=ATG;rbs_motif=None;rbs_spacer=None;gc_cont=0.398
Utg33272_144         -            588 874197at2            -            274   1.5e-09   36.3   0.1   2   2      0.38        87    1.0   0.0   131   181   267   321   261   357 0.73 # 239171 # 240934 # 1 # ID=12_144;partial=00;start_type=ATG;rbs_motif=None;rbs_spacer=None;gc_cont=0.398
Utg33254_203         -           4911 874197at2            -            274     1e-07   30.3   3.3   1   5       2.7   6.3e+02   -1.8   0.0    36    61   309   334   300   341 0.84 # 328673 # 343405 # -1 # ID=3_203;partial=00;start_type=ATG;rbs_motif=None;rbs_spacer=None;gc_cont=0.377
Utg33254_203         -           4911 874197at2            -            274     1e-07   30.3   3.3   2   5    0.0025      0.58    8.1   0.1    34    79   645   690   630   705 0.86 # 328673 # 343405 # -1 # ID=3_203;partial=00;start_type=ATG;rbs_motif=None;rbs_spacer=None;gc_cont=0.377
Utg33254_203         -           4911 874197at2            -            274     1e-07   30.3   3.3   3   5       3.1   7.2e+02   -2.0   0.0    37    61  1078  1102  1053  1109 0.75 # 328673 # 343405 # -1 # ID=3_203;partial=00;start_type=ATG;rbs_motif=None;rbs_spacer=None;gc_cont=0.377
Utg33254_203         -           4911 874197at2            -            274     1e-07   30.3   3.3   4   5   0.00047      0.11   10.5   0.0    30    77  1359  1403  1341  1415 0.79 # 328673 # 343405 # -1 # ID=3_203;partial=00;start_type=ATG;rbs_motif=None;rbs_spacer=None;gc_cont=0.377
Utg33254_203         -           4911 874197at2            -            274     1e-07   30.3   3.3   5   5    0.0029      0.67    7.9   0.0    35    64  1740  1769  1727  1784 0.81 # 328673 # 343405 # -1 # ID=3_203;partial=00;start_type=ATG;rbs_motif=None;rbs_spacer=None;gc_cont=0.377
Utg33252_373         -            363 874197at2            -            274   1.5e-07   29.7   0.0   1   1   1.1e-09   2.5e-07   29.0   0.0    35   101   126   200   117   250 0.74 # 549561 # 550649 # -1 # ID=2_373;partial=00;start_type=ATG;rbs_motif=None;rbs_spacer=None;gc_cont=0.380
Utg33250_341         -            472 874197at2            -            274   2.8e-07   28.8   0.4   1   2   1.6e-07   3.7e-05   21.9   0.0     5    67    38   100    34   108 0.93 # 518184 # 519599 # -1 # ID=1_341;partial=00;start_type=ATG;rbs_motif=AAAAAA;rbs_spacer=10bp;gc_cont=0.395
Utg33250_341         -            472 874197at2            -            274   2.8e-07   28.8   0.4   2   2      0.04       9.4    4.2   0.1    89   115   292   321   287   333 0.72 # 518184 # 519599 # -1 # ID=1_341;partial=00;start_type=ATG;rbs_motif=AAAAAA;rbs_spacer=10bp;gc_cont=0.395
Utg33266_183         -            438 874197at2            -            274   5.1e-07   28.0   0.0   1   1   3.4e-09   7.9e-07   27.4   0.0    32    99   163   238   141   293 0.79 # 267741 # 269054 # -1 # ID=9_183;partial=00;start_type=ATG;rbs_motif=None;rbs_spacer=None;gc_cont=0.426
Utg33250_135         -            755 874197at2            -            274   1.1e-06   26.9   0.0   1   1   9.4e-09   2.2e-06   25.9   0.0    32    98   501   575   495   581 0.74 # 204813 # 207077 # -1 # ID=1_135;partial=00;start_type=ATG;rbs_motif=AAAAAA;rbs_spacer=10bp;gc_cont=0.396
Utg33278_181         -            899 874197at2            -            274   1.5e-06   26.4   0.0   1   1   1.3e-08     3e-06   25.5   0.0    32    98   636   710   631   714 0.71 # 244897 # 247593 # -1 # ID=15_181;partial=00;start_type=ATG;rbs_motif=None;rbs_spacer=None;gc_cont=0.400
Utg33250_6           -            748 874197at2            -            274   1.6e-06   26.3   0.0   1   1   4.8e-08   1.1e-05   23.6   0.0    35   228   314   520   278   533 0.68 # 10082 # 12325 # -1 # ID=1_6;partial=00;start_type=ATG;rbs_motif=None;rbs_spacer=None;gc_cont=0.429
Utg33260_525         -            438 874197at2            -            274     2e-06   26.0   0.0   1   1   1.5e-08   3.6e-06   25.2   0.0    36    96   216   284   206   291 0.75 # 784512 # 785825 # -1 # ID=6_525;partial=00;start_type=ATG;rbs_motif=AATAA;rbs_spacer=6bp;gc_cont=0.412
Utg33286_274         -            759 874197at2            -            274   2.2e-06   25.9   0.1   1   2   8.4e-05     0.019   13.0   0.1    36    69   275   309   268   316 0.79 # 386535 # 388811 # -1 # ID=19_274;partial=00;start_type=ATG;rbs_motif=None;rbs_spacer=None;gc_cont=0.384
Utg33286_274         -            759 874197at2            -            274   2.2e-06   25.9   0.1   2   2   0.00072      0.17    9.9   0.0    31    62   553   584   536   631 0.81 # 386535 # 388811 # -1 # ID=19_274;partial=00;start_type=ATG;rbs_motif=None;rbs_spacer=None;gc_cont=0.384
Utg33280_554         -            464 874197at2            -            274   2.5e-06   25.7   0.3   1   3   1.3e-07     3e-05   22.2   0.0    11    63    48   100    42   106 0.95 # 811010 # 812401 # -1 # ID=16_554;partial=00;start_type=ATG;rbs_motif=AATAA;rbs_spacer=10bp;gc_cont=0.406
Utg33280_554         -            464 874197at2            -            274   2.5e-06   25.7   0.3   2   3      0.44     1e+02    0.8   0.0    89   112   307   333   279   349 0.76 # 811010 # 812401 # -1 # ID=16_554;partial=00;start_type=ATG;rbs_motif=AATAA;rbs_spacer=10bp;gc_cont=0.406
Utg33280_554         -            464 874197at2            -            274   2.5e-06   25.7   0.3   3   3       8.1   1.9e+03   -3.4   0.0   149   173   365   391   359   420 0.56 # 811010 # 812401 # -1 # ID=16_554;partial=00;start_type=ATG;rbs_motif=AATAA;rbs_spacer=10bp;gc_cont=0.406
Utg33260_471         -            862 874197at2            -            274   4.3e-06   24.9   0.0   1   1   3.2e-08   7.4e-06   24.2   0.0    24    74   335   385   319   403 0.77 # 721417 # 724002 # 1 # ID=6_471;partial=00;start_type=ATG;rbs_motif=AATAA;rbs_spacer=15bp;gc_cont=0.395
Utg33252_474         -            406 874197at2            -            274   4.7e-06   24.8   0.0   1   1   3.7e-08   8.7e-06   23.9   0.0    36    96   183   251   157   258 0.77 # 681634 # 682851 # 1 # ID=2_474;partial=00;start_type=ATG;rbs_motif=None;rbs_spacer=None;gc_cont=0.405
Utg33272_17          -           1051 874197at2            -            274   1.7e-05   23.0   0.0   1   1   1.4e-07   3.2e-05   22.1   0.0    36   102   786   860   776   926 0.70 # 20493 # 23645 # -1 # ID=12_17;partial=00;start_type=GTG;rbs_motif=AACAA;rbs_spacer=9bp;gc_cont=0.389
Utg33280_843         -            429 874197at2            -            274   2.1e-05   22.7   0.0   1   1   1.4e-07   3.4e-05   22.0   0.0    34   100   205   279   179   349 0.67 # 1232091 # 1233377 # 1 # ID=16_843;partial=00;start_type=ATG;rbs_motif=AAAA;rbs_spacer=12bp;gc_cont=0.421
Utg33264_254         -            742 874197at2            -            274   4.3e-05   21.7   0.0   1   1   3.5e-07     8e-05   20.8   0.0    37    66   178   207   170   258 0.84 # 394225 # 396450 # -1 # ID=8_254;partial=00;start_type=ATG;rbs_motif=None;rbs_spacer=None;gc_cont=0.381
Utg33284_49          -           1044 874197at2            -            274   5.2e-05   21.4   0.0   1   2      0.45     1e+02    0.7   0.0    36    61   455   480   430   499 0.79 # 78029 # 81160 # -1 # ID=18_49;partial=00;start_type=ATG;rbs_motif=None;rbs_spacer=None;gc_cont=0.396
Utg33284_49          -           1044 874197at2            -            274   5.2e-05   21.4   0.0   2   2     3e-06   0.00069   17.7   0.0    38    71   734   767   729   803 0.83 # 78029 # 81160 # -1 # ID=18_49;partial=00;start_type=ATG;rbs_motif=None;rbs_spacer=None;gc_cont=0.396
Utg33264_271         -            826 874197at2            -            274   5.9e-05   21.2   0.0   1   1     5e-07   0.00012   20.2   0.0    32    96   378   450   340   455 0.61 # 417331 # 419808 # -1 # ID=8_271;partial=00;start_type=ATG;rbs_motif=None;rbs_spacer=None;gc_cont=0.404
Utg33280_813         -            457 874197at2            -            274   6.2e-05   21.1   0.0   1   1   4.4e-07    0.0001   20.4   0.0    38    96   263   322   257   328 0.87 # 1195576 # 1196946 # -1 # ID=16_813;partial=00;start_type=ATG;rbs_motif=None;rbs_spacer=None;gc_cont=0.414
Utg33280_304         -            438 874197at2            -            274   8.1e-05   20.8   0.0   1   1   6.6e-07   0.00015   19.8   0.0    36    96   217   285   192   291 0.72 # 428402 # 429715 # 1 # ID=16_304;partial=00;start_type=ATG;rbs_motif=None;rbs_spacer=None;gc_cont=0.391
Utg33284_122         -            468 874197at2            -            274   9.4e-05   20.5   0.0   1   1   6.3e-07   0.00015   19.9   0.0    36    95   244   311   236   316 0.71 # 181505 # 182908 # 1 # ID=18_122;partial=00;start_type=ATG;rbs_motif=None;rbs_spacer=None;gc_cont=0.415
Utg33278_139         -            761 874197at2            -            274   0.00011   20.4   0.0   1   1     1e-06   0.00023   19.2   0.0    36    98   321   391   281   395 0.73 # 190617 # 192899 # -1 # ID=15_139;partial=00;start_type=ATG;rbs_motif=None;rbs_spacer=None;gc_cont=0.432
Utg33260_346         -            435 874197at2            -            274   0.00012   20.2   0.0   1   1     1e-06   0.00024   19.2   0.0    35    95   215   283   191   290 0.73 # 522662 # 523966 # 1 # ID=6_346;partial=00;start_type=ATG;rbs_motif=None;rbs_spacer=None;gc_cont=0.411
Utg33272_58          -            341 874197at2            -            274   0.00017   19.7   0.0   1   1   1.5e-06   0.00035   18.7   0.0     5    59    20    70    17    86 0.79 # 87170 # 88192 # 1 # ID=12_58;partial=00;start_type=ATG;rbs_motif=None;rbs_spacer=None;gc_cont=0.451
Utg33286_459         -            521 874197at2            -            274   0.00027   19.0   0.0   1   1   2.4e-06   0.00056   18.0   0.0    34    77   132   175   109   212 0.87 # 665491 # 667053 # -1 # ID=19_459;partial=00;start_type=ATG;rbs_motif=None;rbs_spacer=None;gc_cont=0.378
Utg33274_120         -            354 874197at2            -            274   0.00051   18.1   0.0   1   1   3.6e-06   0.00082   17.5   0.0     5    59    32    82    28    91 0.74 # 178005 # 179066 # -1 # ID=13_120;partial=00;start_type=ATG;rbs_motif=None;rbs_spacer=None;gc_cont=0.388
Utg33260_80          -            324 874197at2            -            274    0.0017   16.4   0.0   1   1   1.5e-05    0.0036   15.4   0.0     5    59    16    66    13    78 0.81 # 113227 # 114198 # -1 # ID=6_80;partial=00;start_type=ATG;rbs_motif=AAAAA;rbs_spacer=10bp;gc_cont=0.393
Utg33286_406         -            537 874197at2            -            274    0.0018   16.3   0.1   1   2   2.2e-05     0.005   14.9   0.0    37    65   309   337   300   356 0.85 # 586625 # 588235 # 1 # ID=19_406;partial=00;start_type=ATG;rbs_motif=AATAA;rbs_spacer=4bp;gc_cont=0.363
Utg33286_406         -            537 874197at2            -            274    0.0018   16.3   0.1   2   2       3.5   8.2e+02   -2.2   0.0   180   232   410   468   399   484 0.63 # 586625 # 588235 # 1 # ID=19_406;partial=00;start_type=ATG;rbs_motif=AATAA;rbs_spacer=4bp;gc_cont=0.363
Utg33286_119         -           1134 874197at2            -            274    0.0037   15.3   0.0   1   1   6.3e-05     0.015   13.4   0.0    11    69   600   659   596   792 0.78 # 176331 # 179732 # -1 # ID=19_119;partial=00;start_type=ATG;rbs_motif=None;rbs_spacer=None;gc_cont=0.407
Utg33252_35          -           1380 874197at2            -            274    0.0047   15.0   0.0   1   1   4.5e-05     0.011   13.8   0.0    36    65   448   477   418   580 0.82 # 52865 # 57004 # -1 # ID=2_35;partial=00;start_type=ATG;rbs_motif=None;rbs_spacer=None;gc_cont=0.384
Utg33274_436         -            514 874197at2            -            274     0.053   11.5   0.0   1   1   0.00053      0.12   10.3   0.0    27    60    93   127    80   142 0.76 # 682262 # 683803 # -1 # ID=13_436;partial=00;start_type=ATG;rbs_motif=None;rbs_spacer=None;gc_cont=0.408
Utg33280_640         -            812 874197at2            -            274     0.056   11.5   1.9   1   3       2.4   5.7e+02   -1.7   0.0   186   202    42    58    12    79 0.74 # 942217 # 944652 # -1 # ID=16_640;partial=00;start_type=ATG;rbs_motif=None;rbs_spacer=None;gc_cont=0.388
Utg33280_640         -            812 874197at2            -            274     0.056   11.5   1.9   2   3      0.25        58    1.6   0.4    76    98   195   220   122   224 0.50 # 942217 # 944652 # -1 # ID=16_640;partial=00;start_type=ATG;rbs_motif=None;rbs_spacer=None;gc_cont=0.388
Utg33280_640         -            812 874197at2            -            274     0.056   11.5   1.9   3   3    0.0064       1.5    6.8   0.0    19    57   518   556   501   564 0.78 # 942217 # 944652 # -1 # ID=16_640;partial=00;start_type=ATG;rbs_motif=None;rbs_spacer=None;gc_cont=0.388
#
# Program:         hmmsearch
# Version:         3.1b2 (February 2015)
# Pipeline mode:   SEARCH
# Query file:      /home/inf-34-2022/Documents/BINP29/DeNovo_LongReads/Busco/busco_downloads/lineages/bacteria_odb10/hmms/874197at2.hmm
# Target file:     /home/inf-34-2022/Documents/BINP29/DeNovo_LongReads/Busco/busco_output/prodigal_output/predicted_genes/predicted.faa
# Option settings: hmmsearch --domtblout /home/inf-34-2022/Documents/BINP29/DeNovo_LongReads/Busco/busco_output/auto_lineage/run_bacteria_odb10/hmmer_output/874197at2.out --cpu 1 /home/inf-34-2022/Documents/BINP29/DeNovo_LongReads/Busco/busco_downloads/lineages/bacteria_odb10/hmms/874197at2.hmm /home/inf-34-2022/Documents/BINP29/DeNovo_LongReads/Busco/busco_output/prodigal_output/predicted_genes/predicted.faa 
# Current dir:     /home/inf-34-2022/Documents/BINP29/DeNovo_LongReads/Busco
# Date:            Fri Feb 24 11:43:30 2023
# [ok]
