#                                                                            --- full sequence --- -------------- this domain -------------   hmm coord   ali coord   env coord
# target name        accession   tlen query name           accession   qlen   E-value  score  bias   #  of  c-Evalue  i-Evalue  score  bias  from    to  from    to  from    to  acc description of target
#------------------- ---------- ----- -------------------- ---------- ----- --------- ------ ----- --- --- --------- --------- ------ ----- ----- ----- ----- ----- ----- ----- ---- ---------------------
Utg33280_744         -            690 95696at2             -            490   4.1e-14   50.9   0.1   1   2   8.4e-05     0.019   12.4   0.0     6    75    60   141    56   172 0.77 # 1101410 # 1103479 # 1 # ID=16_744;partial=00;start_type=ATG;rbs_motif=AATAA;rbs_spacer=3bp;gc_cont=0.364
Utg33280_744         -            690 95696at2             -            490   4.1e-14   50.9   0.1   2   2   5.9e-12   1.4e-09   36.0   0.0   336   434   278   371   262   381 0.89 # 1101410 # 1103479 # 1 # ID=16_744;partial=00;start_type=ATG;rbs_motif=AATAA;rbs_spacer=3bp;gc_cont=0.364
Utg33260_257         -            483 95696at2             -            490     2e-12   45.4   0.2   1   2         8   1.9e+03   -4.0   0.0     7    44   140   183   138   187 0.57 # 392068 # 393516 # -1 # ID=6_257;partial=00;start_type=ATG;rbs_motif=None;rbs_spacer=None;gc_cont=0.378
Utg33260_257         -            483 95696at2             -            490     2e-12   45.4   0.2   2   2   1.7e-14   3.9e-12   44.4   0.1   336   434   330   429   319   451 0.83 # 392068 # 393516 # -1 # ID=6_257;partial=00;start_type=ATG;rbs_motif=None;rbs_spacer=None;gc_cont=0.378
Utg33274_366         -            396 95696at2             -            490     1e-10   39.7   1.3   1   3       5.7   1.3e+03   -3.5   0.0   274   289    37    52     7    54 0.68 # 598470 # 599657 # 1 # ID=13_366;partial=00;start_type=ATG;rbs_motif=AATAA;rbs_spacer=14bp;gc_cont=0.406
Utg33274_366         -            396 95696at2             -            490     1e-10   39.7   1.3   2   3      0.53   1.2e+02   -0.1   0.1     7    41    68   108    62   121 0.67 # 598470 # 599657 # 1 # ID=13_366;partial=00;start_type=ATG;rbs_motif=AATAA;rbs_spacer=14bp;gc_cont=0.406
Utg33274_366         -            396 95696at2             -            490     1e-10   39.7   1.3   3   3   1.6e-12   3.6e-10   37.9   0.1   336   419   260   345   248   377 0.86 # 598470 # 599657 # 1 # ID=13_366;partial=00;start_type=ATG;rbs_motif=AATAA;rbs_spacer=14bp;gc_cont=0.406
Utg33284_380         -            396 95696at2             -            490     1e-10   39.7   1.3   1   3       5.7   1.3e+03   -3.5   0.0   274   289    37    52     7    54 0.68 # 562280 # 563467 # 1 # ID=18_380;partial=00;start_type=ATG;rbs_motif=None;rbs_spacer=None;gc_cont=0.404
Utg33284_380         -            396 95696at2             -            490     1e-10   39.7   1.3   2   3      0.53   1.2e+02   -0.1   0.1     7    41    68   108    62   121 0.67 # 562280 # 563467 # 1 # ID=18_380;partial=00;start_type=ATG;rbs_motif=None;rbs_spacer=None;gc_cont=0.404
Utg33284_380         -            396 95696at2             -            490     1e-10   39.7   1.3   3   3   1.6e-12   3.6e-10   37.9   0.1   336   419   260   345   248   377 0.86 # 562280 # 563467 # 1 # ID=18_380;partial=00;start_type=ATG;rbs_motif=None;rbs_spacer=None;gc_cont=0.404
Utg33250_190         -            618 95696at2             -            490   1.4e-10   39.3   0.0   1   2     0.067        15    2.9   0.0    25    53   239   267   233   273 0.83 # 296576 # 298429 # 1 # ID=1_190;partial=00;start_type=ATG;rbs_motif=AAGAA;rbs_spacer=3bp;gc_cont=0.426
Utg33250_190         -            618 95696at2             -            490   1.4e-10   39.3   0.0   2   2   2.1e-11   4.9e-09   34.2   0.1   339   412   414   487   376   532 0.87 # 296576 # 298429 # 1 # ID=1_190;partial=00;start_type=ATG;rbs_motif=AAGAA;rbs_spacer=3bp;gc_cont=0.426
Utg33260_454         -            605 95696at2             -            490   2.9e-10   38.2   0.1   1   2     0.035       8.1    3.8   0.0    25    58   227   260   218   262 0.83 # 695029 # 696843 # 1 # ID=6_454;partial=00;start_type=ATG;rbs_motif=AAAA;rbs_spacer=12bp;gc_cont=0.461
Utg33260_454         -            605 95696at2             -            490   2.9e-10   38.2   0.1   2   2     8e-11   1.8e-08   32.3   0.0   339   412   402   475   386   522 0.88 # 695029 # 696843 # 1 # ID=6_454;partial=00;start_type=ATG;rbs_motif=AAAA;rbs_spacer=12bp;gc_cont=0.461
Utg33252_512         -            524 95696at2             -            490   7.6e-10   36.9   0.2   1   2     0.014       3.2    5.1   0.0     6    43   157   202   152   213 0.75 # 731062 # 732633 # 1 # ID=2_512;partial=00;start_type=ATG;rbs_motif=None;rbs_spacer=None;gc_cont=0.388
Utg33252_512         -            524 95696at2             -            490   7.6e-10   36.9   0.2   2   2     5e-10   1.2e-07   29.7   0.0   281   410   304   433   247   465 0.86 # 731062 # 732633 # 1 # ID=2_512;partial=00;start_type=ATG;rbs_motif=None;rbs_spacer=None;gc_cont=0.388
Utg33280_338         -            400 95696at2             -            490   3.3e-09   34.8   0.8   1   2     0.041       9.4    3.6   0.1     7    47    69   115    63   125 0.65 # 477159 # 478358 # 1 # ID=16_338;partial=00;start_type=ATG;rbs_motif=AAAAAA;rbs_spacer=14bp;gc_cont=0.352
Utg33280_338         -            400 95696at2             -            490   3.3e-09   34.8   0.8   2   2   5.8e-10   1.4e-07   29.4   0.1   336   412   265   341   254   381 0.87 # 477159 # 478358 # 1 # ID=16_338;partial=00;start_type=ATG;rbs_motif=AAAAAA;rbs_spacer=14bp;gc_cont=0.352
Utg33262_304         -            432 95696at2             -            490   2.3e-08   32.0   1.5   1   2      0.54   1.2e+02   -0.1   0.0     6    46    47    93    43   103 0.73 # 454773 # 456068 # 1 # ID=7_304;partial=00;start_type=ATG;rbs_motif=None;rbs_spacer=None;gc_cont=0.430
Utg33262_304         -            432 95696at2             -            490   2.3e-08   32.0   1.5   2   2   2.9e-10   6.7e-08   30.5   0.6   343   435   261   357   204   416 0.69 # 454773 # 456068 # 1 # ID=7_304;partial=00;start_type=ATG;rbs_motif=None;rbs_spacer=None;gc_cont=0.430
Utg33262_173         -            544 95696at2             -            490   2.8e-07   28.4   0.4   1   3       3.3   7.7e+02   -2.7   0.1    64    80    37    53    10    84 0.47 # 240142 # 241773 # -1 # ID=7_173;partial=00;start_type=ATG;rbs_motif=None;rbs_spacer=None;gc_cont=0.376
Utg33262_173         -            544 95696at2             -            490   2.8e-07   28.4   0.4   2   3       0.2        46    1.3   0.0     5    44   167   212   163   216 0.72 # 240142 # 241773 # -1 # ID=7_173;partial=00;start_type=ATG;rbs_motif=None;rbs_spacer=None;gc_cont=0.376
Utg33262_173         -            544 95696at2             -            490   2.8e-07   28.4   0.4   3   3     2e-08   4.7e-06   24.4   0.0   338   435   365   457   329   471 0.88 # 240142 # 241773 # -1 # ID=7_173;partial=00;start_type=ATG;rbs_motif=None;rbs_spacer=None;gc_cont=0.376
Utg33280_619         -            589 95696at2             -            490   3.9e-07   27.9   0.3   1   1   4.6e-09   1.1e-06   26.5   0.3   343   439   443   537   256   575 0.80 # 918927 # 920693 # -1 # ID=16_619;partial=00;start_type=ATG;rbs_motif=None;rbs_spacer=None;gc_cont=0.381
Utg33252_621         -            565 95696at2             -            490   1.6e-06   25.9   0.1   1   2      0.03         7    4.0   0.0     4    43   165   212   162   221 0.75 # 908836 # 910530 # -1 # ID=2_621;partial=00;start_type=ATG;rbs_motif=None;rbs_spacer=None;gc_cont=0.369
Utg33252_621         -            565 95696at2             -            490   1.6e-06   25.9   0.1   2   2   5.9e-07   0.00014   19.5   0.0   348   445   384   478   362   518 0.82 # 908836 # 910530 # -1 # ID=2_621;partial=00;start_type=ATG;rbs_motif=None;rbs_spacer=None;gc_cont=0.369
Utg33280_114         -            507 95696at2             -            490     2e-06   25.6   0.5   1   2       7.2   1.7e+03   -3.8   0.1     8    44    93   135    91   140 0.62 # 160742 # 162262 # -1 # ID=16_114;partial=00;start_type=ATG;rbs_motif=None;rbs_spacer=None;gc_cont=0.393
Utg33280_114         -            507 95696at2             -            490     2e-06   25.6   0.5   2   2   1.9e-08   4.4e-06   24.5   0.0   336   415   283   362   274   384 0.86 # 160742 # 162262 # -1 # ID=16_114;partial=00;start_type=ATG;rbs_motif=None;rbs_spacer=None;gc_cont=0.393
Utg33272_275         -            435 95696at2             -            490   2.8e-06   25.1   0.0   1   2      0.29        68    0.7   0.0     5    46   157   209   153   221 0.66 # 414571 # 415875 # 1 # ID=12_275;partial=00;start_type=ATG;rbs_motif=None;rbs_spacer=None;gc_cont=0.411
Utg33272_275         -            435 95696at2             -            490   2.8e-06   25.1   0.0   2   2     1e-07   2.4e-05   22.1   0.0   337   401   361   425   328   430 0.91 # 414571 # 415875 # 1 # ID=12_275;partial=00;start_type=ATG;rbs_motif=None;rbs_spacer=None;gc_cont=0.411
Utg33276_238         -            994 95696at2             -            490   5.3e-06   24.2   0.1   1   1   5.3e-08   1.2e-05   23.0   0.1   335   457   515   636   503   667 0.72 # 357069 # 360050 # -1 # ID=14_238;partial=00;start_type=ATG;rbs_motif=None;rbs_spacer=None;gc_cont=0.370
Utg33286_472         -            850 95696at2             -            490   3.1e-05   21.7   0.1   1   2       1.4   3.3e+02   -1.5   0.0    25    47   332   354   299   359 0.72 # 683887 # 686436 # 1 # ID=19_472;partial=00;start_type=ATG;rbs_motif=None;rbs_spacer=None;gc_cont=0.380
Utg33286_472         -            850 95696at2             -            490   3.1e-05   21.7   0.1   2   2   5.7e-07   0.00013   19.6   0.0   338   435   527   619   509   654 0.84 # 683887 # 686436 # 1 # ID=19_472;partial=00;start_type=ATG;rbs_motif=None;rbs_spacer=None;gc_cont=0.380
Utg33284_4           -            613 95696at2             -            490   0.00016   19.3   0.1   1   1   1.1e-06   0.00025   18.7   0.1   338   413   303   378   295   400 0.81 # 2540 # 4378 # -1 # ID=18_4;partial=00;start_type=GTG;rbs_motif=None;rbs_spacer=None;gc_cont=0.473
Utg33272_523         -            543 95696at2             -            490   0.00016   19.3   0.1   1   1     1e-06   0.00024   18.7   0.1   339   413   341   415   335   437 0.81 # 774281 # 775909 # 1 # ID=12_523;partial=00;start_type=GTG;rbs_motif=None;rbs_spacer=None;gc_cont=0.468
Utg33278_400         -           1216 95696at2             -            490   0.00043   17.9   0.1   1   1   3.1e-06   0.00071   17.2   0.1   339   413   473   547   467   569 0.81 # 567402 # 571049 # 1 # ID=15_400;partial=00;start_type=ATG;rbs_motif=None;rbs_spacer=None;gc_cont=0.461
Utg33254_67          -            749 95696at2             -            490   0.00052   17.6   0.7   1   2       1.7   3.9e+02   -1.7   0.0     5    26   271   294   267   320 0.65 # 117210 # 119456 # 1 # ID=3_67;partial=00;start_type=ATG;rbs_motif=None;rbs_spacer=None;gc_cont=0.409
Utg33254_67          -            749 95696at2             -            490   0.00052   17.6   0.7   2   2   5.3e-06    0.0012   16.4   0.1   337   434   476   568   467   605 0.83 # 117210 # 119456 # 1 # ID=3_67;partial=00;start_type=ATG;rbs_motif=None;rbs_spacer=None;gc_cont=0.409
Utg33276_2           -           1506 95696at2             -            490   0.00055   17.6   0.1   1   1     4e-06   0.00092   16.8   0.1   339   413   662   736   656   758 0.81 # 377 # 4894 # -1 # ID=14_2;partial=00;start_type=ATG;rbs_motif=None;rbs_spacer=None;gc_cont=0.456
Utg33272_4           -           1432 95696at2             -            490   0.00055   17.6   0.1   1   1   3.7e-06   0.00087   16.9   0.1   339   413  1107  1181  1101  1203 0.81 # 2470 # 6765 # -1 # ID=12_4;partial=00;start_type=TTG;rbs_motif=None;rbs_spacer=None;gc_cont=0.446
Utg33268_10          -           1041 95696at2             -            490   0.00066   17.3   0.1   1   1   4.6e-06    0.0011   16.6   0.1   338   413   365   440   357   462 0.81 # 8204 # 11326 # 1 # ID=10_10;partial=00;start_type=GTG;rbs_motif=AATAA;rbs_spacer=14bp;gc_cont=0.467
Utg33278_3           -           1118 95696at2             -            490   0.00072   17.2   0.1   1   1     5e-06    0.0012   16.5   0.1   338   413   365   440   357   462 0.81 # 800 # 4153 # -1 # ID=15_3;partial=00;start_type=GTG;rbs_motif=AATAA;rbs_spacer=14bp;gc_cont=0.467
Utg33266_220         -           1153 95696at2             -            490   0.00075   17.1   0.1   1   1   5.2e-06    0.0012   16.4   0.1   338   413   365   440   357   462 0.81 # 325446 # 328904 # 1 # ID=9_220;partial=00;start_type=GTG;rbs_motif=AATAA;rbs_spacer=14bp;gc_cont=0.466
Utg33254_664         -           1270 95696at2             -            490   0.00088   16.9   0.1   1   1   5.8e-06    0.0014   16.3   0.1   338   413  1044  1119  1036  1141 0.81 # 1028961 # 1032770 # 1 # ID=3_664;partial=00;start_type=ATG;rbs_motif=AAAAA;rbs_spacer=4bp;gc_cont=0.448
Utg33294_12          -           1414 95696at2             -            490   0.00096   16.7   0.1   1   1   6.7e-06    0.0015   16.1   0.1   338   413   661   736   653   758 0.81 # 11234 # 15475 # 1 # ID=22_12;partial=00;start_type=ATG;rbs_motif=None;rbs_spacer=None;gc_cont=0.460
Utg33262_1           -           1391 95696at2             -            490   0.00097   16.7   0.1   1   1   6.5e-06    0.0015   16.1   0.1   338   413  1044  1119  1036  1141 0.81 # 3 # 4175 # -1 # ID=7_1;partial=10;start_type=ATG;rbs_motif=AAAAA;rbs_spacer=4bp;gc_cont=0.453
Utg33258_2           -           1435 95696at2             -            490   0.00099   16.7   0.1   1   1   6.8e-06    0.0016   16.0   0.1   338   413  1104  1179  1096  1201 0.81 # 1132 # 5436 # -1 # ID=5_2;partial=00;start_type=ATG;rbs_motif=None;rbs_spacer=None;gc_cont=0.447
Utg33262_8           -           1434 95696at2             -            490     0.001   16.7   0.1   1   1   6.8e-06    0.0016   16.0   0.1   338   413  1044  1119  1036  1141 0.81 # 13932 # 18233 # -1 # ID=7_8;partial=00;start_type=ATG;rbs_motif=AAAAA;rbs_spacer=4bp;gc_cont=0.453
Utg33264_413         -           1448 95696at2             -            490    0.0011   16.5   0.0   1   1   8.5e-06     0.002   15.7   0.0   341   454   905  1017   888  1046 0.77 # 618867 # 623210 # -1 # ID=8_413;partial=00;start_type=ATG;rbs_motif=None;rbs_spacer=None;gc_cont=0.390
Utg33262_4           -           1797 95696at2             -            490    0.0013   16.3   0.1   1   1   8.8e-06     0.002   15.7   0.1   338   413  1044  1119  1036  1141 0.81 # 6008 # 11398 # -1 # ID=7_4;partial=00;start_type=ATG;rbs_motif=AAAAA;rbs_spacer=4bp;gc_cont=0.452
Utg33290_3           -           1797 95696at2             -            490    0.0013   16.3   0.1   1   1   8.8e-06     0.002   15.7   0.1   338   413  1044  1119  1036  1141 0.81 # 1062 # 6452 # -1 # ID=21_3;partial=00;start_type=ATG;rbs_motif=AAAAA;rbs_spacer=4bp;gc_cont=0.452
Utg33280_275         -            996 95696at2             -            490    0.0024   15.4   0.0   1   2      0.39        91    0.3   0.0     6    46   182   230   177   236 0.70 # 384571 # 387558 # 1 # ID=16_275;partial=00;start_type=ATG;rbs_motif=None;rbs_spacer=None;gc_cont=0.389
Utg33280_275         -            996 95696at2             -            490    0.0024   15.4   0.0   2   2   8.5e-05      0.02   12.4   0.0   341   443   437   534   422   540 0.82 # 384571 # 387558 # 1 # ID=16_275;partial=00;start_type=ATG;rbs_motif=None;rbs_spacer=None;gc_cont=0.389
Utg33286_2           -            339 95696at2             -            490     0.034   11.6   0.2   1   1   0.00022     0.052   11.0   0.2   383   413   112   142    97   164 0.81 # 968 # 1984 # -1 # ID=19_2;partial=00;start_type=ATG;rbs_motif=AAGAA;rbs_spacer=4bp;gc_cont=0.462
#
# Program:         hmmsearch
# Version:         3.1b2 (February 2015)
# Pipeline mode:   SEARCH
# Query file:      /home/inf-34-2022/Documents/BINP29/DeNovo_LongReads/Busco/busco_downloads/lineages/bacteria_odb10/hmms/95696at2.hmm
# Target file:     /home/inf-34-2022/Documents/BINP29/DeNovo_LongReads/Busco/busco_output/prodigal_output/predicted_genes/predicted.faa
# Option settings: hmmsearch --domtblout /home/inf-34-2022/Documents/BINP29/DeNovo_LongReads/Busco/busco_output/auto_lineage/run_bacteria_odb10/hmmer_output/95696at2.out --cpu 1 /home/inf-34-2022/Documents/BINP29/DeNovo_LongReads/Busco/busco_downloads/lineages/bacteria_odb10/hmms/95696at2.hmm /home/inf-34-2022/Documents/BINP29/DeNovo_LongReads/Busco/busco_output/prodigal_output/predicted_genes/predicted.faa 
# Current dir:     /home/inf-34-2022/Documents/BINP29/DeNovo_LongReads/Busco
# Date:            Fri Feb 24 11:43:31 2023
# [ok]
