#                                                                            --- full sequence --- -------------- this domain -------------   hmm coord   ali coord   env coord
# target name        accession   tlen query name           accession   qlen   E-value  score  bias   #  of  c-Evalue  i-Evalue  score  bias  from    to  from    to  from    to  acc description of target
#------------------- ---------- ----- -------------------- ---------- ----- --------- ------ ----- --- --- --------- --------- ------ ----- ----- ----- ----- ----- ----- ----- ---- ---------------------
Utg33252_548         -            117 121171at2157         -             97   9.8e-06   24.9   3.5   1   2     0.042        68    2.9   0.6    19    46     4    31     1    49 0.69 # 780996 # 781346 # -1 # ID=2_548;partial=00;start_type=ATG;rbs_motif=None;rbs_spacer=None;gc_cont=0.425
Utg33252_548         -            117 121171at2157         -             97   9.8e-06   24.9   3.5   2   2   2.1e-08   3.4e-05   23.1   0.1    55    96    71   113    59   114 0.85 # 780996 # 781346 # -1 # ID=2_548;partial=00;start_type=ATG;rbs_motif=None;rbs_spacer=None;gc_cont=0.425
Utg33260_50          -            139 121171at2157         -             97    0.0055   16.0   0.3   1   2   8.4e-06     0.014   14.8   0.1    73    97    51    75    49    75 0.92 # 70968 # 71384 # -1 # ID=6_50;partial=00;start_type=TTG;rbs_motif=AACAA;rbs_spacer=7bp;gc_cont=0.446
Utg33260_50          -            139 121171at2157         -             97    0.0055   16.0   0.3   2   2       2.2   3.5e+03   -2.6   0.0    10    21   102   113    96   127 0.69 # 70968 # 71384 # -1 # ID=6_50;partial=00;start_type=TTG;rbs_motif=AACAA;rbs_spacer=7bp;gc_cont=0.446
Utg33272_47          -            139 121171at2157         -             97    0.0055   16.0   0.3   1   2   8.4e-06     0.014   14.8   0.1    73    97    51    75    49    75 0.92 # 64522 # 64938 # -1 # ID=12_47;partial=00;start_type=TTG;rbs_motif=AACAA;rbs_spacer=7bp;gc_cont=0.460
Utg33272_47          -            139 121171at2157         -             97    0.0055   16.0   0.3   2   2       2.2   3.5e+03   -2.6   0.0    10    21   102   113    96   127 0.69 # 64522 # 64938 # -1 # ID=12_47;partial=00;start_type=TTG;rbs_motif=AACAA;rbs_spacer=7bp;gc_cont=0.460
Utg33274_304         -            828 121171at2157         -             97     0.027   13.8   0.3   1   3         5   8.1e+03   -4.1   0.0    58    69    19    30    16    33 0.83 # 486150 # 488633 # 1 # ID=13_304;partial=00;start_type=ATG;rbs_motif=AAGAA;rbs_spacer=3bp;gc_cont=0.360
Utg33274_304         -            828 121171at2157         -             97     0.027   13.8   0.3   2   3       1.3   2.1e+03   -1.9   0.0    21    50   214   243   206   260 0.64 # 486150 # 488633 # 1 # ID=13_304;partial=00;start_type=ATG;rbs_motif=AAGAA;rbs_spacer=3bp;gc_cont=0.360
Utg33274_304         -            828 121171at2157         -             97     0.027   13.8   0.3   3   3   0.00013      0.21   11.0   0.1    55    89   654   688   645   694 0.86 # 486150 # 488633 # 1 # ID=13_304;partial=00;start_type=ATG;rbs_motif=AAGAA;rbs_spacer=3bp;gc_cont=0.360
Utg33272_71          -            323 121171at2157         -             97     0.036   13.4   1.3   1   2      0.37     6e+02   -0.1   0.1    34    62   116   144    87   146 0.76 # 104086 # 105054 # -1 # ID=12_71;partial=00;start_type=ATG;rbs_motif=None;rbs_spacer=None;gc_cont=0.401
Utg33272_71          -            323 121171at2157         -             97     0.036   13.4   1.3   2   2   8.2e-05      0.13   11.6   0.1    61    95   174   210   171   212 0.79 # 104086 # 105054 # -1 # ID=12_71;partial=00;start_type=ATG;rbs_motif=None;rbs_spacer=None;gc_cont=0.401
#
# Program:         hmmsearch
# Version:         3.1b2 (February 2015)
# Pipeline mode:   SEARCH
# Query file:      /home/inf-34-2022/Documents/BINP29/DeNovo_LongReads/Busco/busco_downloads/lineages/archaea_odb10/hmms/121171at2157.hmm
# Target file:     /home/inf-34-2022/Documents/BINP29/DeNovo_LongReads/Busco/busco_output/prodigal_output/predicted_genes/predicted.faa
# Option settings: hmmsearch --domtblout /home/inf-34-2022/Documents/BINP29/DeNovo_LongReads/Busco/busco_output/auto_lineage/run_archaea_odb10/hmmer_output/121171at2157.out --cpu 1 /home/inf-34-2022/Documents/BINP29/DeNovo_LongReads/Busco/busco_downloads/lineages/archaea_odb10/hmms/121171at2157.hmm /home/inf-34-2022/Documents/BINP29/DeNovo_LongReads/Busco/busco_output/prodigal_output/predicted_genes/predicted.faa 
# Current dir:     /home/inf-34-2022/Documents/BINP29/DeNovo_LongReads/Busco
# Date:            Fri Feb 24 11:42:45 2023
# [ok]
