#                                                                            --- full sequence --- -------------- this domain -------------   hmm coord   ali coord   env coord
# target name        accession   tlen query name           accession   qlen   E-value  score  bias   #  of  c-Evalue  i-Evalue  score  bias  from    to  from    to  from    to  acc description of target
#------------------- ---------- ----- -------------------- ---------- ----- --------- ------ ----- --- --- --------- --------- ------ ----- ----- ----- ----- ----- ----- ----- ---- ---------------------
Utg33264_38          -            274 121943at2157         -             45   4.5e-09   34.9   0.3   1   2   2.4e-11   6.6e-08   31.1   0.1     1    37   100   142   100   149 0.81 # 52836 # 53657 # -1 # ID=8_38;partial=00;start_type=ATG;rbs_motif=None;rbs_spacer=None;gc_cont=0.393
Utg33264_38          -            274 121943at2157         -             45   4.5e-09   34.9   0.3   2   2       1.5   4.1e+03   -3.4   0.0    18    28   222   232   218   232 0.76 # 52836 # 53657 # -1 # ID=8_38;partial=00;start_type=ATG;rbs_motif=None;rbs_spacer=None;gc_cont=0.393
Utg33278_35          -            166 121943at2157         -             45       0.1   11.4   1.5   1   3     0.036        97    1.8   0.1    25    39    44    58    40    64 0.82 # 53868 # 54365 # -1 # ID=15_35;partial=00;start_type=ATG;rbs_motif=AACAA;rbs_spacer=13bp;gc_cont=0.426
Utg33278_35          -            166 121943at2157         -             45       0.1   11.4   1.5   2   3    0.0036       9.7    5.0   0.0    21    34   103   116    92   118 0.88 # 53868 # 54365 # -1 # ID=15_35;partial=00;start_type=ATG;rbs_motif=AACAA;rbs_spacer=13bp;gc_cont=0.426
Utg33278_35          -            166 121943at2157         -             45       0.1   11.4   1.5   3   3      0.03        80    2.1   0.0    14    38   120   143   117   143 0.81 # 53868 # 54365 # -1 # ID=15_35;partial=00;start_type=ATG;rbs_motif=AACAA;rbs_spacer=13bp;gc_cont=0.426
Utg33280_869         -            166 121943at2157         -             45       0.1   11.4   1.5   1   3     0.036        97    1.8   0.1    25    39    44    58    40    64 0.82 # 1272026 # 1272523 # 1 # ID=16_869;partial=00;start_type=ATG;rbs_motif=None;rbs_spacer=None;gc_cont=0.424
Utg33280_869         -            166 121943at2157         -             45       0.1   11.4   1.5   2   3    0.0036       9.7    5.0   0.0    21    34   103   116    92   118 0.88 # 1272026 # 1272523 # 1 # ID=16_869;partial=00;start_type=ATG;rbs_motif=None;rbs_spacer=None;gc_cont=0.424
Utg33280_869         -            166 121943at2157         -             45       0.1   11.4   1.5   3   3      0.03        80    2.1   0.0    14    38   120   143   117   143 0.81 # 1272026 # 1272523 # 1 # ID=16_869;partial=00;start_type=ATG;rbs_motif=None;rbs_spacer=None;gc_cont=0.424
#
# Program:         hmmsearch
# Version:         3.1b2 (February 2015)
# Pipeline mode:   SEARCH
# Query file:      /home/inf-34-2022/Documents/BINP29/DeNovo_LongReads/Busco/busco_downloads/lineages/archaea_odb10/hmms/121943at2157.hmm
# Target file:     /home/inf-34-2022/Documents/BINP29/DeNovo_LongReads/Busco/busco_output/prodigal_output/predicted_genes/predicted.faa
# Option settings: hmmsearch --domtblout /home/inf-34-2022/Documents/BINP29/DeNovo_LongReads/Busco/busco_output/auto_lineage/run_archaea_odb10/hmmer_output/121943at2157.out --cpu 1 /home/inf-34-2022/Documents/BINP29/DeNovo_LongReads/Busco/busco_downloads/lineages/archaea_odb10/hmms/121943at2157.hmm /home/inf-34-2022/Documents/BINP29/DeNovo_LongReads/Busco/busco_output/prodigal_output/predicted_genes/predicted.faa 
# Current dir:     /home/inf-34-2022/Documents/BINP29/DeNovo_LongReads/Busco
# Date:            Fri Feb 24 11:42:45 2023
# [ok]
