#                                                                            --- full sequence --- -------------- this domain -------------   hmm coord   ali coord   env coord
# target name        accession   tlen query name           accession   qlen   E-value  score  bias   #  of  c-Evalue  i-Evalue  score  bias  from    to  from    to  from    to  acc description of target
#------------------- ---------- ----- -------------------- ---------- ----- --------- ------ ----- --- --- --------- --------- ------ ----- ----- ----- ----- ----- ----- ----- ---- ---------------------
Utg33280_429         -            609 13010at2157          -            494  1.1e-175  584.0   6.3   1   3  3.3e-103  8.7e-101  337.0   3.3     1   280     7   331     7   339 0.90 # 603657 # 605483 # -1 # ID=16_429;partial=00;start_type=ATG;rbs_motif=None;rbs_spacer=None;gc_cont=0.374
Utg33280_429         -            609 13010at2157          -            494  1.1e-175  584.0   6.3   2   3   6.4e-15   1.7e-12   45.8   0.0   279   343   352   425   345   438 0.86 # 603657 # 605483 # -1 # ID=16_429;partial=00;start_type=ATG;rbs_motif=None;rbs_spacer=None;gc_cont=0.374
Utg33280_429         -            609 13010at2157          -            494  1.1e-175  584.0   6.3   3   3   5.9e-61   1.5e-58  197.6   0.0   343   493   448   601   438   602 0.96 # 603657 # 605483 # -1 # ID=16_429;partial=00;start_type=ATG;rbs_motif=None;rbs_spacer=None;gc_cont=0.374
Utg33250_329         -           1197 13010at2157          -            494   2.7e-30  104.4   0.0   1   4    0.0029      0.75    7.4   0.0   293   325   587   619   566   630 0.71 # 497474 # 501064 # -1 # ID=1_329;partial=00;start_type=ATG;rbs_motif=None;rbs_spacer=None;gc_cont=0.392
Utg33250_329         -           1197 13010at2157          -            494   2.7e-30  104.4   0.0   2   4   8.7e-13   2.3e-10   38.7   0.0   357   436   682   761   663   770 0.92 # 497474 # 501064 # -1 # ID=1_329;partial=00;start_type=ATG;rbs_motif=None;rbs_spacer=None;gc_cont=0.392
Utg33250_329         -           1197 13010at2157          -            494   2.7e-30  104.4   0.0   3   4   2.8e-07   7.3e-05   20.6   0.0    82   174   842   934   834   960 0.69 # 497474 # 501064 # -1 # ID=1_329;partial=00;start_type=ATG;rbs_motif=None;rbs_spacer=None;gc_cont=0.392
Utg33250_329         -           1197 13010at2157          -            494   2.7e-30  104.4   0.0   4   4   9.3e-11   2.4e-08   32.0   0.0   357   448  1027  1118  1012  1126 0.90 # 497474 # 501064 # -1 # ID=1_329;partial=00;start_type=ATG;rbs_motif=None;rbs_spacer=None;gc_cont=0.392
Utg33278_163         -            611 13010at2157          -            494   1.1e-28   99.2   0.5   1   5   4.2e-05     0.011   13.4   0.0   299   329   103   133    80   136 0.84 # 224461 # 226293 # -1 # ID=15_163;partial=00;start_type=ATG;rbs_motif=None;rbs_spacer=None;gc_cont=0.408
Utg33278_163         -            611 13010at2157          -            494   1.1e-28   99.2   0.5   2   5      0.81   2.1e+02   -0.7   0.0   379   390   136   147   131   153 0.88 # 224461 # 226293 # -1 # ID=15_163;partial=00;start_type=ATG;rbs_motif=None;rbs_spacer=None;gc_cont=0.408
Utg33278_163         -            611 13010at2157          -            494   1.1e-28   99.2   0.5   3   5   9.1e-11   2.4e-08   32.1   0.0   354   437   218   308   207   330 0.78 # 224461 # 226293 # -1 # ID=15_163;partial=00;start_type=ATG;rbs_motif=None;rbs_spacer=None;gc_cont=0.408
Utg33278_163         -            611 13010at2157          -            494   1.1e-28   99.2   0.5   4   5     1e-06   0.00027   18.7   0.0   304   330   422   448   411   457 0.79 # 224461 # 226293 # -1 # ID=15_163;partial=00;start_type=ATG;rbs_motif=None;rbs_spacer=None;gc_cont=0.408
Utg33278_163         -            611 13010at2157          -            494   1.1e-28   99.2   0.5   5   5   1.2e-09   3.1e-07   28.4   0.0   359   439   512   591   506   600 0.92 # 224461 # 226293 # -1 # ID=15_163;partial=00;start_type=ATG;rbs_motif=None;rbs_spacer=None;gc_cont=0.408
Utg33272_407         -           1045 13010at2157          -            494   8.2e-27   93.0   0.0   1   4   0.00088      0.23    9.0   0.0   296   325   449   478   437   498 0.83 # 607209 # 610343 # 1 # ID=12_407;partial=00;start_type=ATG;rbs_motif=AAAAAA;rbs_spacer=13bp;gc_cont=0.402
Utg33272_407         -           1045 13010at2157          -            494   8.2e-27   93.0   0.0   2   4   3.8e-11     1e-08   33.3   0.0   353   436   534   616   519   628 0.86 # 607209 # 610343 # 1 # ID=12_407;partial=00;start_type=ATG;rbs_motif=AAAAAA;rbs_spacer=13bp;gc_cont=0.402
Utg33272_407         -           1045 13010at2157          -            494   8.2e-27   93.0   0.0   3   4   1.1e-05    0.0029   15.3   0.0   306   330   697   721   655   750 0.74 # 607209 # 610343 # 1 # ID=12_407;partial=00;start_type=ATG;rbs_motif=AAAAAA;rbs_spacer=13bp;gc_cont=0.402
Utg33272_407         -           1045 13010at2157          -            494   8.2e-27   93.0   0.0   4   4   5.1e-10   1.3e-07   29.6   0.0   352   442   886   976   876   982 0.86 # 607209 # 610343 # 1 # ID=12_407;partial=00;start_type=ATG;rbs_motif=AAAAAA;rbs_spacer=13bp;gc_cont=0.402
Utg33282_71          -            753 13010at2157          -            494   9.1e-27   92.8   0.0   1   4   0.00013     0.035   11.7   0.0   301   326   223   248   213   307 0.79 # 106063 # 108321 # -1 # ID=17_71;partial=00;start_type=ATG;rbs_motif=AATAA;rbs_spacer=10bp;gc_cont=0.394
Utg33282_71          -            753 13010at2157          -            494   9.1e-27   92.8   0.0   2   4   1.9e-09   4.9e-07   27.7   0.0   355   431   360   435   346   448 0.89 # 106063 # 108321 # -1 # ID=17_71;partial=00;start_type=ATG;rbs_motif=AATAA;rbs_spacer=10bp;gc_cont=0.394
Utg33282_71          -            753 13010at2157          -            494   9.1e-27   92.8   0.0   3   4    0.0001     0.026   12.1   0.0   299   329   554   584   535   600 0.80 # 106063 # 108321 # -1 # ID=17_71;partial=00;start_type=ATG;rbs_motif=AATAA;rbs_spacer=10bp;gc_cont=0.394
Utg33282_71          -            753 13010at2157          -            494   9.1e-27   92.8   0.0   4   4   8.8e-12   2.3e-09   35.4   0.0   358   433   646   720   635   730 0.91 # 106063 # 108321 # -1 # ID=17_71;partial=00;start_type=ATG;rbs_motif=AATAA;rbs_spacer=10bp;gc_cont=0.394
Utg33254_397         -           1045 13010at2157          -            494   2.1e-25   88.4   0.0   1   4   0.00029     0.076   10.6   0.0   296   325   449   478   437   486 0.83 # 605615 # 608749 # 1 # ID=3_397;partial=00;start_type=ATG;rbs_motif=None;rbs_spacer=None;gc_cont=0.418
Utg33254_397         -           1045 13010at2157          -            494   2.1e-25   88.4   0.0   2   4   5.9e-11   1.6e-08   32.7   0.0   353   436   534   616   522   629 0.87 # 605615 # 608749 # 1 # ID=3_397;partial=00;start_type=ATG;rbs_motif=None;rbs_spacer=None;gc_cont=0.418
Utg33254_397         -           1045 13010at2157          -            494   2.1e-25   88.4   0.0   3   4   1.1e-05    0.0028   15.4   0.0   305   330   696   721   655   749 0.73 # 605615 # 608749 # 1 # ID=3_397;partial=00;start_type=ATG;rbs_motif=None;rbs_spacer=None;gc_cont=0.418
Utg33254_397         -           1045 13010at2157          -            494   2.1e-25   88.4   0.0   4   4   2.7e-08   7.2e-06   23.9   0.0   353   441   887   975   855   981 0.82 # 605615 # 608749 # 1 # ID=3_397;partial=00;start_type=ATG;rbs_motif=None;rbs_spacer=None;gc_cont=0.418
Utg33284_35          -           1291 13010at2157          -            494   1.7e-18   65.5   0.9   1   4      0.44   1.2e+02    0.1   0.0   301   323   383   405   374   432 0.76 # 49725 # 53597 # -1 # ID=18_35;partial=00;start_type=ATG;rbs_motif=AACAA;rbs_spacer=15bp;gc_cont=0.378
Utg33284_35          -           1291 13010at2157          -            494   1.7e-18   65.5   0.9   2   4   7.5e-10     2e-07   29.1   0.0   360   441   503   585   487   592 0.82 # 49725 # 53597 # -1 # ID=18_35;partial=00;start_type=ATG;rbs_motif=AACAA;rbs_spacer=15bp;gc_cont=0.378
Utg33284_35          -           1291 13010at2157          -            494   1.7e-18   65.5   0.9   3   4    0.0033      0.87    7.1   0.0   298   327  1075  1104  1052  1113 0.78 # 49725 # 53597 # -1 # ID=18_35;partial=00;start_type=ATG;rbs_motif=AACAA;rbs_spacer=15bp;gc_cont=0.378
Utg33284_35          -           1291 13010at2157          -            494   1.7e-18   65.5   0.9   4   4   2.9e-08   7.7e-06   23.8   0.0   361   443  1188  1271  1167  1287 0.84 # 49725 # 53597 # -1 # ID=18_35;partial=00;start_type=ATG;rbs_motif=AACAA;rbs_spacer=15bp;gc_cont=0.378
Utg33260_105         -           1295 13010at2157          -            494   1.2e-15   56.1   0.7   1   4    0.0016      0.42    8.2   0.1    78   109    54    85    39    95 0.79 # 161302 # 165186 # -1 # ID=6_105;partial=00;start_type=ATG;rbs_motif=None;rbs_spacer=None;gc_cont=0.382
Utg33260_105         -           1295 13010at2157          -            494   1.2e-15   56.1   0.7   2   4   1.1e-06   0.00029   18.6   0.0   168   409   178   232   144   246 0.57 # 161302 # 165186 # -1 # ID=6_105;partial=00;start_type=ATG;rbs_motif=None;rbs_spacer=None;gc_cont=0.382
Utg33260_105         -           1295 13010at2157          -            494   1.2e-15   56.1   0.7   3   4    0.0041       1.1    6.8   0.0    76   105   717   746   712   773 0.91 # 161302 # 165186 # -1 # ID=6_105;partial=00;start_type=ATG;rbs_motif=None;rbs_spacer=None;gc_cont=0.382
Utg33260_105         -           1295 13010at2157          -            494   1.2e-15   56.1   0.7   4   4   2.6e-06   0.00069   17.4   0.0   355   410   831   886   787   899 0.79 # 161302 # 165186 # -1 # ID=6_105;partial=00;start_type=ATG;rbs_motif=None;rbs_spacer=None;gc_cont=0.382
Utg33254_59          -           1560 13010at2157          -            494   9.7e-14   49.9   0.9   1   4    0.0024      0.64    7.6   0.0   295   327   657   689   649   726 0.82 # 101899 # 106578 # 1 # ID=3_59;partial=00;start_type=ATG;rbs_motif=None;rbs_spacer=None;gc_cont=0.368
Utg33254_59          -           1560 13010at2157          -            494   9.7e-14   49.9   0.9   2   4   0.00011     0.028   12.1   0.0   358   405   765   812   741   873 0.68 # 101899 # 106578 # 1 # ID=3_59;partial=00;start_type=ATG;rbs_motif=None;rbs_spacer=None;gc_cont=0.368
Utg33254_59          -           1560 13010at2157          -            494   9.7e-14   49.9   0.9   3   4     0.066        17    2.8   0.0   298   329  1324  1355  1305  1359 0.81 # 101899 # 106578 # 1 # ID=3_59;partial=00;start_type=ATG;rbs_motif=None;rbs_spacer=None;gc_cont=0.368
Utg33254_59          -           1560 13010at2157          -            494   9.7e-14   49.9   0.9   4   4   1.1e-07   2.9e-05   21.9   0.1   356   434  1449  1527  1436  1538 0.85 # 101899 # 106578 # 1 # ID=3_59;partial=00;start_type=ATG;rbs_motif=None;rbs_spacer=None;gc_cont=0.368
Utg33254_21          -           1662 13010at2157          -            494   1.8e-12   45.7   1.1   1   4     0.078        20    2.6   0.0    67   103   709   746   700   753 0.57 # 26751 # 31736 # -1 # ID=3_21;partial=00;start_type=ATG;rbs_motif=AAAA;rbs_spacer=12bp;gc_cont=0.371
Utg33254_21          -           1662 13010at2157          -            494   1.8e-12   45.7   1.1   2   4   5.2e-05     0.014   13.1   0.0   340   428   813   903   802   924 0.79 # 26751 # 31736 # -1 # ID=3_21;partial=00;start_type=ATG;rbs_motif=AAAA;rbs_spacer=12bp;gc_cont=0.371
Utg33254_21          -           1662 13010at2157          -            494   1.8e-12   45.7   1.1   3   4    0.0085       2.2    5.8   0.0    79   108  1408  1437  1388  1454 0.74 # 26751 # 31736 # -1 # ID=3_21;partial=00;start_type=ATG;rbs_motif=AAAA;rbs_spacer=12bp;gc_cont=0.371
Utg33254_21          -           1662 13010at2157          -            494   1.8e-12   45.7   1.1   4   4   7.7e-07    0.0002   19.1   0.0   343   432  1519  1608  1514  1622 0.83 # 26751 # 31736 # -1 # ID=3_21;partial=00;start_type=ATG;rbs_motif=AAAA;rbs_spacer=12bp;gc_cont=0.371
Utg33252_21          -           1478 13010at2157          -            494   4.2e-12   44.5   6.3   1   5         7   1.8e+03   -3.8   0.1   150   185   391   426   387   432 0.71 # 27117 # 31550 # -1 # ID=2_21;partial=00;start_type=ATG;rbs_motif=None;rbs_spacer=None;gc_cont=0.379
Utg33252_21          -           1478 13010at2157          -            494   4.2e-12   44.5   6.3   2   5     0.006       1.6    6.3   0.1   298   328   609   639   594   648 0.74 # 27117 # 31550 # -1 # ID=2_21;partial=00;start_type=ATG;rbs_motif=None;rbs_spacer=None;gc_cont=0.379
Utg33252_21          -           1478 13010at2157          -            494   4.2e-12   44.5   6.3   3   5   8.1e-05     0.021   12.5   0.0   347   432   695   780   684   801 0.77 # 27117 # 31550 # -1 # ID=2_21;partial=00;start_type=ATG;rbs_motif=None;rbs_spacer=None;gc_cont=0.379
Utg33252_21          -           1478 13010at2157          -            494   4.2e-12   44.5   6.3   4   5     0.015         4    4.9   0.1   299   323  1236  1260  1229  1268 0.66 # 27117 # 31550 # -1 # ID=2_21;partial=00;start_type=ATG;rbs_motif=None;rbs_spacer=None;gc_cont=0.379
Utg33252_21          -           1478 13010at2157          -            494   4.2e-12   44.5   6.3   5   5   2.7e-07     7e-05   20.6   0.0   347   434  1351  1438  1341  1450 0.86 # 27117 # 31550 # -1 # ID=2_21;partial=00;start_type=ATG;rbs_motif=None;rbs_spacer=None;gc_cont=0.379
Utg33250_116         -           1512 13010at2157          -            494   5.9e-12   44.0   1.5   1   4    0.0018      0.46    8.0   0.0   297   333   168   204   163   219 0.89 # 172462 # 176997 # 1 # ID=1_116;partial=00;start_type=ATG;rbs_motif=AATAA;rbs_spacer=4bp;gc_cont=0.391
Utg33250_116         -           1512 13010at2157          -            494   5.9e-12   44.0   1.5   2   4   6.8e-07   0.00018   19.3   0.0   135   240   260   360   242   377 0.77 # 172462 # 176997 # 1 # ID=1_116;partial=00;start_type=ATG;rbs_motif=AATAA;rbs_spacer=4bp;gc_cont=0.391
Utg33250_116         -           1512 13010at2157          -            494   5.9e-12   44.0   1.5   3   4    0.0015      0.38    8.3   0.1    76   103   868   895   863   907 0.82 # 172462 # 176997 # 1 # ID=1_116;partial=00;start_type=ATG;rbs_motif=AATAA;rbs_spacer=4bp;gc_cont=0.391
Utg33250_116         -           1512 13010at2157          -            494   5.9e-12   44.0   1.5   4   4     0.033       8.5    3.9   0.0   355   412   975  1033   943  1044 0.75 # 172462 # 176997 # 1 # ID=1_116;partial=00;start_type=ATG;rbs_motif=AATAA;rbs_spacer=4bp;gc_cont=0.391
Utg33262_26          -           1593 13010at2157          -            494   7.3e-11   40.4   1.2   1   4      0.13        35    1.8   0.1    65   103   680   719   677   727 0.87 # 36946 # 41724 # -1 # ID=7_26;partial=00;start_type=ATG;rbs_motif=None;rbs_spacer=None;gc_cont=0.358
Utg33262_26          -           1593 13010at2157          -            494   7.3e-11   40.4   1.2   2   4   0.00034     0.088   10.4   0.0   341   442   787   891   784   900 0.77 # 36946 # 41724 # -1 # ID=7_26;partial=00;start_type=ATG;rbs_motif=None;rbs_spacer=None;gc_cont=0.358
Utg33262_26          -           1593 13010at2157          -            494   7.3e-11   40.4   1.2   3   4     0.022       5.6    4.5   0.0    80   105  1351  1376  1340  1389 0.70 # 36946 # 41724 # -1 # ID=7_26;partial=00;start_type=ATG;rbs_motif=None;rbs_spacer=None;gc_cont=0.358
Utg33262_26          -           1593 13010at2157          -            494   7.3e-11   40.4   1.2   4   4   1.1e-06   0.00029   18.6   0.0   350   434  1462  1546  1453  1565 0.81 # 36946 # 41724 # -1 # ID=7_26;partial=00;start_type=ATG;rbs_motif=None;rbs_spacer=None;gc_cont=0.358
Utg33280_486         -           1516 13010at2157          -            494   9.7e-11   40.0   1.7   1   4      0.33        85    0.6   0.0    76   104   653   681   641   691 0.79 # 693176 # 697723 # -1 # ID=16_486;partial=00;start_type=ATG;rbs_motif=None;rbs_spacer=None;gc_cont=0.380
Utg33280_486         -           1516 13010at2157          -            494   9.7e-11   40.0   1.7   2   4   2.7e-05    0.0071   14.0   0.0   359   395   749   785   731   835 0.89 # 693176 # 697723 # -1 # ID=16_486;partial=00;start_type=ATG;rbs_motif=None;rbs_spacer=None;gc_cont=0.380
Utg33280_486         -           1516 13010at2157          -            494   9.7e-11   40.0   1.7   3   4      0.22        57    1.1   0.0   297   323  1293  1319  1272  1328 0.77 # 693176 # 697723 # -1 # ID=16_486;partial=00;start_type=ATG;rbs_motif=None;rbs_spacer=None;gc_cont=0.380
Utg33280_486         -           1516 13010at2157          -            494   9.7e-11   40.0   1.7   4   4   5.8e-07   0.00015   19.5   0.0   361   434  1408  1481  1394  1492 0.87 # 693176 # 697723 # -1 # ID=16_486;partial=00;start_type=ATG;rbs_motif=None;rbs_spacer=None;gc_cont=0.380
Utg33280_324         -           1502 13010at2157          -            494   7.9e-10   37.0   1.2   1   4      0.29        75    0.7   0.0   300   328   183   211   165   246 0.84 # 456274 # 460779 # 1 # ID=16_324;partial=00;start_type=ATG;rbs_motif=None;rbs_spacer=None;gc_cont=0.395
Utg33280_324         -           1502 13010at2157          -            494   7.9e-10   37.0   1.2   2   4   3.5e-07   9.2e-05   20.3   0.0   168   234   301   367   251   400 0.62 # 456274 # 460779 # 1 # ID=16_324;partial=00;start_type=ATG;rbs_motif=None;rbs_spacer=None;gc_cont=0.395
Utg33280_324         -           1502 13010at2157          -            494   7.9e-10   37.0   1.2   3   4     0.048        13    3.3   0.1    79   102   882   905   872   917 0.74 # 456274 # 460779 # 1 # ID=16_324;partial=00;start_type=ATG;rbs_motif=None;rbs_spacer=None;gc_cont=0.395
Utg33280_324         -           1502 13010at2157          -            494   7.9e-10   37.0   1.2   4   4    0.0021      0.55    7.8   0.0   344   413   970  1044   957  1054 0.80 # 456274 # 460779 # 1 # ID=16_324;partial=00;start_type=ATG;rbs_motif=None;rbs_spacer=None;gc_cont=0.395
Utg33250_389         -            806 13010at2157          -            494   9.5e-09   33.4   0.0   1   2    0.0085       2.2    5.8   0.0   299   340   502   544   485   559 0.83 # 590034 # 592451 # -1 # ID=1_389;partial=00;start_type=ATG;rbs_motif=AATAA;rbs_spacer=8bp;gc_cont=0.397
Utg33250_389         -            806 13010at2157          -            494   9.5e-09   33.4   0.0   2   2   1.1e-08   2.8e-06   25.2   0.0   362   424   617   682   603   709 0.78 # 590034 # 592451 # -1 # ID=1_389;partial=00;start_type=ATG;rbs_motif=AATAA;rbs_spacer=8bp;gc_cont=0.397
Utg33254_322         -            696 13010at2157          -            494   2.9e-08   31.8   0.0   1   2     0.011       2.9    5.4   0.0   298   324   455   481   429   489 0.85 # 497138 # 499225 # 1 # ID=3_322;partial=00;start_type=ATG;rbs_motif=None;rbs_spacer=None;gc_cont=0.414
Utg33254_322         -            696 13010at2157          -            494   2.9e-08   31.8   0.0   2   2   2.4e-08   6.4e-06   24.1   0.0   352   433   563   645   557   672 0.84 # 497138 # 499225 # 1 # ID=3_322;partial=00;start_type=ATG;rbs_motif=None;rbs_spacer=None;gc_cont=0.414
Utg33276_219         -           1412 13010at2157          -            494   4.2e-08   31.3   0.4   1   3     1e-05    0.0027   15.4   0.0   339   415   143   224   126   254 0.69 # 327859 # 332094 # -1 # ID=14_219;partial=00;start_type=ATG;rbs_motif=None;rbs_spacer=None;gc_cont=0.390
Utg33276_219         -           1412 13010at2157          -            494   4.2e-08   31.3   0.4   2   3     0.036       9.4    3.7   0.1    81   103   777   799   755   809 0.80 # 327859 # 332094 # -1 # ID=14_219;partial=00;start_type=ATG;rbs_motif=None;rbs_spacer=None;gc_cont=0.390
Utg33276_219         -           1412 13010at2157          -            494   4.2e-08   31.3   0.4   3   3    0.0017      0.44    8.1   0.0   357   412   871   927   862   941 0.84 # 327859 # 332094 # -1 # ID=14_219;partial=00;start_type=ATG;rbs_motif=None;rbs_spacer=None;gc_cont=0.390
Utg33264_549         -            691 13010at2157          -            494   4.9e-08   31.0   0.1   1   1   9.8e-10   2.6e-07   28.7   0.1    81   222   464   619   456   648 0.72 # 845019 # 847091 # -1 # ID=8_549;partial=00;start_type=ATG;rbs_motif=None;rbs_spacer=None;gc_cont=0.414
Utg33258_132         -           1050 13010at2157          -            494   9.2e-08   30.1   0.1   1   2   0.00062      0.16    9.5   0.0   296   328   409   441   367   464 0.69 # 205106 # 208255 # 1 # ID=5_132;partial=00;start_type=ATG;rbs_motif=AAAA;rbs_spacer=11bp;gc_cont=0.379
Utg33258_132         -           1050 13010at2157          -            494   9.2e-08   30.1   0.1   2   2   1.3e-06   0.00033   18.4   0.0   362   448   529   620   503   662 0.69 # 205106 # 208255 # 1 # ID=5_132;partial=00;start_type=ATG;rbs_motif=AAAA;rbs_spacer=11bp;gc_cont=0.379
Utg33260_386         -           1512 13010at2157          -            494   4.2e-07   28.0   0.4   1   3   0.00086      0.23    9.1   0.0    78   225   185   358   169   382 0.57 # 591956 # 596491 # 1 # ID=6_386;partial=00;start_type=ATG;rbs_motif=None;rbs_spacer=None;gc_cont=0.396
Utg33260_386         -           1512 13010at2157          -            494   4.2e-07   28.0   0.4   2   3     0.026       6.7    4.2   0.1    76   104   895   923   888   933 0.75 # 591956 # 596491 # 1 # ID=6_386;partial=00;start_type=ATG;rbs_motif=None;rbs_spacer=None;gc_cont=0.396
Utg33260_386         -           1512 13010at2157          -            494   4.2e-07   28.0   0.4   3   3    0.0023      0.61    7.6   0.0   332   414   978  1062   971  1087 0.73 # 591956 # 596491 # 1 # ID=6_386;partial=00;start_type=ATG;rbs_motif=None;rbs_spacer=None;gc_cont=0.396
Utg33282_120         -            290 13010at2157          -            494   4.4e-07   27.9   0.0   1   2   0.00015      0.04   11.5   0.0   305   326    36    57     5    63 0.81 # 191756 # 192625 # 1 # ID=17_120;partial=00;start_type=ATG;rbs_motif=None;rbs_spacer=None;gc_cont=0.394
Utg33282_120         -            290 13010at2157          -            494   4.4e-07   27.9   0.0   2   2   1.9e-05    0.0051   14.5   0.0   360   416   146   202   131   268 0.61 # 191756 # 192625 # 1 # ID=17_120;partial=00;start_type=ATG;rbs_motif=None;rbs_spacer=None;gc_cont=0.394
Utg33260_604         -           1565 13010at2157          -            494   4.8e-07   27.8   0.6   1   4      0.28        74    0.8   0.0   293   326   196   229   187   255 0.71 # 903921 # 908615 # 1 # ID=6_604;partial=00;start_type=ATG;rbs_motif=None;rbs_spacer=None;gc_cont=0.411
Utg33260_604         -           1565 13010at2157          -            494   4.8e-07   27.8   0.6   2   4     0.001      0.27    8.8   0.0   160   231   313   384   202   410 0.72 # 903921 # 908615 # 1 # ID=6_604;partial=00;start_type=ATG;rbs_motif=None;rbs_spacer=None;gc_cont=0.411
Utg33260_604         -           1565 13010at2157          -            494   4.8e-07   27.8   0.6   3   4     0.025       6.5    4.3   0.0    76   107   949   980   945   988 0.79 # 903921 # 908615 # 1 # ID=6_604;partial=00;start_type=ATG;rbs_motif=None;rbs_spacer=None;gc_cont=0.411
Utg33260_604         -           1565 13010at2157          -            494   4.8e-07   27.8   0.6   4   4    0.0011      0.28    8.8   0.0   329   413  1029  1115  1024  1141 0.86 # 903921 # 908615 # 1 # ID=6_604;partial=00;start_type=ATG;rbs_motif=None;rbs_spacer=None;gc_cont=0.411
Utg33280_391         -            540 13010at2157          -            494   1.2e-06   26.5   0.0   1   3   4.5e-06    0.0012   16.6   0.0   340   407   139   206   110   212 0.78 # 551097 # 552716 # 1 # ID=16_391;partial=00;start_type=ATG;rbs_motif=None;rbs_spacer=None;gc_cont=0.408
Utg33280_391         -            540 13010at2157          -            494   1.2e-06   26.5   0.0   2   3     0.016       4.1    4.9   0.0   299   326   328   355   306   362 0.81 # 551097 # 552716 # 1 # ID=16_391;partial=00;start_type=ATG;rbs_motif=None;rbs_spacer=None;gc_cont=0.408
Utg33280_391         -            540 13010at2157          -            494   1.2e-06   26.5   0.0   3   3      0.23        61    1.0   0.0   360   418   455   512   375   528 0.73 # 551097 # 552716 # 1 # ID=16_391;partial=00;start_type=ATG;rbs_motif=None;rbs_spacer=None;gc_cont=0.408
Utg33260_212         -           1395 13010at2157          -            494   1.6e-06   26.1   0.2   1   3   4.2e-05     0.011   13.4   0.0   360   415   169   224   139   243 0.70 # 327160 # 331344 # 1 # ID=6_212;partial=00;start_type=ATG;rbs_motif=None;rbs_spacer=None;gc_cont=0.385
Utg33260_212         -           1395 13010at2157          -            494   1.6e-06   26.1   0.2   2   3     0.022       5.7    4.4   0.2    81   105   777   801   762   811 0.79 # 327160 # 331344 # 1 # ID=6_212;partial=00;start_type=ATG;rbs_motif=None;rbs_spacer=None;gc_cont=0.385
Utg33260_212         -           1395 13010at2157          -            494   1.6e-06   26.1   0.2   3   3     0.027       7.1    4.1   0.0   362   409   876   924   864   942 0.76 # 327160 # 331344 # 1 # ID=6_212;partial=00;start_type=ATG;rbs_motif=None;rbs_spacer=None;gc_cont=0.385
Utg33284_444         -            307 13010at2157          -            494     2e-06   25.7   0.3   1   2     0.035       9.3    3.7   0.0    76    97    57    78    36    90 0.77 # 664131 # 665051 # 1 # ID=18_444;partial=00;start_type=ATG;rbs_motif=None;rbs_spacer=None;gc_cont=0.364
Utg33284_444         -            307 13010at2157          -            494     2e-06   25.7   0.3   2   2   3.9e-07    0.0001   20.1   0.1   350   425   176   253   166   275 0.84 # 664131 # 665051 # 1 # ID=18_444;partial=00;start_type=ATG;rbs_motif=None;rbs_spacer=None;gc_cont=0.364
Utg33280_857         -           1530 13010at2157          -            494   2.5e-06   25.4   0.2   1   4      0.38        98    0.4   0.0   283   326   176   219   170   235 0.74 # 1249620 # 1254209 # 1 # ID=16_857;partial=00;start_type=ATG;rbs_motif=AAAAA;rbs_spacer=3bp;gc_cont=0.412
Utg33280_857         -           1530 13010at2157          -            494   2.5e-06   25.4   0.2   2   4    0.0015       0.4    8.2   0.0   148   222   291   365   194   387 0.80 # 1249620 # 1254209 # 1 # ID=16_857;partial=00;start_type=ATG;rbs_motif=AAAAA;rbs_spacer=3bp;gc_cont=0.412
Utg33280_857         -           1530 13010at2157          -            494   2.5e-06   25.4   0.2   3   4     0.028       7.4    4.1   0.1    76   103   910   937   903   948 0.75 # 1249620 # 1254209 # 1 # ID=16_857;partial=00;start_type=ATG;rbs_motif=AAAAA;rbs_spacer=3bp;gc_cont=0.412
Utg33280_857         -           1530 13010at2157          -            494   2.5e-06   25.4   0.2   4   4    0.0034      0.89    7.1   0.0   331   413   992  1076   985  1103 0.76 # 1249620 # 1254209 # 1 # ID=16_857;partial=00;start_type=ATG;rbs_motif=AAAAA;rbs_spacer=3bp;gc_cont=0.412
Utg33250_227         -            871 13010at2157          -            494    0.0057   14.3   0.0   1   2     0.013       3.3    5.2   0.0    79   101   638   660   629   671 0.68 # 346973 # 349585 # -1 # ID=1_227;partial=00;start_type=ATG;rbs_motif=None;rbs_spacer=None;gc_cont=0.361
Utg33250_227         -            871 13010at2157          -            494    0.0057   14.3   0.0   2   2    0.0042       1.1    6.8   0.0   363   396   749   782   732   814 0.70 # 346973 # 349585 # -1 # ID=1_227;partial=00;start_type=ATG;rbs_motif=None;rbs_spacer=None;gc_cont=0.361
Utg33284_60          -            854 13010at2157          -            494    0.0063   14.2   0.0   1   2    0.0027       0.7    7.5   0.0   300   325   495   520   488   529 0.77 # 93533 # 96094 # -1 # ID=18_60;partial=00;start_type=ATG;rbs_motif=None;rbs_spacer=None;gc_cont=0.367
Utg33284_60          -            854 13010at2157          -            494    0.0063   14.2   0.0   2   2     0.023         6    4.4   0.0   167   228   643   706   602   726 0.75 # 93533 # 96094 # -1 # ID=18_60;partial=00;start_type=ATG;rbs_motif=None;rbs_spacer=None;gc_cont=0.367
Utg33284_443         -           1219 13010at2157          -            494     0.012   13.2   0.0   1   2      0.47   1.2e+02    0.1   0.0   288   326   664   702   644   714 0.69 # 660375 # 664031 # 1 # ID=18_443;partial=00;start_type=ATG;rbs_motif=None;rbs_spacer=None;gc_cont=0.369
Utg33284_443         -           1219 13010at2157          -            494     0.012   13.2   0.0   2   2   0.00042      0.11   10.1   0.0   362   445   791   878   785   906 0.82 # 660375 # 664031 # 1 # ID=18_443;partial=00;start_type=ATG;rbs_motif=None;rbs_spacer=None;gc_cont=0.369
Utg33254_203         -           4911 13010at2157          -            494      0.02   12.5   1.4   1   4    0.0063       1.6    6.2   0.1   298   337   641   680   611   694 0.78 # 328673 # 343405 # -1 # ID=3_203;partial=00;start_type=ATG;rbs_motif=None;rbs_spacer=None;gc_cont=0.377
Utg33254_203         -           4911 13010at2157          -            494      0.02   12.5   1.4   2   4       3.4   8.9e+02   -2.8   0.0    84   126  1081  1120  1066  1144 0.68 # 328673 # 343405 # -1 # ID=3_203;partial=00;start_type=ATG;rbs_motif=None;rbs_spacer=None;gc_cont=0.377
Utg33254_203         -           4911 13010at2157          -            494      0.02   12.5   1.4   3   4     0.057        15    3.1   0.0   299   326  1357  1384  1333  1393 0.82 # 328673 # 343405 # -1 # ID=3_203;partial=00;start_type=ATG;rbs_motif=None;rbs_spacer=None;gc_cont=0.377
Utg33254_203         -           4911 13010at2157          -            494      0.02   12.5   1.4   4   4       4.2   1.1e+03   -3.1   0.0   300   333  2044  2077  2021  2079 0.78 # 328673 # 343405 # -1 # ID=3_203;partial=00;start_type=ATG;rbs_motif=None;rbs_spacer=None;gc_cont=0.377
#
# Program:         hmmsearch
# Version:         3.1b2 (February 2015)
# Pipeline mode:   SEARCH
# Query file:      /home/inf-34-2022/Documents/BINP29/DeNovo_LongReads/Busco/busco_downloads/lineages/archaea_odb10/hmms/13010at2157.hmm
# Target file:     /home/inf-34-2022/Documents/BINP29/DeNovo_LongReads/Busco/busco_output/prodigal_output/predicted_genes/predicted.faa
# Option settings: hmmsearch --domtblout /home/inf-34-2022/Documents/BINP29/DeNovo_LongReads/Busco/busco_output/auto_lineage/run_archaea_odb10/hmmer_output/13010at2157.out --cpu 1 /home/inf-34-2022/Documents/BINP29/DeNovo_LongReads/Busco/busco_downloads/lineages/archaea_odb10/hmms/13010at2157.hmm /home/inf-34-2022/Documents/BINP29/DeNovo_LongReads/Busco/busco_output/prodigal_output/predicted_genes/predicted.faa 
# Current dir:     /home/inf-34-2022/Documents/BINP29/DeNovo_LongReads/Busco
# Date:            Fri Feb 24 11:42:45 2023
# [ok]
