#                                                                            --- full sequence --- -------------- this domain -------------   hmm coord   ali coord   env coord
# target name        accession   tlen query name           accession   qlen   E-value  score  bias   #  of  c-Evalue  i-Evalue  score  bias  from    to  from    to  from    to  acc description of target
#------------------- ---------- ----- -------------------- ---------- ----- --------- ------ ----- --- --- --------- --------- ------ ----- ----- ----- ----- ----- ----- ----- ---- ---------------------
Utg33262_182         -             59 130364at2157         -             32   2.6e-07   29.2   2.3   1   3      0.33   1.4e+03   -1.9   0.0     1     4     5     8     5    10 0.80 # 254273 # 254449 # 1 # ID=7_182;partial=00;start_type=ATG;rbs_motif=AACAA;rbs_spacer=15bp;gc_cont=0.418
Utg33262_182         -             59 130364at2157         -             32   2.6e-07   29.2   2.3   2   3     0.095   3.9e+02   -0.1   0.1     1     5    15    19    15    20 0.84 # 254273 # 254449 # 1 # ID=7_182;partial=00;start_type=ATG;rbs_motif=AACAA;rbs_spacer=15bp;gc_cont=0.418
Utg33262_182         -             59 130364at2157         -             32   2.6e-07   29.2   2.3   3   3   1.1e-10   4.5e-07   28.4   0.1    11    32    29    50    27    50 0.93 # 254273 # 254449 # 1 # ID=7_182;partial=00;start_type=ATG;rbs_motif=AACAA;rbs_spacer=15bp;gc_cont=0.418
Utg33274_127         -            126 130364at2157         -             32      0.15   10.8   0.4   1   4       1.6   6.4e+03   -4.0   0.6     7    11    10    14    10    14 0.87 # 191140 # 191517 # -1 # ID=13_127;partial=00;start_type=ATG;rbs_motif=None;rbs_spacer=None;gc_cont=0.413
Utg33274_127         -            126 130364at2157         -             32      0.15   10.8   0.4   2   4      0.11   4.5e+02   -0.3   0.2     6    13    29    36    27    39 0.79 # 191140 # 191517 # -1 # ID=13_127;partial=00;start_type=ATG;rbs_motif=None;rbs_spacer=None;gc_cont=0.413
Utg33274_127         -            126 130364at2157         -             32      0.15   10.8   0.4   3   4   3.7e-05      0.15   10.8   0.4     2    11    81    90    81    92 0.94 # 191140 # 191517 # -1 # ID=13_127;partial=00;start_type=ATG;rbs_motif=None;rbs_spacer=None;gc_cont=0.413
Utg33274_127         -            126 130364at2157         -             32      0.15   10.8   0.4   4   4     0.055   2.2e+02    0.6   0.1     5    11   112   118   109   120 0.81 # 191140 # 191517 # -1 # ID=13_127;partial=00;start_type=ATG;rbs_motif=None;rbs_spacer=None;gc_cont=0.413
#
# Program:         hmmsearch
# Version:         3.1b2 (February 2015)
# Pipeline mode:   SEARCH
# Query file:      /home/inf-34-2022/Documents/BINP29/DeNovo_LongReads/Busco/busco_downloads/lineages/archaea_odb10/hmms/130364at2157.hmm
# Target file:     /home/inf-34-2022/Documents/BINP29/DeNovo_LongReads/Busco/busco_output/prodigal_output/predicted_genes/predicted.faa
# Option settings: hmmsearch --domtblout /home/inf-34-2022/Documents/BINP29/DeNovo_LongReads/Busco/busco_output/auto_lineage/run_archaea_odb10/hmmer_output/130364at2157.out --cpu 1 /home/inf-34-2022/Documents/BINP29/DeNovo_LongReads/Busco/busco_downloads/lineages/archaea_odb10/hmms/130364at2157.hmm /home/inf-34-2022/Documents/BINP29/DeNovo_LongReads/Busco/busco_output/prodigal_output/predicted_genes/predicted.faa 
# Current dir:     /home/inf-34-2022/Documents/BINP29/DeNovo_LongReads/Busco
# Date:            Fri Feb 24 11:42:45 2023
# [ok]
