#                                                                            --- full sequence --- -------------- this domain -------------   hmm coord   ali coord   env coord
# target name        accession   tlen query name           accession   qlen   E-value  score  bias   #  of  c-Evalue  i-Evalue  score  bias  from    to  from    to  from    to  acc description of target
#------------------- ---------- ----- -------------------- ---------- ----- --------- ------ ----- --- --- --------- --------- ------ ----- ----- ----- ----- ----- ----- ----- ---- ---------------------
Utg33254_558         -            481 13531at2157          -            326   1.7e-64  217.1  18.5   1   4   1.3e-25   5.3e-22   77.5   1.5     1   108    17   138    17   141 0.88 # 844326 # 845768 # -1 # ID=3_558;partial=00;start_type=ATG;rbs_motif=None;rbs_spacer=None;gc_cont=0.459
Utg33254_558         -            481 13531at2157          -            326   1.7e-64  217.1  18.5   2   4   3.5e-15   1.4e-11   43.2   0.2    96   147   149   201   146   206 0.92 # 844326 # 845768 # -1 # ID=3_558;partial=00;start_type=ATG;rbs_motif=None;rbs_spacer=None;gc_cont=0.459
Utg33254_558         -            481 13531at2157          -            326   1.7e-64  217.1  18.5   3   4   1.2e-15   4.7e-12   44.8   1.8   144   212   244   313   237   327 0.91 # 844326 # 845768 # -1 # ID=3_558;partial=00;start_type=ATG;rbs_motif=None;rbs_spacer=None;gc_cont=0.459
Utg33254_558         -            481 13531at2157          -            326   1.7e-64  217.1  18.5   4   4   1.1e-19   4.6e-16   57.9   0.0   216   312   367   465   344   473 0.87 # 844326 # 845768 # -1 # ID=3_558;partial=00;start_type=ATG;rbs_motif=None;rbs_spacer=None;gc_cont=0.459
Utg33286_528         -            491 13531at2157          -            326   6.4e-24   83.7  18.8   1   4   1.3e-12   5.5e-09   34.7   0.1     1   106    17   138    17   142 0.83 # 760862 # 762334 # -1 # ID=19_528;partial=00;start_type=ATG;rbs_motif=None;rbs_spacer=None;gc_cont=0.386
Utg33286_528         -            491 13531at2157          -            326   6.4e-24   83.7  18.8   2   4    0.0016       6.4    4.9   2.1   102   144   155   198   145   205 0.88 # 760862 # 762334 # -1 # ID=19_528;partial=00;start_type=ATG;rbs_motif=None;rbs_spacer=None;gc_cont=0.386
Utg33286_528         -            491 13531at2157          -            326   6.4e-24   83.7  18.8   3   4     2e-11   7.9e-08   30.9   1.7   146   213   249   317   223   329 0.84 # 760862 # 762334 # -1 # ID=19_528;partial=00;start_type=ATG;rbs_motif=None;rbs_spacer=None;gc_cont=0.386
Utg33286_528         -            491 13531at2157          -            326   6.4e-24   83.7  18.8   4   4   3.3e-08   0.00014   20.2   0.0   215   292   371   449   345   461 0.87 # 760862 # 762334 # -1 # ID=19_528;partial=00;start_type=ATG;rbs_motif=None;rbs_spacer=None;gc_cont=0.386
#
# Program:         hmmsearch
# Version:         3.1b2 (February 2015)
# Pipeline mode:   SEARCH
# Query file:      /home/inf-34-2022/Documents/BINP29/DeNovo_LongReads/Busco/busco_downloads/lineages/archaea_odb10/hmms/13531at2157.hmm
# Target file:     /home/inf-34-2022/Documents/BINP29/DeNovo_LongReads/Busco/busco_output/prodigal_output/predicted_genes/predicted.faa
# Option settings: hmmsearch --domtblout /home/inf-34-2022/Documents/BINP29/DeNovo_LongReads/Busco/busco_output/auto_lineage/run_archaea_odb10/hmmer_output/13531at2157.out --cpu 1 /home/inf-34-2022/Documents/BINP29/DeNovo_LongReads/Busco/busco_downloads/lineages/archaea_odb10/hmms/13531at2157.hmm /home/inf-34-2022/Documents/BINP29/DeNovo_LongReads/Busco/busco_output/prodigal_output/predicted_genes/predicted.faa 
# Current dir:     /home/inf-34-2022/Documents/BINP29/DeNovo_LongReads/Busco
# Date:            Fri Feb 24 11:42:45 2023
# [ok]
