#                                                                            --- full sequence --- -------------- this domain -------------   hmm coord   ali coord   env coord
# target name        accession   tlen query name           accession   qlen   E-value  score  bias   #  of  c-Evalue  i-Evalue  score  bias  from    to  from    to  from    to  acc description of target
#------------------- ---------- ----- -------------------- ---------- ----- --------- ------ ----- --- --- --------- --------- ------ ----- ----- ----- ----- ----- ----- ----- ---- ---------------------
Utg33286_92          -            580 14061at2157          -            452  1.4e-166  553.8   1.0   1   3  1.5e-107  2.4e-104  348.7   0.1     2   252     1   267     1   274 0.94 # 142443 # 144182 # -1 # ID=19_92;partial=00;start_type=ATG;rbs_motif=None;rbs_spacer=None;gc_cont=0.402
Utg33286_92          -            580 14061at2157          -            452  1.4e-166  553.8   1.0   2   3   6.2e-09     1e-05   23.5   0.1   244   282   295   335   288   348 0.85 # 142443 # 144182 # -1 # ID=19_92;partial=00;start_type=ATG;rbs_motif=None;rbs_spacer=None;gc_cont=0.402
Utg33286_92          -            580 14061at2157          -            452  1.4e-166  553.8   1.0   3   3   4.6e-56   7.4e-53  178.9   0.0   275   452   360   555   351   555 0.88 # 142443 # 144182 # -1 # ID=19_92;partial=00;start_type=ATG;rbs_motif=None;rbs_spacer=None;gc_cont=0.402
Utg33274_83          -            579 14061at2157          -            452    5e-163  542.1   0.0   1   3  2.2e-108  3.6e-105  351.4   0.0     2   264     1   279     1   282 0.94 # 124238 # 125974 # -1 # ID=13_83;partial=00;start_type=ATG;rbs_motif=None;rbs_spacer=None;gc_cont=0.455
Utg33274_83          -            579 14061at2157          -            452    5e-163  542.1   0.0   2   3     5e-08   8.2e-05   20.5   0.0   251   281   302   334   286   349 0.84 # 124238 # 125974 # -1 # ID=13_83;partial=00;start_type=ATG;rbs_motif=None;rbs_spacer=None;gc_cont=0.455
Utg33274_83          -            579 14061at2157          -            452    5e-163  542.1   0.0   3   3   2.4e-52   3.9e-49  166.7   0.0   275   452   360   557   353   557 0.87 # 124238 # 125974 # -1 # ID=13_83;partial=00;start_type=ATG;rbs_motif=None;rbs_spacer=None;gc_cont=0.455
Utg33260_575         -            412 14061at2157          -            452    0.0011   16.8   0.0   1   2   0.00081       1.3    6.7   0.0   311   337   256   282   219   303 0.73 # 855016 # 856251 # 1 # ID=6_575;partial=00;start_type=ATG;rbs_motif=AAAAA;rbs_spacer=8bp;gc_cont=0.423
Utg33260_575         -            412 14061at2157          -            452    0.0011   16.8   0.0   2   2   0.00027      0.44    8.2   0.0   386   450   305   367   290   369 0.82 # 855016 # 856251 # 1 # ID=6_575;partial=00;start_type=ATG;rbs_motif=AAAAA;rbs_spacer=8bp;gc_cont=0.423
Utg33286_487         -            553 14061at2157          -            452    0.0087   13.9   0.0   1   3     0.002       3.3    5.4   0.0   303   325    67    89    50   126 0.87 # 706732 # 708390 # -1 # ID=19_487;partial=00;start_type=ATG;rbs_motif=AAAAA;rbs_spacer=4bp;gc_cont=0.413
Utg33286_487         -            553 14061at2157          -            452    0.0087   13.9   0.0   2   3    0.0027       4.4    5.0   0.0   391   437   152   198   128   210 0.79 # 706732 # 708390 # -1 # ID=19_487;partial=00;start_type=ATG;rbs_motif=AAAAA;rbs_spacer=4bp;gc_cont=0.413
Utg33286_487         -            553 14061at2157          -            452    0.0087   13.9   0.0   3   3      0.18   2.9e+02   -1.0   0.0    21    59   384   425   371   499 0.63 # 706732 # 708390 # -1 # ID=19_487;partial=00;start_type=ATG;rbs_motif=AAAAA;rbs_spacer=4bp;gc_cont=0.413
Utg33272_457         -            788 14061at2157          -            452      0.01   13.7   0.0   1   2   1.8e-05     0.028   12.2   0.0   311   338   104   131    81   145 0.84 # 688527 # 690890 # 1 # ID=12_457;partial=00;start_type=ATG;rbs_motif=None;rbs_spacer=None;gc_cont=0.418
Utg33272_457         -            788 14061at2157          -            452      0.01   13.7   0.0   2   2       1.1   1.8e+03   -3.6   0.0   414   434   189   209   159   212 0.62 # 688527 # 690890 # 1 # ID=12_457;partial=00;start_type=ATG;rbs_motif=None;rbs_spacer=None;gc_cont=0.418
#
# Program:         hmmsearch
# Version:         3.1b2 (February 2015)
# Pipeline mode:   SEARCH
# Query file:      /home/inf-34-2022/Documents/BINP29/DeNovo_LongReads/Busco/busco_downloads/lineages/archaea_odb10/hmms/14061at2157.hmm
# Target file:     /home/inf-34-2022/Documents/BINP29/DeNovo_LongReads/Busco/busco_output/prodigal_output/predicted_genes/predicted.faa
# Option settings: hmmsearch --domtblout /home/inf-34-2022/Documents/BINP29/DeNovo_LongReads/Busco/busco_output/auto_lineage/run_archaea_odb10/hmmer_output/14061at2157.out --cpu 1 /home/inf-34-2022/Documents/BINP29/DeNovo_LongReads/Busco/busco_downloads/lineages/archaea_odb10/hmms/14061at2157.hmm /home/inf-34-2022/Documents/BINP29/DeNovo_LongReads/Busco/busco_output/prodigal_output/predicted_genes/predicted.faa 
# Current dir:     /home/inf-34-2022/Documents/BINP29/DeNovo_LongReads/Busco
# Date:            Fri Feb 24 11:42:45 2023
# [ok]
