#                                                                            --- full sequence --- -------------- this domain -------------   hmm coord   ali coord   env coord
# target name        accession   tlen query name           accession   qlen   E-value  score  bias   #  of  c-Evalue  i-Evalue  score  bias  from    to  from    to  from    to  acc description of target
#------------------- ---------- ----- -------------------- ---------- ----- --------- ------ ----- --- --- --------- --------- ------ ----- ----- ----- ----- ----- ----- ----- ---- ---------------------
Utg33260_362         -            843 1642at2157           -            627  6.6e-149  495.5   0.8   1   2   1.2e-60   7.6e-58  194.7   2.9     5   193     8   224     5   237 0.87 # 552731 # 555259 # 1 # ID=6_362;partial=00;start_type=ATG;rbs_motif=AATAA;rbs_spacer=9bp;gc_cont=0.445
Utg33260_362         -            843 1642at2157           -            627  6.6e-149  495.5   0.8   2   2   6.7e-90   4.2e-87  291.3   0.0   207   627   325   831   317   831 0.81 # 552731 # 555259 # 1 # ID=6_362;partial=00;start_type=ATG;rbs_motif=AATAA;rbs_spacer=9bp;gc_cont=0.445
Utg33280_830         -            843 1642at2157           -            627  6.6e-149  495.5   0.8   1   2   1.2e-60   7.6e-58  194.7   2.9     5   193     8   224     5   237 0.87 # 1213640 # 1216168 # 1 # ID=16_830;partial=00;start_type=ATG;rbs_motif=None;rbs_spacer=None;gc_cont=0.444
Utg33280_830         -            843 1642at2157           -            627  6.6e-149  495.5   0.8   2   2   6.7e-90   4.2e-87  291.3   0.0   207   627   325   831   317   831 0.81 # 1213640 # 1216168 # 1 # ID=16_830;partial=00;start_type=ATG;rbs_motif=None;rbs_spacer=None;gc_cont=0.444
Utg33272_209         -           1111 1642at2157           -            627   3.3e-97  324.7   0.0   1   5   7.7e-57   4.8e-54  182.1   0.0     8   173    11   189     4   193 0.90 # 327671 # 331003 # -1 # ID=12_209;partial=00;start_type=ATG;rbs_motif=None;rbs_spacer=None;gc_cont=0.396
Utg33272_209         -           1111 1642at2157           -            627   3.3e-97  324.7   0.0   2   5      0.27   1.7e+02   -1.3   0.0   174   195   227   248   213   252 0.86 # 327671 # 331003 # -1 # ID=12_209;partial=00;start_type=ATG;rbs_motif=None;rbs_spacer=None;gc_cont=0.396
Utg33272_209         -           1111 1642at2157           -            627   3.3e-97  324.7   0.0   3   5   0.00039      0.25    8.0   0.0   208   245   349   386   331   400 0.85 # 327671 # 331003 # -1 # ID=12_209;partial=00;start_type=ATG;rbs_motif=None;rbs_spacer=None;gc_cont=0.396
Utg33272_209         -           1111 1642at2157           -            627   3.3e-97  324.7   0.0   4   5   1.3e-24   7.9e-22   75.7   0.0   254   420   567   761   552   771 0.80 # 327671 # 331003 # -1 # ID=12_209;partial=00;start_type=ATG;rbs_motif=None;rbs_spacer=None;gc_cont=0.396
Utg33272_209         -           1111 1642at2157           -            627   3.3e-97  324.7   0.0   5   5   2.5e-17   1.5e-14   51.6   0.0   470   606   892  1051   877  1055 0.78 # 327671 # 331003 # -1 # ID=12_209;partial=00;start_type=ATG;rbs_motif=None;rbs_spacer=None;gc_cont=0.396
Utg33254_162         -            757 1642at2157           -            627     6e-76  254.5   0.2   1   2   3.2e-35     2e-32  110.7   0.1     9   148    59   205    51   224 0.86 # 251304 # 253574 # -1 # ID=3_162;partial=00;start_type=ATG;rbs_motif=None;rbs_spacer=None;gc_cont=0.402
Utg33254_162         -            757 1642at2157           -            627     6e-76  254.5   0.2   2   2   2.9e-44   1.8e-41  140.6   0.0   215   622   331   753   322   756 0.81 # 251304 # 253574 # -1 # ID=3_162;partial=00;start_type=ATG;rbs_motif=None;rbs_spacer=None;gc_cont=0.402
Utg33274_321         -            820 1642at2157           -            627   2.3e-65  219.5   2.3   1   4   1.4e-38   8.7e-36  121.8   0.2    14   162    40   187    36   197 0.91 # 524876 # 527335 # -1 # ID=13_321;partial=00;start_type=ATG;rbs_motif=None;rbs_spacer=None;gc_cont=0.380
Utg33274_321         -            820 1642at2157           -            627   2.3e-65  219.5   2.3   2   4   8.9e-23   5.5e-20   69.6   0.0   215   419   314   555   288   559 0.78 # 524876 # 527335 # -1 # ID=13_321;partial=00;start_type=ATG;rbs_motif=None;rbs_spacer=None;gc_cont=0.380
Utg33274_321         -            820 1642at2157           -            627   2.3e-65  219.5   2.3   3   4   0.00045      0.28    7.8   0.0   532   571   683   723   630   737 0.81 # 524876 # 527335 # -1 # ID=13_321;partial=00;start_type=ATG;rbs_motif=None;rbs_spacer=None;gc_cont=0.380
Utg33274_321         -            820 1642at2157           -            627   2.3e-65  219.5   2.3   4   4   2.6e-06    0.0016   15.2   0.0   541   615   740   816   735   819 0.81 # 524876 # 527335 # -1 # ID=13_321;partial=00;start_type=ATG;rbs_motif=None;rbs_spacer=None;gc_cont=0.380
Utg33284_80          -           1009 1642at2157           -            627   6.7e-57  191.6   0.0   1   4   2.9e-24   1.8e-21   74.5   0.1    13   173   131   301   120   329 0.82 # 129825 # 132851 # 1 # ID=18_80;partial=00;start_type=ATG;rbs_motif=None;rbs_spacer=None;gc_cont=0.382
Utg33284_80          -           1009 1642at2157           -            627   6.7e-57  191.6   0.0   2   4     0.027        17    1.9   0.0   266   293   479   506   468   515 0.83 # 129825 # 132851 # 1 # ID=18_80;partial=00;start_type=ATG;rbs_motif=None;rbs_spacer=None;gc_cont=0.382
Utg33284_80          -           1009 1642at2157           -            627   6.7e-57  191.6   0.0   3   4   9.3e-13   5.8e-10   36.5   0.0   304   420   548   685   536   688 0.71 # 129825 # 132851 # 1 # ID=18_80;partial=00;start_type=ATG;rbs_motif=None;rbs_spacer=None;gc_cont=0.382
Utg33284_80          -           1009 1642at2157           -            627   6.7e-57  191.6   0.0   4   4   1.1e-23   7.2e-21   72.6   0.0   439   612   752   946   743   955 0.83 # 129825 # 132851 # 1 # ID=18_80;partial=00;start_type=ATG;rbs_motif=None;rbs_spacer=None;gc_cont=0.382
Utg33254_447         -            646 1642at2157           -            627   1.3e-39  134.5   0.0   1   3   8.5e-36   5.3e-33  112.6   0.1    13   160    44   194    33   201 0.91 # 683692 # 685629 # 1 # ID=3_447;partial=00;start_type=ATG;rbs_motif=None;rbs_spacer=None;gc_cont=0.386
Utg33254_447         -            646 1642at2157           -            627   1.3e-39  134.5   0.0   2   3   0.00086      0.54    6.9   0.0   262   334   243   320   233   341 0.81 # 683692 # 685629 # 1 # ID=3_447;partial=00;start_type=ATG;rbs_motif=None;rbs_spacer=None;gc_cont=0.386
Utg33254_447         -            646 1642at2157           -            627   1.3e-39  134.5   0.0   3   3   4.7e-05     0.029   11.1   0.0   530   604   445   527   437   539 0.78 # 683692 # 685629 # 1 # ID=3_447;partial=00;start_type=ATG;rbs_motif=None;rbs_spacer=None;gc_cont=0.386
Utg33260_428         -            438 1642at2157           -            627   9.1e-24   82.1   0.5   1   2   3.6e-22   2.3e-19   67.6   0.3    17   147    50   179    41   213 0.86 # 656148 # 657461 # 1 # ID=6_428;partial=00;start_type=ATG;rbs_motif=None;rbs_spacer=None;gc_cont=0.420
Utg33260_428         -            438 1642at2157           -            627   9.1e-24   82.1   0.5   2   2   1.6e-05      0.01   12.6   0.0   254   320   249   316   241   327 0.82 # 656148 # 657461 # 1 # ID=6_428;partial=00;start_type=ATG;rbs_motif=None;rbs_spacer=None;gc_cont=0.420
Utg33266_63          -            459 1642at2157           -            627     3e-09   34.2   0.9   1   2   1.1e-11   6.7e-09   33.0   0.0    15   111     7   116     1   182 0.69 # 87741 # 89117 # 1 # ID=9_63;partial=00;start_type=ATG;rbs_motif=None;rbs_spacer=None;gc_cont=0.444
Utg33266_63          -            459 1642at2157           -            627     3e-09   34.2   0.9   2   2      0.26   1.6e+02   -1.3   0.1   267   300   257   292   248   323 0.76 # 87741 # 89117 # 1 # ID=9_63;partial=00;start_type=ATG;rbs_motif=None;rbs_spacer=None;gc_cont=0.444
Utg33286_322         -            459 1642at2157           -            627     3e-09   34.2   0.9   1   2   1.1e-11   6.7e-09   33.0   0.0    15   111     7   116     1   182 0.69 # 463742 # 465118 # 1 # ID=19_322;partial=00;start_type=ATG;rbs_motif=None;rbs_spacer=None;gc_cont=0.446
Utg33286_322         -            459 1642at2157           -            627     3e-09   34.2   0.9   2   2      0.26   1.6e+02   -1.3   0.1   267   300   257   292   248   323 0.76 # 463742 # 465118 # 1 # ID=19_322;partial=00;start_type=ATG;rbs_motif=None;rbs_spacer=None;gc_cont=0.446
Utg33260_163         -            677 1642at2157           -            627     8e-09   32.7   6.6   1   2   3.3e-10     2e-07   28.1   4.4    18   209   148   322   138   338 0.80 # 249700 # 251730 # 1 # ID=6_163;partial=00;start_type=ATG;rbs_motif=None;rbs_spacer=None;gc_cont=0.369
Utg33260_163         -            677 1642at2157           -            627     8e-09   32.7   6.6   2   2     0.088        55    0.3   0.0   260   296   335   371   327   375 0.83 # 249700 # 251730 # 1 # ID=6_163;partial=00;start_type=ATG;rbs_motif=None;rbs_spacer=None;gc_cont=0.369
Utg33284_410         -            612 1642at2157           -            627   1.6e-05   21.8   0.0   1   2   7.5e-08   4.7e-05   20.3   0.0    20   115   172   280   167   293 0.75 # 604343 # 606178 # -1 # ID=18_410;partial=00;start_type=ATG;rbs_motif=None;rbs_spacer=None;gc_cont=0.400
Utg33284_410         -            612 1642at2157           -            627   1.6e-05   21.8   0.0   2   2      0.82   5.1e+02   -2.9   0.0   270   304   420   454   396   460 0.74 # 604343 # 606178 # -1 # ID=18_410;partial=00;start_type=ATG;rbs_motif=None;rbs_spacer=None;gc_cont=0.400
Utg33270_66          -           1003 1642at2157           -            627     4e-05   20.5   0.0   1   1   1.1e-07   6.6e-05   19.8   0.0    19   167   409   557   399   583 0.74 # 81519 # 84527 # 1 # ID=11_66;partial=00;start_type=ATG;rbs_motif=None;rbs_spacer=None;gc_cont=0.413
#
# Program:         hmmsearch
# Version:         3.1b2 (February 2015)
# Pipeline mode:   SEARCH
# Query file:      /home/inf-34-2022/Documents/BINP29/DeNovo_LongReads/Busco/busco_downloads/lineages/archaea_odb10/hmms/1642at2157.hmm
# Target file:     /home/inf-34-2022/Documents/BINP29/DeNovo_LongReads/Busco/busco_output/prodigal_output/predicted_genes/predicted.faa
# Option settings: hmmsearch --domtblout /home/inf-34-2022/Documents/BINP29/DeNovo_LongReads/Busco/busco_output/auto_lineage/run_archaea_odb10/hmmer_output/1642at2157.out --cpu 1 /home/inf-34-2022/Documents/BINP29/DeNovo_LongReads/Busco/busco_downloads/lineages/archaea_odb10/hmms/1642at2157.hmm /home/inf-34-2022/Documents/BINP29/DeNovo_LongReads/Busco/busco_output/prodigal_output/predicted_genes/predicted.faa 
# Current dir:     /home/inf-34-2022/Documents/BINP29/DeNovo_LongReads/Busco
# Date:            Fri Feb 24 11:42:46 2023
# [ok]
