#                                                                            --- full sequence --- -------------- this domain -------------   hmm coord   ali coord   env coord
# target name        accession   tlen query name           accession   qlen   E-value  score  bias   #  of  c-Evalue  i-Evalue  score  bias  from    to  from    to  from    to  acc description of target
#------------------- ---------- ----- -------------------- ---------- ----- --------- ------ ----- --- --- --------- --------- ------ ----- ----- ----- ----- ----- ----- ----- ---- ---------------------
Utg33270_66          -           1003 17053at2157          -            474  5.6e-109  363.7  14.4   1   2   9.9e-55   5.7e-52  175.7   0.0     1   122   403   538   403   542 0.90 # 81519 # 84527 # 1 # ID=11_66;partial=00;start_type=ATG;rbs_motif=None;rbs_spacer=None;gc_cont=0.413
Utg33270_66          -           1003 17053at2157          -            474  5.6e-109  363.7  14.4   2   2   3.9e-58   2.2e-55  186.9   0.2   133   454   574   977   564   989 0.72 # 81519 # 84527 # 1 # ID=11_66;partial=00;start_type=ATG;rbs_motif=None;rbs_spacer=None;gc_cont=0.413
Utg33260_163         -            677 17053at2157          -            474   4.3e-47  159.6  20.9   1   2   1.9e-46   1.1e-43  148.4   7.3     2   234   144   377   143   392 0.88 # 249700 # 251730 # 1 # ID=6_163;partial=00;start_type=ATG;rbs_motif=None;rbs_spacer=None;gc_cont=0.369
Utg33260_163         -            677 17053at2157          -            474   4.3e-47  159.6  20.9   2   2   1.6e-06   0.00091   16.7   5.7   218   378   406   579   397   638 0.68 # 249700 # 251730 # 1 # ID=6_163;partial=00;start_type=ATG;rbs_motif=None;rbs_spacer=None;gc_cont=0.369
Utg33260_428         -            438 17053at2157          -            474   1.2e-11   42.8   2.4   1   2     1e-13   6.1e-11   40.4   1.5     8   139    53   202    47   205 0.76 # 656148 # 657461 # 1 # ID=6_428;partial=00;start_type=ATG;rbs_motif=None;rbs_spacer=None;gc_cont=0.420
Utg33260_428         -            438 17053at2157          -            474   1.2e-11   42.8   2.4   2   2       3.2   1.8e+03   -4.0   0.0   255   277   295   317   291   349 0.67 # 656148 # 657461 # 1 # ID=6_428;partial=00;start_type=ATG;rbs_motif=None;rbs_spacer=None;gc_cont=0.420
Utg33254_162         -            757 17053at2157          -            474   6.2e-09   33.8   0.0   1   2   1.8e-10     1e-07   29.8   0.0    55   119   138   202   118   217 0.92 # 251304 # 253574 # -1 # ID=3_162;partial=00;start_type=ATG;rbs_motif=None;rbs_spacer=None;gc_cont=0.402
Utg33254_162         -            757 17053at2157          -            474   6.2e-09   33.8   0.0   2   2     0.089        52    1.1   0.0   197   241   380   425   370   463 0.72 # 251304 # 253574 # -1 # ID=3_162;partial=00;start_type=ATG;rbs_motif=None;rbs_spacer=None;gc_cont=0.402
Utg33272_209         -           1111 17053at2157          -            474   6.5e-09   33.7   0.0   1   2   0.00044      0.26    8.7   0.0     6    26    22    42    20    54 0.81 # 327671 # 331003 # -1 # ID=12_209;partial=00;start_type=ATG;rbs_motif=None;rbs_spacer=None;gc_cont=0.396
Utg33272_209         -           1111 17053at2157          -            474   6.5e-09   33.7   0.0   2   2     3e-08   1.8e-05   22.4   0.0    56   120    98   162    90   174 0.91 # 327671 # 331003 # -1 # ID=12_209;partial=00;start_type=ATG;rbs_motif=None;rbs_spacer=None;gc_cont=0.396
Utg33254_447         -            646 17053at2157          -            474   1.1e-07   29.6   0.8   1   2     0.017       9.9    3.4   0.1     7    23    50    66    49    72 0.87 # 683692 # 685629 # 1 # ID=3_447;partial=00;start_type=ATG;rbs_motif=None;rbs_spacer=None;gc_cont=0.386
Utg33254_447         -            646 17053at2157          -            474   1.1e-07   29.6   0.8   2   2     4e-08   2.3e-05   22.0   0.0    55   137   115   197   106   281 0.78 # 683692 # 685629 # 1 # ID=3_447;partial=00;start_type=ATG;rbs_motif=None;rbs_spacer=None;gc_cont=0.386
Utg33284_410         -            612 17053at2157          -            474   2.8e-07   28.3   0.1   1   2     0.011       6.1    4.1   0.1     7    20   171   184   169   187 0.88 # 604343 # 606178 # -1 # ID=18_410;partial=00;start_type=ATG;rbs_motif=None;rbs_spacer=None;gc_cont=0.400
Utg33284_410         -            612 17053at2157          -            474   2.8e-07   28.3   0.1   2   2   4.6e-08   2.7e-05   21.8   0.0    54   167   245   362   231   373 0.81 # 604343 # 606178 # -1 # ID=18_410;partial=00;start_type=ATG;rbs_motif=None;rbs_spacer=None;gc_cont=0.400
Utg33260_362         -            843 17053at2157          -            474   4.5e-07   27.7   0.2   1   2    0.0045       2.6    5.4   0.0     7    23    23    39    21    48 0.88 # 552731 # 555259 # 1 # ID=6_362;partial=00;start_type=ATG;rbs_motif=AATAA;rbs_spacer=9bp;gc_cont=0.445
Utg33260_362         -            843 17053at2157          -            474   4.5e-07   27.7   0.2   2   2   1.5e-07   8.9e-05   20.1   0.0    56   119   100   163    66   180 0.84 # 552731 # 555259 # 1 # ID=6_362;partial=00;start_type=ATG;rbs_motif=AATAA;rbs_spacer=9bp;gc_cont=0.445
Utg33280_830         -            843 17053at2157          -            474   4.5e-07   27.7   0.2   1   2    0.0045       2.6    5.4   0.0     7    23    23    39    21    48 0.88 # 1213640 # 1216168 # 1 # ID=16_830;partial=00;start_type=ATG;rbs_motif=None;rbs_spacer=None;gc_cont=0.444
Utg33280_830         -            843 17053at2157          -            474   4.5e-07   27.7   0.2   2   2   1.5e-07   8.9e-05   20.1   0.0    56   119   100   163    66   180 0.84 # 1213640 # 1216168 # 1 # ID=16_830;partial=00;start_type=ATG;rbs_motif=None;rbs_spacer=None;gc_cont=0.444
Utg33266_63          -            459 17053at2157          -            474   5.3e-06   24.1   0.1   1   3     0.079        46    1.3   0.7     6    18    10    22     7    26 0.90 # 87741 # 89117 # 1 # ID=9_63;partial=00;start_type=ATG;rbs_motif=None;rbs_spacer=None;gc_cont=0.444
Utg33266_63          -            459 17053at2157          -            474   5.3e-06   24.1   0.1   2   3   9.2e-09   5.3e-06   24.1   0.1    55   168    86   203    71   208 0.83 # 87741 # 89117 # 1 # ID=9_63;partial=00;start_type=ATG;rbs_motif=None;rbs_spacer=None;gc_cont=0.444
Utg33266_63          -            459 17053at2157          -            474   5.3e-06   24.1   0.1   3   3       2.1   1.2e+03   -3.4   0.1   392   412   424   444   420   456 0.62 # 87741 # 89117 # 1 # ID=9_63;partial=00;start_type=ATG;rbs_motif=None;rbs_spacer=None;gc_cont=0.444
Utg33286_322         -            459 17053at2157          -            474   5.3e-06   24.1   0.1   1   3     0.079        46    1.3   0.7     6    18    10    22     7    26 0.90 # 463742 # 465118 # 1 # ID=19_322;partial=00;start_type=ATG;rbs_motif=None;rbs_spacer=None;gc_cont=0.446
Utg33286_322         -            459 17053at2157          -            474   5.3e-06   24.1   0.1   2   3   9.2e-09   5.3e-06   24.1   0.1    55   168    86   203    71   208 0.83 # 463742 # 465118 # 1 # ID=19_322;partial=00;start_type=ATG;rbs_motif=None;rbs_spacer=None;gc_cont=0.446
Utg33286_322         -            459 17053at2157          -            474   5.3e-06   24.1   0.1   3   3       2.1   1.2e+03   -3.4   0.1   392   412   424   444   420   456 0.62 # 463742 # 465118 # 1 # ID=19_322;partial=00;start_type=ATG;rbs_motif=None;rbs_spacer=None;gc_cont=0.446
Utg33278_149         -            528 17053at2157          -            474   7.1e-06   23.7   0.1   1   2      0.33   1.9e+02   -0.8   0.0     8    25   105   122    86   126 0.86 # 206343 # 207926 # 1 # ID=15_149;partial=00;start_type=ATG;rbs_motif=None;rbs_spacer=None;gc_cont=0.404
Utg33278_149         -            528 17053at2157          -            474   7.1e-06   23.7   0.1   2   2   6.2e-08   3.6e-05   21.4   0.0    54   119   187   254   182   299 0.85 # 206343 # 207926 # 1 # ID=15_149;partial=00;start_type=ATG;rbs_motif=None;rbs_spacer=None;gc_cont=0.404
Utg33274_321         -            820 17053at2157          -            474   1.5e-05   22.7   0.5   1   2       3.2   1.9e+03   -4.1   0.0     8    18    46    56    44    60 0.85 # 524876 # 527335 # -1 # ID=13_321;partial=00;start_type=ATG;rbs_motif=None;rbs_spacer=None;gc_cont=0.380
Utg33274_321         -            820 17053at2157          -            474   1.5e-05   22.7   0.5   2   2   6.7e-08   3.9e-05   21.3   0.1    56   134   109   185    93   189 0.89 # 524876 # 527335 # -1 # ID=13_321;partial=00;start_type=ATG;rbs_motif=None;rbs_spacer=None;gc_cont=0.380
Utg33264_164         -            209 17053at2157          -            474     0.013   13.0   0.0   1   1   3.3e-05     0.019   12.4   0.0     6   118    11   130     8   150 0.78 # 250439 # 251065 # 1 # ID=8_164;partial=00;start_type=ATG;rbs_motif=None;rbs_spacer=None;gc_cont=0.384
#
# Program:         hmmsearch
# Version:         3.1b2 (February 2015)
# Pipeline mode:   SEARCH
# Query file:      /home/inf-34-2022/Documents/BINP29/DeNovo_LongReads/Busco/busco_downloads/lineages/archaea_odb10/hmms/17053at2157.hmm
# Target file:     /home/inf-34-2022/Documents/BINP29/DeNovo_LongReads/Busco/busco_output/prodigal_output/predicted_genes/predicted.faa
# Option settings: hmmsearch --domtblout /home/inf-34-2022/Documents/BINP29/DeNovo_LongReads/Busco/busco_output/auto_lineage/run_archaea_odb10/hmmer_output/17053at2157.out --cpu 1 /home/inf-34-2022/Documents/BINP29/DeNovo_LongReads/Busco/busco_downloads/lineages/archaea_odb10/hmms/17053at2157.hmm /home/inf-34-2022/Documents/BINP29/DeNovo_LongReads/Busco/busco_output/prodigal_output/predicted_genes/predicted.faa 
# Current dir:     /home/inf-34-2022/Documents/BINP29/DeNovo_LongReads/Busco
# Date:            Fri Feb 24 11:42:46 2023
# [ok]
