#                                                                            --- full sequence --- -------------- this domain -------------   hmm coord   ali coord   env coord
# target name        accession   tlen query name           accession   qlen   E-value  score  bias   #  of  c-Evalue  i-Evalue  score  bias  from    to  from    to  from    to  acc description of target
#------------------- ---------- ----- -------------------- ---------- ----- --------- ------ ----- --- --- --------- --------- ------ ----- ----- ----- ----- ----- ----- ----- ---- ---------------------
Utg33274_297         -           1223 19750at2157          -            617   1.4e-09   35.8  28.9   1   5   4.5e-06    0.0026   15.2   3.5   478   580   167   273   127   322 0.73 # 469409 # 473077 # 1 # ID=13_297;partial=00;start_type=ATG;rbs_motif=None;rbs_spacer=None;gc_cont=0.396
Utg33274_297         -           1223 19750at2157          -            617   1.4e-09   35.8  28.9   2   5     1e-05    0.0059   14.0   1.7   459   559   605   704   554   721 0.68 # 469409 # 473077 # 1 # ID=13_297;partial=00;start_type=ATG;rbs_motif=None;rbs_spacer=None;gc_cont=0.396
Utg33274_297         -           1223 19750at2157          -            617   1.4e-09   35.8  28.9   3   5   5.5e-08   3.2e-05   21.5   0.4   479   572   772   868   751   899 0.75 # 469409 # 473077 # 1 # ID=13_297;partial=00;start_type=ATG;rbs_motif=None;rbs_spacer=None;gc_cont=0.396
Utg33274_297         -           1223 19750at2157          -            617   1.4e-09   35.8  28.9   4   5       0.2   1.1e+02   -0.2   0.3   467   571   922  1015   893  1025 0.63 # 469409 # 473077 # 1 # ID=13_297;partial=00;start_type=ATG;rbs_motif=None;rbs_spacer=None;gc_cont=0.396
Utg33274_297         -           1223 19750at2157          -            617   1.4e-09   35.8  28.9   5   5      0.19   1.1e+02   -0.1   0.1   464   535  1127  1198  1107  1217 0.71 # 469409 # 473077 # 1 # ID=13_297;partial=00;start_type=ATG;rbs_motif=None;rbs_spacer=None;gc_cont=0.396
Utg33280_156         -            836 19750at2157          -            617   0.00015   19.3   4.9   1   3   0.00019      0.11    9.8   0.0   266   287   249   270   239   272 0.93 # 226489 # 228996 # -1 # ID=16_156;partial=00;start_type=ATG;rbs_motif=None;rbs_spacer=None;gc_cont=0.418
Utg33280_156         -            836 19750at2157          -            617   0.00015   19.3   4.9   2   3   6.6e-05     0.038   11.3   0.0   265   290   521   546   510   556 0.83 # 226489 # 228996 # -1 # ID=16_156;partial=00;start_type=ATG;rbs_motif=None;rbs_spacer=None;gc_cont=0.418
Utg33280_156         -            836 19750at2157          -            617   0.00015   19.3   4.9   3   3         3   1.7e+03   -4.1   1.0    42   103   713   775   700   786 0.44 # 226489 # 228996 # -1 # ID=16_156;partial=00;start_type=ATG;rbs_motif=None;rbs_spacer=None;gc_cont=0.418
Utg33252_474         -            406 19750at2157          -            617   0.00052   17.4   1.3   1   2     0.014       8.1    3.6   0.8   521   598    29   104     6   113 0.73 # 681634 # 682851 # 1 # ID=2_474;partial=00;start_type=ATG;rbs_motif=None;rbs_spacer=None;gc_cont=0.405
Utg33252_474         -            406 19750at2157          -            617   0.00052   17.4   1.3   2   2   4.4e-05     0.025   11.9   0.0   264   288   181   205   169   210 0.87 # 681634 # 682851 # 1 # ID=2_474;partial=00;start_type=ATG;rbs_motif=None;rbs_spacer=None;gc_cont=0.405
Utg33272_17          -           1051 19750at2157          -            617    0.0023   15.3   0.0   1   1   6.4e-06    0.0037   14.6   0.0   261   297   781   817   768   820 0.83 # 20493 # 23645 # -1 # ID=12_17;partial=00;start_type=GTG;rbs_motif=AACAA;rbs_spacer=9bp;gc_cont=0.389
Utg33254_33          -            838 19750at2157          -            617    0.0036   14.7   5.7   1   3       3.2   1.8e+03   -4.2   1.9   459   536    93   173    64   197 0.38 # 56104 # 58617 # -1 # ID=3_33;partial=00;start_type=ATG;rbs_motif=None;rbs_spacer=None;gc_cont=0.390
Utg33254_33          -            838 19750at2157          -            617    0.0036   14.7   5.7   2   3   0.00067      0.39    8.0   0.0   265   286   239   260   230   264 0.91 # 56104 # 58617 # -1 # ID=3_33;partial=00;start_type=ATG;rbs_motif=None;rbs_spacer=None;gc_cont=0.390
Utg33254_33          -            838 19750at2157          -            617    0.0036   14.7   5.7   3   3   0.00028      0.16    9.2   0.0   266   287   568   589   554   598 0.86 # 56104 # 58617 # -1 # ID=3_33;partial=00;start_type=ATG;rbs_motif=None;rbs_spacer=None;gc_cont=0.390
Utg33286_102         -            382 19750at2157          -            617    0.0042   14.5   5.3   1   3      0.27   1.6e+02   -0.6   0.0   499   529    52    82    39   133 0.83 # 158639 # 159784 # 1 # ID=19_102;partial=00;start_type=ATG;rbs_motif=None;rbs_spacer=None;gc_cont=0.462
Utg33286_102         -            382 19750at2157          -            617    0.0042   14.5   5.3   2   3     0.011       6.5    3.9   0.1   493   525   159   191   142   208 0.87 # 158639 # 159784 # 1 # ID=19_102;partial=00;start_type=ATG;rbs_motif=None;rbs_spacer=None;gc_cont=0.462
Utg33286_102         -            382 19750at2157          -            617    0.0042   14.5   5.3   3   3   6.6e-05     0.038   11.3   0.5   483   562   251   331   216   370 0.69 # 158639 # 159784 # 1 # ID=19_102;partial=00;start_type=ATG;rbs_motif=None;rbs_spacer=None;gc_cont=0.462
Utg33280_304         -            438 19750at2157          -            617     0.007   13.7   0.1   1   2      0.34   1.9e+02   -1.0   0.0   161   194    82   115    50   122 0.90 # 428402 # 429715 # 1 # ID=16_304;partial=00;start_type=ATG;rbs_motif=None;rbs_spacer=None;gc_cont=0.391
Utg33280_304         -            438 19750at2157          -            617     0.007   13.7   0.1   2   2   5.9e-05     0.034   11.5   0.0   265   287   216   238   203   243 0.87 # 428402 # 429715 # 1 # ID=16_304;partial=00;start_type=ATG;rbs_motif=None;rbs_spacer=None;gc_cont=0.391
Utg33266_183         -            438 19750at2157          -            617     0.015   12.6   0.0   1   1   4.6e-05     0.027   11.8   0.0   263   287   164   188   156   197 0.87 # 267741 # 269054 # -1 # ID=9_183;partial=00;start_type=ATG;rbs_motif=None;rbs_spacer=None;gc_cont=0.426
Utg33284_122         -            468 19750at2157          -            617     0.018   12.4   0.0   1   2   0.00018      0.11    9.8   0.0   266   287   244   265   233   270 0.92 # 181505 # 182908 # 1 # ID=18_122;partial=00;start_type=ATG;rbs_motif=None;rbs_spacer=None;gc_cont=0.415
Utg33284_122         -            468 19750at2157          -            617     0.018   12.4   0.0   2   2       0.2   1.2e+02   -0.2   0.0    50   101   323   374   291   378 0.85 # 181505 # 182908 # 1 # ID=18_122;partial=00;start_type=ATG;rbs_motif=None;rbs_spacer=None;gc_cont=0.415
Utg33280_813         -            457 19750at2157          -            617     0.022   12.1   0.0   1   1   5.8e-05     0.034   11.5   0.0   264   286   259   281   241   289 0.88 # 1195576 # 1196946 # -1 # ID=16_813;partial=00;start_type=ATG;rbs_motif=None;rbs_spacer=None;gc_cont=0.414
Utg33254_581         -            781 19750at2157          -            617     0.022   12.1   0.1   1   2    0.0059       3.4    4.8   0.0   266   287   280   301   276   313 0.88 # 881108 # 883450 # -1 # ID=3_581;partial=00;start_type=ATG;rbs_motif=None;rbs_spacer=None;gc_cont=0.420
Utg33254_581         -            781 19750at2157          -            617     0.022   12.1   0.1   2   2    0.0059       3.4    4.8   0.1   265   287   550   572   537   582 0.86 # 881108 # 883450 # -1 # ID=3_581;partial=00;start_type=ATG;rbs_motif=None;rbs_spacer=None;gc_cont=0.420
Utg33272_155         -            271 19750at2157          -            617     0.025   11.9   0.3   1   1   5.2e-05      0.03   11.6   0.3   492   546   189   243   126   265 0.73 # 251864 # 252676 # 1 # ID=12_155;partial=00;start_type=ATG;rbs_motif=None;rbs_spacer=None;gc_cont=0.365
Utg33260_525         -            438 19750at2157          -            617     0.025   11.9   0.1   1   2       1.3   7.8e+02   -2.9   0.4   546   585    85   124    22   151 0.53 # 784512 # 785825 # -1 # ID=6_525;partial=00;start_type=ATG;rbs_motif=AATAA;rbs_spacer=6bp;gc_cont=0.412
Utg33260_525         -            438 19750at2157          -            617     0.025   11.9   0.1   2   2   4.3e-05     0.025   11.9   0.1   265   287   215   237   202   242 0.87 # 784512 # 785825 # -1 # ID=6_525;partial=00;start_type=ATG;rbs_motif=AATAA;rbs_spacer=6bp;gc_cont=0.412
Utg33252_373         -            363 19750at2157          -            617     0.032   11.6   0.0   1   1   8.5e-05     0.049   10.9   0.0   263   287   124   148   118   152 0.90 # 549561 # 550649 # -1 # ID=2_373;partial=00;start_type=ATG;rbs_motif=None;rbs_spacer=None;gc_cont=0.380
#
# Program:         hmmsearch
# Version:         3.1b2 (February 2015)
# Pipeline mode:   SEARCH
# Query file:      /home/inf-34-2022/Documents/BINP29/DeNovo_LongReads/Busco/busco_downloads/lineages/archaea_odb10/hmms/19750at2157.hmm
# Target file:     /home/inf-34-2022/Documents/BINP29/DeNovo_LongReads/Busco/busco_output/prodigal_output/predicted_genes/predicted.faa
# Option settings: hmmsearch --domtblout /home/inf-34-2022/Documents/BINP29/DeNovo_LongReads/Busco/busco_output/auto_lineage/run_archaea_odb10/hmmer_output/19750at2157.out --cpu 1 /home/inf-34-2022/Documents/BINP29/DeNovo_LongReads/Busco/busco_downloads/lineages/archaea_odb10/hmms/19750at2157.hmm /home/inf-34-2022/Documents/BINP29/DeNovo_LongReads/Busco/busco_output/prodigal_output/predicted_genes/predicted.faa 
# Current dir:     /home/inf-34-2022/Documents/BINP29/DeNovo_LongReads/Busco
# Date:            Fri Feb 24 11:42:47 2023
# [ok]
