#                                                                            --- full sequence --- -------------- this domain -------------   hmm coord   ali coord   env coord
# target name        accession   tlen query name           accession   qlen   E-value  score  bias   #  of  c-Evalue  i-Evalue  score  bias  from    to  from    to  from    to  acc description of target
#------------------- ---------- ----- -------------------- ---------- ----- --------- ------ ----- --- --- --------- --------- ------ ----- ----- ----- ----- ----- ----- ----- ---- ---------------------
Utg33282_112         -            504 22747at2157          -            416  1.1e-104  349.9   2.8   1   2   6.6e-10   1.1e-06   27.1   0.5    17   166    27   180    11   185 0.80 # 176782 # 178293 # 1 # ID=17_112;partial=00;start_type=ATG;rbs_motif=None;rbs_spacer=None;gc_cont=0.441
Utg33282_112         -            504 22747at2157          -            416  1.1e-104  349.9   2.8   2   2  1.9e-102     3e-99  332.0   0.7    72   413   124   491   102   494 0.87 # 176782 # 178293 # 1 # ID=17_112;partial=00;start_type=ATG;rbs_motif=None;rbs_spacer=None;gc_cont=0.441
Utg33266_27          -            475 22747at2157          -            416     2e-29  102.0   1.5   1   3   2.1e-08   3.3e-05   22.2   0.1   194   246    83   135    36   146 0.74 # 44661 # 46085 # 1 # ID=9_27;partial=00;start_type=ATG;rbs_motif=AAAAAA;rbs_spacer=10bp;gc_cont=0.380
Utg33266_27          -            475 22747at2157          -            416     2e-29  102.0   1.5   2   3   4.5e-10   7.3e-07   27.6   0.2   260   315   123   182   121   198 0.79 # 44661 # 46085 # 1 # ID=9_27;partial=00;start_type=ATG;rbs_motif=AAAAAA;rbs_spacer=10bp;gc_cont=0.380
Utg33266_27          -            475 22747at2157          -            416     2e-29  102.0   1.5   3   3   2.3e-18   3.8e-15   54.9   0.0   337   413   280   364   254   367 0.87 # 44661 # 46085 # 1 # ID=9_27;partial=00;start_type=ATG;rbs_motif=AAAAAA;rbs_spacer=10bp;gc_cont=0.380
Utg33280_363         -            592 22747at2157          -            416   2.4e-07   29.2   0.7   1   3      0.68   1.1e+03   -2.6   0.1   107   141    23    55     6    99 0.54 # 510277 # 512052 # 1 # ID=16_363;partial=00;start_type=ATG;rbs_motif=AATAA;rbs_spacer=15bp;gc_cont=0.402
Utg33280_363         -            592 22747at2157          -            416   2.4e-07   29.2   0.7   2   3   5.8e-07   0.00094   17.4   0.0   284   325   317   356   309   372 0.77 # 510277 # 512052 # 1 # ID=16_363;partial=00;start_type=ATG;rbs_motif=AATAA;rbs_spacer=15bp;gc_cont=0.402
Utg33280_363         -            592 22747at2157          -            416   2.4e-07   29.2   0.7   3   3   0.00017      0.28    9.2   0.0   382   403   549   570   546   584 0.86 # 510277 # 512052 # 1 # ID=16_363;partial=00;start_type=ATG;rbs_motif=AATAA;rbs_spacer=15bp;gc_cont=0.402
Utg33272_320         -            577 22747at2157          -            416     1e-06   27.2   1.5   1   3   7.1e-08   0.00012   20.4   0.1   283   309   295   321   286   350 0.84 # 489276 # 491006 # 1 # ID=12_320;partial=00;start_type=ATG;rbs_motif=None;rbs_spacer=None;gc_cont=0.417
Utg33272_320         -            577 22747at2157          -            416     1e-06   27.2   1.5   2   3      0.16   2.6e+02   -0.5   0.1    37    83   474   519   466   538 0.72 # 489276 # 491006 # 1 # ID=12_320;partial=00;start_type=ATG;rbs_motif=None;rbs_spacer=None;gc_cont=0.417
Utg33272_320         -            577 22747at2157          -            416     1e-06   27.2   1.5   3   3    0.0059       9.6    4.2   0.0   380   402   541   563   532   567 0.88 # 489276 # 491006 # 1 # ID=12_320;partial=00;start_type=ATG;rbs_motif=None;rbs_spacer=None;gc_cont=0.417
Utg33266_13          -            527 22747at2157          -            416    0.0078   14.4   0.1   1   2   1.9e-05     0.032   12.4   0.0   260   340   103   188    88   192 0.76 # 24525 # 26105 # -1 # ID=9_13;partial=00;start_type=ATG;rbs_motif=None;rbs_spacer=None;gc_cont=0.405
Utg33266_13          -            527 22747at2157          -            416    0.0078   14.4   0.1   2   2     0.082   1.3e+02    0.4   0.0    57   136   162   242   156   280 0.71 # 24525 # 26105 # -1 # ID=9_13;partial=00;start_type=ATG;rbs_motif=None;rbs_spacer=None;gc_cont=0.405
#
# Program:         hmmsearch
# Version:         3.1b2 (February 2015)
# Pipeline mode:   SEARCH
# Query file:      /home/inf-34-2022/Documents/BINP29/DeNovo_LongReads/Busco/busco_downloads/lineages/archaea_odb10/hmms/22747at2157.hmm
# Target file:     /home/inf-34-2022/Documents/BINP29/DeNovo_LongReads/Busco/busco_output/prodigal_output/predicted_genes/predicted.faa
# Option settings: hmmsearch --domtblout /home/inf-34-2022/Documents/BINP29/DeNovo_LongReads/Busco/busco_output/auto_lineage/run_archaea_odb10/hmmer_output/22747at2157.out --cpu 1 /home/inf-34-2022/Documents/BINP29/DeNovo_LongReads/Busco/busco_downloads/lineages/archaea_odb10/hmms/22747at2157.hmm /home/inf-34-2022/Documents/BINP29/DeNovo_LongReads/Busco/busco_output/prodigal_output/predicted_genes/predicted.faa 
# Current dir:     /home/inf-34-2022/Documents/BINP29/DeNovo_LongReads/Busco
# Date:            Fri Feb 24 11:42:47 2023
# [ok]
