#                                                                            --- full sequence --- -------------- this domain -------------   hmm coord   ali coord   env coord
# target name        accession   tlen query name           accession   qlen   E-value  score  bias   #  of  c-Evalue  i-Evalue  score  bias  from    to  from    to  from    to  acc description of target
#------------------- ---------- ----- -------------------- ---------- ----- --------- ------ ----- --- --- --------- --------- ------ ----- ----- ----- ----- ----- ----- ----- ---- ---------------------
Utg33252_57          -            438 23221at2157          -            326   3.5e-98  327.6   0.6   1   2   1.6e-43   1.7e-40  138.1   0.8     1   190     9   256     9   260 0.83 # 82134 # 83447 # -1 # ID=2_57;partial=00;start_type=ATG;rbs_motif=None;rbs_spacer=None;gc_cont=0.462
Utg33252_57          -            438 23221at2157          -            326   3.5e-98  327.6   0.6   2   2   2.4e-57   2.5e-54  183.5   0.0   191   326   279   418   273   418 0.95 # 82134 # 83447 # -1 # ID=2_57;partial=00;start_type=ATG;rbs_motif=None;rbs_spacer=None;gc_cont=0.462
Utg33262_309         -            438 23221at2157          -            326   2.9e-97  324.6   3.7   1   2   4.3e-43   4.3e-40  136.7   2.3     1   190     9   256     9   260 0.83 # 463919 # 465232 # 1 # ID=7_309;partial=00;start_type=ATG;rbs_motif=None;rbs_spacer=None;gc_cont=0.476
Utg33262_309         -            438 23221at2157          -            326   2.9e-97  324.6   3.7   2   2   4.1e-57   4.2e-54  182.8   0.0   190   326   278   418   271   418 0.95 # 463919 # 465232 # 1 # ID=7_309;partial=00;start_type=ATG;rbs_motif=None;rbs_spacer=None;gc_cont=0.476
Utg33264_585         -            438 23221at2157          -            326   2.5e-91  305.1   0.2   1   2   1.5e-39   1.6e-36  125.0   0.4     1   190     9   256     9   259 0.83 # 897893 # 899206 # 1 # ID=8_585;partial=00;start_type=ATG;rbs_motif=None;rbs_spacer=None;gc_cont=0.467
Utg33264_585         -            438 23221at2157          -            326   2.5e-91  305.1   0.2   2   2   6.2e-54   6.3e-51  172.4   0.0   190   326   278   418   273   418 0.95 # 897893 # 899206 # 1 # ID=8_585;partial=00;start_type=ATG;rbs_motif=None;rbs_spacer=None;gc_cont=0.467
Utg33250_408         -            438 23221at2157          -            326     3e-91  304.9   0.2   1   2     2e-39     2e-36  124.7   0.5     1   190     9   256     9   259 0.83 # 612038 # 613351 # 1 # ID=1_408;partial=00;start_type=ATG;rbs_motif=None;rbs_spacer=None;gc_cont=0.464
Utg33250_408         -            438 23221at2157          -            326     3e-91  304.9   0.2   2   2   6.2e-54   6.3e-51  172.4   0.0   190   326   278   418   273   418 0.95 # 612038 # 613351 # 1 # ID=1_408;partial=00;start_type=ATG;rbs_motif=None;rbs_spacer=None;gc_cont=0.464
Utg33290_8           -            438 23221at2157          -            326     3e-91  304.9   0.2   1   2     2e-39     2e-36  124.7   0.5     1   190     9   256     9   259 0.83 # 10337 # 11650 # -1 # ID=21_8;partial=00;start_type=ATG;rbs_motif=None;rbs_spacer=None;gc_cont=0.466
Utg33290_8           -            438 23221at2157          -            326     3e-91  304.9   0.2   2   2   6.2e-54   6.3e-51  172.4   0.0   190   326   278   418   273   418 0.95 # 10337 # 11650 # -1 # ID=21_8;partial=00;start_type=ATG;rbs_motif=None;rbs_spacer=None;gc_cont=0.466
Utg33256_29          -            438 23221at2157          -            326   4.4e-91  304.3   0.2   1   2   2.8e-39   2.9e-36  124.2   0.5     1   190     9   256     9   258 0.83 # 18340 # 19653 # -1 # ID=4_29;partial=00;start_type=ATG;rbs_motif=None;rbs_spacer=None;gc_cont=0.463
Utg33256_29          -            438 23221at2157          -            326   4.4e-91  304.3   0.2   2   2   6.2e-54   6.3e-51  172.4   0.0   190   326   278   418   273   418 0.95 # 18340 # 19653 # -1 # ID=4_29;partial=00;start_type=ATG;rbs_motif=None;rbs_spacer=None;gc_cont=0.463
Utg33260_689         -            213 23221at2157          -            326     1e-34  119.1   0.5   1   1   2.9e-36   2.9e-33  114.3   0.5     1   143     9   185     9   188 0.85 # 1052394 # 1053032 # 1 # ID=6_689;partial=00;start_type=ATG;rbs_motif=None;rbs_spacer=None;gc_cont=0.495
Utg33260_690         -             94 23221at2157          -            326     4e-07   28.4   0.0   1   2     0.066        66    1.4   0.0   164   190     2    29     1    32 0.86 # 1053029 # 1053310 # 1 # ID=6_690;partial=01;start_type=ATG;rbs_motif=None;rbs_spacer=None;gc_cont=0.433
Utg33260_690         -             94 23221at2157          -            326     4e-07   28.4   0.0   2   2   3.6e-09   3.6e-06   25.2   0.0   190   228    51    89    44    94 0.87 # 1053029 # 1053310 # 1 # ID=6_690;partial=01;start_type=ATG;rbs_motif=None;rbs_spacer=None;gc_cont=0.433
#
# Program:         hmmsearch
# Version:         3.1b2 (February 2015)
# Pipeline mode:   SEARCH
# Query file:      /home/inf-34-2022/Documents/BINP29/DeNovo_LongReads/Busco/busco_downloads/lineages/archaea_odb10/hmms/23221at2157.hmm
# Target file:     /home/inf-34-2022/Documents/BINP29/DeNovo_LongReads/Busco/busco_output/prodigal_output/predicted_genes/predicted.faa
# Option settings: hmmsearch --domtblout /home/inf-34-2022/Documents/BINP29/DeNovo_LongReads/Busco/busco_output/auto_lineage/run_archaea_odb10/hmmer_output/23221at2157.out --cpu 1 /home/inf-34-2022/Documents/BINP29/DeNovo_LongReads/Busco/busco_downloads/lineages/archaea_odb10/hmms/23221at2157.hmm /home/inf-34-2022/Documents/BINP29/DeNovo_LongReads/Busco/busco_output/prodigal_output/predicted_genes/predicted.faa 
# Current dir:     /home/inf-34-2022/Documents/BINP29/DeNovo_LongReads/Busco
# Date:            Fri Feb 24 11:42:47 2023
# [ok]
