#                                                                            --- full sequence --- -------------- this domain -------------   hmm coord   ali coord   env coord
# target name        accession   tlen query name           accession   qlen   E-value  score  bias   #  of  c-Evalue  i-Evalue  score  bias  from    to  from    to  from    to  acc description of target
#------------------- ---------- ----- -------------------- ---------- ----- --------- ------ ----- --- --- --------- --------- ------ ----- ----- ----- ----- ----- ----- ----- ---- ---------------------
Utg33260_471         -            862 24257at2157          -            345     3e-38  130.3   3.4   1   3      0.97   1.9e+02   -0.5   0.1     3    27   298   325   296   328 0.85 # 721417 # 724002 # 1 # ID=6_471;partial=00;start_type=ATG;rbs_motif=AATAA;rbs_spacer=15bp;gc_cont=0.395
Utg33260_471         -            862 24257at2157          -            345     3e-38  130.3   3.4   2   3   6.9e-16   1.4e-13   49.3   0.0    29    68   347   386   345   398 0.94 # 721417 # 724002 # 1 # ID=6_471;partial=00;start_type=ATG;rbs_motif=AATAA;rbs_spacer=15bp;gc_cont=0.395
Utg33260_471         -            862 24257at2157          -            345     3e-38  130.3   3.4   3   3   3.2e-25   6.3e-23   80.0   0.2    76   189   414   530   407   557 0.87 # 721417 # 724002 # 1 # ID=6_471;partial=00;start_type=ATG;rbs_motif=AATAA;rbs_spacer=15bp;gc_cont=0.395
Utg33260_80          -            324 24257at2157          -            345   2.6e-32  110.8   0.1   1   1   2.5e-34   4.9e-32  109.9   0.1     2   206    10   229     9   232 0.81 # 113227 # 114198 # -1 # ID=6_80;partial=00;start_type=ATG;rbs_motif=AAAAA;rbs_spacer=10bp;gc_cont=0.393
Utg33272_58          -            341 24257at2157          -            345   2.1e-30  104.5   0.0   1   2     2e-32     4e-30  103.7   0.0     2   188    14   220    13   238 0.81 # 87170 # 88192 # 1 # ID=12_58;partial=00;start_type=ATG;rbs_motif=None;rbs_spacer=None;gc_cont=0.451
Utg33272_58          -            341 24257at2157          -            345   2.1e-30  104.5   0.0   2   2       9.3   1.8e+03   -3.8   0.0   303   327   272   296   262   302 0.74 # 87170 # 88192 # 1 # ID=12_58;partial=00;start_type=ATG;rbs_motif=None;rbs_spacer=None;gc_cont=0.451
Utg33264_254         -            742 24257at2157          -            345     3e-28   97.5   1.4   1   3     0.011       2.1    5.9   0.3     2    28   115   144   114   149 0.89 # 394225 # 396450 # -1 # ID=8_254;partial=00;start_type=ATG;rbs_motif=None;rbs_spacer=None;gc_cont=0.381
Utg33264_254         -            742 24257at2157          -            345     3e-28   97.5   1.4   2   3   6.2e-15   1.2e-12   46.1   0.0    28    67   176   215   172   262 0.83 # 394225 # 396450 # -1 # ID=8_254;partial=00;start_type=ATG;rbs_motif=None;rbs_spacer=None;gc_cont=0.381
Utg33264_254         -            742 24257at2157          -            345     3e-28   97.5   1.4   3   3   8.4e-14   1.7e-11   42.4   0.1   111   191   290   372   270   411 0.83 # 394225 # 396450 # -1 # ID=8_254;partial=00;start_type=ATG;rbs_motif=None;rbs_spacer=None;gc_cont=0.381
Utg33274_120         -            354 24257at2157          -            345   2.6e-27   94.4   0.0   1   2   4.5e-15   8.8e-13   46.6   0.0     2    66    26   102    25   116 0.84 # 178005 # 179066 # -1 # ID=13_120;partial=00;start_type=ATG;rbs_motif=None;rbs_spacer=None;gc_cont=0.388
Utg33274_120         -            354 24257at2157          -            345   2.6e-27   94.4   0.0   2   2   9.1e-15   1.8e-12   45.6   0.0    81   188   135   243   131   262 0.85 # 178005 # 179066 # -1 # ID=13_120;partial=00;start_type=ATG;rbs_motif=None;rbs_spacer=None;gc_cont=0.388
Utg33254_203         -           4911 24257at2157          -            345   6.5e-25   86.5   0.0   1   6     0.039       7.8    4.0   0.0    26    53   306   333   293   336 0.86 # 328673 # 343405 # -1 # ID=3_203;partial=00;start_type=ATG;rbs_motif=None;rbs_spacer=None;gc_cont=0.377
Utg33254_203         -           4911 24257at2157          -            345   6.5e-25   86.5   0.0   2   6   2.1e-05    0.0042   14.8   0.0    28    71   646   689   636   701 0.86 # 328673 # 343405 # -1 # ID=3_203;partial=00;start_type=ATG;rbs_motif=None;rbs_spacer=None;gc_cont=0.377
Utg33254_203         -           4911 24257at2157          -            345   6.5e-25   86.5   0.0   3   6    0.0047      0.92    7.1   0.0    28    82  1076  1130  1068  1132 0.87 # 328673 # 343405 # -1 # ID=3_203;partial=00;start_type=ATG;rbs_motif=None;rbs_spacer=None;gc_cont=0.377
Utg33254_203         -           4911 24257at2157          -            345   6.5e-25   86.5   0.0   4   6   8.2e-10   1.6e-07   29.3   0.0    27    75  1360  1408  1357  1416 0.89 # 328673 # 343405 # -1 # ID=3_203;partial=00;start_type=ATG;rbs_motif=None;rbs_spacer=None;gc_cont=0.377
Utg33254_203         -           4911 24257at2157          -            345   6.5e-25   86.5   0.0   5   6   7.4e-07   0.00015   19.6   0.0    24    64  1736  1776  1726  1787 0.87 # 328673 # 343405 # -1 # ID=3_203;partial=00;start_type=ATG;rbs_motif=None;rbs_spacer=None;gc_cont=0.377
Utg33254_203         -           4911 24257at2157          -            345   6.5e-25   86.5   0.0   6   6       0.2        40    1.7   0.0    27    53  2046  2072  2036  2086 0.79 # 328673 # 343405 # -1 # ID=3_203;partial=00;start_type=ATG;rbs_motif=None;rbs_spacer=None;gc_cont=0.377
Utg33254_33          -            838 24257at2157          -            345   3.3e-20   71.0   0.0   1   2   8.2e-13   1.6e-10   39.2   0.0    29   105   240   324   238   330 0.81 # 56104 # 58617 # -1 # ID=3_33;partial=00;start_type=ATG;rbs_motif=None;rbs_spacer=None;gc_cont=0.390
Utg33254_33          -            838 24257at2157          -            345   3.3e-20   71.0   0.0   2   2   1.1e-09   2.2e-07   28.9   0.0    31   106   570   653   565   657 0.76 # 56104 # 58617 # -1 # ID=3_33;partial=00;start_type=ATG;rbs_motif=None;rbs_spacer=None;gc_cont=0.390
Utg33280_156         -            836 24257at2157          -            345   8.9e-20   69.6   0.4   1   2     3e-13   5.9e-11   40.6   0.2    29   191   249   435   246   453 0.68 # 226489 # 228996 # -1 # ID=16_156;partial=00;start_type=ATG;rbs_motif=None;rbs_spacer=None;gc_cont=0.418
Utg33280_156         -            836 24257at2157          -            345   8.9e-20   69.6   0.4   2   2   8.9e-09   1.8e-06   25.9   0.0    29    97   522   596   518   607 0.75 # 226489 # 228996 # -1 # ID=16_156;partial=00;start_type=ATG;rbs_motif=None;rbs_spacer=None;gc_cont=0.418
Utg33254_581         -            781 24257at2157          -            345   3.9e-19   67.5   0.0   1   2   3.6e-10   7.1e-08   30.5   0.0    29    96   280   355   277   367 0.75 # 881108 # 883450 # -1 # ID=3_581;partial=00;start_type=ATG;rbs_motif=None;rbs_spacer=None;gc_cont=0.420
Utg33254_581         -            781 24257at2157          -            345   3.9e-19   67.5   0.0   2   2   2.7e-11   5.4e-09   34.2   0.0    28   108   550   638   541   647 0.82 # 881108 # 883450 # -1 # ID=3_581;partial=00;start_type=ATG;rbs_motif=None;rbs_spacer=None;gc_cont=0.420
Utg33286_290         -            355 24257at2157          -            345   3.2e-13   48.1   0.3   1   2   3.3e-05    0.0065   14.2   0.0     3    49     4    57     2    65 0.69 # 411686 # 412750 # 1 # ID=19_290;partial=00;start_type=ATG;rbs_motif=None;rbs_spacer=None;gc_cont=0.371
Utg33286_290         -            355 24257at2157          -            345   3.2e-13   48.1   0.3   2   2   3.8e-10   7.5e-08   30.4   1.1    80   191   135   248   127   253 0.90 # 411686 # 412750 # 1 # ID=19_290;partial=00;start_type=ATG;rbs_motif=None;rbs_spacer=None;gc_cont=0.371
Utg33280_843         -            429 24257at2157          -            345   1.2e-11   42.9   0.0   1   1   1.2e-13   2.5e-11   41.9   0.0    29   164   207   370   205   418 0.67 # 1232091 # 1233377 # 1 # ID=16_843;partial=00;start_type=ATG;rbs_motif=AAAA;rbs_spacer=12bp;gc_cont=0.421
Utg33252_474         -            406 24257at2157          -            345   2.3e-11   42.0   0.2   1   2       5.7   1.1e+03   -3.1   0.1   105   143    74   112    70   116 0.78 # 681634 # 682851 # 1 # ID=2_474;partial=00;start_type=ATG;rbs_motif=None;rbs_spacer=None;gc_cont=0.405
Utg33252_474         -            406 24257at2157          -            345   2.3e-11   42.0   0.2   2   2   4.6e-13     9e-11   40.0   0.0    26   218   180   399   175   405 0.77 # 681634 # 682851 # 1 # ID=2_474;partial=00;start_type=ATG;rbs_motif=None;rbs_spacer=None;gc_cont=0.405
Utg33266_183         -            438 24257at2157          -            345   4.6e-10   37.7   0.0   1   1   4.2e-12   8.3e-10   36.8   0.0    30   108   168   254   165   271 0.79 # 267741 # 269054 # -1 # ID=9_183;partial=00;start_type=ATG;rbs_motif=None;rbs_spacer=None;gc_cont=0.426
Utg33260_525         -            438 24257at2157          -            345   9.6e-10   36.6   0.0   1   1   1.2e-11   2.4e-09   35.3   0.0    29   102   216   297   212   309 0.78 # 784512 # 785825 # -1 # ID=6_525;partial=00;start_type=ATG;rbs_motif=AATAA;rbs_spacer=6bp;gc_cont=0.412
Utg33284_376         -           4093 24257at2157          -            345   1.8e-08   32.4   0.0   1   3    0.0021      0.42    8.2   0.0    33    64  1794  1825  1785  1832 0.91 # 542940 # 555218 # -1 # ID=18_376;partial=00;start_type=ATG;rbs_motif=None;rbs_spacer=None;gc_cont=0.369
Utg33284_376         -           4093 24257at2157          -            345   1.8e-08   32.4   0.0   2   3     0.013       2.5    5.7   0.1    27    48  2066  2087  2055  2093 0.84 # 542940 # 555218 # -1 # ID=18_376;partial=00;start_type=ATG;rbs_motif=None;rbs_spacer=None;gc_cont=0.369
Utg33284_376         -           4093 24257at2157          -            345   1.8e-08   32.4   0.0   3   3     6e-05     0.012   13.3   0.0    27    73  2410  2457  2396  2465 0.86 # 542940 # 555218 # -1 # ID=18_376;partial=00;start_type=ATG;rbs_motif=None;rbs_spacer=None;gc_cont=0.369
Utg33284_49          -           1044 24257at2157          -            345   2.3e-08   32.1   0.0   1   2    0.0089       1.8    6.2   0.0    26    53   452   479   432   482 0.84 # 78029 # 81160 # -1 # ID=18_49;partial=00;start_type=ATG;rbs_motif=None;rbs_spacer=None;gc_cont=0.396
Utg33284_49          -           1044 24257at2157          -            345   2.3e-08   32.1   0.0   2   2   5.6e-08   1.1e-05   23.3   0.0    30    94   733   805   730   820 0.74 # 78029 # 81160 # -1 # ID=18_49;partial=00;start_type=ATG;rbs_motif=None;rbs_spacer=None;gc_cont=0.396
Utg33252_373         -            363 24257at2157          -            345   3.7e-08   31.4   0.0   1   2   4.9e-10   9.8e-08   30.0   0.0    30    92   128   198   124   215 0.71 # 549561 # 550649 # -1 # ID=2_373;partial=00;start_type=ATG;rbs_motif=None;rbs_spacer=None;gc_cont=0.380
Utg33252_373         -            363 24257at2157          -            345   3.7e-08   31.4   0.0   2   2       6.3   1.3e+03   -3.2   0.0   123   171   243   292   229   320 0.62 # 549561 # 550649 # -1 # ID=2_373;partial=00;start_type=ATG;rbs_motif=None;rbs_spacer=None;gc_cont=0.380
Utg33278_139         -            761 24257at2157          -            345   8.3e-08   30.3   0.0   1   1   9.7e-10   1.9e-07   29.1   0.0    30   100   322   400   316   404 0.81 # 190617 # 192899 # -1 # ID=15_139;partial=00;start_type=ATG;rbs_motif=None;rbs_spacer=None;gc_cont=0.432
Utg33280_813         -            457 24257at2157          -            345   8.5e-08   30.2   0.0   1   1   7.2e-10   1.4e-07   29.5   0.0    29    85   261   317   258   338 0.84 # 1195576 # 1196946 # -1 # ID=16_813;partial=00;start_type=ATG;rbs_motif=None;rbs_spacer=None;gc_cont=0.414
Utg33284_122         -            468 24257at2157          -            345   8.6e-08   30.2   0.0   1   1   1.1e-09   2.1e-07   28.9   0.0    29    93   244   316   242   330 0.79 # 181505 # 182908 # 1 # ID=18_122;partial=00;start_type=ATG;rbs_motif=None;rbs_spacer=None;gc_cont=0.415
Utg33280_304         -            438 24257at2157          -            345     1e-07   29.9   0.0   1   1   1.3e-09   2.5e-07   28.7   0.0    29   105   217   304   214   311 0.79 # 428402 # 429715 # 1 # ID=16_304;partial=00;start_type=ATG;rbs_motif=None;rbs_spacer=None;gc_cont=0.391
Utg33260_374         -            792 24257at2157          -            345   1.1e-07   29.8   0.0   1   1     3e-09   5.9e-07   27.5   0.0     8   186   314   513   308   549 0.69 # 574833 # 577208 # -1 # ID=6_374;partial=00;start_type=ATG;rbs_motif=None;rbs_spacer=None;gc_cont=0.367
Utg33278_181         -            899 24257at2157          -            345   1.4e-07   29.5   0.0   1   1   1.5e-09   2.9e-07   28.5   0.0    30   105   641   724   637   730 0.79 # 244897 # 247593 # -1 # ID=15_181;partial=00;start_type=ATG;rbs_motif=None;rbs_spacer=None;gc_cont=0.400
Utg33250_135         -            755 24257at2157          -            345   2.2e-07   28.9   0.0   1   1   2.7e-09   5.4e-07   27.6   0.0    30    91   506   575   502   591 0.77 # 204813 # 207077 # -1 # ID=1_135;partial=00;start_type=ATG;rbs_motif=AAAAAA;rbs_spacer=10bp;gc_cont=0.396
Utg33250_6           -            748 24257at2157          -            345   2.8e-07   28.5   0.0   1   1   2.9e-09   5.7e-07   27.5   0.0    29    95   315   389   312   402 0.77 # 10082 # 12325 # -1 # ID=1_6;partial=00;start_type=ATG;rbs_motif=None;rbs_spacer=None;gc_cont=0.429
Utg33286_274         -            759 24257at2157          -            345   4.9e-07   27.7   0.6   1   3   7.4e-05     0.015   13.0   0.2    29    48   275   294   271   301 0.86 # 386535 # 388811 # -1 # ID=19_274;partial=00;start_type=ATG;rbs_motif=None;rbs_spacer=None;gc_cont=0.384
Utg33286_274         -            759 24257at2157          -            345   4.9e-07   27.7   0.6   2   3         1     2e+02   -0.6   0.0    76    94   339   357   327   363 0.75 # 386535 # 388811 # -1 # ID=19_274;partial=00;start_type=ATG;rbs_motif=None;rbs_spacer=None;gc_cont=0.384
Utg33286_274         -            759 24257at2157          -            345   4.9e-07   27.7   0.6   3   3   0.00031     0.062   10.9   0.0    30    59   559   588   547   590 0.92 # 386535 # 388811 # -1 # ID=19_274;partial=00;start_type=ATG;rbs_motif=None;rbs_spacer=None;gc_cont=0.384
Utg33272_17          -           1051 24257at2157          -            345   7.2e-07   27.2   0.0   1   2       4.1   8.1e+02   -2.6   0.0    35    62   503   530   495   544 0.74 # 20493 # 23645 # -1 # ID=12_17;partial=00;start_type=GTG;rbs_motif=AACAA;rbs_spacer=9bp;gc_cont=0.389
Utg33272_17          -           1051 24257at2157          -            345   7.2e-07   27.2   0.0   2   2   1.2e-08   2.4e-06   25.4   0.0    28    95   785   860   781   875 0.74 # 20493 # 23645 # -1 # ID=12_17;partial=00;start_type=GTG;rbs_motif=AACAA;rbs_spacer=9bp;gc_cont=0.389
Utg33260_346         -            435 24257at2157          -            345   1.5e-06   26.1   0.0   1   1   2.1e-08   4.1e-06   24.7   0.0    28    93   215   288   196   310 0.76 # 522662 # 523966 # 1 # ID=6_346;partial=00;start_type=ATG;rbs_motif=None;rbs_spacer=None;gc_cont=0.411
Utg33264_271         -            826 24257at2157          -            345   1.8e-06   25.9   0.0   1   1   2.6e-08   5.1e-06   24.4   0.0    29   103   382   464   344   479 0.78 # 417331 # 419808 # -1 # ID=8_271;partial=00;start_type=ATG;rbs_motif=None;rbs_spacer=None;gc_cont=0.404
Utg33252_35          -           1380 24257at2157          -            345   3.3e-06   25.0   0.0   1   2     3e-06   0.00059   17.6   0.0    29    53   448   472   443   475 0.88 # 52865 # 57004 # -1 # ID=2_35;partial=00;start_type=ATG;rbs_motif=None;rbs_spacer=None;gc_cont=0.384
Utg33252_35          -           1380 24257at2157          -            345   3.3e-06   25.0   0.0   2   2      0.02         4    5.0   0.0    70    95   502   527   495   542 0.78 # 52865 # 57004 # -1 # ID=2_35;partial=00;start_type=ATG;rbs_motif=None;rbs_spacer=None;gc_cont=0.384
Utg33272_144         -            588 24257at2157          -            345   3.5e-06   24.9   0.1   1   2   6.9e-06    0.0014   16.4   0.0    29    52   171   194   133   206 0.70 # 239171 # 240934 # 1 # ID=12_144;partial=00;start_type=ATG;rbs_motif=None;rbs_spacer=None;gc_cont=0.398
Utg33272_144         -            588 24257at2157          -            345   3.5e-06   24.9   0.1   2   2     0.012       2.4    5.7   0.1   161   206   333   376   313   391 0.78 # 239171 # 240934 # 1 # ID=12_144;partial=00;start_type=ATG;rbs_motif=None;rbs_spacer=None;gc_cont=0.398
Utg33278_371         -            660 24257at2157          -            345   6.6e-06   24.0   0.1   1   2      0.14        27    2.3   0.0    26    48   100   122    65   126 0.82 # 530971 # 532950 # 1 # ID=15_371;partial=00;start_type=ATG;rbs_motif=None;rbs_spacer=None;gc_cont=0.383
Utg33278_371         -            660 24257at2157          -            345   6.6e-06   24.0   0.1   2   2   9.5e-07   0.00019   19.2   0.1   129   217   259   355   249   374 0.72 # 530971 # 532950 # 1 # ID=15_371;partial=00;start_type=ATG;rbs_motif=None;rbs_spacer=None;gc_cont=0.383
Utg33286_406         -            537 24257at2157          -            345   8.1e-05   20.4   0.0   1   1   7.4e-07   0.00015   19.6   0.0    26    52   305   331   292   337 0.80 # 586625 # 588235 # 1 # ID=19_406;partial=00;start_type=ATG;rbs_motif=AATAA;rbs_spacer=4bp;gc_cont=0.363
Utg33286_459         -            521 24257at2157          -            345   0.00028   18.7   0.2   1   2   7.5e-05     0.015   13.0   0.0    28    55   133   160   126   173 0.89 # 665491 # 667053 # -1 # ID=19_459;partial=00;start_type=ATG;rbs_motif=None;rbs_spacer=None;gc_cont=0.378
Utg33286_459         -            521 24257at2157          -            345   0.00028   18.7   0.2   2   2     0.076        15    3.1   0.1    79   101   198   220   190   235 0.83 # 665491 # 667053 # -1 # ID=19_459;partial=00;start_type=ATG;rbs_motif=None;rbs_spacer=None;gc_cont=0.378
Utg33286_119         -           1134 24257at2157          -            345   0.00067   17.4   0.0   1   2   0.00017     0.033   11.8   0.0    27    53   624   650   615   655 0.85 # 176331 # 179732 # -1 # ID=19_119;partial=00;start_type=ATG;rbs_motif=None;rbs_spacer=None;gc_cont=0.407
Utg33286_119         -           1134 24257at2157          -            345   0.00067   17.4   0.0   2   2     0.098        19    2.7   0.0    77    96   690   709   680   729 0.69 # 176331 # 179732 # -1 # ID=19_119;partial=00;start_type=ATG;rbs_motif=None;rbs_spacer=None;gc_cont=0.407
Utg33280_429         -            609 24257at2157          -            345    0.0051   14.5   0.2   1   2     0.078        15    3.1   0.2    31    51   106   126   103   130 0.87 # 603657 # 605483 # -1 # ID=16_429;partial=00;start_type=ATG;rbs_motif=None;rbs_spacer=None;gc_cont=0.374
Utg33280_429         -            609 24257at2157          -            345    0.0051   14.5   0.2   2   2    0.0011      0.22    9.1   0.0    26    51   376   401   371   406 0.87 # 603657 # 605483 # -1 # ID=16_429;partial=00;start_type=ATG;rbs_motif=None;rbs_spacer=None;gc_cont=0.374
Utg33280_640         -            812 24257at2157          -            345    0.0053   14.5   1.4   1   4     0.064        13    3.4   0.0    28    51   136   159   116   162 0.77 # 942217 # 944652 # -1 # ID=16_640;partial=00;start_type=ATG;rbs_motif=None;rbs_spacer=None;gc_cont=0.388
Utg33280_640         -            812 24257at2157          -            345    0.0053   14.5   1.4   2   4       1.8   3.5e+02   -1.4   0.0    69   107   198   236   194   240 0.74 # 942217 # 944652 # -1 # ID=16_640;partial=00;start_type=ATG;rbs_motif=None;rbs_spacer=None;gc_cont=0.388
Utg33280_640         -            812 24257at2157          -            345    0.0053   14.5   1.4   3   4       4.2   8.3e+02   -2.6   0.2   203   257   377   431   349   434 0.72 # 942217 # 944652 # -1 # ID=16_640;partial=00;start_type=ATG;rbs_motif=None;rbs_spacer=None;gc_cont=0.388
Utg33280_640         -            812 24257at2157          -            345    0.0053   14.5   1.4   4   4    0.0027      0.54    7.9   0.0    31    50   537   556   504   580 0.85 # 942217 # 944652 # -1 # ID=16_640;partial=00;start_type=ATG;rbs_motif=None;rbs_spacer=None;gc_cont=0.388
Utg33280_554         -            464 24257at2157          -            345     0.018   12.7   0.1   1   1   0.00018     0.036   11.7   0.1    28    53    72    97    63   100 0.89 # 811010 # 812401 # -1 # ID=16_554;partial=00;start_type=ATG;rbs_motif=AATAA;rbs_spacer=10bp;gc_cont=0.406
Utg33278_374         -           1122 24257at2157          -            345     0.022   12.4   0.0   1   1   0.00022     0.043   11.5   0.0    15    46   650   681   647   687 0.90 # 536361 # 539726 # 1 # ID=15_374;partial=00;start_type=ATG;rbs_motif=None;rbs_spacer=None;gc_cont=0.395
Utg33274_366         -            396 24257at2157          -            345     0.024   12.3   0.0   1   2       1.1   2.2e+02   -0.7   0.0    21    49    52    80    47    83 0.81 # 598470 # 599657 # 1 # ID=13_366;partial=00;start_type=ATG;rbs_motif=AATAA;rbs_spacer=14bp;gc_cont=0.406
Utg33274_366         -            396 24257at2157          -            345     0.024   12.3   0.0   2   2   0.00064      0.13    9.9   0.0    68   123   152   207   148   222 0.88 # 598470 # 599657 # 1 # ID=13_366;partial=00;start_type=ATG;rbs_motif=AATAA;rbs_spacer=14bp;gc_cont=0.406
Utg33284_380         -            396 24257at2157          -            345     0.024   12.3   0.0   1   2       1.1   2.2e+02   -0.7   0.0    21    49    52    80    47    83 0.81 # 562280 # 563467 # 1 # ID=18_380;partial=00;start_type=ATG;rbs_motif=None;rbs_spacer=None;gc_cont=0.404
Utg33284_380         -            396 24257at2157          -            345     0.024   12.3   0.0   2   2   0.00064      0.13    9.9   0.0    68   123   152   207   148   222 0.88 # 562280 # 563467 # 1 # ID=18_380;partial=00;start_type=ATG;rbs_motif=None;rbs_spacer=None;gc_cont=0.404
#
# Program:         hmmsearch
# Version:         3.1b2 (February 2015)
# Pipeline mode:   SEARCH
# Query file:      /home/inf-34-2022/Documents/BINP29/DeNovo_LongReads/Busco/busco_downloads/lineages/archaea_odb10/hmms/24257at2157.hmm
# Target file:     /home/inf-34-2022/Documents/BINP29/DeNovo_LongReads/Busco/busco_output/prodigal_output/predicted_genes/predicted.faa
# Option settings: hmmsearch --domtblout /home/inf-34-2022/Documents/BINP29/DeNovo_LongReads/Busco/busco_output/auto_lineage/run_archaea_odb10/hmmer_output/24257at2157.out --cpu 1 /home/inf-34-2022/Documents/BINP29/DeNovo_LongReads/Busco/busco_downloads/lineages/archaea_odb10/hmms/24257at2157.hmm /home/inf-34-2022/Documents/BINP29/DeNovo_LongReads/Busco/busco_output/prodigal_output/predicted_genes/predicted.faa 
# Current dir:     /home/inf-34-2022/Documents/BINP29/DeNovo_LongReads/Busco
# Date:            Fri Feb 24 11:42:47 2023
# [ok]
