#                                                                            --- full sequence --- -------------- this domain -------------   hmm coord   ali coord   env coord
# target name        accession   tlen query name           accession   qlen   E-value  score  bias   #  of  c-Evalue  i-Evalue  score  bias  from    to  from    to  from    to  acc description of target
#------------------- ---------- ----- -------------------- ---------- ----- --------- ------ ----- --- --- --------- --------- ------ ----- ----- ----- ----- ----- ----- ----- ---- ---------------------
Utg33254_56          -            558 24288at2157          -            347   1.1e-79  267.2   5.0   1   2   1.5e-52   1.6e-49  168.1   0.8    25   210   153   359   130   382 0.76 # 95374 # 97047 # -1 # ID=3_56;partial=00;start_type=ATG;rbs_motif=AAAAAA;rbs_spacer=15bp;gc_cont=0.443
Utg33254_56          -            558 24288at2157          -            347   1.1e-79  267.2   5.0   2   2   9.2e-32   9.4e-29   99.8   0.2   219   347   396   557   372   557 0.84 # 95374 # 97047 # -1 # ID=3_56;partial=00;start_type=ATG;rbs_motif=AAAAAA;rbs_spacer=15bp;gc_cont=0.443
Utg33262_107         -            555 24288at2157          -            347   6.1e-62  208.9   2.5   1   3      0.63   6.4e+02   -1.6   0.1    43    89    77   123    68   129 0.74 # 150497 # 152161 # -1 # ID=7_107;partial=00;start_type=ATG;rbs_motif=None;rbs_spacer=None;gc_cont=0.445
Utg33262_107         -            555 24288at2157          -            347   6.1e-62  208.9   2.5   2   3   5.8e-41   5.9e-38  130.0   0.2     5   214   131   367   127   375 0.81 # 150497 # 152161 # -1 # ID=7_107;partial=00;start_type=ATG;rbs_motif=None;rbs_spacer=None;gc_cont=0.445
Utg33262_107         -            555 24288at2157          -            347   6.1e-62  208.9   2.5   3   3     2e-21     2e-18   65.8   0.0   218   347   406   554   378   554 0.88 # 150497 # 152161 # -1 # ID=7_107;partial=00;start_type=ATG;rbs_motif=None;rbs_spacer=None;gc_cont=0.445
Utg33258_114         -            493 24288at2157          -            347   1.1e-45  155.4   0.1   1   2   2.1e-27   2.1e-24   85.5   0.0     4   207    32   270    29   290 0.73 # 176891 # 178369 # 1 # ID=5_114;partial=00;start_type=ATG;rbs_motif=None;rbs_spacer=None;gc_cont=0.373
Utg33258_114         -            493 24288at2157          -            347   1.1e-45  155.4   0.1   2   2     8e-20   8.1e-17   60.5   0.0   233   340   356   484   318   488 0.83 # 176891 # 178369 # 1 # ID=5_114;partial=00;start_type=ATG;rbs_motif=None;rbs_spacer=None;gc_cont=0.373
Utg33250_171         -            659 24288at2157          -            347   3.4e-38  130.8   0.7   1   2     4e-27     4e-24   84.5   0.7    44   215   112   288    47   297 0.82 # 265164 # 267140 # -1 # ID=1_171;partial=00;start_type=ATG;rbs_motif=None;rbs_spacer=None;gc_cont=0.390
Utg33250_171         -            659 24288at2157          -            347   3.4e-38  130.8   0.7   2   2   1.3e-14   1.3e-11   43.4   0.0   269   340   552   626   543   629 0.85 # 265164 # 267140 # -1 # ID=1_171;partial=00;start_type=ATG;rbs_motif=None;rbs_spacer=None;gc_cont=0.390
Utg33280_363         -            592 24288at2157          -            347   1.2e-31  109.3   0.1   1   3       1.6   1.6e+03   -3.0   0.1    75    97    28    50     5    62 0.68 # 510277 # 512052 # 1 # ID=16_363;partial=00;start_type=ATG;rbs_motif=AATAA;rbs_spacer=15bp;gc_cont=0.402
Utg33280_363         -            592 24288at2157          -            347   1.2e-31  109.3   0.1   2   3   1.7e-22   1.7e-19   69.3   0.0    47   226   196   377   168   385 0.84 # 510277 # 512052 # 1 # ID=16_363;partial=00;start_type=ATG;rbs_motif=AATAA;rbs_spacer=15bp;gc_cont=0.402
Utg33280_363         -            592 24288at2157          -            347   1.2e-31  109.3   0.1   3   3   1.4e-12   1.4e-09   36.7   0.0   290   339   523   574   510   578 0.82 # 510277 # 512052 # 1 # ID=16_363;partial=00;start_type=ATG;rbs_motif=AATAA;rbs_spacer=15bp;gc_cont=0.402
Utg33272_320         -            577 24288at2157          -            347   1.7e-20   72.6   0.0   1   2   8.8e-14   8.9e-11   40.6   0.0    83   216   212   346   175   356 0.78 # 489276 # 491006 # 1 # ID=12_320;partial=00;start_type=ATG;rbs_motif=None;rbs_spacer=None;gc_cont=0.417
Utg33272_320         -            577 24288at2157          -            347   1.7e-20   72.6   0.0   2   2   2.1e-10   2.1e-07   29.5   0.0   291   338   520   567   506   574 0.86 # 489276 # 491006 # 1 # ID=12_320;partial=00;start_type=ATG;rbs_motif=None;rbs_spacer=None;gc_cont=0.417
Utg33274_43          -             88 24288at2157          -            347     0.034   12.4   0.0   1   1   3.6e-05     0.037   12.3   0.0   207   248    27    68    12    74 0.90 # 69478 # 69741 # -1 # ID=13_43;partial=00;start_type=ATG;rbs_motif=AACAA;rbs_spacer=6bp;gc_cont=0.375
Utg33282_112         -            504 24288at2157          -            347     0.048   11.9   0.3   1   3       1.7   1.7e+03   -3.1   0.0   200   228    31    59    29    80 0.76 # 176782 # 178293 # 1 # ID=17_112;partial=00;start_type=ATG;rbs_motif=None;rbs_spacer=None;gc_cont=0.441
Utg33282_112         -            504 24288at2157          -            347     0.048   11.9   0.3   2   3    0.0077       7.9    4.6   0.0   167   215   351   402   342   416 0.71 # 176782 # 178293 # 1 # ID=17_112;partial=00;start_type=ATG;rbs_motif=None;rbs_spacer=None;gc_cont=0.441
Utg33282_112         -            504 24288at2157          -            347     0.048   11.9   0.3   3   3    0.0099        10    4.3   0.0   314   335   458   479   448   482 0.92 # 176782 # 178293 # 1 # ID=17_112;partial=00;start_type=ATG;rbs_motif=None;rbs_spacer=None;gc_cont=0.441
#
# Program:         hmmsearch
# Version:         3.1b2 (February 2015)
# Pipeline mode:   SEARCH
# Query file:      /home/inf-34-2022/Documents/BINP29/DeNovo_LongReads/Busco/busco_downloads/lineages/archaea_odb10/hmms/24288at2157.hmm
# Target file:     /home/inf-34-2022/Documents/BINP29/DeNovo_LongReads/Busco/busco_output/prodigal_output/predicted_genes/predicted.faa
# Option settings: hmmsearch --domtblout /home/inf-34-2022/Documents/BINP29/DeNovo_LongReads/Busco/busco_output/auto_lineage/run_archaea_odb10/hmmer_output/24288at2157.out --cpu 1 /home/inf-34-2022/Documents/BINP29/DeNovo_LongReads/Busco/busco_downloads/lineages/archaea_odb10/hmms/24288at2157.hmm /home/inf-34-2022/Documents/BINP29/DeNovo_LongReads/Busco/busco_output/prodigal_output/predicted_genes/predicted.faa 
# Current dir:     /home/inf-34-2022/Documents/BINP29/DeNovo_LongReads/Busco
# Date:            Fri Feb 24 11:42:47 2023
# [ok]
