#                                                                            --- full sequence --- -------------- this domain -------------   hmm coord   ali coord   env coord
# target name        accession   tlen query name           accession   qlen   E-value  score  bias   #  of  c-Evalue  i-Evalue  score  bias  from    to  from    to  from    to  acc description of target
#------------------- ---------- ----- -------------------- ---------- ----- --------- ------ ----- --- --- --------- --------- ------ ----- ----- ----- ----- ----- ----- ----- ---- ---------------------
Utg33286_325         -            668 32623at2157          -            361  3.5e-102  340.7   4.5   1   5   3.8e-27   5.1e-24   83.5   0.0     4    97    25   121    22   130 0.93 # 467435 # 469438 # -1 # ID=19_325;partial=00;start_type=ATG;rbs_motif=None;rbs_spacer=None;gc_cont=0.393
Utg33286_325         -            668 32623at2157          -            361  3.5e-102  340.7   4.5   2   5   6.5e-31   8.8e-28   95.9   0.1   112   184   206   287   196   297 0.91 # 467435 # 469438 # -1 # ID=19_325;partial=00;start_type=ATG;rbs_motif=None;rbs_spacer=None;gc_cont=0.393
Utg33286_325         -            668 32623at2157          -            361  3.5e-102  340.7   4.5   3   5   3.7e-28   5.1e-25   86.8   0.1   184   275   320   422   316   428 0.89 # 467435 # 469438 # -1 # ID=19_325;partial=00;start_type=ATG;rbs_motif=None;rbs_spacer=None;gc_cont=0.393
Utg33286_325         -            668 32623at2157          -            361  3.5e-102  340.7   4.5   4   5   6.2e-09   8.3e-06   23.6   0.0   264   292   498   526   484   549 0.85 # 467435 # 469438 # -1 # ID=19_325;partial=00;start_type=ATG;rbs_motif=None;rbs_spacer=None;gc_cont=0.393
Utg33286_325         -            668 32623at2157          -            361  3.5e-102  340.7   4.5   5   5   2.1e-16   2.9e-13   48.2   0.0   290   360   555   631   545   632 0.81 # 467435 # 469438 # -1 # ID=19_325;partial=00;start_type=ATG;rbs_motif=None;rbs_spacer=None;gc_cont=0.393
Utg33266_64          -            619 32623at2157          -            361  6.5e-102  339.8   1.1   1   5   3.5e-28   4.8e-25   86.9   0.0     3    95    16   111    14   125 0.93 # 89261 # 91117 # -1 # ID=9_64;partial=00;start_type=ATG;rbs_motif=None;rbs_spacer=None;gc_cont=0.392
Utg33266_64          -            619 32623at2157          -            361  6.5e-102  339.8   1.1   2   5   3.8e-31   5.1e-28   96.7   0.1   111   197   164   259   147   264 0.88 # 89261 # 91117 # -1 # ID=9_64;partial=00;start_type=ATG;rbs_motif=None;rbs_spacer=None;gc_cont=0.392
Utg33266_64          -            619 32623at2157          -            361  6.5e-102  339.8   1.1   3   5   2.9e-28   3.9e-25   87.2   0.0   184   268   280   375   267   386 0.88 # 89261 # 91117 # -1 # ID=9_64;partial=00;start_type=ATG;rbs_motif=None;rbs_spacer=None;gc_cont=0.392
Utg33266_64          -            619 32623at2157          -            361  6.5e-102  339.8   1.1   4   5   3.7e-08     5e-05   21.1   0.0   264   293   456   485   447   502 0.85 # 89261 # 91117 # -1 # ID=9_64;partial=00;start_type=ATG;rbs_motif=None;rbs_spacer=None;gc_cont=0.392
Utg33266_64          -            619 32623at2157          -            361  6.5e-102  339.8   1.1   5   5   1.8e-14   2.4e-11   41.9   0.1   308   360   533   589   514   590 0.82 # 89261 # 91117 # -1 # ID=9_64;partial=00;start_type=ATG;rbs_motif=None;rbs_spacer=None;gc_cont=0.392
Utg33278_250         -            607 32623at2157          -            361   2.1e-09   35.5   0.0   1   4      0.12   1.7e+02   -0.4   0.0    18    64    72   121    63   127 0.86 # 331564 # 333384 # 1 # ID=15_250;partial=00;start_type=TTG;rbs_motif=AACAA;rbs_spacer=13bp;gc_cont=0.384
Utg33278_250         -            607 32623at2157          -            361   2.1e-09   35.5   0.0   2   4   8.4e-10   1.1e-06   26.5   0.0   141   184   160   203   140   213 0.86 # 331564 # 333384 # 1 # ID=15_250;partial=00;start_type=TTG;rbs_motif=AACAA;rbs_spacer=13bp;gc_cont=0.384
Utg33278_250         -            607 32623at2157          -            361   2.1e-09   35.5   0.0   3   4      0.75     1e+03   -3.0   0.1    71    87   254   270   250   279 0.81 # 331564 # 333384 # 1 # ID=15_250;partial=00;start_type=TTG;rbs_motif=AACAA;rbs_spacer=13bp;gc_cont=0.384
Utg33278_250         -            607 32623at2157          -            361   2.1e-09   35.5   0.0   4   4    0.0049       6.6    4.2   0.0   302   340   506   544   496   557 0.85 # 331564 # 333384 # 1 # ID=15_250;partial=00;start_type=TTG;rbs_motif=AACAA;rbs_spacer=13bp;gc_cont=0.384
Utg33276_135         -            735 32623at2157          -            361   3.2e-09   34.9   0.0   1   2   3.2e-05     0.043   11.4   0.0    24    78   351   407   339   414 0.85 # 206562 # 208766 # 1 # ID=14_135;partial=00;start_type=ATG;rbs_motif=AATAA;rbs_spacer=7bp;gc_cont=0.393
Utg33276_135         -            735 32623at2157          -            361   3.2e-09   34.9   0.0   2   2   1.4e-08   1.9e-05   22.5   0.1   111   193   404   486   401   527 0.83 # 206562 # 208766 # 1 # ID=14_135;partial=00;start_type=ATG;rbs_motif=AATAA;rbs_spacer=7bp;gc_cont=0.393
Utg33284_53          -            463 32623at2157          -            361   6.2e-08   30.6   0.0   1   2   7.6e-07     0.001   16.7   0.0    23    81    59   120    54   126 0.82 # 84556 # 85944 # -1 # ID=18_53;partial=00;start_type=ATG;rbs_motif=None;rbs_spacer=None;gc_cont=0.391
Utg33284_53          -            463 32623at2157          -            361   6.2e-08   30.6   0.0   2   2   2.6e-05     0.035   11.7   0.0   142   191   147   197   123   214 0.80 # 84556 # 85944 # -1 # ID=18_53;partial=00;start_type=ATG;rbs_motif=None;rbs_spacer=None;gc_cont=0.391
Utg33262_96          -            447 32623at2157          -            361     0.008   13.8   0.0   1   2      0.37   5.1e+02   -2.0   0.0   318   350    55    88    45    97 0.81 # 130418 # 131758 # 1 # ID=7_96;partial=00;start_type=ATG;rbs_motif=None;rbs_spacer=None;gc_cont=0.395
Utg33262_96          -            447 32623at2157          -            361     0.008   13.8   0.0   2   2   1.9e-05     0.026   12.1   0.0   150   291   277   423   262   438 0.73 # 130418 # 131758 # 1 # ID=7_96;partial=00;start_type=ATG;rbs_motif=None;rbs_spacer=None;gc_cont=0.395
#
# Program:         hmmsearch
# Version:         3.1b2 (February 2015)
# Pipeline mode:   SEARCH
# Query file:      /home/inf-34-2022/Documents/BINP29/DeNovo_LongReads/Busco/busco_downloads/lineages/archaea_odb10/hmms/32623at2157.hmm
# Target file:     /home/inf-34-2022/Documents/BINP29/DeNovo_LongReads/Busco/busco_output/prodigal_output/predicted_genes/predicted.faa
# Option settings: hmmsearch --domtblout /home/inf-34-2022/Documents/BINP29/DeNovo_LongReads/Busco/busco_output/auto_lineage/run_archaea_odb10/hmmer_output/32623at2157.out --cpu 1 /home/inf-34-2022/Documents/BINP29/DeNovo_LongReads/Busco/busco_downloads/lineages/archaea_odb10/hmms/32623at2157.hmm /home/inf-34-2022/Documents/BINP29/DeNovo_LongReads/Busco/busco_output/prodigal_output/predicted_genes/predicted.faa 
# Current dir:     /home/inf-34-2022/Documents/BINP29/DeNovo_LongReads/Busco
# Date:            Fri Feb 24 11:42:47 2023
# [ok]
