#                                                                            --- full sequence --- -------------- this domain -------------   hmm coord   ali coord   env coord
# target name        accession   tlen query name           accession   qlen   E-value  score  bias   #  of  c-Evalue  i-Evalue  score  bias  from    to  from    to  from    to  acc description of target
#------------------- ---------- ----- -------------------- ---------- ----- --------- ------ ----- --- --- --------- --------- ------ ----- ----- ----- ----- ----- ----- ----- ---- ---------------------
Utg33284_158         -            383 41214at2157          -            286   2.8e-68  229.1   0.0   1   2   5.1e-65   8.3e-62  207.9   0.0    12   237    23   260    18   270 0.89 # 232019 # 233167 # -1 # ID=18_158;partial=00;start_type=ATG;rbs_motif=None;rbs_spacer=None;gc_cont=0.400
Utg33284_158         -            383 41214at2157          -            286   2.8e-68  229.1   0.0   2   2   2.2e-07   0.00036   18.7   0.0   244   279   299   334   270   340 0.79 # 232019 # 233167 # -1 # ID=18_158;partial=00;start_type=ATG;rbs_motif=None;rbs_spacer=None;gc_cont=0.400
Utg33252_51          -           1032 41214at2157          -            286   4.8e-41  139.7   2.9   1   3   2.6e-20   4.2e-17   61.2   0.0    10   102    17   107     1   124 0.80 # 73608 # 76703 # 1 # ID=2_51;partial=00;start_type=ATG;rbs_motif=None;rbs_spacer=None;gc_cont=0.401
Utg33252_51          -           1032 41214at2157          -            286   4.8e-41  139.7   2.9   2   3      0.12     2e+02   -0.1   0.3   253   286   697   730   684   730 0.82 # 73608 # 76703 # 1 # ID=2_51;partial=00;start_type=ATG;rbs_motif=None;rbs_spacer=None;gc_cont=0.401
Utg33252_51          -           1032 41214at2157          -            286   4.8e-41  139.7   2.9   3   3   5.2e-25   8.5e-22   76.6   0.2    90   251   750   904   731   923 0.84 # 73608 # 76703 # 1 # ID=2_51;partial=00;start_type=ATG;rbs_motif=None;rbs_spacer=None;gc_cont=0.401
Utg33280_656         -            431 41214at2157          -            286   2.3e-22   78.4   0.1   1   2     7e-25   1.1e-21   76.2   0.0     6   235    13   254    10   286 0.84 # 964651 # 965943 # -1 # ID=16_656;partial=00;start_type=ATG;rbs_motif=None;rbs_spacer=None;gc_cont=0.363
Utg33280_656         -            431 41214at2157          -            286   2.3e-22   78.4   0.1   2   2      0.28   4.5e+02   -1.3   0.0   178   215   352   390   335   419 0.69 # 964651 # 965943 # -1 # ID=16_656;partial=00;start_type=ATG;rbs_motif=None;rbs_spacer=None;gc_cont=0.363
Utg33260_241         -            703 41214at2157          -            286   7.9e-20   70.1   0.0   1   1   1.2e-22     2e-19   68.8   0.0     7   235    14   254    10   268 0.83 # 370027 # 372135 # -1 # ID=6_241;partial=00;start_type=ATG;rbs_motif=None;rbs_spacer=None;gc_cont=0.386
Utg33278_171         -            760 41214at2157          -            286   2.7e-19   68.4   0.0   1   3       1.3   2.1e+03   -3.5   0.0    19    29    37    47    28    48 0.81 # 233557 # 235836 # 1 # ID=15_171;partial=00;start_type=ATG;rbs_motif=None;rbs_spacer=None;gc_cont=0.380
Utg33278_171         -            760 41214at2157          -            286   2.7e-19   68.4   0.0   2   3   3.8e-20   6.2e-17   60.6   0.0    54   256    99   335    86   342 0.73 # 233557 # 235836 # 1 # ID=15_171;partial=00;start_type=ATG;rbs_motif=None;rbs_spacer=None;gc_cont=0.380
Utg33278_171         -            760 41214at2157          -            286   2.7e-19   68.4   0.0   3   3      0.53   8.6e+02   -2.2   0.0   203   251   607   656   600   686 0.68 # 233557 # 235836 # 1 # ID=15_171;partial=00;start_type=ATG;rbs_motif=None;rbs_spacer=None;gc_cont=0.380
#
# Program:         hmmsearch
# Version:         3.1b2 (February 2015)
# Pipeline mode:   SEARCH
# Query file:      /home/inf-34-2022/Documents/BINP29/DeNovo_LongReads/Busco/busco_downloads/lineages/archaea_odb10/hmms/41214at2157.hmm
# Target file:     /home/inf-34-2022/Documents/BINP29/DeNovo_LongReads/Busco/busco_output/prodigal_output/predicted_genes/predicted.faa
# Option settings: hmmsearch --domtblout /home/inf-34-2022/Documents/BINP29/DeNovo_LongReads/Busco/busco_output/auto_lineage/run_archaea_odb10/hmmer_output/41214at2157.out --cpu 1 /home/inf-34-2022/Documents/BINP29/DeNovo_LongReads/Busco/busco_downloads/lineages/archaea_odb10/hmms/41214at2157.hmm /home/inf-34-2022/Documents/BINP29/DeNovo_LongReads/Busco/busco_output/prodigal_output/predicted_genes/predicted.faa 
# Current dir:     /home/inf-34-2022/Documents/BINP29/DeNovo_LongReads/Busco
# Date:            Fri Feb 24 11:42:48 2023
# [ok]
