#                                                                            --- full sequence --- -------------- this domain -------------   hmm coord   ali coord   env coord
# target name        accession   tlen query name           accession   qlen   E-value  score  bias   #  of  c-Evalue  i-Evalue  score  bias  from    to  from    to  from    to  acc description of target
#------------------- ---------- ----- -------------------- ---------- ----- --------- ------ ----- --- --- --------- --------- ------ ----- ----- ----- ----- ----- ----- ----- ---- ---------------------
Utg33284_192         -            572 56027at2157          -            302   1.1e-11   43.2   0.3   1   2     0.045        92    0.7   0.0     2    24   311   333   310   356 0.79 # 282575 # 284290 # 1 # ID=18_192;partial=00;start_type=ATG;rbs_motif=None;rbs_spacer=None;gc_cont=0.409
Utg33284_192         -            572 56027at2157          -            302   1.1e-11   43.2   0.3   2   2   5.8e-14   1.2e-10   39.7   0.1    65   127   396   460   389   466 0.90 # 282575 # 284290 # 1 # ID=18_192;partial=00;start_type=ATG;rbs_motif=None;rbs_spacer=None;gc_cont=0.409
Utg33276_131         -            366 56027at2157          -            302   3.9e-09   34.8   0.0   1   3      0.88   1.8e+03   -3.5   0.0   234   258    18    42    11    47 0.73 # 202711 # 203808 # -1 # ID=14_131;partial=00;start_type=ATG;rbs_motif=None;rbs_spacer=None;gc_cont=0.389
Utg33276_131         -            366 56027at2157          -            302   3.9e-09   34.8   0.0   2   3   5.3e-06     0.011   13.6   0.0   140   193    62   117    51   178 0.77 # 202711 # 203808 # -1 # ID=14_131;partial=00;start_type=ATG;rbs_motif=None;rbs_spacer=None;gc_cont=0.389
Utg33276_131         -            366 56027at2157          -            302   3.9e-09   34.8   0.0   3   3   1.5e-07   0.00031   18.7   0.0   227   293   252   321   241   328 0.81 # 202711 # 203808 # -1 # ID=14_131;partial=00;start_type=ATG;rbs_motif=None;rbs_spacer=None;gc_cont=0.389
Utg33284_395         -            559 56027at2157          -            302   3.9e-09   34.7   0.0   1   2     0.041        84    0.8   0.0     2    42   266   310   265   315 0.87 # 583734 # 585410 # -1 # ID=18_395;partial=00;start_type=ATG;rbs_motif=None;rbs_spacer=None;gc_cont=0.434
Utg33284_395         -            559 56027at2157          -            302   3.9e-09   34.7   0.0   2   2   2.2e-11   4.4e-08   31.3   0.0    66   124   384   444   372   462 0.77 # 583734 # 585410 # -1 # ID=18_395;partial=00;start_type=ATG;rbs_motif=None;rbs_spacer=None;gc_cont=0.434
Utg33260_266         -            675 56027at2157          -            302   2.1e-08   32.3   0.0   1   2     0.007        14    3.4   0.0     2    46   294   342   293   346 0.89 # 405442 # 407466 # -1 # ID=6_266;partial=00;start_type=ATG;rbs_motif=None;rbs_spacer=None;gc_cont=0.429
Utg33260_266         -            675 56027at2157          -            302   2.1e-08   32.3   0.0   2   2   5.7e-10   1.2e-06   26.6   0.0    63   111   459   512   439   530 0.83 # 405442 # 407466 # -1 # ID=6_266;partial=00;start_type=ATG;rbs_motif=None;rbs_spacer=None;gc_cont=0.429
#
# Program:         hmmsearch
# Version:         3.1b2 (February 2015)
# Pipeline mode:   SEARCH
# Query file:      /home/inf-34-2022/Documents/BINP29/DeNovo_LongReads/Busco/busco_downloads/lineages/archaea_odb10/hmms/56027at2157.hmm
# Target file:     /home/inf-34-2022/Documents/BINP29/DeNovo_LongReads/Busco/busco_output/prodigal_output/predicted_genes/predicted.faa
# Option settings: hmmsearch --domtblout /home/inf-34-2022/Documents/BINP29/DeNovo_LongReads/Busco/busco_output/auto_lineage/run_archaea_odb10/hmmer_output/56027at2157.out --cpu 1 /home/inf-34-2022/Documents/BINP29/DeNovo_LongReads/Busco/busco_downloads/lineages/archaea_odb10/hmms/56027at2157.hmm /home/inf-34-2022/Documents/BINP29/DeNovo_LongReads/Busco/busco_output/prodigal_output/predicted_genes/predicted.faa 
# Current dir:     /home/inf-34-2022/Documents/BINP29/DeNovo_LongReads/Busco
# Date:            Fri Feb 24 11:42:48 2023
# [ok]
