#                                                                            --- full sequence --- -------------- this domain -------------   hmm coord   ali coord   env coord
# target name        accession   tlen query name           accession   qlen   E-value  score  bias   #  of  c-Evalue  i-Evalue  score  bias  from    to  from    to  from    to  acc description of target
#------------------- ---------- ----- -------------------- ---------- ----- --------- ------ ----- --- --- --------- --------- ------ ----- ----- ----- ----- ----- ----- ----- ---- ---------------------
Utg33252_42          -            752 6590at2157           -            391   5.8e-83  277.8  10.7   1   2   1.1e-43   1.2e-40  138.4   0.5     2   135   198   342   197   349 0.89 # 62521 # 64776 # 1 # ID=2_42;partial=00;start_type=ATG;rbs_motif=None;rbs_spacer=None;gc_cont=0.370
Utg33252_42          -            752 6590at2157           -            391   5.8e-83  277.8  10.7   2   2     2e-44   2.4e-41  140.8   4.2   127   382   361   704   347   710 0.73 # 62521 # 64776 # 1 # ID=2_42;partial=00;start_type=ATG;rbs_motif=None;rbs_spacer=None;gc_cont=0.370
Utg33252_161         -            576 6590at2157           -            391   1.1e-44  151.8   2.3   1   3   4.4e-35   5.1e-32  110.0   0.0     4   210    17   258    14   260 0.77 # 241824 # 243551 # 1 # ID=2_161;partial=00;start_type=ATG;rbs_motif=AAGAA;rbs_spacer=3bp;gc_cont=0.378
Utg33252_161         -            576 6590at2157           -            391   1.1e-44  151.8   2.3   2   3   6.4e-12   7.4e-09   33.8   0.1   215   300   298   405   292   448 0.63 # 241824 # 243551 # 1 # ID=2_161;partial=00;start_type=ATG;rbs_motif=AAGAA;rbs_spacer=3bp;gc_cont=0.378
Utg33252_161         -            576 6590at2157           -            391   1.1e-44  151.8   2.3   3   3    0.0016       1.9    6.1   0.1   304   355   437   488   428   533 0.71 # 241824 # 243551 # 1 # ID=2_161;partial=00;start_type=ATG;rbs_motif=AAGAA;rbs_spacer=3bp;gc_cont=0.378
Utg33254_563         -            895 6590at2157           -            391     1e-21   76.1   0.2   1   3   8.1e-22   9.4e-19   66.4   0.0     3   165    50   223    48   241 0.83 # 850628 # 853312 # -1 # ID=3_563;partial=00;start_type=ATG;rbs_motif=None;rbs_spacer=None;gc_cont=0.397
Utg33254_563         -            895 6590at2157           -            391     1e-21   76.1   0.2   2   3    0.0039       4.5    4.9   0.0   168   192   434   458   417   462 0.84 # 850628 # 853312 # -1 # ID=3_563;partial=00;start_type=ATG;rbs_motif=None;rbs_spacer=None;gc_cont=0.397
Utg33254_563         -            895 6590at2157           -            391     1e-21   76.1   0.2   3   3     0.072        83    0.7   0.1   355   384   782   811   727   815 0.78 # 850628 # 853312 # -1 # ID=3_563;partial=00;start_type=ATG;rbs_motif=None;rbs_spacer=None;gc_cont=0.397
Utg33250_95          -           1003 6590at2157           -            391     4e-11   41.3   7.6   1   5   4.2e-11   4.9e-08   31.1   0.1     7    59    92   145    87   262 0.89 # 143838 # 146846 # 1 # ID=1_95;partial=00;start_type=ATG;rbs_motif=None;rbs_spacer=None;gc_cont=0.388
Utg33250_95          -           1003 6590at2157           -            391     4e-11   41.3   7.6   2   5    0.0022       2.5    5.7   0.1   172   191   507   525   455   530 0.59 # 143838 # 146846 # 1 # ID=1_95;partial=00;start_type=ATG;rbs_motif=None;rbs_spacer=None;gc_cont=0.388
Utg33250_95          -           1003 6590at2157           -            391     4e-11   41.3   7.6   3   5      0.13   1.5e+02   -0.2   0.0    80   157   529   607   526   615 0.69 # 143838 # 146846 # 1 # ID=1_95;partial=00;start_type=ATG;rbs_motif=None;rbs_spacer=None;gc_cont=0.388
Utg33250_95          -           1003 6590at2157           -            391     4e-11   41.3   7.6   4   5     0.056        65    1.0   0.1   309   345   758   794   738   800 0.87 # 143838 # 146846 # 1 # ID=1_95;partial=00;start_type=ATG;rbs_motif=None;rbs_spacer=None;gc_cont=0.388
Utg33250_95          -           1003 6590at2157           -            391     4e-11   41.3   7.6   5   5      0.11   1.3e+02    0.1   0.0   355   381   825   851   821   858 0.90 # 143838 # 146846 # 1 # ID=1_95;partial=00;start_type=ATG;rbs_motif=None;rbs_spacer=None;gc_cont=0.388
Utg33286_50          -           1073 6590at2157           -            391   5.7e-06   24.3   2.4   1   4   4.6e-05     0.053   11.2   0.1     9    54    47    93    44   109 0.81 # 79502 # 82720 # -1 # ID=19_50;partial=00;start_type=ATG;rbs_motif=AAAAAA;rbs_spacer=10bp;gc_cont=0.389
Utg33286_50          -           1073 6590at2157           -            391   5.7e-06   24.3   2.4   2   4      0.18   2.1e+02   -0.6   0.0    75   115   141   182   132   191 0.84 # 79502 # 82720 # -1 # ID=19_50;partial=00;start_type=ATG;rbs_motif=AAAAAA;rbs_spacer=10bp;gc_cont=0.389
Utg33286_50          -           1073 6590at2157           -            391   5.7e-06   24.3   2.4   3   4   9.3e-05      0.11   10.2   0.1   126   192   394   469   366   473 0.68 # 79502 # 82720 # -1 # ID=19_50;partial=00;start_type=ATG;rbs_motif=AAAAAA;rbs_spacer=10bp;gc_cont=0.389
Utg33286_50          -           1073 6590at2157           -            391   5.7e-06   24.3   2.4   4   4       1.4   1.6e+03   -3.5   0.0   238   257   590   609   587   631 0.80 # 79502 # 82720 # -1 # ID=19_50;partial=00;start_type=ATG;rbs_motif=AAAAAA;rbs_spacer=10bp;gc_cont=0.389
Utg33252_277         -           1105 6590at2157           -            391   1.3e-05   23.2   1.2   1   4    0.0001      0.12   10.1   0.0     9    53   190   235   183   246 0.83 # 411731 # 415045 # -1 # ID=2_277;partial=00;start_type=ATG;rbs_motif=None;rbs_spacer=None;gc_cont=0.395
Utg33252_277         -           1105 6590at2157           -            391   1.3e-05   23.2   1.2   2   4      0.11   1.3e+02    0.1   0.0    83   136   293   346   266   363 0.74 # 411731 # 415045 # -1 # ID=2_277;partial=00;start_type=ATG;rbs_motif=None;rbs_spacer=None;gc_cont=0.395
Utg33252_277         -           1105 6590at2157           -            391   1.3e-05   23.2   1.2   3   4   0.00047      0.55    7.9   0.1   171   194   558   580   502   584 0.76 # 411731 # 415045 # -1 # ID=2_277;partial=00;start_type=ATG;rbs_motif=None;rbs_spacer=None;gc_cont=0.395
Utg33252_277         -           1105 6590at2157           -            391   1.3e-05   23.2   1.2   4   4      0.31   3.6e+02   -1.4   0.0   362   385   896   919   888   924 0.79 # 411731 # 415045 # -1 # ID=2_277;partial=00;start_type=ATG;rbs_motif=None;rbs_spacer=None;gc_cont=0.395
Utg33250_243         -           1091 6590at2157           -            391   2.4e-05   22.2   0.0   1   2   3.1e-05     0.036   11.8   0.0     4    74    61   132    58   162 0.83 # 372578 # 375850 # -1 # ID=1_243;partial=00;start_type=ATG;rbs_motif=None;rbs_spacer=None;gc_cont=0.394
Utg33250_243         -           1091 6590at2157           -            391   2.4e-05   22.2   0.0   2   2   0.00058      0.67    7.6   0.0   218   258   700   737   685   747 0.76 # 372578 # 375850 # -1 # ID=1_243;partial=00;start_type=ATG;rbs_motif=None;rbs_spacer=None;gc_cont=0.394
#
# Program:         hmmsearch
# Version:         3.1b2 (February 2015)
# Pipeline mode:   SEARCH
# Query file:      /home/inf-34-2022/Documents/BINP29/DeNovo_LongReads/Busco/busco_downloads/lineages/archaea_odb10/hmms/6590at2157.hmm
# Target file:     /home/inf-34-2022/Documents/BINP29/DeNovo_LongReads/Busco/busco_output/prodigal_output/predicted_genes/predicted.faa
# Option settings: hmmsearch --domtblout /home/inf-34-2022/Documents/BINP29/DeNovo_LongReads/Busco/busco_output/auto_lineage/run_archaea_odb10/hmmer_output/6590at2157.out --cpu 1 /home/inf-34-2022/Documents/BINP29/DeNovo_LongReads/Busco/busco_downloads/lineages/archaea_odb10/hmms/6590at2157.hmm /home/inf-34-2022/Documents/BINP29/DeNovo_LongReads/Busco/busco_output/prodigal_output/predicted_genes/predicted.faa 
# Current dir:     /home/inf-34-2022/Documents/BINP29/DeNovo_LongReads/Busco
# Date:            Fri Feb 24 11:42:49 2023
# [ok]
