#                                                                            --- full sequence --- -------------- this domain -------------   hmm coord   ali coord   env coord
# target name        accession   tlen query name           accession   qlen   E-value  score  bias   #  of  c-Evalue  i-Evalue  score  bias  from    to  from    to  from    to  acc description of target
#------------------- ---------- ----- -------------------- ---------- ----- --------- ------ ----- --- --- --------- --------- ------ ----- ----- ----- ----- ----- ----- ----- ---- ---------------------
Utg33250_54          -           1039 69351at2157          -            570   1.3e-36  125.2  13.1   1   6   2.2e-24   4.4e-21   73.8   0.4     1   147     1   161     1   208 0.85 # 83871 # 86987 # 1 # ID=1_54;partial=00;start_type=ATG;rbs_motif=None;rbs_spacer=None;gc_cont=0.369
Utg33250_54          -           1039 69351at2157          -            570   1.3e-36  125.2  13.1   2   6   0.00025       0.5    7.6   7.5   224   321   353   456   332   497 0.74 # 83871 # 86987 # 1 # ID=1_54;partial=00;start_type=ATG;rbs_motif=None;rbs_spacer=None;gc_cont=0.369
Utg33250_54          -           1039 69351at2157          -            570   1.3e-36  125.2  13.1   3   6   1.7e-21   3.4e-18   64.3   6.9   299   475   490   667   466   671 0.75 # 83871 # 86987 # 1 # ID=1_54;partial=00;start_type=ATG;rbs_motif=None;rbs_spacer=None;gc_cont=0.369
Utg33250_54          -           1039 69351at2157          -            570   1.3e-36  125.2  13.1   4   6         4   8.1e+03  -16.8  18.4   229   296   725   793   715   886 0.50 # 83871 # 86987 # 1 # ID=1_54;partial=00;start_type=ATG;rbs_motif=None;rbs_spacer=None;gc_cont=0.369
Utg33250_54          -           1039 69351at2157          -            570   1.3e-36  125.2  13.1   5   6         4   8.1e+03   -6.6   8.2   267   366   827   920   785   930 0.66 # 83871 # 86987 # 1 # ID=1_54;partial=00;start_type=ATG;rbs_motif=None;rbs_spacer=None;gc_cont=0.369
Utg33250_54          -           1039 69351at2157          -            570   1.3e-36  125.2  13.1   6   6      0.12   2.4e+02   -1.2   0.0   520   546   951   977   942   985 0.89 # 83871 # 86987 # 1 # ID=1_54;partial=00;start_type=ATG;rbs_motif=None;rbs_spacer=None;gc_cont=0.369
Utg33264_133         -            131 69351at2157          -            570    0.0098   13.3   0.0   1   1   4.9e-06    0.0098   13.3   0.0   157   207    11    62     2   106 0.80 # 206251 # 206643 # -1 # ID=8_133;partial=00;start_type=TTG;rbs_motif=None;rbs_spacer=None;gc_cont=0.420
Utg33280_909         -            130 69351at2157          -            570      0.01   13.2   0.0   1   1   5.1e-06      0.01   13.2   0.0   157   207    10    61     2   105 0.80 # 1330652 # 1331041 # 1 # ID=16_909;partial=00;start_type=TTG;rbs_motif=None;rbs_spacer=None;gc_cont=0.415
Utg33276_55          -            162 69351at2157          -            570       6.9    3.9  21.9   1   1    0.0041       8.2    3.6  21.9   229   363    19   156     3   160 0.77 # 88760 # 89245 # -1 # ID=14_55;partial=00;start_type=ATG;rbs_motif=None;rbs_spacer=None;gc_cont=0.366
#
# Program:         hmmsearch
# Version:         3.1b2 (February 2015)
# Pipeline mode:   SEARCH
# Query file:      /home/inf-34-2022/Documents/BINP29/DeNovo_LongReads/Busco/busco_downloads/lineages/archaea_odb10/hmms/69351at2157.hmm
# Target file:     /home/inf-34-2022/Documents/BINP29/DeNovo_LongReads/Busco/busco_output/prodigal_output/predicted_genes/predicted.faa
# Option settings: hmmsearch --domtblout /home/inf-34-2022/Documents/BINP29/DeNovo_LongReads/Busco/busco_output/auto_lineage/run_archaea_odb10/hmmer_output/69351at2157.out --cpu 1 /home/inf-34-2022/Documents/BINP29/DeNovo_LongReads/Busco/busco_downloads/lineages/archaea_odb10/hmms/69351at2157.hmm /home/inf-34-2022/Documents/BINP29/DeNovo_LongReads/Busco/busco_output/prodigal_output/predicted_genes/predicted.faa 
# Current dir:     /home/inf-34-2022/Documents/BINP29/DeNovo_LongReads/Busco
# Date:            Fri Feb 24 11:42:49 2023
# [ok]
