#                                                                            --- full sequence --- -------------- this domain -------------   hmm coord   ali coord   env coord
# target name        accession   tlen query name           accession   qlen   E-value  score  bias   #  of  c-Evalue  i-Evalue  score  bias  from    to  from    to  from    to  acc description of target
#------------------- ---------- ----- -------------------- ---------- ----- --------- ------ ----- --- --- --------- --------- ------ ----- ----- ----- ----- ----- ----- ----- ---- ---------------------
Utg33286_32          -            422 82853at2157          -            213   9.1e-39  131.9   0.9   1   2   9.9e-33     2e-29  101.4   1.3     2   162   107   299   106   313 0.78 # 45822 # 47087 # -1 # ID=19_32;partial=00;start_type=ATG;rbs_motif=None;rbs_spacer=None;gc_cont=0.433
Utg33286_32          -            422 82853at2157          -            213   9.1e-39  131.9   0.9   2   2   2.3e-08   4.6e-05   21.8   0.0   167   211   355   409   319   411 0.81 # 45822 # 47087 # -1 # ID=19_32;partial=00;start_type=ATG;rbs_motif=None;rbs_spacer=None;gc_cont=0.433
Utg33254_389         -            388 82853at2157          -            213   7.2e-15   53.8   0.1   1   2   1.1e-15   2.3e-12   45.7   0.0     2   163   140   328   139   334 0.79 # 594003 # 595166 # -1 # ID=3_389;partial=00;start_type=ATG;rbs_motif=AAAAAA;rbs_spacer=8bp;gc_cont=0.406
Utg33254_389         -            388 82853at2157          -            213   7.2e-15   53.8   0.1   2   2    0.0018       3.6    5.8   0.0   195   213   349   367   345   367 0.87 # 594003 # 595166 # -1 # ID=3_389;partial=00;start_type=ATG;rbs_motif=AAAAAA;rbs_spacer=8bp;gc_cont=0.406
Utg33280_443         -            594 82853at2157          -            213   3.5e-06   25.4   0.0   1   2    0.0004      0.81    7.9   0.0    26    65    75   114    64   119 0.89 # 626221 # 628002 # -1 # ID=16_443;partial=00;start_type=ATG;rbs_motif=None;rbs_spacer=None;gc_cont=0.390
Utg33280_443         -            594 82853at2157          -            213   3.5e-06   25.4   0.0   2   2   3.2e-06    0.0065   14.8   0.0    64    94   132   162   122   173 0.84 # 626221 # 628002 # -1 # ID=16_443;partial=00;start_type=ATG;rbs_motif=None;rbs_spacer=None;gc_cont=0.390
Utg33270_35          -            418 82853at2157          -            213     0.015   13.6   0.0   1   1   1.2e-05     0.025   12.8   0.0   124   166    60   102    56   111 0.92 # 38552 # 39805 # 1 # ID=11_35;partial=00;start_type=ATG;rbs_motif=None;rbs_spacer=None;gc_cont=0.485
#
# Program:         hmmsearch
# Version:         3.1b2 (February 2015)
# Pipeline mode:   SEARCH
# Query file:      /home/inf-34-2022/Documents/BINP29/DeNovo_LongReads/Busco/busco_downloads/lineages/archaea_odb10/hmms/82853at2157.hmm
# Target file:     /home/inf-34-2022/Documents/BINP29/DeNovo_LongReads/Busco/busco_output/prodigal_output/predicted_genes/predicted.faa
# Option settings: hmmsearch --domtblout /home/inf-34-2022/Documents/BINP29/DeNovo_LongReads/Busco/busco_output/auto_lineage/run_archaea_odb10/hmmer_output/82853at2157.out --cpu 1 /home/inf-34-2022/Documents/BINP29/DeNovo_LongReads/Busco/busco_downloads/lineages/archaea_odb10/hmms/82853at2157.hmm /home/inf-34-2022/Documents/BINP29/DeNovo_LongReads/Busco/busco_output/prodigal_output/predicted_genes/predicted.faa 
# Current dir:     /home/inf-34-2022/Documents/BINP29/DeNovo_LongReads/Busco
# Date:            Fri Feb 24 11:42:50 2023
# [ok]
