#                                                                            --- full sequence --- -------------- this domain -------------   hmm coord   ali coord   env coord
# target name        accession   tlen query name           accession   qlen   E-value  score  bias   #  of  c-Evalue  i-Evalue  score  bias  from    to  from    to  from    to  acc description of target
#------------------- ---------- ----- -------------------- ---------- ----- --------- ------ ----- --- --- --------- --------- ------ ----- ----- ----- ----- ----- ----- ----- ---- ---------------------
Utg33264_437         -            444 90882at2157          -            197   2.9e-22   77.9   0.4   1   4     2e-12     8e-09   34.1   0.1     1    36     8    44     8   117 0.80 # 662418 # 663749 # 1 # ID=8_437;partial=00;start_type=ATG;rbs_motif=None;rbs_spacer=None;gc_cont=0.405
Utg33264_437         -            444 90882at2157          -            197   2.9e-22   77.9   0.4   2   4   9.3e-08   0.00038   18.8   0.0    44   111   134   215   117   222 0.72 # 662418 # 663749 # 1 # ID=8_437;partial=00;start_type=ATG;rbs_motif=None;rbs_spacer=None;gc_cont=0.405
Utg33264_437         -            444 90882at2157          -            197   2.9e-22   77.9   0.4   3   4      0.16   6.6e+02   -1.6   0.0   118   134   249   265   241   277 0.77 # 662418 # 663749 # 1 # ID=8_437;partial=00;start_type=ATG;rbs_motif=None;rbs_spacer=None;gc_cont=0.405
Utg33264_437         -            444 90882at2157          -            197   2.9e-22   77.9   0.4   4   4   1.6e-07   0.00066   18.0   0.0   145   190   310   358   290   363 0.77 # 662418 # 663749 # 1 # ID=8_437;partial=00;start_type=ATG;rbs_motif=None;rbs_spacer=None;gc_cont=0.405
Utg33280_322         -            521 90882at2157          -            197     0.021   13.1   0.0   1   3    0.0053        22    3.3   0.0     2    32    44    74    43    84 0.77 # 453789 # 455351 # 1 # ID=16_322;partial=00;start_type=ATG;rbs_motif=None;rbs_spacer=None;gc_cont=0.413
Utg33280_322         -            521 90882at2157          -            197     0.021   13.1   0.0   2   3   0.00058       2.4    6.4   0.0    40   105   146   216   138   227 0.79 # 453789 # 455351 # 1 # ID=16_322;partial=00;start_type=ATG;rbs_motif=None;rbs_spacer=None;gc_cont=0.413
Utg33280_322         -            521 90882at2157          -            197     0.021   13.1   0.0   3   3      0.18   7.4e+02   -1.7   0.0   146   191   418   467   410   470 0.71 # 453789 # 455351 # 1 # ID=16_322;partial=00;start_type=ATG;rbs_motif=None;rbs_spacer=None;gc_cont=0.413
#
# Program:         hmmsearch
# Version:         3.1b2 (February 2015)
# Pipeline mode:   SEARCH
# Query file:      /home/inf-34-2022/Documents/BINP29/DeNovo_LongReads/Busco/busco_downloads/lineages/archaea_odb10/hmms/90882at2157.hmm
# Target file:     /home/inf-34-2022/Documents/BINP29/DeNovo_LongReads/Busco/busco_output/prodigal_output/predicted_genes/predicted.faa
# Option settings: hmmsearch --domtblout /home/inf-34-2022/Documents/BINP29/DeNovo_LongReads/Busco/busco_output/auto_lineage/run_archaea_odb10/hmmer_output/90882at2157.out --cpu 1 /home/inf-34-2022/Documents/BINP29/DeNovo_LongReads/Busco/busco_downloads/lineages/archaea_odb10/hmms/90882at2157.hmm /home/inf-34-2022/Documents/BINP29/DeNovo_LongReads/Busco/busco_output/prodigal_output/predicted_genes/predicted.faa 
# Current dir:     /home/inf-34-2022/Documents/BINP29/DeNovo_LongReads/Busco
# Date:            Fri Feb 24 11:42:51 2023
# [ok]
